<?xml version="1.0" encoding="utf-8"?>
<TestRun id="a52df5b0-7e0f-4f5b-91da-f5ee2a9695a4" name="benne@BENNET_3DPACT 2026-05-21 14:56:33" runUser="BENNET_3DPACT\benne" xmlns="http://microsoft.com/schemas/VisualStudio/TeamTest/2010">
  <Times creation="2026-05-21T14:56:33.4713531+02:00" queuing="2026-05-21T14:56:33.4713536+02:00" start="2026-05-21T14:56:31.7874023+02:00" finish="2026-05-21T14:58:00.5129179+02:00" />
  <TestSettings name="default" id="c46e0164-65dd-4678-b373-1dcced0a1886">
    <Deployment runDeploymentRoot="benne_BENNET_3DPACT_2026-05-21_14_56_33" />
  </TestSettings>
  <Results>
    <UnitTestResult executionId="ec8326d6-acd2-4010-8798-40331d916a37" testId="d533d751-4917-0eda-2e83-cf2c746392cb" testName="Simgenics.XPact.XHT.Tests.Tests.Parser.CSharpMarkerWalkerTests.XStruct_Basic_Registered" computerName="BENNET_3DPACT" duration="00:00:00.0016395" startTime="2026-05-21T14:56:33.6679329+02:00" endTime="2026-05-21T14:56:33.6679731+02:00" testType="13cdc9d9-ddb5-4fa4-a97d-d965ccfc6d4b" outcome="Passed" testListId="8c84fa94-04c1-424b-9868-57a2d4851a1d" relativeResultsDirectory="ec8326d6-acd2-4010-8798-40331d916a37" />
    <UnitTestResult executionId="63750e47-4d5a-479e-abe8-2237a4129cfb" testId="bedcc8a1-f344-a812-14ad-143772c4420c" testName="Simgenics.XPact.XHT.Tests.Tests.Tables.CppKeywordTableTests.Lookup_Null_Throws" computerName="BENNET_3DPACT" duration="00:00:00.0006496" startTime="2026-05-21T14:56:33.4911876+02:00" endTime="2026-05-21T14:56:33.4932721+02:00" testType="13cdc9d9-ddb5-4fa4-a97d-d965ccfc6d4b" outcome="Passed" testListId="8c84fa94-04c1-424b-9868-57a2d4851a1d" relativeResultsDirectory="63750e47-4d5a-479e-abe8-2237a4129cfb" />
    <UnitTestResult executionId="dd4ad516-196b-4f9e-84d3-046a732723f9" testId="9e46e7a9-3ba9-2dbb-33b3-561a3403be09" testName="Simgenics.XPact.XHT.Tests.Tests.Manifest.XbtManifestReaderTests.Read_FileDoesNotExist_ThrowsManifestMalformedException" computerName="BENNET_3DPACT" duration="00:00:00.0015584" startTime="2026-05-21T14:56:33.6729806+02:00" endTime="2026-05-21T14:56:33.6730429+02:00" testType="13cdc9d9-ddb5-4fa4-a97d-d965ccfc6d4b" outcome="Passed" testListId="8c84fa94-04c1-424b-9868-57a2d4851a1d" relativeResultsDirectory="dd4ad516-196b-4f9e-84d3-046a732723f9" />
    <UnitTestResult executionId="30c507bb-8c48-498c-81ba-cb5838783baf" testId="ff78f259-85c8-6c49-6231-e5037099b054" testName="Simgenics.XPact.XHT.Tests.Tests.Resolver.StepResolveBasesTests.WithinIncompatibleWithSuper_EmitsXht119" computerName="BENNET_3DPACT" duration="00:00:00.0015786" startTime="2026-05-21T14:56:33.5526999+02:00" endTime="2026-05-21T14:56:33.5536931+02:00" testType="13cdc9d9-ddb5-4fa4-a97d-d965ccfc6d4b" outcome="Passed" testListId="8c84fa94-04c1-424b-9868-57a2d4851a1d" relativeResultsDirectory="30c507bb-8c48-498c-81ba-cb5838783baf" />
    <UnitTestResult executionId="1be2443a-076b-4c93-8951-8d5a1d593428" testId="c957a4da-7a74-dc8d-6e91-d26022197bec" testName="Simgenics.XPact.XHT.Tests.Tests.Resolver.StepResolvePropertiesTests.TMap_WithComplexKey_StillResolvesValueSide" computerName="BENNET_3DPACT" duration="00:00:00.0002910" startTime="2026-05-21T14:56:33.5381000+02:00" endTime="2026-05-21T14:56:33.5383460+02:00" testType="13cdc9d9-ddb5-4fa4-a97d-d965ccfc6d4b" outcome="Passed" testListId="8c84fa94-04c1-424b-9868-57a2d4851a1d" relativeResultsDirectory="1be2443a-076b-4c93-8951-8d5a1d593428" />
    <UnitTestResult executionId="3c98215a-1e96-40e9-87ca-3028dba9fe94" testId="28c1bed6-1944-9436-2f92-9040200548be" testName="Simgenics.XPact.XHT.Tests.Tests.Manifest.GenManifestReaderTests.Parse_DiagnosticsEntry_ValidEntry_RoundTrips" computerName="BENNET_3DPACT" duration="00:00:00.0060502" startTime="2026-05-21T14:56:33.5465027+02:00" endTime="2026-05-21T14:56:33.5553188+02:00" testType="13cdc9d9-ddb5-4fa4-a97d-d965ccfc6d4b" outcome="Passed" testListId="8c84fa94-04c1-424b-9868-57a2d4851a1d" relativeResultsDirectory="3c98215a-1e96-40e9-87ca-3028dba9fe94" />
    <UnitTestResult executionId="24971bf3-8fe7-4dc1-89cc-f12a9a7744dc" testId="b7848937-b8e1-202b-f867-cbecf41851d4" testName="Simgenics.XPact.XHT.Tests.Tests.Parser.CSharpMarkerWalkerTests.Parameter_RefModifier_MarkedAsRef" computerName="BENNET_3DPACT" duration="00:00:00.0004663" startTime="2026-05-21T14:56:33.6716242+02:00" endTime="2026-05-21T14:56:33.6717224+02:00" testType="13cdc9d9-ddb5-4fa4-a97d-d965ccfc6d4b" outcome="Passed" testListId="8c84fa94-04c1-424b-9868-57a2d4851a1d" relativeResultsDirectory="24971bf3-8fe7-4dc1-89cc-f12a9a7744dc" />
    <UnitTestResult executionId="aa08ac3d-c2c5-463e-8e25-7f183000bac1" testId="1d1f8796-393a-cf39-d169-ebb2e4ea9707" testName="Simgenics.XPact.XHT.Tests.Tests.Parser.CppTokenizerTests.Peek_DistanceOne_ReturnsSecondToken" computerName="BENNET_3DPACT" duration="00:00:00.0001892" startTime="2026-05-21T14:56:33.5853625+02:00" endTime="2026-05-21T14:56:33.5881962+02:00" testType="13cdc9d9-ddb5-4fa4-a97d-d965ccfc6d4b" outcome="Passed" testListId="8c84fa94-04c1-424b-9868-57a2d4851a1d" relativeResultsDirectory="aa08ac3d-c2c5-463e-8e25-7f183000bac1" />
    <UnitTestResult executionId="6348b857-873e-4724-aeb4-23ad1ded43ab" testId="03376b0c-c5ba-6cf6-dd23-b05fae8c1baf" testName="Simgenics.XPact.XHT.Tests.Tests.Parser.CppMarkerScannerTests.MultipleMarkers_AllRegistered_InSourceOrder" computerName="BENNET_3DPACT" duration="00:00:00.0003998" startTime="2026-05-21T14:56:33.6490949+02:00" endTime="2026-05-21T14:56:33.6491664+02:00" testType="13cdc9d9-ddb5-4fa4-a97d-d965ccfc6d4b" outcome="Passed" testListId="8c84fa94-04c1-424b-9868-57a2d4851a1d" relativeResultsDirectory="6348b857-873e-4724-aeb4-23ad1ded43ab" />
    <UnitTestResult executionId="b229d337-7c53-469d-a810-395892bbc5ba" testId="43ac6d73-6f0c-91fb-1cbf-3921e1b2e789" testName="Simgenics.XPact.XHT.Tests.Tests.Manifest.GenManifestReaderTests.Parse_DiagnosticsEntry_EscapedNewline_UnescapesCorrectly" computerName="BENNET_3DPACT" duration="00:00:00.0014997" startTime="2026-05-21T14:56:33.5716129+02:00" endTime="2026-05-21T14:56:33.5770007+02:00" testType="13cdc9d9-ddb5-4fa4-a97d-d965ccfc6d4b" outcome="Passed" testListId="8c84fa94-04c1-424b-9868-57a2d4851a1d" relativeResultsDirectory="b229d337-7c53-469d-a810-395892bbc5ba" />
    <UnitTestResult executionId="65b91c5f-78ab-443a-8846-f47201c97a84" testId="e6cde892-5fbf-d5f1-dbad-702bd0ef4e41" testName="Simgenics.XPact.XHT.Tests.Tests.Emitter.CrossToolNamingContractTests.ModuleInitFileName_XhtAndXbt_Match(moduleName: &quot;XScoring&quot;, generatedBase: &quot;&quot;)" computerName="BENNET_3DPACT" duration="00:00:00.0001789" startTime="2026-05-21T14:56:33.4521628+02:00" endTime="2026-05-21T14:56:33.4525313+02:00" testType="13cdc9d9-ddb5-4fa4-a97d-d965ccfc6d4b" outcome="Passed" testListId="8c84fa94-04c1-424b-9868-57a2d4851a1d" relativeResultsDirectory="65b91c5f-78ab-443a-8846-f47201c97a84" />
    <UnitTestResult executionId="7b04755c-3d41-4575-8794-420bb7ab7ec1" testId="a7bd5be2-412e-d4ce-0649-fff5fad8e39c" testName="Simgenics.XPact.XHT.Tests.Tests.Core.StringUtilsTests.StripCppPrefix_IsNoOp(input: &quot;XActor&quot;)" computerName="BENNET_3DPACT" duration="00:00:00.0000028" startTime="2026-05-21T14:56:33.5905904+02:00" endTime="2026-05-21T14:56:33.5906498+02:00" testType="13cdc9d9-ddb5-4fa4-a97d-d965ccfc6d4b" outcome="Passed" testListId="8c84fa94-04c1-424b-9868-57a2d4851a1d" relativeResultsDirectory="7b04755c-3d41-4575-8794-420bb7ab7ec1" />
    <UnitTestResult executionId="cf64fb8b-0736-4cb4-8c56-ffe1b2e605bd" testId="166611b7-a061-af61-ced4-48f7d819b6d2" testName="Simgenics.XPact.XHT.Tests.Tests.Parser.CppSpecifierParserTests.MultipleValuesInParenList_CapturedAsValueArray" computerName="BENNET_3DPACT" duration="00:00:00.0003584" startTime="2026-05-21T14:56:33.5445337+02:00" endTime="2026-05-21T14:56:33.5446505+02:00" testType="13cdc9d9-ddb5-4fa4-a97d-d965ccfc6d4b" outcome="Passed" testListId="8c84fa94-04c1-424b-9868-57a2d4851a1d" relativeResultsDirectory="cf64fb8b-0736-4cb4-8c56-ffe1b2e605bd" />
    <UnitTestResult executionId="86023923-ef49-4f94-93ee-6ba5461f777b" testId="59c15799-4c94-7b93-1432-5a6ec07fff9c" testName="Simgenics.XPact.XHT.Tests.Tests.Parser.CSharpSpecifierExtractorTests.RegisteredSpecifierInWrongContext_EmitsXHT111" computerName="BENNET_3DPACT" duration="00:00:00.0006431" startTime="2026-05-21T14:56:33.6650423+02:00" endTime="2026-05-21T14:56:33.6652164+02:00" testType="13cdc9d9-ddb5-4fa4-a97d-d965ccfc6d4b" outcome="Passed" testListId="8c84fa94-04c1-424b-9868-57a2d4851a1d" relativeResultsDirectory="86023923-ef49-4f94-93ee-6ba5461f777b" />
    <UnitTestResult executionId="16bc31dd-1f64-4a7d-92cb-9d192bcdc299" testId="df06e296-7dac-0227-ad03-47e8077ce3a0" testName="Simgenics.XPact.XHT.Tests.Tests.Tables.XhtEngineClassTableTests.IsEngineClass_MatchesLookupAffirmative(name: &quot;XClass&quot;, expected: True)" computerName="BENNET_3DPACT" duration="00:00:00.0000056" startTime="2026-05-21T14:56:33.5676961+02:00" endTime="2026-05-21T14:56:33.5677846+02:00" testType="13cdc9d9-ddb5-4fa4-a97d-d965ccfc6d4b" outcome="Passed" testListId="8c84fa94-04c1-424b-9868-57a2d4851a1d" relativeResultsDirectory="16bc31dd-1f64-4a7d-92cb-9d192bcdc299" />
    <UnitTestResult executionId="99769e2c-c912-4516-a24d-2ef076d49522" testId="f4bdd5d3-835c-ccb7-e4b5-aeeb79907898" testName="Simgenics.XPact.XHT.Tests.Tests.Parser.CppMarkerScannerTests.XStruct_Basic_Registered" computerName="BENNET_3DPACT" duration="00:00:00.0004283" startTime="2026-05-21T14:56:33.6511529+02:00" endTime="2026-05-21T14:56:33.6511967+02:00" testType="13cdc9d9-ddb5-4fa4-a97d-d965ccfc6d4b" outcome="Passed" testListId="8c84fa94-04c1-424b-9868-57a2d4851a1d" relativeResultsDirectory="99769e2c-c912-4516-a24d-2ef076d49522" />
    <UnitTestResult executionId="a57d25ed-d88a-4c2d-a507-2315712c80a7" testId="714d6da7-308d-2bcb-60a8-4fd1ec3ec233" testName="Simgenics.XPact.XHT.Tests.Tests.Tables.CppKeywordTableTests.IsXhtMarker_TrueForLockedMarkerVocabulary_PerContractSection11(marker: &quot;XINTERFACE&quot;)" computerName="BENNET_3DPACT" duration="00:00:00.0000067" startTime="2026-05-21T14:56:33.4689410+02:00" endTime="2026-05-21T14:56:33.4690949+02:00" testType="13cdc9d9-ddb5-4fa4-a97d-d965ccfc6d4b" outcome="Passed" testListId="8c84fa94-04c1-424b-9868-57a2d4851a1d" relativeResultsDirectory="a57d25ed-d88a-4c2d-a507-2315712c80a7" />
    <UnitTestResult executionId="2f82e72e-170c-49ed-ad06-4d30f7755777" testId="6c7468cf-775c-0b78-c6ca-fadc1ea76b1f" testName="Simgenics.XPact.XHT.Tests.Tests.Entry.ParseModuleModeTests.Execute_MissingOutArg_ReturnsCliArgumentError" computerName="BENNET_3DPACT" duration="00:00:00.0071865" startTime="2026-05-21T14:56:40.2600107+02:00" endTime="2026-05-21T14:56:40.2625235+02:00" testType="13cdc9d9-ddb5-4fa4-a97d-d965ccfc6d4b" outcome="Passed" testListId="8c84fa94-04c1-424b-9868-57a2d4851a1d" relativeResultsDirectory="2f82e72e-170c-49ed-ad06-4d30f7755777" />
    <UnitTestResult executionId="46224808-e582-4d05-93a2-62b66150b0e5" testId="f18a6fbe-3067-af0e-e96c-4ced4a70ba16" testName="Simgenics.XPact.XHT.Tests.Tests.Parser.CppSpecifierParserTests.EmptyList_ReturnsNoSpecifiers" computerName="BENNET_3DPACT" duration="00:00:00.0002529" startTime="2026-05-21T14:56:33.5475607+02:00" endTime="2026-05-21T14:56:33.5476539+02:00" testType="13cdc9d9-ddb5-4fa4-a97d-d965ccfc6d4b" outcome="Passed" testListId="8c84fa94-04c1-424b-9868-57a2d4851a1d" relativeResultsDirectory="46224808-e582-4d05-93a2-62b66150b0e5" />
    <UnitTestResult executionId="36626850-6768-4a4c-8679-c3a350627a81" testId="3049a10b-f3be-5a77-b0ec-cc4100fa6b58" testName="Simgenics.XPact.XHT.Tests.Tests.Tables.CppKeywordTableTests.IsXhtMarker_TrueForLockedMarkerVocabulary_PerContractSection11(marker: &quot;XFUNCTION&quot;)" computerName="BENNET_3DPACT" duration="00:00:00.0000133" startTime="2026-05-21T14:56:33.4665212+02:00" endTime="2026-05-21T14:56:33.4680850+02:00" testType="13cdc9d9-ddb5-4fa4-a97d-d965ccfc6d4b" outcome="Passed" testListId="8c84fa94-04c1-424b-9868-57a2d4851a1d" relativeResultsDirectory="36626850-6768-4a4c-8679-c3a350627a81" />
    <UnitTestResult executionId="8a118e68-6026-422e-b6a9-4849366631ec" testId="b0be759f-288d-dd9b-b3d5-a86db8a2cbef" testName="Simgenics.XPact.XHT.Tests.Tests.Core.StringUtilsTests.StripCppPrefix_NullThrows" computerName="BENNET_3DPACT" duration="00:00:00.0010257" startTime="2026-05-21T14:56:33.5766020+02:00" endTime="2026-05-21T14:56:33.5838491+02:00" testType="13cdc9d9-ddb5-4fa4-a97d-d965ccfc6d4b" outcome="Passed" testListId="8c84fa94-04c1-424b-9868-57a2d4851a1d" relativeResultsDirectory="8a118e68-6026-422e-b6a9-4849366631ec" />
    <UnitTestResult executionId="379a56f5-2cb7-4a15-b859-0a8d5e5b46da" testId="15a2b0d9-608c-66bd-a155-fbe65eae2279" testName="Simgenics.XPact.XHT.Tests.Tests.Manifest.GenManifestWriterTests.Render_RoundTrip_ViaReader_PreservesAllFields" computerName="BENNET_3DPACT" duration="00:00:00.0031457" startTime="2026-05-21T14:56:33.6244032+02:00" endTime="2026-05-21T14:56:33.6267149+02:00" testType="13cdc9d9-ddb5-4fa4-a97d-d965ccfc6d4b" outcome="Passed" testListId="8c84fa94-04c1-424b-9868-57a2d4851a1d" relativeResultsDirectory="379a56f5-2cb7-4a15-b859-0a8d5e5b46da" />
    <UnitTestResult executionId="5065adc3-85cb-4452-aee0-220a936054bc" testId="01783c41-0487-6ebd-b16e-1bcddd5c9ecd" testName="Simgenics.XPact.XHT.Tests.Tests.Parser.CppTokenizerTests.Integer_VariousForms_OK(source: &quot;0123&quot;, kind: IntegerLiteral)" computerName="BENNET_3DPACT" duration="00:00:00.0000061" startTime="2026-05-21T14:56:33.4765406+02:00" endTime="2026-05-21T14:56:33.4766277+02:00" testType="13cdc9d9-ddb5-4fa4-a97d-d965ccfc6d4b" outcome="Passed" testListId="8c84fa94-04c1-424b-9868-57a2d4851a1d" relativeResultsDirectory="5065adc3-85cb-4452-aee0-220a936054bc" />
    <UnitTestResult executionId="f2433230-1a9c-4d45-94c9-c8ca85976e99" testId="59027797-fe43-b45c-a2e7-cd4372fb3288" testName="Simgenics.XPact.XHT.Tests.Tests.Parser.CppSpecifierParserTests.Specifier_PreservesAuthoredCaseInKey" computerName="BENNET_3DPACT" duration="00:00:00.0001521" startTime="2026-05-21T14:56:33.5466764+02:00" endTime="2026-05-21T14:56:33.5467861+02:00" testType="13cdc9d9-ddb5-4fa4-a97d-d965ccfc6d4b" outcome="Passed" testListId="8c84fa94-04c1-424b-9868-57a2d4851a1d" relativeResultsDirectory="f2433230-1a9c-4d45-94c9-c8ca85976e99" />
    <UnitTestResult executionId="a17ab4e7-3b84-49d7-88e4-c8fa6d5a287c" testId="a129f71c-6f15-2cd1-8ea9-ac74974b6d1d" testName="Simgenics.XPact.XHT.Tests.Tests.Emitter.ModuleInitEmitterTests.EmptyModule_EmitsValidFile_WithNoRegisterTypeCalls" computerName="BENNET_3DPACT" duration="00:00:00.0007910" startTime="2026-05-21T14:56:40.2447834+02:00" endTime="2026-05-21T14:56:40.2454610+02:00" testType="13cdc9d9-ddb5-4fa4-a97d-d965ccfc6d4b" outcome="Passed" testListId="8c84fa94-04c1-424b-9868-57a2d4851a1d" relativeResultsDirectory="a17ab4e7-3b84-49d7-88e4-c8fa6d5a287c" />
    <UnitTestResult executionId="a38d3b31-2b52-4d73-a869-41ca01b7981f" testId="f2e306d1-3f92-bc94-8d57-df4abbb38f84" testName="Simgenics.XPact.XHT.Tests.Tests.Core.LoggerTests.ConfigureJsonChannel_Sentinel_PrefixesEveryLine" computerName="BENNET_3DPACT" duration="00:00:00.0002299" startTime="2026-05-21T14:56:40.2924239+02:00" endTime="2026-05-21T14:56:40.2925023+02:00" testType="13cdc9d9-ddb5-4fa4-a97d-d965ccfc6d4b" outcome="Passed" testListId="8c84fa94-04c1-424b-9868-57a2d4851a1d" relativeResultsDirectory="a38d3b31-2b52-4d73-a869-41ca01b7981f" />
    <UnitTestResult executionId="6cb9ac9e-e091-4664-8227-84093dfc2fcc" testId="c9723d40-fec5-23c9-4067-d741be30def5" testName="Simgenics.XPact.XHT.Tests.Tests.AST.SymbolTableTests.TryLookup_Hit_ReturnsTrueAndPopulatedOut" computerName="BENNET_3DPACT" duration="00:00:00.0001705" startTime="2026-05-21T14:56:33.6160207+02:00" endTime="2026-05-21T14:56:33.6164049+02:00" testType="13cdc9d9-ddb5-4fa4-a97d-d965ccfc6d4b" outcome="Passed" testListId="8c84fa94-04c1-424b-9868-57a2d4851a1d" relativeResultsDirectory="6cb9ac9e-e091-4664-8227-84093dfc2fcc" />
    <UnitTestResult executionId="b74950be-3e3d-4aab-b0f5-42e8971bf3ef" testId="6602ea27-438c-a7e5-1623-dd877089d6fc" testName="Simgenics.XPact.XHT.Tests.Tests.Parser.CSharpSourceEnumeratorTests.EnumerateOrdered_EmptyInput_ReturnsEmpty" computerName="BENNET_3DPACT" duration="00:00:00.0002884" startTime="2026-05-21T14:56:33.5699752+02:00" endTime="2026-05-21T14:56:33.5708599+02:00" testType="13cdc9d9-ddb5-4fa4-a97d-d965ccfc6d4b" outcome="Passed" testListId="8c84fa94-04c1-424b-9868-57a2d4851a1d" relativeResultsDirectory="b74950be-3e3d-4aab-b0f5-42e8971bf3ef" />
    <UnitTestResult executionId="6bcc9a1d-e7e5-4d32-a52d-f80e5c9f46a3" testId="c2583147-6d9d-5e13-5e85-b7ebbfd69ab7" testName="Simgenics.XPact.XHT.Tests.Tests.Parser.CppSpecifierParserTests.SingleValueQuotedString_StripsQuotes" computerName="BENNET_3DPACT" duration="00:00:00.0004091" startTime="2026-05-21T14:56:33.5442077+02:00" endTime="2026-05-21T14:56:33.5442654+02:00" testType="13cdc9d9-ddb5-4fa4-a97d-d965ccfc6d4b" outcome="Passed" testListId="8c84fa94-04c1-424b-9868-57a2d4851a1d" relativeResultsDirectory="6bcc9a1d-e7e5-4d32-a52d-f80e5c9f46a3" />
    <UnitTestResult executionId="6d083f70-89d2-47bb-ba2d-bf06d2836adb" testId="12f15a8b-fc6f-f1ee-1159-1ce1e7d214b5" testName="Simgenics.XPact.XHT.Tests.Tests.Resolver.StepResolvePropertiesTests.ExtractInnerTypeIdentifier_HandlesShapesCorrectly(container: &quot;TMap&lt;int, Foo*&gt;&quot;, expected: &quot;Foo&quot;)" computerName="BENNET_3DPACT" duration="00:00:00.0000039" startTime="2026-05-21T14:56:33.4945335+02:00" endTime="2026-05-21T14:56:33.4947863+02:00" testType="13cdc9d9-ddb5-4fa4-a97d-d965ccfc6d4b" outcome="Passed" testListId="8c84fa94-04c1-424b-9868-57a2d4851a1d" relativeResultsDirectory="6d083f70-89d2-47bb-ba2d-bf06d2836adb" />
    <UnitTestResult executionId="037a732f-26a7-418a-a072-b42ec9a44b32" testId="49dca8c5-8744-0eef-ba53-c168ee8a4a08" testName="Simgenics.XPact.XHT.Tests.Tests.Core.AtomicFileTests.WriteAllText_CreatesFileWithExpectedContent" computerName="BENNET_3DPACT" duration="00:00:00.0066536" startTime="2026-05-21T14:56:33.6229954+02:00" endTime="2026-05-21T14:56:33.6285299+02:00" testType="13cdc9d9-ddb5-4fa4-a97d-d965ccfc6d4b" outcome="Passed" testListId="8c84fa94-04c1-424b-9868-57a2d4851a1d" relativeResultsDirectory="037a732f-26a7-418a-a072-b42ec9a44b32" />
    <UnitTestResult executionId="fdadef04-4372-4449-893d-e904c9a2c5e3" testId="7eb120f7-64a9-490c-8ebc-d98d40345c7f" testName="Simgenics.XPact.XHT.Tests.Tests.Parser.CppTokenizerTests.BlockComment_IsSkippedByDefault" computerName="BENNET_3DPACT" duration="00:00:00.0001718" startTime="2026-05-21T14:56:33.5774298+02:00" endTime="2026-05-21T14:56:33.5774753+02:00" testType="13cdc9d9-ddb5-4fa4-a97d-d965ccfc6d4b" outcome="Passed" testListId="8c84fa94-04c1-424b-9868-57a2d4851a1d" relativeResultsDirectory="fdadef04-4372-4449-893d-e904c9a2c5e3" />
    <UnitTestResult executionId="bb6f9dcd-ff5d-466b-a468-ff499245ad75" testId="32a33228-60cd-0234-732c-19f9288e37aa" testName="Simgenics.XPact.XHT.Tests.Tests.Parser.CppTokenizerTests.Punctuator_LongestMatchWins(source: &quot;::&quot;, expected: ColonColon)" computerName="BENNET_3DPACT" duration="00:00:00.0000061" startTime="2026-05-21T14:56:33.5044147+02:00" endTime="2026-05-21T14:56:33.5045186+02:00" testType="13cdc9d9-ddb5-4fa4-a97d-d965ccfc6d4b" outcome="Passed" testListId="8c84fa94-04c1-424b-9868-57a2d4851a1d" relativeResultsDirectory="bb6f9dcd-ff5d-466b-a468-ff499245ad75" />
    <UnitTestResult executionId="dc0bab81-3e59-4a93-9653-595c506c7c90" testId="5c1384cd-7f97-aa57-e464-5722ad1a18ef" testName="Simgenics.XPact.XHT.Tests.Tests.Resolver.StepResolvePropertiesTests.ExtractInnerTypeIdentifier_HandlesShapesCorrectly(container: &quot;TArray&lt;Foo&gt;&quot;, expected: &quot;Foo&quot;)" computerName="BENNET_3DPACT" duration="00:00:00.0000027" startTime="2026-05-21T14:56:33.4975552+02:00" endTime="2026-05-21T14:56:33.4976272+02:00" testType="13cdc9d9-ddb5-4fa4-a97d-d965ccfc6d4b" outcome="Passed" testListId="8c84fa94-04c1-424b-9868-57a2d4851a1d" relativeResultsDirectory="dc0bab81-3e59-4a93-9653-595c506c7c90" />
    <UnitTestResult executionId="fd0d4496-e41e-481f-ba4b-6a15ca00ebb3" testId="4b8e8655-498f-696b-c510-8a1764546e18" testName="Simgenics.XPact.XHT.Tests.Tests.Manifest.GenManifestReaderTests.Parse_InputsEntry_InvalidHashLength_Throws" computerName="BENNET_3DPACT" duration="00:00:00.0023467" startTime="2026-05-21T14:56:33.5978477+02:00" endTime="2026-05-21T14:56:33.6057047+02:00" testType="13cdc9d9-ddb5-4fa4-a97d-d965ccfc6d4b" outcome="Passed" testListId="8c84fa94-04c1-424b-9868-57a2d4851a1d" relativeResultsDirectory="fd0d4496-e41e-481f-ba4b-6a15ca00ebb3" />
    <UnitTestResult executionId="f057045a-46d1-49d1-8035-0c4cf872898f" testId="96e97e38-2ec7-42ba-52c5-d5a1dfb35881" testName="Simgenics.XPact.XHT.Tests.Tests.AST.SymbolTableTests.Register_ConcurrentInsertsFromManyThreads_DoNotCorruptTable" computerName="BENNET_3DPACT" duration="00:00:00.0339507" startTime="2026-05-21T14:56:33.5301065+02:00" endTime="2026-05-21T14:56:33.6075557+02:00" testType="13cdc9d9-ddb5-4fa4-a97d-d965ccfc6d4b" outcome="Passed" testListId="8c84fa94-04c1-424b-9868-57a2d4851a1d" relativeResultsDirectory="f057045a-46d1-49d1-8035-0c4cf872898f" />
    <UnitTestResult executionId="4c6e75f4-0c81-4f6c-8f98-3c7c3f7c60b8" testId="473ba9bf-4b10-9955-ac44-1f46015c0dc1" testName="Simgenics.XPact.XHT.Tests.Tests.Parser.CppTokenizerTests.Identifier_PlainLetters_TokenisedAsIdentifier" computerName="BENNET_3DPACT" duration="00:00:00.0001920" startTime="2026-05-21T14:56:33.5638309+02:00" endTime="2026-05-21T14:56:33.5648733+02:00" testType="13cdc9d9-ddb5-4fa4-a97d-d965ccfc6d4b" outcome="Passed" testListId="8c84fa94-04c1-424b-9868-57a2d4851a1d" relativeResultsDirectory="4c6e75f4-0c81-4f6c-8f98-3c7c3f7c60b8" />
    <UnitTestResult executionId="eada827a-4745-4fe5-89f3-08a9c01a87f8" testId="4f0ed65f-dcdd-315d-c9e8-8383bf02dbaa" testName="Simgenics.XPact.XHT.Tests.Tests.Resolver.StepResolveFinalTests.Xht114_NoExportWithConfig" computerName="BENNET_3DPACT" duration="00:00:00.0003396" startTime="2026-05-21T14:56:33.5483769+02:00" endTime="2026-05-21T14:56:33.5486836+02:00" testType="13cdc9d9-ddb5-4fa4-a97d-d965ccfc6d4b" outcome="Passed" testListId="8c84fa94-04c1-424b-9868-57a2d4851a1d" relativeResultsDirectory="eada827a-4745-4fe5-89f3-08a9c01a87f8" />
    <UnitTestResult executionId="a840243c-a868-4e62-ab49-74feb3b165ab" testId="22204280-6e1c-2554-a1d2-2db4d11a1a7f" testName="Simgenics.XPact.XHT.Tests.Tests.Resolver.StepResolvePropertiesTests.ContainerProperty_InnerTypeResolves" computerName="BENNET_3DPACT" duration="00:00:00.0003655" startTime="2026-05-21T14:56:33.5397639+02:00" endTime="2026-05-21T14:56:33.5398277+02:00" testType="13cdc9d9-ddb5-4fa4-a97d-d965ccfc6d4b" outcome="Passed" testListId="8c84fa94-04c1-424b-9868-57a2d4851a1d" relativeResultsDirectory="a840243c-a868-4e62-ab49-74feb3b165ab" />
    <UnitTestResult executionId="17319b8b-3049-4ab4-b8a8-84b5eb60cedc" testId="66be7ba7-399e-551c-dae6-df462cc8cdaa" testName="Simgenics.XPact.XHT.Tests.Tests.Resolver.StepResolvePairingsTests.Partials_FromExtraPartials_MergedIntoCanonical_Properly" computerName="BENNET_3DPACT" duration="00:00:00.0151981" startTime="2026-05-21T14:56:33.5574975+02:00" endTime="2026-05-21T14:56:33.5696197+02:00" testType="13cdc9d9-ddb5-4fa4-a97d-d965ccfc6d4b" outcome="Passed" testListId="8c84fa94-04c1-424b-9868-57a2d4851a1d" relativeResultsDirectory="17319b8b-3049-4ab4-b8a8-84b5eb60cedc" />
    <UnitTestResult executionId="2eb7c1e0-1f06-4023-bde0-2f7e53be3d8e" testId="e87969fd-4ce8-1bbe-3a7f-d564146f096a" testName="Simgenics.XPact.XHT.Tests.Tests.Parser.CppMarkerScannerTests.XEnum_BitmaskSpecifier_SetsIsFlags" computerName="BENNET_3DPACT" duration="00:00:00.0001795" startTime="2026-05-21T14:56:33.6495747+02:00" endTime="2026-05-21T14:56:33.6496216+02:00" testType="13cdc9d9-ddb5-4fa4-a97d-d965ccfc6d4b" outcome="Passed" testListId="8c84fa94-04c1-424b-9868-57a2d4851a1d" relativeResultsDirectory="2eb7c1e0-1f06-4023-bde0-2f7e53be3d8e" />
    <UnitTestResult executionId="ae3361e4-c852-4a87-acf5-ffb4651d5135" testId="09f4e9db-e8f9-9d04-ed3d-ce6a99786424" testName="Simgenics.XPact.XHT.Tests.Tests.Entry.ToolModeRegistryTests.NameProperty_MatchesAttributeName" computerName="BENNET_3DPACT" duration="00:00:00.0002180" startTime="2026-05-21T14:56:33.6797715+02:00" endTime="2026-05-21T14:56:33.6798134+02:00" testType="13cdc9d9-ddb5-4fa4-a97d-d965ccfc6d4b" outcome="Passed" testListId="8c84fa94-04c1-424b-9868-57a2d4851a1d" relativeResultsDirectory="ae3361e4-c852-4a87-acf5-ffb4651d5135" />
    <UnitTestResult executionId="12435737-f713-4fce-b230-d52a9c1f7d4b" testId="23c432da-da5b-203e-a136-4a5c845fdd9a" testName="Simgenics.XPact.XHT.Tests.Tests.Tables.CppKeywordTableTests.IsXhtMarker_TrueForLockedMarkerVocabulary_PerContractSection11(marker: &quot;XSTRUCT&quot;)" computerName="BENNET_3DPACT" duration="00:00:00.0000053" startTime="2026-05-21T14:56:33.4684724+02:00" endTime="2026-05-21T14:56:33.4686623+02:00" testType="13cdc9d9-ddb5-4fa4-a97d-d965ccfc6d4b" outcome="Passed" testListId="8c84fa94-04c1-424b-9868-57a2d4851a1d" relativeResultsDirectory="12435737-f713-4fce-b230-d52a9c1f7d4b" />
    <UnitTestResult executionId="dba387b7-e9d6-4c9c-bdab-8af2b4838694" testId="3bca79ab-44af-ce94-35a9-a33335e59f64" testName="Simgenics.XPact.XHT.Tests.Tests.Manifest.GenManifestWriterTests.Write_AtomicallyCreatesFile" computerName="BENNET_3DPACT" duration="00:00:00.0071956" startTime="2026-05-21T14:56:33.4818227+02:00" endTime="2026-05-21T14:56:33.5385446+02:00" testType="13cdc9d9-ddb5-4fa4-a97d-d965ccfc6d4b" outcome="Passed" testListId="8c84fa94-04c1-424b-9868-57a2d4851a1d" relativeResultsDirectory="dba387b7-e9d6-4c9c-bdab-8af2b4838694" />
    <UnitTestResult executionId="f664dade-c5fa-465e-ab3a-d389b62b77c6" testId="22177b06-ca22-73a6-474f-4e0437e29592" testName="Simgenics.XPact.XHT.Tests.Tests.Parser.CppTokenizerTests.Integer_VariousForms_OK(source: &quot;42u&quot;, kind: IntegerLiteral)" computerName="BENNET_3DPACT" duration="00:00:00.0000052" startTime="2026-05-21T14:56:33.4768187+02:00" endTime="2026-05-21T14:56:33.4769106+02:00" testType="13cdc9d9-ddb5-4fa4-a97d-d965ccfc6d4b" outcome="Passed" testListId="8c84fa94-04c1-424b-9868-57a2d4851a1d" relativeResultsDirectory="f664dade-c5fa-465e-ab3a-d389b62b77c6" />
    <UnitTestResult executionId="c3ed7621-a378-4d31-9e0b-68c764e0ba1f" testId="a06719a8-f5e0-c3b2-99d6-1e5ae47f9692" testName="Simgenics.XPact.XHT.Tests.Tests.AST.XhtStructTests.IsFastArraySerializer_DefaultPhase1b_False" computerName="BENNET_3DPACT" duration="00:00:00.3678018" startTime="2026-05-21T14:56:33.0507332+02:00" endTime="2026-05-21T14:56:33.4039042+02:00" testType="13cdc9d9-ddb5-4fa4-a97d-d965ccfc6d4b" outcome="Passed" testListId="8c84fa94-04c1-424b-9868-57a2d4851a1d" relativeResultsDirectory="c3ed7621-a378-4d31-9e0b-68c764e0ba1f" />
    <UnitTestResult executionId="e0f936df-0054-43ea-8382-9912d3986bcf" testId="40bc8eff-d65f-49f5-2091-12a115d101b2" testName="Simgenics.XPact.XHT.Tests.Tests.Core.StringUtilsTests.StripCppPrefix_IsNoOp(input: &quot;XObject&quot;)" computerName="BENNET_3DPACT" duration="00:00:00.0000030" startTime="2026-05-21T14:56:33.5917171+02:00" endTime="2026-05-21T14:56:33.5917768+02:00" testType="13cdc9d9-ddb5-4fa4-a97d-d965ccfc6d4b" outcome="Passed" testListId="8c84fa94-04c1-424b-9868-57a2d4851a1d" relativeResultsDirectory="e0f936df-0054-43ea-8382-9912d3986bcf" />
    <UnitTestResult executionId="f6d48eed-edb6-4697-8224-5522e4b2f3c1" testId="c7b07d7b-0bee-6c1e-018c-52f30a177e79" testName="Simgenics.XPact.XHT.Tests.Tests.Core.ExitCodesTests.ManifestMalformed_Is_Fifty" computerName="BENNET_3DPACT" duration="00:00:00.0000588" startTime="2026-05-21T14:56:33.6076269+02:00" endTime="2026-05-21T14:56:33.6076852+02:00" testType="13cdc9d9-ddb5-4fa4-a97d-d965ccfc6d4b" outcome="Passed" testListId="8c84fa94-04c1-424b-9868-57a2d4851a1d" relativeResultsDirectory="f6d48eed-edb6-4697-8224-5522e4b2f3c1" />
    <UnitTestResult executionId="c45009ca-f6d7-476f-90fc-88addf7ed177" testId="b2b623e5-00ef-78fd-15e9-a7c1524491f6" testName="Simgenics.XPact.XHT.Tests.Tests.Emitter.CrossToolNamingContractTests.GenHeaderFileName_XhtAndXbt_Match(headerRelative: &quot;Public/XValve.h&quot;)" computerName="BENNET_3DPACT" duration="00:00:00.3677943" startTime="2026-05-21T14:56:33.0507970+02:00" endTime="2026-05-21T14:56:33.3997267+02:00" testType="13cdc9d9-ddb5-4fa4-a97d-d965ccfc6d4b" outcome="Passed" testListId="8c84fa94-04c1-424b-9868-57a2d4851a1d" relativeResultsDirectory="c45009ca-f6d7-476f-90fc-88addf7ed177" />
    <UnitTestResult executionId="e7e3b7f3-fc17-461f-b24c-f0233d103394" testId="1fd513ef-e94d-c75b-c997-1d4921cbc123" testName="Simgenics.XPact.XHT.Tests.Tests.Parser.CSharpSpecifierExtractorTests.EmptyArgs_ReturnsNoSpecifiers" computerName="BENNET_3DPACT" duration="00:00:00.0004492" startTime="2026-05-21T14:56:33.6625097+02:00" endTime="2026-05-21T14:56:33.6627479+02:00" testType="13cdc9d9-ddb5-4fa4-a97d-d965ccfc6d4b" outcome="Passed" testListId="8c84fa94-04c1-424b-9868-57a2d4851a1d" relativeResultsDirectory="e7e3b7f3-fc17-461f-b24c-f0233d103394" />
    <UnitTestResult executionId="58a461b1-7ac8-4045-a27f-7b3450962c9d" testId="aa9ac533-9864-7776-95da-b6eaa4033afb" testName="Simgenics.XPact.XHT.Tests.Tests.Parser.CSharpMarkerWalkerTests.UnknownSpecifier_EmitsXHT110_ClassStillEmitted" computerName="BENNET_3DPACT" duration="00:00:00.0003601" startTime="2026-05-21T14:56:33.6687109+02:00" endTime="2026-05-21T14:56:33.6687491+02:00" testType="13cdc9d9-ddb5-4fa4-a97d-d965ccfc6d4b" outcome="Passed" testListId="8c84fa94-04c1-424b-9868-57a2d4851a1d" relativeResultsDirectory="58a461b1-7ac8-4045-a27f-7b3450962c9d" />
    <UnitTestResult executionId="7981f0d7-161d-4312-b3dc-aa2c0d0589fb" testId="2da9e3e9-226b-080f-9262-2bfcb9d73768" testName="Simgenics.XPact.XHT.Tests.Tests.Emitter.SymbolNamingTests.SingletonGetter_LockedExample_MatchesContractRev102" computerName="BENNET_3DPACT" duration="00:00:00.0000979" startTime="2026-05-21T14:56:33.6206284+02:00" endTime="2026-05-21T14:56:33.6226924+02:00" testType="13cdc9d9-ddb5-4fa4-a97d-d965ccfc6d4b" outcome="Passed" testListId="8c84fa94-04c1-424b-9868-57a2d4851a1d" relativeResultsDirectory="7981f0d7-161d-4312-b3dc-aa2c0d0589fb" />
    <UnitTestResult executionId="25cb00e3-6490-45f9-bdc8-665a443abb15" testId="92f3869f-053c-baf9-1a0b-57a6163b7652" testName="Simgenics.XPact.XHT.Tests.Tests.Parser.CppTokenizerTests.XhtMarker_AllTenLockedMarkersAreRecognised(marker: &quot;XDELEGATE&quot;)" computerName="BENNET_3DPACT" duration="00:00:00.0000109" startTime="2026-05-21T14:56:33.4692761+02:00" endTime="2026-05-21T14:56:33.4694259+02:00" testType="13cdc9d9-ddb5-4fa4-a97d-d965ccfc6d4b" outcome="Passed" testListId="8c84fa94-04c1-424b-9868-57a2d4851a1d" relativeResultsDirectory="25cb00e3-6490-45f9-bdc8-665a443abb15" />
    <UnitTestResult executionId="4a0e97fe-ef7a-4837-a7ad-e2979a78acf3" testId="13fa8b6e-f974-d95f-e971-be2cc481d7b1" testName="Simgenics.XPact.XHT.Tests.Tests.Resolver.StepResolveFinalTests.Xht116_MinimalApiWithRequiredApi" computerName="BENNET_3DPACT" duration="00:00:00.0008851" startTime="2026-05-21T14:56:33.5380129+02:00" endTime="2026-05-21T14:56:33.5394589+02:00" testType="13cdc9d9-ddb5-4fa4-a97d-d965ccfc6d4b" outcome="Passed" testListId="8c84fa94-04c1-424b-9868-57a2d4851a1d" relativeResultsDirectory="4a0e97fe-ef7a-4837-a7ad-e2979a78acf3" />
    <UnitTestResult executionId="8d5ddd17-4f75-458c-a232-987067a856b0" testId="e0ce45c3-b5a0-8dd4-d9e0-f5c49bcc60a6" testName="Simgenics.XPact.XHT.Tests.Tests.Core.LoggerTests.EmitDiagnostic_JsonChannelFailure_DoesNotBlockStderr" computerName="BENNET_3DPACT" duration="00:00:00.0003229" startTime="2026-05-21T14:56:40.2910330+02:00" endTime="2026-05-21T14:56:40.2911244+02:00" testType="13cdc9d9-ddb5-4fa4-a97d-d965ccfc6d4b" outcome="Passed" testListId="8c84fa94-04c1-424b-9868-57a2d4851a1d" relativeResultsDirectory="8d5ddd17-4f75-458c-a232-987067a856b0" />
    <UnitTestResult executionId="c4ce2c0e-ea81-46f8-b924-b2c24008da81" testId="408c4006-f23e-7a89-b924-a2d1a18af4f4" testName="Simgenics.XPact.XHT.Tests.Tests.Parser.CSharpMarkerWalkerTests.XEnum_WithUnderlyingAndMembers_Registered" computerName="BENNET_3DPACT" duration="00:00:00.0004111" startTime="2026-05-21T14:56:33.6770393+02:00" endTime="2026-05-21T14:56:33.6772032+02:00" testType="13cdc9d9-ddb5-4fa4-a97d-d965ccfc6d4b" outcome="Passed" testListId="8c84fa94-04c1-424b-9868-57a2d4851a1d" relativeResultsDirectory="c4ce2c0e-ea81-46f8-b924-b2c24008da81" />
    <UnitTestResult executionId="a1402bf0-6477-4cd1-b487-e6b93d1f32b4" testId="f07a00f3-7581-048f-28ba-6dc8bdf563a1" testName="Simgenics.XPact.XHT.Tests.Tests.Parser.CppMarkerScannerTests.XClass_WithInterfaceBases_CapturesAllBases" computerName="BENNET_3DPACT" duration="00:00:00.0002787" startTime="2026-05-21T14:56:33.6497150+02:00" endTime="2026-05-21T14:56:33.6497561+02:00" testType="13cdc9d9-ddb5-4fa4-a97d-d965ccfc6d4b" outcome="Passed" testListId="8c84fa94-04c1-424b-9868-57a2d4851a1d" relativeResultsDirectory="a1402bf0-6477-4cd1-b487-e6b93d1f32b4" />
    <UnitTestResult executionId="61df6cf1-a445-4d23-917f-bd10f05805ed" testId="f0adc79f-5640-3836-a03c-4f14105dc1b1" testName="Simgenics.XPact.XHT.Tests.Tests.Parser.CSharpSpecifierExtractorTests.MalformedExpression_EmitsSyntaxError_OtherSpecifiersStillExtracted" computerName="BENNET_3DPACT" duration="00:00:00.0004677" startTime="2026-05-21T14:56:33.6634628+02:00" endTime="2026-05-21T14:56:33.6635388+02:00" testType="13cdc9d9-ddb5-4fa4-a97d-d965ccfc6d4b" outcome="Passed" testListId="8c84fa94-04c1-424b-9868-57a2d4851a1d" relativeResultsDirectory="61df6cf1-a445-4d23-917f-bd10f05805ed" />
    <UnitTestResult executionId="09c27e5e-e306-4532-b2b7-ced2088a405d" testId="22cf8173-5120-a9ae-c328-14358f2db794" testName="Simgenics.XPact.XHT.Tests.Tests.Tables.XhtEngineClassTableTests.IsEngineClass_MatchesLookupAffirmative(name: &quot;XObject&quot;, expected: True)" computerName="BENNET_3DPACT" duration="00:00:00.0002958" startTime="2026-05-21T14:56:33.5658215+02:00" endTime="2026-05-21T14:56:33.5668375+02:00" testType="13cdc9d9-ddb5-4fa4-a97d-d965ccfc6d4b" outcome="Passed" testListId="8c84fa94-04c1-424b-9868-57a2d4851a1d" relativeResultsDirectory="09c27e5e-e306-4532-b2b7-ced2088a405d" />
    <UnitTestResult executionId="1eb014ee-20d0-4a38-8f0f-bbafde6c30eb" testId="cdbbc642-b187-0d10-a68f-b719da2e68ef" testName="Simgenics.XPact.XHT.Tests.Tests.Core.FileSystemOpsTests.Operation_SucceedsEventually_AfterUnauthorizedAccessException" computerName="BENNET_3DPACT" duration="00:00:00.1067298" startTime="2026-05-21T14:56:40.0919929+02:00" endTime="2026-05-21T14:56:40.1926872+02:00" testType="13cdc9d9-ddb5-4fa4-a97d-d965ccfc6d4b" outcome="Passed" testListId="8c84fa94-04c1-424b-9868-57a2d4851a1d" relativeResultsDirectory="1eb014ee-20d0-4a38-8f0f-bbafde6c30eb" />
    <UnitTestResult executionId="82b7f857-56b6-4619-803c-01ada86110b8" testId="ea28816f-8451-e12d-1427-f8439487dd2e" testName="Simgenics.XPact.XHT.Tests.Tests.Tables.CppKeywordTableTests.Lookup_ReturnsKindForKnownKeyword(spelling: &quot;sizeof&quot;, expectedKind: OperatorWord)" computerName="BENNET_3DPACT" duration="00:00:00.0000048" startTime="2026-05-21T14:56:33.4863618+02:00" endTime="2026-05-21T14:56:33.4864584+02:00" testType="13cdc9d9-ddb5-4fa4-a97d-d965ccfc6d4b" outcome="Passed" testListId="8c84fa94-04c1-424b-9868-57a2d4851a1d" relativeResultsDirectory="82b7f857-56b6-4619-803c-01ada86110b8" />
    <UnitTestResult executionId="8da31868-0fe9-4ead-9401-76f1bb850b38" testId="d6b44959-f5b5-4cca-1edb-88a7c1f3026e" testName="Simgenics.XPact.XHT.Tests.Tests.Tables.CppKeywordTableTests.IsXhtMarker_FalseForNonMarkers(spelling: &quot;virtual&quot;)" computerName="BENNET_3DPACT" duration="00:00:00.0000041" startTime="2026-05-21T14:56:33.4848361+02:00" endTime="2026-05-21T14:56:33.4849458+02:00" testType="13cdc9d9-ddb5-4fa4-a97d-d965ccfc6d4b" outcome="Passed" testListId="8c84fa94-04c1-424b-9868-57a2d4851a1d" relativeResultsDirectory="8da31868-0fe9-4ead-9401-76f1bb850b38" />
    <UnitTestResult executionId="5cc56990-037e-4b5c-9e2b-d58d75f6b0b2" testId="0318bb4b-a8b6-b682-18df-145f0a41f31d" testName="Simgenics.XPact.XHT.Tests.Tests.Resolver.StepResolveFinalTests.Xht121_PropertyTypeInInterfaceOnlyDep" computerName="BENNET_3DPACT" duration="00:00:00.0005091" startTime="2026-05-21T14:56:33.5396178+02:00" endTime="2026-05-21T14:56:33.5400075+02:00" testType="13cdc9d9-ddb5-4fa4-a97d-d965ccfc6d4b" outcome="Passed" testListId="8c84fa94-04c1-424b-9868-57a2d4851a1d" relativeResultsDirectory="5cc56990-037e-4b5c-9e2b-d58d75f6b0b2" />
    <UnitTestResult executionId="511aeb0b-34bb-4247-a22c-e7288fe82f5a" testId="939f194a-1d7f-0fd6-0fd6-f465f782acd5" testName="Simgenics.XPact.XHT.Tests.Tests.Resolver.StepResolvePropertiesTests.RepNotify_MissingCallback_EmitsXht113" computerName="BENNET_3DPACT" duration="00:00:00.0011236" startTime="2026-05-21T14:56:33.5276782+02:00" endTime="2026-05-21T14:56:33.5311860+02:00" testType="13cdc9d9-ddb5-4fa4-a97d-d965ccfc6d4b" outcome="Passed" testListId="8c84fa94-04c1-424b-9868-57a2d4851a1d" relativeResultsDirectory="511aeb0b-34bb-4247-a22c-e7288fe82f5a" />
    <UnitTestResult executionId="adbdae9f-18a8-4be0-a602-069f98d5a414" testId="82fce1f5-2541-e926-c7fb-f1aab44f3216" testName="Simgenics.XPact.XHT.Tests.Tests.Parser.CppTokenizerTests.Punctuator_LongestMatchWins(source: &quot;||&quot;, expected: PipePipe)" computerName="BENNET_3DPACT" duration="00:00:00.0000038" startTime="2026-05-21T14:56:33.5023031+02:00" endTime="2026-05-21T14:56:33.5024036+02:00" testType="13cdc9d9-ddb5-4fa4-a97d-d965ccfc6d4b" outcome="Passed" testListId="8c84fa94-04c1-424b-9868-57a2d4851a1d" relativeResultsDirectory="adbdae9f-18a8-4be0-a602-069f98d5a414" />
    <UnitTestResult executionId="5688006b-23df-4834-b1f8-d93f50e60ff0" testId="6bea83a7-9d31-e871-be96-e5eac0ded3fd" testName="Simgenics.XPact.XHT.Tests.Tests.Tables.XhtEngineClassTableTests.IsEngineClass_MatchesLookupAffirmative(name: &quot;xobject&quot;, expected: False)" computerName="BENNET_3DPACT" duration="00:00:00.0000076" startTime="2026-05-21T14:56:33.5674716+02:00" endTime="2026-05-21T14:56:33.5675573+02:00" testType="13cdc9d9-ddb5-4fa4-a97d-d965ccfc6d4b" outcome="Passed" testListId="8c84fa94-04c1-424b-9868-57a2d4851a1d" relativeResultsDirectory="5688006b-23df-4834-b1f8-d93f50e60ff0" />
    <UnitTestResult executionId="d0647e12-1c0e-4a44-8b84-e41e2f16d614" testId="0980f4ec-de50-f4ac-06c4-fe11a5fb8157" testName="Simgenics.XPact.XHT.Tests.Tests.Emitter.LogicalPathSplitterTests.Split_RejectsGenH_InputAsXhtOutput" computerName="BENNET_3DPACT" duration="00:00:00.0005946" startTime="2026-05-21T14:56:33.5647313+02:00" endTime="2026-05-21T14:56:33.5665512+02:00" testType="13cdc9d9-ddb5-4fa4-a97d-d965ccfc6d4b" outcome="Passed" testListId="8c84fa94-04c1-424b-9868-57a2d4851a1d" relativeResultsDirectory="d0647e12-1c0e-4a44-8b84-e41e2f16d614" />
    <UnitTestResult executionId="c2b1a2c1-bdf5-4176-bf2f-0efed6714613" testId="31f78916-e7e3-e0f8-a9c0-d5e4f4a46947" testName="Simgenics.XPact.XHT.Tests.Tests.Parser.CppTokenizerTests.StringLiteral_Unterminated_EmitsDiagnostic" computerName="BENNET_3DPACT" duration="00:00:00.0010095" startTime="2026-05-21T14:56:33.5672095+02:00" endTime="2026-05-21T14:56:33.5700840+02:00" testType="13cdc9d9-ddb5-4fa4-a97d-d965ccfc6d4b" outcome="Passed" testListId="8c84fa94-04c1-424b-9868-57a2d4851a1d" relativeResultsDirectory="c2b1a2c1-bdf5-4176-bf2f-0efed6714613" />
    <UnitTestResult executionId="11799187-2d12-4c60-a4e3-61bbb10c5571" testId="3970607d-78a0-6cbf-6987-af39089504fb" testName="Simgenics.XPact.XHT.Tests.Tests.Parser.CSharpMarkerWalkerTests.XEnum_WithFlagsAttribute_SetsIsFlags" computerName="BENNET_3DPACT" duration="00:00:00.0056393" startTime="2026-05-21T14:56:33.6674365+02:00" endTime="2026-05-21T14:56:33.6675705+02:00" testType="13cdc9d9-ddb5-4fa4-a97d-d965ccfc6d4b" outcome="Passed" testListId="8c84fa94-04c1-424b-9868-57a2d4851a1d" relativeResultsDirectory="11799187-2d12-4c60-a4e3-61bbb10c5571" />
    <UnitTestResult executionId="7f921172-e58e-4811-ad3f-651f055fd57b" testId="e5a32278-70e0-bbd4-35c9-186693e7aa7e" testName="Simgenics.XPact.XHT.Tests.Tests.Resolver.StepResolveInvalidCheckTests.InterfaceWithFunctions_PassesInvalidCheck" computerName="BENNET_3DPACT" duration="00:00:00.0015123" startTime="2026-05-21T14:56:33.5504274+02:00" endTime="2026-05-21T14:56:33.5507803+02:00" testType="13cdc9d9-ddb5-4fa4-a97d-d965ccfc6d4b" outcome="Passed" testListId="8c84fa94-04c1-424b-9868-57a2d4851a1d" relativeResultsDirectory="7f921172-e58e-4811-ad3f-651f055fd57b" />
    <UnitTestResult executionId="68e539b7-4478-4390-9c6b-d0d36ea0463c" testId="8b90367d-3915-6a49-b27b-e306661df1df" testName="Simgenics.XPact.XHT.Tests.Tests.Parser.CppTokenizerTests.RawString_NamedDelimiterAndEmbeddedQuote_OK" computerName="BENNET_3DPACT" duration="00:00:00.0001640" startTime="2026-05-21T14:56:33.6001660+02:00" endTime="2026-05-21T14:56:33.6003590+02:00" testType="13cdc9d9-ddb5-4fa4-a97d-d965ccfc6d4b" outcome="Passed" testListId="8c84fa94-04c1-424b-9868-57a2d4851a1d" relativeResultsDirectory="68e539b7-4478-4390-9c6b-d0d36ea0463c" />
    <UnitTestResult executionId="6fbd2a65-7eb9-4bb2-ac76-c94a434b9865" testId="9a619f76-6bdd-3802-caaf-a88c4af5dc76" testName="Simgenics.XPact.XHT.Tests.Tests.Manifest.GenManifestWriterTests.Write_OutputIsUtf8WithoutBom" computerName="BENNET_3DPACT" duration="00:00:00.3808572" startTime="2026-05-21T14:56:33.0498551+02:00" endTime="2026-05-21T14:56:33.4625232+02:00" testType="13cdc9d9-ddb5-4fa4-a97d-d965ccfc6d4b" outcome="Passed" testListId="8c84fa94-04c1-424b-9868-57a2d4851a1d" relativeResultsDirectory="6fbd2a65-7eb9-4bb2-ac76-c94a434b9865" />
    <UnitTestResult executionId="f27a9736-b18f-42c6-b7d8-bd720eed649e" testId="cb89307b-7930-9227-1153-17e0674a0f98" testName="Simgenics.XPact.XHT.Tests.Tests.Parser.CppMarkerScannerTests.XClass_FunctionWithMultipleParams_AllCaptured" computerName="BENNET_3DPACT" duration="00:00:00.0004410" startTime="2026-05-21T14:56:33.6508400+02:00" endTime="2026-05-21T14:56:33.6508832+02:00" testType="13cdc9d9-ddb5-4fa4-a97d-d965ccfc6d4b" outcome="Passed" testListId="8c84fa94-04c1-424b-9868-57a2d4851a1d" relativeResultsDirectory="f27a9736-b18f-42c6-b7d8-bd720eed649e" />
    <UnitTestResult executionId="b2a08a31-7ad6-44ab-8b73-4b624c341bfd" testId="03ea312d-7669-2a14-92e1-5b3e873e9b35" testName="Simgenics.XPact.XHT.Tests.Tests.Entry.ToolModeRegistryTests.Resolve_UnknownName_ReturnsNull" computerName="BENNET_3DPACT" duration="00:00:00.0000353" startTime="2026-05-21T14:56:33.6811500+02:00" endTime="2026-05-21T14:56:33.6812089+02:00" testType="13cdc9d9-ddb5-4fa4-a97d-d965ccfc6d4b" outcome="Passed" testListId="8c84fa94-04c1-424b-9868-57a2d4851a1d" relativeResultsDirectory="b2a08a31-7ad6-44ab-8b73-4b624c341bfd" />
    <UnitTestResult executionId="17aa98bf-1d3e-402b-aa22-601ef73d67b5" testId="876f298d-2cb2-5a85-66ea-8dafb176ddcb" testName="Simgenics.XPact.XHT.Tests.Tests.Resolver.StepResolveBasesTests.WithinCompatibleWithSuper_NoXht119" computerName="BENNET_3DPACT" duration="00:00:00.0112403" startTime="2026-05-21T14:56:33.5589322+02:00" endTime="2026-05-21T14:56:33.5595098+02:00" testType="13cdc9d9-ddb5-4fa4-a97d-d965ccfc6d4b" outcome="Passed" testListId="8c84fa94-04c1-424b-9868-57a2d4851a1d" relativeResultsDirectory="17aa98bf-1d3e-402b-aa22-601ef73d67b5" />
    <UnitTestResult executionId="28b04579-6b6d-4895-bc1d-d8f67fcf2d14" testId="bf40d278-e8ab-acef-8411-b0eabfd9f7c8" testName="Simgenics.XPact.XHT.Tests.Tests.Tables.CppKeywordTableTests.IsXhtMarkerSpan_BehavesAsStringOverload(spelling: &quot;XCLASS&quot;, expected: True)" computerName="BENNET_3DPACT" duration="00:00:00.0034826" startTime="2026-05-21T14:56:33.4731459+02:00" endTime="2026-05-21T14:56:33.4775698+02:00" testType="13cdc9d9-ddb5-4fa4-a97d-d965ccfc6d4b" outcome="Passed" testListId="8c84fa94-04c1-424b-9868-57a2d4851a1d" relativeResultsDirectory="28b04579-6b6d-4895-bc1d-d8f67fcf2d14" />
    <UnitTestResult executionId="8c4ee6b5-0e61-44dc-8a83-01978efefa2a" testId="904ce10e-8018-8934-fe01-f70154a7c976" testName="Simgenics.XPact.XHT.Tests.Tests.Parser.CppTokenizerTests.Punctuator_LongestMatchWins(source: &quot;&amp;&amp;&quot;, expected: AmpAmp)" computerName="BENNET_3DPACT" duration="00:00:00.0000056" startTime="2026-05-21T14:56:33.5014084+02:00" endTime="2026-05-21T14:56:33.5016451+02:00" testType="13cdc9d9-ddb5-4fa4-a97d-d965ccfc6d4b" outcome="Passed" testListId="8c84fa94-04c1-424b-9868-57a2d4851a1d" relativeResultsDirectory="8c4ee6b5-0e61-44dc-8a83-01978efefa2a" />
    <UnitTestResult executionId="ad6e88f1-0e8a-4cc7-8972-e6777f365d7b" testId="4e10835a-ce89-35d1-b9c4-bf96ed6fbe7d" testName="Simgenics.XPact.XHT.Tests.Tests.Parser.CrossLanguageParserTests.Integration_RepresentativeMixedModule_PopulatesSymbolTableForBoth" computerName="BENNET_3DPACT" duration="00:00:00.0103521" startTime="2026-05-21T14:56:33.6607803+02:00" endTime="2026-05-21T14:56:33.6657863+02:00" testType="13cdc9d9-ddb5-4fa4-a97d-d965ccfc6d4b" outcome="Passed" testListId="8c84fa94-04c1-424b-9868-57a2d4851a1d" relativeResultsDirectory="ad6e88f1-0e8a-4cc7-8972-e6777f365d7b" />
    <UnitTestResult executionId="1e37e6a8-3c21-448e-9f96-a6c9a6ee7904" testId="39aa7c0e-e119-7efe-351f-d44e12bddff4" testName="Simgenics.XPact.XHT.Tests.Tests.Manifest.XbtManifestReaderTests.Read_RoundTripsThroughDisk" computerName="BENNET_3DPACT" duration="00:00:00.0042292" startTime="2026-05-21T14:56:33.6741458+02:00" endTime="2026-05-21T14:56:33.6750143+02:00" testType="13cdc9d9-ddb5-4fa4-a97d-d965ccfc6d4b" outcome="Passed" testListId="8c84fa94-04c1-424b-9868-57a2d4851a1d" relativeResultsDirectory="1e37e6a8-3c21-448e-9f96-a6c9a6ee7904" />
    <UnitTestResult executionId="f6482b8d-05da-4fe3-ba4d-bce785de8ecd" testId="76b33e3f-0150-20fd-c3ba-7d80f7fd7420" testName="Simgenics.XPact.XHT.Tests.Tests.Parser.CppMarkerScannerTests.Namespace_NestedNamespaceTrackedCorrectly" computerName="BENNET_3DPACT" duration="00:00:00.0004274" startTime="2026-05-21T14:56:33.6514914+02:00" endTime="2026-05-21T14:56:33.6515535+02:00" testType="13cdc9d9-ddb5-4fa4-a97d-d965ccfc6d4b" outcome="Passed" testListId="8c84fa94-04c1-424b-9868-57a2d4851a1d" relativeResultsDirectory="f6482b8d-05da-4fe3-ba4d-bce785de8ecd" />
    <UnitTestResult executionId="cdeb9880-14bb-418b-8b29-79118787f08b" testId="fa48adbc-bc63-5826-0716-51e2d3b14188" testName="Simgenics.XPact.XHT.Tests.Tests.AST.SymbolTableTests.Register_DuplicateExactName_Throws" computerName="BENNET_3DPACT" duration="00:00:00.0002581" startTime="2026-05-21T14:56:33.6181359+02:00" endTime="2026-05-21T14:56:33.6194285+02:00" testType="13cdc9d9-ddb5-4fa4-a97d-d965ccfc6d4b" outcome="Passed" testListId="8c84fa94-04c1-424b-9868-57a2d4851a1d" relativeResultsDirectory="cdeb9880-14bb-418b-8b29-79118787f08b" />
    <UnitTestResult executionId="6170d884-7143-4fbc-889e-84fd00342c5a" testId="8886c7ac-07a2-7e25-8148-1514060a134f" testName="Simgenics.XPact.XHT.Tests.Tests.Parser.CppMarkerScannerTests.XClass_WithProperty_AttachesToClass" computerName="BENNET_3DPACT" duration="00:00:00.0005624" startTime="2026-05-21T14:56:33.6259082+02:00" endTime="2026-05-21T14:56:33.6262604+02:00" testType="13cdc9d9-ddb5-4fa4-a97d-d965ccfc6d4b" outcome="Passed" testListId="8c84fa94-04c1-424b-9868-57a2d4851a1d" relativeResultsDirectory="6170d884-7143-4fbc-889e-84fd00342c5a" />
    <UnitTestResult executionId="148fb80f-49e1-44bf-a698-890e56039af7" testId="3a356bbb-844a-1568-8d8b-ce7b1f4dedc5" testName="Simgenics.XPact.XHT.Tests.Tests.Manifest.GenManifestReaderTests.Parse_MinimalValid_Succeeds" computerName="BENNET_3DPACT" duration="00:00:00.0027829" startTime="2026-05-21T14:56:33.5421502+02:00" endTime="2026-05-21T14:56:33.5443798+02:00" testType="13cdc9d9-ddb5-4fa4-a97d-d965ccfc6d4b" outcome="Passed" testListId="8c84fa94-04c1-424b-9868-57a2d4851a1d" relativeResultsDirectory="148fb80f-49e1-44bf-a698-890e56039af7" />
    <UnitTestResult executionId="5b1eb34a-d665-47dc-86f5-4eeaae2a73ac" testId="0a621f34-c768-0daa-f42a-8e2562535494" testName="Simgenics.XPact.XHT.Tests.Tests.Resolver.StepBindSuperAndBasesTests.MissingSuper_EmitsXht103" computerName="BENNET_3DPACT" duration="00:00:00.0003354" startTime="2026-05-21T14:56:33.6048651+02:00" endTime="2026-05-21T14:56:33.6061012+02:00" testType="13cdc9d9-ddb5-4fa4-a97d-d965ccfc6d4b" outcome="Passed" testListId="8c84fa94-04c1-424b-9868-57a2d4851a1d" relativeResultsDirectory="5b1eb34a-d665-47dc-86f5-4eeaae2a73ac" />
    <UnitTestResult executionId="a25b2993-9df6-4710-b233-841b0a7c6c07" testId="389ec4a0-6860-afd0-6330-2f3ca45ff0d3" testName="Simgenics.XPact.XHT.Tests.Tests.Parser.CSharpMarkerWalkerTests.PartialClasses_TwoPartials_EmittedSeparately_NoXHT040" computerName="BENNET_3DPACT" duration="00:00:00.0007704" startTime="2026-05-21T14:56:33.6775505+02:00" endTime="2026-05-21T14:56:33.6776176+02:00" testType="13cdc9d9-ddb5-4fa4-a97d-d965ccfc6d4b" outcome="Passed" testListId="8c84fa94-04c1-424b-9868-57a2d4851a1d" relativeResultsDirectory="a25b2993-9df6-4710-b233-841b0a7c6c07" />
    <UnitTestResult executionId="f13aee41-2818-44ba-ba3f-d67335b884ee" testId="593bbf8a-9bab-0d21-c4e0-df3c0777125c" testName="Simgenics.XPact.XHT.Tests.Tests.Resolver.StepRecursiveStructCheckTests.TwoNodeCycle_AToBToA_EmitsXht105" computerName="BENNET_3DPACT" duration="00:00:00.4004847" startTime="2026-05-21T14:56:33.0507578+02:00" endTime="2026-05-21T14:56:33.5514285+02:00" testType="13cdc9d9-ddb5-4fa4-a97d-d965ccfc6d4b" outcome="Passed" testListId="8c84fa94-04c1-424b-9868-57a2d4851a1d" relativeResultsDirectory="f13aee41-2818-44ba-ba3f-d67335b884ee" />
    <UnitTestResult executionId="8ef5b2c6-5b7f-4105-bed7-06c870a85f33" testId="904f38ad-4923-9dfb-2b38-fb262dfc8d8b" testName="Simgenics.XPact.XHT.Tests.Tests.Emitter.SymbolNamingTests.SingletonGetter_RejectsEmptyArgs" computerName="BENNET_3DPACT" duration="00:00:00.0003251" startTime="2026-05-21T14:56:33.6262042+02:00" endTime="2026-05-21T14:56:33.6263974+02:00" testType="13cdc9d9-ddb5-4fa4-a97d-d965ccfc6d4b" outcome="Passed" testListId="8c84fa94-04c1-424b-9868-57a2d4851a1d" relativeResultsDirectory="8ef5b2c6-5b7f-4105-bed7-06c870a85f33" />
    <UnitTestResult executionId="55ccf7f5-cbea-414a-bc8b-dd31c045fada" testId="948af76a-ebb5-1cea-bb5d-07bc9a3c62f9" testName="Simgenics.XPact.XHT.Tests.Tests.Parser.CppTokenizerTests.Determinism_NoTokenStreamCarriesTime_OrTickCount" computerName="BENNET_3DPACT" duration="00:00:00.0001737" startTime="2026-05-21T14:56:33.5461953+02:00" endTime="2026-05-21T14:56:33.5463460+02:00" testType="13cdc9d9-ddb5-4fa4-a97d-d965ccfc6d4b" outcome="Passed" testListId="8c84fa94-04c1-424b-9868-57a2d4851a1d" relativeResultsDirectory="55ccf7f5-cbea-414a-bc8b-dd31c045fada" />
    <UnitTestResult executionId="924a7f3d-bbe3-40c4-8119-7c8546d94e89" testId="e460bbf5-50f7-bb45-5ff3-99515e21cb1a" testName="Simgenics.XPact.XHT.Tests.Tests.Parser.CSharpSourceEnumeratorTests.EnumerateOrdered_NullModule_Throws" computerName="BENNET_3DPACT" duration="00:00:00.0002082" startTime="2026-05-21T14:56:33.5754703+02:00" endTime="2026-05-21T14:56:33.5759077+02:00" testType="13cdc9d9-ddb5-4fa4-a97d-d965ccfc6d4b" outcome="Passed" testListId="8c84fa94-04c1-424b-9868-57a2d4851a1d" relativeResultsDirectory="924a7f3d-bbe3-40c4-8119-7c8546d94e89" />
    <UnitTestResult executionId="2c0eaed3-f7c2-4b19-ab10-562e4d29d6c2" testId="3afaf984-0968-2fbb-f9f7-16275f3ed656" testName="Simgenics.XPact.XHT.Tests.Tests.Manifest.XbtManifestReaderTests.FindModule_ReturnsNullWhenAbsent" computerName="BENNET_3DPACT" duration="00:00:00.0093155" startTime="2026-05-21T14:56:33.6696309+02:00" endTime="2026-05-21T14:56:33.6697190+02:00" testType="13cdc9d9-ddb5-4fa4-a97d-d965ccfc6d4b" outcome="Passed" testListId="8c84fa94-04c1-424b-9868-57a2d4851a1d" relativeResultsDirectory="2c0eaed3-f7c2-4b19-ab10-562e4d29d6c2" />
    <UnitTestResult executionId="49e6c379-901f-40a1-a65b-8e83ff6c9fe1" testId="43515fc9-7f74-2ac8-7030-e3ca02617ddb" testName="Simgenics.XPact.XHT.Tests.Tests.Parser.CSharpSpecifierExtractorTests.MixedFlagAndNamed_ParsesBoth" computerName="BENNET_3DPACT" duration="00:00:00.0049060" startTime="2026-05-21T14:56:33.6605213+02:00" endTime="2026-05-21T14:56:33.6618115+02:00" testType="13cdc9d9-ddb5-4fa4-a97d-d965ccfc6d4b" outcome="Passed" testListId="8c84fa94-04c1-424b-9868-57a2d4851a1d" relativeResultsDirectory="49e6c379-901f-40a1-a65b-8e83ff6c9fe1" />
    <UnitTestResult executionId="4cea44c4-43b4-4bda-ae2c-ba546998a668" testId="e770ede7-52a6-d786-4b55-98e8728a2edd" testName="Simgenics.XPact.XHT.Tests.Tests.Parser.CppTokenizerTests.StringLiteral_PrefixedForms_TokenisedAsStringLiteral" computerName="BENNET_3DPACT" duration="00:00:00.0002549" startTime="2026-05-21T14:56:33.5630694+02:00" endTime="2026-05-21T14:56:33.5636600+02:00" testType="13cdc9d9-ddb5-4fa4-a97d-d965ccfc6d4b" outcome="Passed" testListId="8c84fa94-04c1-424b-9868-57a2d4851a1d" relativeResultsDirectory="4cea44c4-43b4-4bda-ae2c-ba546998a668" />
    <UnitTestResult executionId="7b184391-072f-4547-8188-89b37daf45e8" testId="e7d4f4c5-c81b-c3b5-64d5-acee52a98172" testName="Simgenics.XPact.XHT.Tests.Tests.Core.Blake3HashTests.Hex16_IsExactly16LowercaseHexChars" computerName="BENNET_3DPACT" duration="00:00:00.0002369" startTime="2026-05-21T14:56:33.5746294+02:00" endTime="2026-05-21T14:56:33.5751253+02:00" testType="13cdc9d9-ddb5-4fa4-a97d-d965ccfc6d4b" outcome="Passed" testListId="8c84fa94-04c1-424b-9868-57a2d4851a1d" relativeResultsDirectory="7b184391-072f-4547-8188-89b37daf45e8" />
    <UnitTestResult executionId="48220694-e3b4-43ad-82eb-bfdcb40698d6" testId="5f3f7e83-af8f-9823-fade-f22584ad8968" testName="Simgenics.XPact.XHT.Tests.Tests.Resolver.StepResolvePropertiesTests.TArray_OfTArray_ExtractsOuterInner" computerName="BENNET_3DPACT" duration="00:00:00.0002651" startTime="2026-05-21T14:56:33.5403243+02:00" endTime="2026-05-21T14:56:33.5406422+02:00" testType="13cdc9d9-ddb5-4fa4-a97d-d965ccfc6d4b" outcome="Passed" testListId="8c84fa94-04c1-424b-9868-57a2d4851a1d" relativeResultsDirectory="48220694-e3b4-43ad-82eb-bfdcb40698d6" />
    <UnitTestResult executionId="01aaf88a-ca00-491f-a386-2655b5dfe778" testId="909f731a-a7b9-5e0d-7966-698d041340ff" testName="Simgenics.XPact.XHT.Tests.Tests.AST.XhtClassTests.Record_WithSuperPattern_ProducesCopyWithMutatedField" computerName="BENNET_3DPACT" duration="00:00:00.0004910" startTime="2026-05-21T14:56:33.6156092+02:00" endTime="2026-05-21T14:56:33.6181558+02:00" testType="13cdc9d9-ddb5-4fa4-a97d-d965ccfc6d4b" outcome="Passed" testListId="8c84fa94-04c1-424b-9868-57a2d4851a1d" relativeResultsDirectory="01aaf88a-ca00-491f-a386-2655b5dfe778" />
    <UnitTestResult executionId="7b921b97-eed2-4135-91d3-44b18b002c60" testId="5f1bde48-0f76-e214-3f25-3e8a48ac8117" testName="Simgenics.XPact.XHT.Tests.Tests.Parser.CppTokenizerTests.Punctuator_LongestMatchWins(source: &quot;&lt;=&gt;&quot;, expected: Spaceship)" computerName="BENNET_3DPACT" duration="00:00:00.0000053" startTime="2026-05-21T14:56:33.4987315+02:00" endTime="2026-05-21T14:56:33.4987981+02:00" testType="13cdc9d9-ddb5-4fa4-a97d-d965ccfc6d4b" outcome="Passed" testListId="8c84fa94-04c1-424b-9868-57a2d4851a1d" relativeResultsDirectory="7b921b97-eed2-4135-91d3-44b18b002c60" />
    <UnitTestResult executionId="5fc0cc0a-b460-4407-81ce-f0ccd022595a" testId="70a32f70-7ef1-1d13-7ce2-ba89c2b7c4c5" testName="Simgenics.XPact.XHT.Tests.Tests.Tables.BuiltInSpecifiersTests.PropertyMember_Specifier_EditAnywhereIsMemberOnly" computerName="BENNET_3DPACT" duration="00:00:00.0048879" startTime="2026-05-21T14:56:33.6055527+02:00" endTime="2026-05-21T14:56:33.6129880+02:00" testType="13cdc9d9-ddb5-4fa4-a97d-d965ccfc6d4b" outcome="Passed" testListId="8c84fa94-04c1-424b-9868-57a2d4851a1d" relativeResultsDirectory="5fc0cc0a-b460-4407-81ce-f0ccd022595a" />
    <UnitTestResult executionId="a8c59ff1-63f0-4a56-8463-16c47152670a" testId="6057a638-0f0a-0fe1-926c-e1b4d184ffa5" testName="Simgenics.XPact.XHT.Tests.Tests.Emitter.HeaderEmitterTests.Determinism_TwoRunsOverSameInput_ProduceByteIdenticalOutput" computerName="BENNET_3DPACT" duration="00:00:00.0008981" startTime="2026-05-21T14:56:40.2351484+02:00" endTime="2026-05-21T14:56:40.2359120+02:00" testType="13cdc9d9-ddb5-4fa4-a97d-d965ccfc6d4b" outcome="Passed" testListId="8c84fa94-04c1-424b-9868-57a2d4851a1d" relativeResultsDirectory="a8c59ff1-63f0-4a56-8463-16c47152670a" />
    <UnitTestResult executionId="f3aa3397-0ef7-4880-a556-bd98fc2ccd67" testId="28bdf914-2bf6-5558-da3b-1591a3583636" testName="Simgenics.XPact.XHT.Tests.Tests.Parser.CppMarkerScannerTests.UnknownSpecifier_DoesNotAbort_AndContinuesParsing" computerName="BENNET_3DPACT" duration="00:00:00.0003299" startTime="2026-05-21T14:56:33.6492631+02:00" endTime="2026-05-21T14:56:33.6493164+02:00" testType="13cdc9d9-ddb5-4fa4-a97d-d965ccfc6d4b" outcome="Passed" testListId="8c84fa94-04c1-424b-9868-57a2d4851a1d" relativeResultsDirectory="f3aa3397-0ef7-4880-a556-bd98fc2ccd67" />
    <UnitTestResult executionId="0db84eb5-7b5e-4a4f-8934-c5bef67744c3" testId="5017a4f4-6e45-dd26-0509-101dd39ede12" testName="Simgenics.XPact.XHT.Tests.Tests.Parser.CppSpecifierParserTests.MalformedGrammar_RecoversAndContinues" computerName="BENNET_3DPACT" duration="00:00:00.0021482" startTime="2026-05-21T14:56:33.5415516+02:00" endTime="2026-05-21T14:56:33.5426224+02:00" testType="13cdc9d9-ddb5-4fa4-a97d-d965ccfc6d4b" outcome="Passed" testListId="8c84fa94-04c1-424b-9868-57a2d4851a1d" relativeResultsDirectory="0db84eb5-7b5e-4a4f-8934-c5bef67744c3" />
    <UnitTestResult executionId="b2c1b777-24b9-4507-945f-b8c853944d24" testId="e180adde-18ea-5bb4-2fc6-4933ae10a493" testName="Simgenics.XPact.XHT.Tests.Tests.Parser.CppTokenizerTests.PreprocessorDirective_TakesEntireLine" computerName="BENNET_3DPACT" duration="00:00:00.0002082" startTime="2026-05-21T14:56:33.5963100+02:00" endTime="2026-05-21T14:56:33.5979809+02:00" testType="13cdc9d9-ddb5-4fa4-a97d-d965ccfc6d4b" outcome="Passed" testListId="8c84fa94-04c1-424b-9868-57a2d4851a1d" relativeResultsDirectory="b2c1b777-24b9-4507-945f-b8c853944d24" />
    <UnitTestResult executionId="d17e4703-90f8-449c-a5b4-d8cd0178c45b" testId="30f4030b-dba9-2f06-227e-44ae187e4a63" testName="Simgenics.XPact.XHT.Tests.Tests.Emitter.HeaderEmitterTests.OneClass_EmitsCorrectMacroSet_AndPragmaOnce_AndLicenseHeader" computerName="BENNET_3DPACT" duration="00:00:00.0010699" startTime="2026-05-21T14:56:40.2368969+02:00" endTime="2026-05-21T14:56:40.2378962+02:00" testType="13cdc9d9-ddb5-4fa4-a97d-d965ccfc6d4b" outcome="Passed" testListId="8c84fa94-04c1-424b-9868-57a2d4851a1d" relativeResultsDirectory="d17e4703-90f8-449c-a5b4-d8cd0178c45b" />
    <UnitTestResult executionId="2fc1b215-36d5-44f5-b5f8-5c0df95dd600" testId="dc42d985-f487-6d2d-04d5-8f15804ce507" testName="Simgenics.XPact.XHT.Tests.Tests.Parser.CppTokenizerTests.Punctuator_LongestMatchWins(source: &quot;&lt;&lt;=&quot;, expected: LessLessEq)" computerName="BENNET_3DPACT" duration="00:00:00.0003480" startTime="2026-05-21T14:56:33.4919818+02:00" endTime="2026-05-21T14:56:33.4959101+02:00" testType="13cdc9d9-ddb5-4fa4-a97d-d965ccfc6d4b" outcome="Passed" testListId="8c84fa94-04c1-424b-9868-57a2d4851a1d" relativeResultsDirectory="2fc1b215-36d5-44f5-b5f8-5c0df95dd600" />
    <UnitTestResult executionId="fead5741-44bf-48cb-8717-832aeb217b63" testId="b95a5c86-96cd-f3ba-dda7-f1de7fe9f1f2" testName="Simgenics.XPact.XHT.Tests.Tests.Tables.SpecifierRegistryTests.DefaultConstructor_RegistersBuiltIns" computerName="BENNET_3DPACT" duration="00:00:00.0002369" startTime="2026-05-21T14:56:33.6367812+02:00" endTime="2026-05-21T14:56:33.6368425+02:00" testType="13cdc9d9-ddb5-4fa4-a97d-d965ccfc6d4b" outcome="Passed" testListId="8c84fa94-04c1-424b-9868-57a2d4851a1d" relativeResultsDirectory="fead5741-44bf-48cb-8717-832aeb217b63" />
    <UnitTestResult executionId="b32399fd-6d44-40cd-942f-af03079072ed" testId="b6f12a2e-51bd-4283-4d6d-016bba2f7844" testName="Simgenics.XPact.XHT.Tests.Tests.Parser.CppMarkerScannerTests.XClass_BareSimpleClass_Registered" computerName="BENNET_3DPACT" duration="00:00:00.0010882" startTime="2026-05-21T14:56:33.6122454+02:00" endTime="2026-05-21T14:56:33.6127830+02:00" testType="13cdc9d9-ddb5-4fa4-a97d-d965ccfc6d4b" outcome="Passed" testListId="8c84fa94-04c1-424b-9868-57a2d4851a1d" relativeResultsDirectory="b32399fd-6d44-40cd-942f-af03079072ed" />
    <UnitTestResult executionId="bf6a4c26-0b59-4898-8095-3bcbaceb1aff" testId="6a9032ed-b2b6-8bef-de25-be7f1154bbb4" testName="Simgenics.XPact.XHT.Tests.Tests.Resolver.StepResolveInvalidCheckTests.StructWithProperties_PassesInvalidCheck" computerName="BENNET_3DPACT" duration="00:00:00.0003616" startTime="2026-05-21T14:56:33.5488505+02:00" endTime="2026-05-21T14:56:33.5491693+02:00" testType="13cdc9d9-ddb5-4fa4-a97d-d965ccfc6d4b" outcome="Passed" testListId="8c84fa94-04c1-424b-9868-57a2d4851a1d" relativeResultsDirectory="bf6a4c26-0b59-4898-8095-3bcbaceb1aff" />
    <UnitTestResult executionId="8227d43d-7fe7-4c0a-ba00-ecc1d06a8f6c" testId="0062a792-c46d-b940-9ca6-8b6c5cf552d4" testName="Simgenics.XPact.XHT.Tests.Tests.Tables.CppKeywordTableTests.Lookup_ReturnsKindForKnownKeyword(spelling: &quot;public&quot;, expectedKind: AccessModifier)" computerName="BENNET_3DPACT" duration="00:00:00.0000058" startTime="2026-05-21T14:56:33.4879248+02:00" endTime="2026-05-21T14:56:33.4880097+02:00" testType="13cdc9d9-ddb5-4fa4-a97d-d965ccfc6d4b" outcome="Passed" testListId="8c84fa94-04c1-424b-9868-57a2d4851a1d" relativeResultsDirectory="8227d43d-7fe7-4c0a-ba00-ecc1d06a8f6c" />
    <UnitTestResult executionId="66f8e3b4-c278-4589-a192-bc7f1ea7b2b8" testId="0460cf49-7813-04ff-861b-8284d5a40b6a" testName="Simgenics.XPact.XHT.Tests.Tests.Parser.CppTokenizerTests.Position_CrlfTreatedAsSingleLineBreak" computerName="BENNET_3DPACT" duration="00:00:00.0001522" startTime="2026-05-21T14:56:33.5937542+02:00" endTime="2026-05-21T14:56:33.5941531+02:00" testType="13cdc9d9-ddb5-4fa4-a97d-d965ccfc6d4b" outcome="Passed" testListId="8c84fa94-04c1-424b-9868-57a2d4851a1d" relativeResultsDirectory="66f8e3b4-c278-4589-a192-bc7f1ea7b2b8" />
    <UnitTestResult executionId="16d54970-7b19-426b-9824-9d7b77da8a0f" testId="eb2159c8-9dc4-06ac-96f3-5a4ca7225dfa" testName="Simgenics.XPact.XHT.Tests.Tests.Resolver.StepResolvePropertiesTests.ExtractInnerTypeIdentifier_HandlesShapesCorrectly(container: &quot;TMap&lt;int, Foo&gt;&quot;, expected: &quot;Foo&quot;)" computerName="BENNET_3DPACT" duration="00:00:00.0000054" startTime="2026-05-21T14:56:33.4954487+02:00" endTime="2026-05-21T14:56:33.4956058+02:00" testType="13cdc9d9-ddb5-4fa4-a97d-d965ccfc6d4b" outcome="Passed" testListId="8c84fa94-04c1-424b-9868-57a2d4851a1d" relativeResultsDirectory="16d54970-7b19-426b-9824-9d7b77da8a0f" />
    <UnitTestResult executionId="cd2c81b2-f385-4968-a029-e319f60c39ec" testId="263de24d-9479-02b8-d1cf-4c9c3b79446d" testName="Simgenics.XPact.XHT.Tests.Tests.Core.FileSystemOpsTests.NullOperation_Throws" computerName="BENNET_3DPACT" duration="00:00:00.0002624" startTime="2026-05-21T14:56:33.7424953+02:00" endTime="2026-05-21T14:56:33.7425563+02:00" testType="13cdc9d9-ddb5-4fa4-a97d-d965ccfc6d4b" outcome="Passed" testListId="8c84fa94-04c1-424b-9868-57a2d4851a1d" relativeResultsDirectory="cd2c81b2-f385-4968-a029-e319f60c39ec" />
    <UnitTestResult executionId="b7e84470-0f84-441b-b960-d413af6cd6ce" testId="6504f71d-367a-02a6-4489-2e5c12938b4f" testName="Simgenics.XPact.XHT.Tests.Tests.Parser.CppTokenizerTests.Integer_VariousForms_OK(source: &quot;0xDEADBEEF&quot;, kind: IntegerLiteral)" computerName="BENNET_3DPACT" duration="00:00:00.0003043" startTime="2026-05-21T14:56:33.4754859+02:00" endTime="2026-05-21T14:56:33.4755654+02:00" testType="13cdc9d9-ddb5-4fa4-a97d-d965ccfc6d4b" outcome="Passed" testListId="8c84fa94-04c1-424b-9868-57a2d4851a1d" relativeResultsDirectory="b7e84470-0f84-441b-b960-d413af6cd6ce" />
    <UnitTestResult executionId="df58c02a-ffdb-45a0-85ac-4db1a007c7d0" testId="05621beb-499e-8d23-ba3a-1e1386d0c32e" testName="Simgenics.XPact.XHT.Tests.Tests.Parser.CSharpMarkerWalkerTests.XClass_DeeplyNestedQualifiedAttribute_Recognised" computerName="BENNET_3DPACT" duration="00:00:00.0009352" startTime="2026-05-21T14:56:33.6669898+02:00" endTime="2026-05-21T14:56:33.6673406+02:00" testType="13cdc9d9-ddb5-4fa4-a97d-d965ccfc6d4b" outcome="Passed" testListId="8c84fa94-04c1-424b-9868-57a2d4851a1d" relativeResultsDirectory="df58c02a-ffdb-45a0-85ac-4db1a007c7d0" />
    <UnitTestResult executionId="0c33f63d-937f-4617-b512-93a4a4196365" testId="0154adb6-8c34-ebc3-24d8-a05e71572ce4" testName="Simgenics.XPact.XHT.Tests.Tests.Resolver.StepResolveBasesTests.MultipleInterfaces_AllResolve_InDeclarationOrder" computerName="BENNET_3DPACT" duration="00:00:00.0003895" startTime="2026-05-21T14:56:33.5587477+02:00" endTime="2026-05-21T14:56:33.5588220+02:00" testType="13cdc9d9-ddb5-4fa4-a97d-d965ccfc6d4b" outcome="Passed" testListId="8c84fa94-04c1-424b-9868-57a2d4851a1d" relativeResultsDirectory="0c33f63d-937f-4617-b512-93a4a4196365" />
    <UnitTestResult executionId="9e63e126-fd72-4691-a6f7-b162becd4b93" testId="5ac4517b-0d1d-11d9-9aa3-15c7ae13b0ef" testName="Simgenics.XPact.XHT.Tests.Tests.Parser.CppTokenizerTests.Punctuator_LongestMatchWins(source: &quot;[&quot;, expected: OpenBracket)" computerName="BENNET_3DPACT" duration="00:00:00.0000047" startTime="2026-05-21T14:56:33.5020085+02:00" endTime="2026-05-21T14:56:33.5021111+02:00" testType="13cdc9d9-ddb5-4fa4-a97d-d965ccfc6d4b" outcome="Passed" testListId="8c84fa94-04c1-424b-9868-57a2d4851a1d" relativeResultsDirectory="9e63e126-fd72-4691-a6f7-b162becd4b93" />
    <UnitTestResult executionId="4a5dfc36-5ed3-496d-a902-5e5b798e7c6b" testId="f57e7615-a8f7-3962-1557-59e11d8e8410" testName="Simgenics.XPact.XHT.Tests.Tests.Tables.XhtEngineClassTableTests.Lookup_HitsExactNameForEachAnchor(name: &quot;XObject&quot;, expected: XObject)" computerName="BENNET_3DPACT" duration="00:00:00.0000051" startTime="2026-05-21T14:56:33.5861973+02:00" endTime="2026-05-21T14:56:33.5864072+02:00" testType="13cdc9d9-ddb5-4fa4-a97d-d965ccfc6d4b" outcome="Passed" testListId="8c84fa94-04c1-424b-9868-57a2d4851a1d" relativeResultsDirectory="4a5dfc36-5ed3-496d-a902-5e5b798e7c6b" />
    <UnitTestResult executionId="1f02ad3d-f90e-4c79-8d38-4e1e47efb8cf" testId="f37f97af-2a39-5eec-b1c1-774d2a4d08c6" testName="Simgenics.XPact.XHT.Tests.Tests.Core.ExitCodesTests.XhtInternalFailure_Is_SixtyTwo" computerName="BENNET_3DPACT" duration="00:00:00.0002911" startTime="2026-05-21T14:56:33.6068076+02:00" endTime="2026-05-21T14:56:33.6068692+02:00" testType="13cdc9d9-ddb5-4fa4-a97d-d965ccfc6d4b" outcome="Passed" testListId="8c84fa94-04c1-424b-9868-57a2d4851a1d" relativeResultsDirectory="1f02ad3d-f90e-4c79-8d38-4e1e47efb8cf" />
    <UnitTestResult executionId="862e5bb8-3dce-44bf-9b20-b4c83ef5a7ed" testId="e6aa8bbd-4cf2-2e41-b53c-49e2fca90785" testName="Simgenics.XPact.XHT.Tests.Tests.Emitter.HeaderEmitterTests.EmitForHeader_StructAndEnum_GetCorrectXKindForwardDecl" computerName="BENNET_3DPACT" duration="00:00:00.0021911" startTime="2026-05-21T14:56:40.2277584+02:00" endTime="2026-05-21T14:56:40.2295012+02:00" testType="13cdc9d9-ddb5-4fa4-a97d-d965ccfc6d4b" outcome="Passed" testListId="8c84fa94-04c1-424b-9868-57a2d4851a1d" relativeResultsDirectory="862e5bb8-3dce-44bf-9b20-b4c83ef5a7ed" />
    <UnitTestResult executionId="76b7c795-9c41-4bf5-9e9f-512bad716930" testId="5b8b0ef1-5d87-454a-bc38-d41869005fba" testName="Simgenics.XPact.XHT.Tests.Tests.Resolver.StepResolvePairingsTests.Interface_WithExplicitPairedClass_Pairs" computerName="BENNET_3DPACT" duration="00:00:00.0010249" startTime="2026-05-21T14:56:33.5978939+02:00" endTime="2026-05-21T14:56:33.6018752+02:00" testType="13cdc9d9-ddb5-4fa4-a97d-d965ccfc6d4b" outcome="Passed" testListId="8c84fa94-04c1-424b-9868-57a2d4851a1d" relativeResultsDirectory="76b7c795-9c41-4bf5-9e9f-512bad716930" />
    <UnitTestResult executionId="f7c6fd7c-baee-4725-987e-cfac64c8d9fd" testId="e3749e35-4be3-592f-710e-abbc6dd9114d" testName="Simgenics.XPact.XHT.Tests.Tests.Tables.CppKeywordTableTests.IsXhtMarker_TrueForLockedMarkerVocabulary_PerContractSection11(marker: &quot;XCLASS&quot;)" computerName="BENNET_3DPACT" duration="00:00:00.0000055" startTime="2026-05-21T14:56:33.4700145+02:00" endTime="2026-05-21T14:56:33.4702473+02:00" testType="13cdc9d9-ddb5-4fa4-a97d-d965ccfc6d4b" outcome="Passed" testListId="8c84fa94-04c1-424b-9868-57a2d4851a1d" relativeResultsDirectory="f7c6fd7c-baee-4725-987e-cfac64c8d9fd" />
    <UnitTestResult executionId="d4d0c745-ea01-43c1-bb5b-d75c3c81a68f" testId="02166f83-b691-bd81-b828-c837f96f2110" testName="Simgenics.XPact.XHT.Tests.Tests.Parser.CrossLanguageParserTests.CppAndCSharpClass_DifferentEngineNames_BothRegister" computerName="BENNET_3DPACT" duration="00:00:00.0969967" startTime="2026-05-21T14:56:33.5585625+02:00" endTime="2026-05-21T14:56:33.6606015+02:00" testType="13cdc9d9-ddb5-4fa4-a97d-d965ccfc6d4b" outcome="Passed" testListId="8c84fa94-04c1-424b-9868-57a2d4851a1d" relativeResultsDirectory="d4d0c745-ea01-43c1-bb5b-d75c3c81a68f" />
    <UnitTestResult executionId="2456bb04-9b12-4f01-a171-e76136601fb7" testId="0a0808b8-faea-998a-d400-a84a375d5fe6" testName="Simgenics.XPact.XHT.Tests.Tests.AST.XhtStructTests.Construct_PopulatesFields" computerName="BENNET_3DPACT" duration="00:00:00.0048985" startTime="2026-05-21T14:56:33.4464761+02:00" endTime="2026-05-21T14:56:33.4554685+02:00" testType="13cdc9d9-ddb5-4fa4-a97d-d965ccfc6d4b" outcome="Passed" testListId="8c84fa94-04c1-424b-9868-57a2d4851a1d" relativeResultsDirectory="2456bb04-9b12-4f01-a171-e76136601fb7" />
    <UnitTestResult executionId="0f972c0d-1f78-4601-b380-b4b1cc9cd5a2" testId="bbdf3db8-db9a-afcf-1296-2a31bab6e5d2" testName="Simgenics.XPact.XHT.Tests.Tests.Emitter.ModuleInitEmitterTests.DeriveModuleInitFileName_UsesGeneratedCPPFilenameBaseWhenSet" computerName="BENNET_3DPACT" duration="00:00:00.0016549" startTime="2026-05-21T14:56:40.2388205+02:00" endTime="2026-05-21T14:56:40.2405982+02:00" testType="13cdc9d9-ddb5-4fa4-a97d-d965ccfc6d4b" outcome="Passed" testListId="8c84fa94-04c1-424b-9868-57a2d4851a1d" relativeResultsDirectory="0f972c0d-1f78-4601-b380-b4b1cc9cd5a2" />
    <UnitTestResult executionId="c08e55e3-4874-425b-a2c6-b90a9a74f6fc" testId="14a606e9-4a91-6d74-4c61-586185d94e0f" testName="Simgenics.XPact.XHT.Tests.Tests.Tables.XhtEngineClassTableTests.Lookup_HitsExactNameForEachAnchor(name: &quot;XInterface&quot;, expected: XInterface)" computerName="BENNET_3DPACT" duration="00:00:00.0002822" startTime="2026-05-21T14:56:33.5839745+02:00" endTime="2026-05-21T14:56:33.5844626+02:00" testType="13cdc9d9-ddb5-4fa4-a97d-d965ccfc6d4b" outcome="Passed" testListId="8c84fa94-04c1-424b-9868-57a2d4851a1d" relativeResultsDirectory="c08e55e3-4874-425b-a2c6-b90a9a74f6fc" />
    <UnitTestResult executionId="6dc1408a-4743-4786-8db6-013156e09e8a" testId="c5ca542a-2f5a-a8ba-727a-e39633d3d2b8" testName="Simgenics.XPact.XHT.Tests.Tests.Core.AtomicFileTests.WriteAllText_EmptyDestPathThrows" computerName="BENNET_3DPACT" duration="00:00:00.0012948" startTime="2026-05-21T14:56:33.6593239+02:00" endTime="2026-05-21T14:56:33.6606564+02:00" testType="13cdc9d9-ddb5-4fa4-a97d-d965ccfc6d4b" outcome="Passed" testListId="8c84fa94-04c1-424b-9868-57a2d4851a1d" relativeResultsDirectory="6dc1408a-4743-4786-8db6-013156e09e8a" />
    <UnitTestResult executionId="9ec99950-0e78-4425-9c10-3d21ae4fb404" testId="7a39cd04-9e39-4564-a5c1-0c8c57d9542e" testName="Simgenics.XPact.XHT.Tests.Tests.Core.AtomicFileTests.WriteAllText_EmptyContentProducesEmptyFile" computerName="BENNET_3DPACT" duration="00:00:00.0038129" startTime="2026-05-21T14:56:33.6535578+02:00" endTime="2026-05-21T14:56:33.6536339+02:00" testType="13cdc9d9-ddb5-4fa4-a97d-d965ccfc6d4b" outcome="Passed" testListId="8c84fa94-04c1-424b-9868-57a2d4851a1d" relativeResultsDirectory="9ec99950-0e78-4425-9c10-3d21ae4fb404" />
    <UnitTestResult executionId="46e543b6-f3b3-436c-bef5-5c802a54b0ed" testId="522a02b8-fe32-c8c8-a179-129d4e9532fa" testName="Simgenics.XPact.XHT.Tests.Tests.Parser.CSharpMarkerWalkerTests.XClass_NoParens_NoSpecifiers" computerName="BENNET_3DPACT" duration="00:00:00.0002673" startTime="2026-05-21T14:56:33.6773613+02:00" endTime="2026-05-21T14:56:33.6774324+02:00" testType="13cdc9d9-ddb5-4fa4-a97d-d965ccfc6d4b" outcome="Passed" testListId="8c84fa94-04c1-424b-9868-57a2d4851a1d" relativeResultsDirectory="46e543b6-f3b3-436c-bef5-5c802a54b0ed" />
    <UnitTestResult executionId="05f6a033-a555-4787-bbd9-4f10474e50ac" testId="c2c0a2aa-a0dc-4187-b059-8e0bb710d79a" testName="Simgenics.XPact.XHT.Tests.Tests.Core.Blake3HashTests.Hex16_IsPrefixOfFullHex" computerName="BENNET_3DPACT" duration="00:00:00.0124437" startTime="2026-05-21T14:56:33.5552532+02:00" endTime="2026-05-21T14:56:33.5592217+02:00" testType="13cdc9d9-ddb5-4fa4-a97d-d965ccfc6d4b" outcome="Passed" testListId="8c84fa94-04c1-424b-9868-57a2d4851a1d" relativeResultsDirectory="05f6a033-a555-4787-bbd9-4f10474e50ac" />
    <UnitTestResult executionId="812c305f-2575-4488-ba8a-7075de670447" testId="333be1b8-be58-857b-7c74-893f2e0a8977" testName="Simgenics.XPact.XHT.Tests.Tests.Emitter.CrossToolNamingContractTests.GenManifestFileName_XhtAndXbt_Match(moduleName: &quot;XScoring&quot;, generatedBase: &quot;&quot;)" computerName="BENNET_3DPACT" duration="00:00:00.0001936" startTime="2026-05-21T14:56:33.4505743+02:00" endTime="2026-05-21T14:56:33.4506770+02:00" testType="13cdc9d9-ddb5-4fa4-a97d-d965ccfc6d4b" outcome="Passed" testListId="8c84fa94-04c1-424b-9868-57a2d4851a1d" relativeResultsDirectory="812c305f-2575-4488-ba8a-7075de670447" />
    <UnitTestResult executionId="7f134748-78da-4140-8ee9-68eb779349c9" testId="b87b5054-7109-e58f-f390-684cdfb67728" testName="Simgenics.XPact.XHT.Tests.Tests.Entry.ToolModeRegistryTests.Resolve_CaseInsensitive" computerName="BENNET_3DPACT" duration="00:00:00.0001550" startTime="2026-05-21T14:56:33.6800504+02:00" endTime="2026-05-21T14:56:33.6800952+02:00" testType="13cdc9d9-ddb5-4fa4-a97d-d965ccfc6d4b" outcome="Passed" testListId="8c84fa94-04c1-424b-9868-57a2d4851a1d" relativeResultsDirectory="7f134748-78da-4140-8ee9-68eb779349c9" />
    <UnitTestResult executionId="a6b61fb8-8428-4f67-9b63-85fc4be543c8" testId="c5e2192b-0b9c-fc60-7aef-581ebe6b07f0" testName="Simgenics.XPact.XHT.Tests.Tests.Core.DiagnosticRecordTests.WriteJson_OmitsOptionalFields_WhenNull" computerName="BENNET_3DPACT" duration="00:00:00.0002104" startTime="2026-05-21T14:56:33.6212113+02:00" endTime="2026-05-21T14:56:33.6214190+02:00" testType="13cdc9d9-ddb5-4fa4-a97d-d965ccfc6d4b" outcome="Passed" testListId="8c84fa94-04c1-424b-9868-57a2d4851a1d" relativeResultsDirectory="a6b61fb8-8428-4f67-9b63-85fc4be543c8" />
    <UnitTestResult executionId="c848d3df-d179-44a5-807b-996efb244e3b" testId="62be1e9c-661f-0970-201c-545843e62f18" testName="Simgenics.XPact.XHT.Tests.Tests.Manifest.GenManifestReaderTests.Parse_MissingContractVersion_Throws" computerName="BENNET_3DPACT" duration="00:00:00.0019439" startTime="2026-05-21T14:56:33.5446148+02:00" endTime="2026-05-21T14:56:33.5462594+02:00" testType="13cdc9d9-ddb5-4fa4-a97d-d965ccfc6d4b" outcome="Passed" testListId="8c84fa94-04c1-424b-9868-57a2d4851a1d" relativeResultsDirectory="c848d3df-d179-44a5-807b-996efb244e3b" />
    <UnitTestResult executionId="a01639b8-31aa-4940-9914-88e2777d237e" testId="4ef3a961-8951-d71a-7546-db7a034682ad" testName="Simgenics.XPact.XHT.Tests.Tests.Resolver.StepResolvePropertiesTests.ExtractInnerTypeIdentifier_HandlesShapesCorrectly(container: &quot;TMap&lt;int, Foo&amp;&gt;&quot;, expected: &quot;Foo&quot;)" computerName="BENNET_3DPACT" duration="00:00:00.0003981" startTime="2026-05-21T14:56:33.4892570+02:00" endTime="2026-05-21T14:56:33.4916970+02:00" testType="13cdc9d9-ddb5-4fa4-a97d-d965ccfc6d4b" outcome="Passed" testListId="8c84fa94-04c1-424b-9868-57a2d4851a1d" relativeResultsDirectory="a01639b8-31aa-4940-9914-88e2777d237e" />
    <UnitTestResult executionId="3fd56869-38a4-45a4-8d31-a9ff392d91a3" testId="e4356819-582f-a78c-4189-dc38467470c2" testName="Simgenics.XPact.XHT.Tests.Tests.Parser.CppMarkerScannerTests.XGeneratedBody_WithoutParens_AlsoTracked" computerName="BENNET_3DPACT" duration="00:00:00.0005277" startTime="2026-05-21T14:56:33.6506913+02:00" endTime="2026-05-21T14:56:33.6507416+02:00" testType="13cdc9d9-ddb5-4fa4-a97d-d965ccfc6d4b" outcome="Passed" testListId="8c84fa94-04c1-424b-9868-57a2d4851a1d" relativeResultsDirectory="3fd56869-38a4-45a4-8d31-a9ff392d91a3" />
    <UnitTestResult executionId="1151339b-8142-44af-b316-82b20f7f97b9" testId="968250ed-9de3-dd7a-d3bb-c73082296500" testName="Simgenics.XPact.XHT.Tests.Tests.Core.Blake3HashTests.Zero_DefaultValue_HasAllZerosHex" computerName="BENNET_3DPACT" duration="00:00:00.0002345" startTime="2026-05-21T14:56:33.6000046+02:00" endTime="2026-05-21T14:56:33.6004165+02:00" testType="13cdc9d9-ddb5-4fa4-a97d-d965ccfc6d4b" outcome="Passed" testListId="8c84fa94-04c1-424b-9868-57a2d4851a1d" relativeResultsDirectory="1151339b-8142-44af-b316-82b20f7f97b9" />
    <UnitTestResult executionId="3a601d2b-7434-4f27-bf71-7a3eeb87cc6f" testId="12008b01-aead-b973-b413-d4ed205fea5a" testName="Simgenics.XPact.XHT.Tests.Tests.Core.StringUtilsTests.StripCppPrefix_IsNoOp(input: &quot;FVector&quot;)" computerName="BENNET_3DPACT" duration="00:00:00.0000040" startTime="2026-05-21T14:56:33.5902461+02:00" endTime="2026-05-21T14:56:33.5903093+02:00" testType="13cdc9d9-ddb5-4fa4-a97d-d965ccfc6d4b" outcome="Passed" testListId="8c84fa94-04c1-424b-9868-57a2d4851a1d" relativeResultsDirectory="3a601d2b-7434-4f27-bf71-7a3eeb87cc6f" />
    <UnitTestResult executionId="68f22b81-3d32-4f75-9886-1919feeb5eea" testId="d57020df-4437-59fc-86a1-4529a57dcfb3" testName="Simgenics.XPact.XHT.Tests.Tests.Tables.CppKeywordTableTests.Lookup_IsCaseSensitive" computerName="BENNET_3DPACT" duration="00:00:00.3723642" startTime="2026-05-21T14:56:33.0497815+02:00" endTime="2026-05-21T14:56:33.4464091+02:00" testType="13cdc9d9-ddb5-4fa4-a97d-d965ccfc6d4b" outcome="Passed" testListId="8c84fa94-04c1-424b-9868-57a2d4851a1d" relativeResultsDirectory="68f22b81-3d32-4f75-9886-1919feeb5eea" />
    <UnitTestResult executionId="c06cf424-3efb-4a55-928d-aa107f5bf6d2" testId="0859265e-18a8-7b94-f2bd-6f447c372a98" testName="Simgenics.XPact.XHT.Tests.Tests.Parser.CrossLanguageParserTests.CppAndCSharp_DifferentSpellings_BothRegister" computerName="BENNET_3DPACT" duration="00:00:00.0002568" startTime="2026-05-21T14:56:33.6673000+02:00" endTime="2026-05-21T14:56:33.6674786+02:00" testType="13cdc9d9-ddb5-4fa4-a97d-d965ccfc6d4b" outcome="Passed" testListId="8c84fa94-04c1-424b-9868-57a2d4851a1d" relativeResultsDirectory="c06cf424-3efb-4a55-928d-aa107f5bf6d2" />
    <UnitTestResult executionId="1a48a22b-bf0e-49bc-9e55-bec2587438b3" testId="4e8fbab9-93c1-0aa6-4eb1-ca077100c83e" testName="Simgenics.XPact.XHT.Tests.Tests.Entry.ParseModuleModeTests.Execute_MissingManifestArg_ReturnsCliArgumentError" computerName="BENNET_3DPACT" duration="00:00:00.0010455" startTime="2026-05-21T14:56:40.2671666+02:00" endTime="2026-05-21T14:56:40.2681225+02:00" testType="13cdc9d9-ddb5-4fa4-a97d-d965ccfc6d4b" outcome="Passed" testListId="8c84fa94-04c1-424b-9868-57a2d4851a1d" relativeResultsDirectory="1a48a22b-bf0e-49bc-9e55-bec2587438b3" />
    <UnitTestResult executionId="60b94589-6b0e-4beb-91b6-1dd61a773b8f" testId="2f3870db-38d3-4e3a-0609-63c33acbd1ae" testName="Simgenics.XPact.XHT.Tests.Tests.Tables.BuiltInSpecifiersTests.Struct_Specifier_AtomicIsRegisteredToStructContext" computerName="BENNET_3DPACT" duration="00:00:00.0000881" startTime="2026-05-21T14:56:33.6193483+02:00" endTime="2026-05-21T14:56:33.6196010+02:00" testType="13cdc9d9-ddb5-4fa4-a97d-d965ccfc6d4b" outcome="Passed" testListId="8c84fa94-04c1-424b-9868-57a2d4851a1d" relativeResultsDirectory="60b94589-6b0e-4beb-91b6-1dd61a773b8f" />
[...]
    <TestEntry testId="7d2372c7-c386-56e7-b35c-ad165f4430a4" executionId="0ccb8d49-a922-45c9-ae70-2cc8730616e2" testListId="8c84fa94-04c1-424b-9868-57a2d4851a1d" />
    <TestEntry testId="84380b9d-cea7-9f61-0830-8540a2eb52ec" executionId="41ab855b-823f-457c-a6f9-fbb5560722f4" testListId="8c84fa94-04c1-424b-9868-57a2d4851a1d" />
    <TestEntry testId="02100cda-37b9-f9a1-b9a3-10b64a4a2b55" executionId="4d0628db-9c0a-4633-bf61-1d62df93430c" testListId="8c84fa94-04c1-424b-9868-57a2d4851a1d" />
    <TestEntry testId="ea0406b2-c47c-63b3-c6b9-ac440cb7e6d7" executionId="478a0ba1-312d-49b7-b657-35a8ed55a27c" testListId="8c84fa94-04c1-424b-9868-57a2d4851a1d" />
    <TestEntry testId="d39a0a0e-c9fe-6f01-e432-7daaa06e9c5c" executionId="7361b67d-c5d9-4cf4-9bb3-df6da684e715" testListId="8c84fa94-04c1-424b-9868-57a2d4851a1d" />
    <TestEntry testId="769a025d-6cf3-05c3-db58-95a364851514" executionId="557e8026-2b80-4191-bb95-eda99ab9bf9d" testListId="8c84fa94-04c1-424b-9868-57a2d4851a1d" />
    <TestEntry testId="bf76bd78-79d7-c8ff-fad8-9055da9bf03c" executionId="0e34433c-48df-4958-8d5a-743bc09a5932" testListId="8c84fa94-04c1-424b-9868-57a2d4851a1d" />
    <TestEntry testId="00eff3a4-4010-3aeb-e6c7-016148c67030" executionId="3804a1ac-68ff-4e12-9b37-257065f99cf8" testListId="8c84fa94-04c1-424b-9868-57a2d4851a1d" />
    <TestEntry testId="cf96208d-9c14-2d0c-e5a6-3e84c40d35cf" executionId="311788b4-7746-4ee6-94b9-32681fe70626" testListId="8c84fa94-04c1-424b-9868-57a2d4851a1d" />
    <TestEntry testId="2d4efc8c-9efa-a315-2001-1d38c297054d" executionId="cc769cdc-5592-4f17-8b95-2e6166506af0" testListId="8c84fa94-04c1-424b-9868-57a2d4851a1d" />
    <TestEntry testId="1c68ed0b-d78c-2758-9306-e941a8c5a99b" executionId="e12c5d14-ff2b-47a4-9c48-f9bf83c1e44b" testListId="8c84fa94-04c1-424b-9868-57a2d4851a1d" />
    <TestEntry testId="e0d43082-f238-4e25-c689-08b7dabc096a" executionId="980f7a5f-322d-4333-aadd-298318620abb" testListId="8c84fa94-04c1-424b-9868-57a2d4851a1d" />
    <TestEntry testId="20c99f36-da8c-3f8b-3e86-25b8793da729" executionId="d85d315b-58fb-400f-a638-09d623cffea8" testListId="8c84fa94-04c1-424b-9868-57a2d4851a1d" />
    <TestEntry testId="32524366-f273-94c1-0ebf-3aed16724981" executionId="a1d8ee5e-e1a5-49c5-a79e-1a86cd73de06" testListId="8c84fa94-04c1-424b-9868-57a2d4851a1d" />
    <TestEntry testId="11deb8f4-cac9-4704-a7d9-80d554a56c32" executionId="e98b36f4-8358-4a7f-9068-9bc0ac5900ae" testListId="8c84fa94-04c1-424b-9868-57a2d4851a1d" />
    <TestEntry testId="f465f783-9c37-f83e-3821-843cbb67b760" executionId="10f4fae9-c5dd-4308-ac2e-9b873043dfbf" testListId="8c84fa94-04c1-424b-9868-57a2d4851a1d" />
    <TestEntry testId="ae248ed2-cbe7-62dd-73ce-c1346dc1b560" executionId="3860fbc6-57d5-43fc-a0e6-6313bd8bb44c" testListId="8c84fa94-04c1-424b-9868-57a2d4851a1d" />
    <TestEntry testId="89120945-9b14-76a0-d189-8a2dbfb557a8" executionId="a9fda4be-cbff-485e-b279-61f688207c53" testListId="8c84fa94-04c1-424b-9868-57a2d4851a1d" />
    <TestEntry testId="6277e2ed-6f76-872b-357a-acd7253bf0eb" executionId="5699bf84-5aaa-4f20-81e3-a245ca3a6521" testListId="8c84fa94-04c1-424b-9868-57a2d4851a1d" />
    <TestEntry testId="e1144926-68f3-14a9-1aa9-56e006c9c81e" executionId="663add52-048f-468a-8edc-91d202fb1acf" testListId="8c84fa94-04c1-424b-9868-57a2d4851a1d" />
    <TestEntry testId="d64a0014-a4e8-c25f-3259-69d9beee9361" executionId="52dee343-f019-424b-9dfb-e3446f982d77" testListId="8c84fa94-04c1-424b-9868-57a2d4851a1d" />
    <TestEntry testId="9572a944-d3b1-069f-7038-2bd9bb93b979" executionId="1cf17e30-999f-4561-bd4b-3038767004fe" testListId="8c84fa94-04c1-424b-9868-57a2d4851a1d" />
    <TestEntry testId="9b228cff-e980-e533-6c01-19b041353428" executionId="47ba9237-baf9-4b8d-b753-b001ea5767b6" testListId="8c84fa94-04c1-424b-9868-57a2d4851a1d" />
    <TestEntry testId="2c7d67b0-8bd5-65fc-c579-137df41621fe" executionId="53f85583-ace0-4444-baea-1a9e2660e232" testListId="8c84fa94-04c1-424b-9868-57a2d4851a1d" />
    <TestEntry testId="c2b66bd6-2d7f-dd0b-43ec-176c5978204e" executionId="b3818d9f-1cd9-40a8-9bf8-06c144d1acee" testListId="8c84fa94-04c1-424b-9868-57a2d4851a1d" />
    <TestEntry testId="aaab17e7-f626-58ea-020d-fa861a488b47" executionId="bf5539a2-40f3-4445-a2aa-06763158cfc8" testListId="8c84fa94-04c1-424b-9868-57a2d4851a1d" />
    <TestEntry testId="84ad04aa-cf30-874e-c8f8-8d5543d54c54" executionId="7da766eb-08f0-441a-aeb7-31dd5cbffe37" testListId="8c84fa94-04c1-424b-9868-57a2d4851a1d" />
    <TestEntry testId="180093ad-6d78-e56f-9086-405ae6ba05cd" executionId="bb13fa95-c5e4-41f1-96c1-20877bfac976" testListId="8c84fa94-04c1-424b-9868-57a2d4851a1d" />
    <TestEntry testId="30491bb1-b1b2-789a-46dd-03129ba74b0c" executionId="4e100c70-4aec-4f3e-887d-eb82b4e8d3cc" testListId="8c84fa94-04c1-424b-9868-57a2d4851a1d" />
    <TestEntry testId="88ee47f9-3954-2665-1f5c-57750845a42e" executionId="76719e6c-241d-47d9-8585-b38cf2519c36" testListId="8c84fa94-04c1-424b-9868-57a2d4851a1d" />
    <TestEntry testId="982ba91b-29de-b31a-6ca1-8f74c7cea1e0" executionId="1c0c9bdf-2dd8-4ee8-8284-59569b9d05d1" testListId="8c84fa94-04c1-424b-9868-57a2d4851a1d" />
    <TestEntry testId="3ac64b46-e99d-ea91-ab86-1e1bc6c88764" executionId="b7933a20-16c5-4bc0-9dc2-8bd11b1cc2af" testListId="8c84fa94-04c1-424b-9868-57a2d4851a1d" />
    <TestEntry testId="44030860-f0e4-0c5c-619a-b09e5120274f" executionId="c5c43212-7f74-42c3-a0f4-1dfb6add0638" testListId="8c84fa94-04c1-424b-9868-57a2d4851a1d" />
    <TestEntry testId="3b0221ba-c28e-6c2d-a535-5c262a4e3e53" executionId="d0e66f1b-57f5-45c8-b770-ba62ef72be01" testListId="8c84fa94-04c1-424b-9868-57a2d4851a1d" />
    <TestEntry testId="2ea53d50-6e85-9f64-1408-821b78d9ee7c" executionId="3b8caca5-9230-4306-8943-56aa04ce1512" testListId="8c84fa94-04c1-424b-9868-57a2d4851a1d" />
    <TestEntry testId="8f4c5519-7642-8c7c-4ed8-b4c78534818c" executionId="1e14f6f4-7325-4d2b-a082-d19d07f9d259" testListId="8c84fa94-04c1-424b-9868-57a2d4851a1d" />
    <TestEntry testId="b97a8534-7188-a689-f347-ae4beba64670" executionId="56b0252c-6ae1-4210-b4b5-6f0f447d9a46" testListId="8c84fa94-04c1-424b-9868-57a2d4851a1d" />
    <TestEntry testId="1b5b86bc-8949-a4a2-c41f-439301dffb13" executionId="fa53e05a-8d7d-477d-81cd-810a00059b89" testListId="8c84fa94-04c1-424b-9868-57a2d4851a1d" />
    <TestEntry testId="eeb90fef-8814-8e0b-9d6e-7c93ab49b367" executionId="eac95cd9-7a58-4658-aa6c-016d1f28bc07" testListId="8c84fa94-04c1-424b-9868-57a2d4851a1d" />
    <TestEntry testId="3d828a03-f67c-d456-8006-9c0e5c794881" executionId="93b55034-17d4-4957-aa08-abc26aa3b680" testListId="8c84fa94-04c1-424b-9868-57a2d4851a1d" />
    <TestEntry testId="d04f8a44-1d71-e4b7-72af-6004742bbe5c" executionId="bc8b0f5c-0ae5-41dc-ae3f-cc145a8ce9c5" testListId="8c84fa94-04c1-424b-9868-57a2d4851a1d" />
    <TestEntry testId="6d9d0ed4-2384-cb1d-4c0f-a2785e4d72c2" executionId="87d6fec6-3a86-4ba6-835c-dbf765df4b38" testListId="8c84fa94-04c1-424b-9868-57a2d4851a1d" />
    <TestEntry testId="5757d7cd-468a-7c34-f6f8-a3d096bb9b0d" executionId="789359bc-2ba8-4274-a45f-25c7e400f72d" testListId="8c84fa94-04c1-424b-9868-57a2d4851a1d" />
    <TestEntry testId="91689f6e-b4dc-7a69-a874-27b181de508f" executionId="09171b9c-9c82-4420-bf86-6dd33280145d" testListId="8c84fa94-04c1-424b-9868-57a2d4851a1d" />
    <TestEntry testId="4d8c92e1-4cb5-bc30-0a1f-dea2ef14de14" executionId="bd210ea7-def7-432a-bc4a-3f37530659da" testListId="8c84fa94-04c1-424b-9868-57a2d4851a1d" />
    <TestEntry testId="2f7c8f1d-b1be-153e-6906-4b4d8757cc3c" executionId="0372df31-2c54-417f-ac2e-27d7514b4144" testListId="8c84fa94-04c1-424b-9868-57a2d4851a1d" />
    <TestEntry testId="eab56d1f-1e15-6162-2f89-d77ec1eb1676" executionId="d6c3036a-089f-4c92-9564-333863cbe5d5" testListId="8c84fa94-04c1-424b-9868-57a2d4851a1d" />
    <TestEntry testId="8ddf0b1b-171c-1521-02cd-8e851de6a47d" executionId="23f7d17d-a0fd-4c71-b2e0-f0578ba76fd9" testListId="8c84fa94-04c1-424b-9868-57a2d4851a1d" />
    <TestEntry testId="9bf4d489-766d-3fb8-1298-c89427d36a07" executionId="78a6f0bf-a8f8-4487-bb9b-eed86ae90824" testListId="8c84fa94-04c1-424b-9868-57a2d4851a1d" />
    <TestEntry testId="bade2ca8-9683-7754-9c2d-aaf177693623" executionId="aeee04cf-cf70-4353-a56b-cbffcc2ce954" testListId="8c84fa94-04c1-424b-9868-57a2d4851a1d" />
    <TestEntry testId="89127c56-b3c6-7fb8-c84d-a7965f496fe5" executionId="8d97300d-4aa3-4d27-a993-cd82582d3af5" testListId="8c84fa94-04c1-424b-9868-57a2d4851a1d" />
    <TestEntry testId="940443f4-3f12-4ea8-868f-d1f44e3bde7c" executionId="29920c90-b14f-4851-92e4-4228d799a8d3" testListId="8c84fa94-04c1-424b-9868-57a2d4851a1d" />
    <TestEntry testId="a23f5c25-ac1d-1b6b-f2ea-d811bdb7d9e4" executionId="205d7750-0c44-491e-aa14-a4ffbabcf751" testListId="8c84fa94-04c1-424b-9868-57a2d4851a1d" />
    <TestEntry testId="6e6ee092-23f2-60fc-9efb-3d604de26cbb" executionId="d87f9ce9-98c7-4b1e-8a64-2e10f0033697" testListId="8c84fa94-04c1-424b-9868-57a2d4851a1d" />
    <TestEntry testId="dfbf8828-79e4-a6df-d765-2625c460b8bd" executionId="43ddc0bc-b91c-402d-8984-6f1e9926fafb" testListId="8c84fa94-04c1-424b-9868-57a2d4851a1d" />
    <TestEntry testId="5932a5c4-1fd9-5a34-342a-00f3e456306a" executionId="04b65452-d391-448b-8039-b021b07ef529" testListId="8c84fa94-04c1-424b-9868-57a2d4851a1d" />
    <TestEntry testId="285c9ad9-4460-e3e4-59f0-28ac964bc484" executionId="0d5b55e9-c2e6-4410-9663-65331404ece0" testListId="8c84fa94-04c1-424b-9868-57a2d4851a1d" />
    <TestEntry testId="baad84e9-5de9-e71d-e0b0-01b3add72aae" executionId="76c0c79f-4740-4930-ad59-12c9d3697aaa" testListId="8c84fa94-04c1-424b-9868-57a2d4851a1d" />
    <TestEntry testId="c3f9b19a-51be-df9c-8f8e-05425806d97c" executionId="e7a32ad8-1c9c-46e7-83e5-4a25de89f646" testListId="8c84fa94-04c1-424b-9868-57a2d4851a1d" />
    <TestEntry testId="ea09527e-dbde-05c5-9169-fad5a66183a0" executionId="e74092d9-9288-4ed2-902e-5fd063a6aafe" testListId="8c84fa94-04c1-424b-9868-57a2d4851a1d" />
    <TestEntry testId="e329e53b-131e-d65e-2ecf-c1b011da8828" executionId="8c6bddb8-2744-4792-be9f-21a2b4058980" testListId="8c84fa94-04c1-424b-9868-57a2d4851a1d" />
    <TestEntry testId="8122c55c-1ae2-0e03-a0be-2a4d4ef1d0ca" executionId="1674bf00-2a70-4516-89a9-cd7e7b050e70" testListId="8c84fa94-04c1-424b-9868-57a2d4851a1d" />
    <TestEntry testId="55eb96ef-a10d-72e9-caaf-9544123dacba" executionId="81ce265a-9f3d-4c14-81af-4ceac0d20685" testListId="8c84fa94-04c1-424b-9868-57a2d4851a1d" />
    <TestEntry testId="37eb3451-4b7c-5f59-06f9-bb560f7f8862" executionId="39f8bb8d-7fb5-43dd-b3ff-0507b7c8bb92" testListId="8c84fa94-04c1-424b-9868-57a2d4851a1d" />
    <TestEntry testId="0bbe7a49-6ab7-887b-3f1d-dd1c206e6924" executionId="1a6c0927-4fa7-42cd-ac44-137bb116f9df" testListId="8c84fa94-04c1-424b-9868-57a2d4851a1d" />
    <TestEntry testId="1ecec225-dda2-50ee-fef0-a9d4d0829f04" executionId="b3c5e002-1bf3-4ce2-b1dc-7c5e38b5aeff" testListId="8c84fa94-04c1-424b-9868-57a2d4851a1d" />
    <TestEntry testId="93afee63-1f0d-4868-a55d-9c1b7008ed15" executionId="a410b2fe-15af-4435-b690-e21ee625bd5e" testListId="8c84fa94-04c1-424b-9868-57a2d4851a1d" />
    <TestEntry testId="5b79b69e-5dba-d8b2-11a6-b2e40a1c672b" executionId="15d759ec-f70a-478d-9434-ea1c0fa91fae" testListId="8c84fa94-04c1-424b-9868-57a2d4851a1d" />
    <TestEntry testId="8ab472bd-9af8-d886-f586-425a324d4f10" executionId="3cd7d394-71e1-470c-b645-2ac3a3d30bb4" testListId="8c84fa94-04c1-424b-9868-57a2d4851a1d" />
    <TestEntry testId="76ffae0f-8c80-99de-9c02-84e48db02f17" executionId="e8e3d458-f990-49ed-b585-85e493fb738f" testListId="8c84fa94-04c1-424b-9868-57a2d4851a1d" />
    <TestEntry testId="12ccc51c-a455-97b6-b1a7-1dd1c2a80be0" executionId="b01eeb88-0364-48ff-b45c-54a3cb73940b" testListId="8c84fa94-04c1-424b-9868-57a2d4851a1d" />
    <TestEntry testId="7484b468-dc1a-cba6-efcc-d112d5f29127" executionId="93b06cf3-5b2c-4071-940e-003870bb8c6e" testListId="8c84fa94-04c1-424b-9868-57a2d4851a1d" />
    <TestEntry testId="dac4d92b-64e7-e2ec-3448-9c46239e03b5" executionId="03e9fdbe-8ff2-4c95-a8c2-b633cb3997ea" testListId="8c84fa94-04c1-424b-9868-57a2d4851a1d" />
    <TestEntry testId="bbec89e8-3e5d-2b75-1adf-149f6c8c6552" executionId="f7be8bc7-5445-4db4-ab88-16b19b735145" testListId="8c84fa94-04c1-424b-9868-57a2d4851a1d" />
    <TestEntry testId="af42125b-ce1f-407a-6aa6-26358bb44e87" executionId="5fe43840-d453-44b7-a517-dc5a96f41b16" testListId="8c84fa94-04c1-424b-9868-57a2d4851a1d" />
    <TestEntry testId="542d02ed-c941-7d7a-a5be-7d7b1cca025d" executionId="0e79a0d6-cc11-4829-928d-d47a80a2f8fa" testListId="8c84fa94-04c1-424b-9868-57a2d4851a1d" />
    <TestEntry testId="de55ccbb-767d-eb0d-8466-3b9c7514f84e" executionId="0d065119-3054-408c-b2a4-ce6d63cb6610" testListId="8c84fa94-04c1-424b-9868-57a2d4851a1d" />
    <TestEntry testId="50858eed-192c-33a7-018c-e371c66bde56" executionId="e5f748bf-b2c4-4554-b7ab-f74025a59b1d" testListId="8c84fa94-04c1-424b-9868-57a2d4851a1d" />
    <TestEntry testId="6e40624f-36a1-38b5-bf6b-c866a3866098" executionId="13622f40-20ee-4ef7-8d5b-e641989a1209" testListId="8c84fa94-04c1-424b-9868-57a2d4851a1d" />
    <TestEntry testId="d900bc9f-9f3a-2954-2c13-667d1a3c9979" executionId="5ad04813-1820-4d7a-9b17-0bdc0f42a738" testListId="8c84fa94-04c1-424b-9868-57a2d4851a1d" />
    <TestEntry testId="0af493f3-a9e9-439c-6765-9a417497e77f" executionId="32ddad74-5435-4c66-8dba-5c7995bf97a8" testListId="8c84fa94-04c1-424b-9868-57a2d4851a1d" />
    <TestEntry testId="667b9655-d579-7dd3-d3fd-a2a1207df0b7" executionId="fa19cdd2-0a99-4ec0-864b-b22d1672849c" testListId="8c84fa94-04c1-424b-9868-57a2d4851a1d" />
    <TestEntry testId="dcb39174-072a-7dff-c8c3-a5d662557ca2" executionId="1fff9c09-fbb7-4018-8641-a133d045aa91" testListId="8c84fa94-04c1-424b-9868-57a2d4851a1d" />
    <TestEntry testId="e12b281f-aa26-3d61-e3b8-194dd24c8f85" executionId="6ef121fe-a2d0-4620-bc69-d7bdd6207a7e" testListId="8c84fa94-04c1-424b-9868-57a2d4851a1d" />
    <TestEntry testId="55e64322-b9de-e295-7957-e6012bd37ec5" executionId="a2828636-6531-4a50-8c0a-525ce81a6e9c" testListId="8c84fa94-04c1-424b-9868-57a2d4851a1d" />
    <TestEntry testId="aaa11942-50da-913f-7502-ea97047b366d" executionId="f4116863-ea64-4818-9840-931acf32904d" testListId="8c84fa94-04c1-424b-9868-57a2d4851a1d" />
    <TestEntry testId="b84127b1-b8b7-c820-465a-5cd2c6e77f84" executionId="8cfd8265-85ff-44ab-8fe0-2fa7de7215cd" testListId="8c84fa94-04c1-424b-9868-57a2d4851a1d" />
    <TestEntry testId="9e5e1d5d-963a-1005-6595-72968821a960" executionId="dd9db967-2d5b-4ca3-88aa-bda79524d895" testListId="8c84fa94-04c1-424b-9868-57a2d4851a1d" />
    <TestEntry testId="840b68bd-78ad-3d86-bf0b-c3d4e1f3ed61" executionId="de1eddbc-a686-4242-8119-73494bca618d" testListId="8c84fa94-04c1-424b-9868-57a2d4851a1d" />
    <TestEntry testId="5fb444d0-f09b-9903-c891-fbb6a0d7432b" executionId="6bf93e42-e0bb-4dd3-b130-d1cb50d5b0d0" testListId="8c84fa94-04c1-424b-9868-57a2d4851a1d" />
    <TestEntry testId="3f2dcd42-f10c-cdad-1459-b31dc598ea36" executionId="612fb8f6-1ba9-4cfe-8b1b-4872910db735" testListId="8c84fa94-04c1-424b-9868-57a2d4851a1d" />
    <TestEntry testId="1b278efd-8207-6962-a910-cdd46b2a5731" executionId="99e52275-6b45-4dad-9be4-943c8931ba0a" testListId="8c84fa94-04c1-424b-9868-57a2d4851a1d" />
    <TestEntry testId="1c289317-51e0-aa46-9dd0-2abca1abe305" executionId="08c7d772-b882-417f-9681-271a97a5bb38" testListId="8c84fa94-04c1-424b-9868-57a2d4851a1d" />
    <TestEntry testId="8c25e8f9-fac4-2920-5cc6-91e818046ad0" executionId="3f3fe4d5-69ea-4023-9805-498ff72978f1" testListId="8c84fa94-04c1-424b-9868-57a2d4851a1d" />
    <TestEntry testId="fff263a0-0d66-251b-f599-49909647c169" executionId="72dd0cf6-04e0-4b83-8a0b-8bf19b96ab3c" testListId="8c84fa94-04c1-424b-9868-57a2d4851a1d" />
    <TestEntry testId="19311cae-fa47-c94d-37b4-3930b9fad236" executionId="add04c30-c31f-48f5-aecb-e254c7708aa2" testListId="8c84fa94-04c1-424b-9868-57a2d4851a1d" />
    <TestEntry testId="21e4b6ce-59d7-6f2b-cc3a-63bae8d6279d" executionId="769377e2-74ca-43c0-a440-c16529f084db" testListId="8c84fa94-04c1-424b-9868-57a2d4851a1d" />
    <TestEntry testId="62081558-aedd-fba5-e2f3-6d6e36f4a208" executionId="6f879f1c-b8c4-40f3-9f02-468e0cf21e07" testListId="8c84fa94-04c1-424b-9868-57a2d4851a1d" />
  </TestEntries>
  <TestLists>
    <TestList name="Results Not in a List" id="8c84fa94-04c1-424b-9868-57a2d4851a1d" />
    <TestList name="All Loaded Results" id="19431567-8539-422a-85d7-44ee4e166bda" />
  </TestLists>
  <ResultSummary outcome="Failed">
    <Counters total="603" executed="603" passed="602" failed="1" error="0" timeout="0" aborted="0" inconclusive="0" passedButRunAborted="0" notRunnable="0" notExecuted="0" disconnected="0" warning="0" completed="0" inProgress="0" pending="0" />
    <Output>
      <StdOut>[xUnit.net 00:00:00.00] xUnit.net VSTest Adapter v3.1.5+1b188a7b0a (64-bit .NET 9.0.10)&#xD;
[xUnit.net 00:00:00.07]   Discovering: XHT.Tests&#xD;
[xUnit.net 00:00:00.38]   Discovered:  XHT.Tests&#xD;
[xUnit.net 00:00:00.47]   Starting:    XHT.Tests&#xD;
warning XHT000: Specifier 'PluginSpec' replaced via AllowOverride (both definitions opted in).&#xD;
warning XHT000: Specifier 'Replicated' re-registered with structurally identical definition; benign duplicate.&#xD;
[xUnit.net 00:00:01.13]       Assert.Equal() Failure: Strings differ&#xD;
[xUnit.net 00:00:01.13]                                         ↓ (pos 31)&#xD;
[xUnit.net 00:00:01.13]       Expected: ···"tween 'EditAnywhere', 'Transient', and 'N"···&#xD;
[xUnit.net 00:00:01.13]       Actual:   ···"tween 'EditAnywhere'\\, 'Transient'\\, and "···&#xD;
[xUnit.net 00:00:01.13]                                         ↑ (pos 31)&#xD;
[xUnit.net 00:00:01.13]       Stack Trace:&#xD;
[xUnit.net 00:00:01.13]         C:\Users\benne\Documents\GitHub\XPact_Engine\Engine\Source\Programs\XHT\XHT.Tests\Tests\Manifest\GenManifestWriterTests.cs(328,0): at Simgenics.XPact.XHT.Tests.Tests.Manifest.GenManifestWriterTests.DiagnosticMessage_WithCommas_RoundTripsLosslessly()&#xD;
[xUnit.net 00:00:01.13]            at System.RuntimeMethodHandle.InvokeMethod(Object target, Void** arguments, Signature sig, Boolean isConstructor)&#xD;
[xUnit.net 00:00:01.13]            at System.Reflection.MethodBaseInvoker.InvokeWithNoArgs(Object obj, BindingFlags invokeAttr)&#xD;
error XHT000: -Out=&lt;dir&gt; is required.&#xD;
error XHT000: -Manifest=&lt;path&gt; is required.&#xD;
info XHT000: XHT parse-module: XScoring (Phase 1b stub - tokens.bin emitted as placeholder)&#xD;
info XHT000: XHT parse-module: XScoring (Phase 1b stub - tokens.bin emitted as placeholder)&#xD;
error XHT000: -Module=&lt;name&gt; is required.&#xD;
warning XHT000: w1&#xD;
warning XHT000: w2&#xD;
error XHT000: e1&#xD;
error XHT000: e2&#xD;
error XHT000: e3&#xD;
</StdOut>
    </Output>
    <RunInfos>
      <RunInfo computerName="BENNET_3DPACT" outcome="Error" timestamp="2026-05-21T14:56:33.6565271+02:00">
        <Text>[xUnit.net 00:00:01.13]     Simgenics.XPact.XHT.Tests.Tests.Manifest.GenManifestWriterTests.DiagnosticMessage_WithCommas_RoundTripsLosslessly [FAIL]</Text>
      </RunInfo>
      <RunInfo computerName="BENNET_3DPACT" outcome="Error" timestamp="2026-05-21T14:58:00.4896770+02:00">
        <Text>The active test run was aborted. Reason: Test host process crashed : warning XHT000: Specifier 'PluginSpec' replaced via AllowOverride (both definitions opted in).&#xD;
warning XHT000: Specifier 'Replicated' re-registered with structurally identical definition; benign duplicate.&#xD;
error XHT000: -Out=&lt;dir&gt; is required.&#xD;
error XHT000: -Manifest=&lt;path&gt; is required.&#xD;
info XHT000: XHT parse-module: XScoring (Phase 1b stub - tokens.bin emitted as placeholder)&#xD;
info XHT000: XHT parse-module: XScoring (Phase 1b stub - tokens.bin emitted as placeholder)&#xD;
error XHT000: -Module=&lt;name&gt; is required.&#xD;
warning XHT000: w1&#xD;
warning XHT000: w2&#xD;
error XHT000: e1&#xD;
error XHT000: e2&#xD;
error XHT000: e3&#xD;
</Text>
      </RunInfo>
    </RunInfos>
  </ResultSummary>
</TestRun>