<?xml version="1.0" encoding="utf-8"?>
<TestRun id="aa6ff1b6-9cdb-4146-8c07-15e32926102b" name="benne@BENNET_3DPACT 2026-05-21 14:47:33" runUser="BENNET_3DPACT\benne" xmlns="http://microsoft.com/schemas/VisualStudio/TeamTest/2010">
  <Times creation="2026-05-21T14:47:33.4220811+02:00" queuing="2026-05-21T14:47:33.4220814+02:00" start="2026-05-21T14:47:32.6253445+02:00" finish="2026-05-21T14:53:51.0949955+02:00" />
  <TestSettings name="default" id="faa1fde9-e921-4f49-930c-53470acd7980">
    <Deployment runDeploymentRoot="benne_BENNET_3DPACT_2026-05-21_14_47_33" />
  </TestSettings>
  <Results>
    <UnitTestResult executionId="1259749e-0d51-4e1d-9d43-a80ea3ee69fe" testId="1b278efd-8207-6962-a910-cdd46b2a5731" testName="Simgenics.XPact.XHT.Tests.Tests.Tables.BuiltInSpecifiersTests.RegisterAllInto_NullRegistry_Throws" computerName="BENNET_3DPACT" duration="00:00:00.0003203" startTime="2026-05-21T14:47:33.4202655+02:00" endTime="2026-05-21T14:47:33.4216026+02:00" testType="13cdc9d9-ddb5-4fa4-a97d-d965ccfc6d4b" outcome="Passed" testListId="8c84fa94-04c1-424b-9868-57a2d4851a1d" relativeResultsDirectory="1259749e-0d51-4e1d-9d43-a80ea3ee69fe" />
    <UnitTestResult executionId="99e8113b-0c70-41fe-ad1d-6ab45bce1d2c" testId="3761a713-3ad4-7abb-e08d-4102ca369a4e" testName="Simgenics.XPact.XHT.Tests.Tests.Parser.CppTokenizerTests.XhtMarker_AllTenLockedMarkersAreRecognised(marker: &quot;XSTRUCT&quot;)" computerName="BENNET_3DPACT" duration="00:00:00.0000050" startTime="2026-05-21T14:47:33.4043654+02:00" endTime="2026-05-21T14:47:33.4044404+02:00" testType="13cdc9d9-ddb5-4fa4-a97d-d965ccfc6d4b" outcome="Passed" testListId="8c84fa94-04c1-424b-9868-57a2d4851a1d" relativeResultsDirectory="99e8113b-0c70-41fe-ad1d-6ab45bce1d2c" />
    <UnitTestResult executionId="20219a67-b357-4b1f-b29f-7fb1f282c0c1" testId="944b790e-cf23-8fca-d673-6dbb113231bb" testName="Simgenics.XPact.XHT.Tests.Tests.Parser.CppMarkerScannerTests.XMeta_OnEnumValue_AttachedAsSpecifier" computerName="BENNET_3DPACT" duration="00:00:00.0184646" startTime="2026-05-21T14:47:33.3482292+02:00" endTime="2026-05-21T14:47:33.4153358+02:00" testType="13cdc9d9-ddb5-4fa4-a97d-d965ccfc6d4b" outcome="Passed" testListId="8c84fa94-04c1-424b-9868-57a2d4851a1d" relativeResultsDirectory="20219a67-b357-4b1f-b29f-7fb1f282c0c1" />
    <UnitTestResult executionId="90987c54-780f-4502-8398-d43630cf8783" testId="a9ae66a7-0a2e-8272-9162-ccb40ed2e10c" testName="Simgenics.XPact.XHT.Tests.Tests.Parser.CppSpecifierParserTests.UnknownSpecifier_EmitsXHT110" computerName="BENNET_3DPACT" duration="00:00:00.0002414" startTime="2026-05-21T14:47:33.4568939+02:00" endTime="2026-05-21T14:47:33.4569413+02:00" testType="13cdc9d9-ddb5-4fa4-a97d-d965ccfc6d4b" outcome="Passed" testListId="8c84fa94-04c1-424b-9868-57a2d4851a1d" relativeResultsDirectory="90987c54-780f-4502-8398-d43630cf8783" />
    <UnitTestResult executionId="1629f8ab-c80e-43ca-ac42-789a49654bc6" testId="0154adb6-8c34-ebc3-24d8-a05e71572ce4" testName="Simgenics.XPact.XHT.Tests.Tests.Resolver.StepResolveBasesTests.MultipleInterfaces_AllResolve_InDeclarationOrder" computerName="BENNET_3DPACT" duration="00:00:00.0003307" startTime="2026-05-21T14:47:33.4915369+02:00" endTime="2026-05-21T14:47:33.4962801+02:00" testType="13cdc9d9-ddb5-4fa4-a97d-d965ccfc6d4b" outcome="Passed" testListId="8c84fa94-04c1-424b-9868-57a2d4851a1d" relativeResultsDirectory="1629f8ab-c80e-43ca-ac42-789a49654bc6" />
    <UnitTestResult executionId="7261edc3-be2e-4cfc-8f86-ae1b5a3b4d32" testId="8ace484e-af15-dc8c-de17-fa7848f5e6ab" testName="Simgenics.XPact.XHT.Tests.Tests.Tables.CppKeywordTableTests.IsXhtMarker_TrueForLockedMarkerVocabulary_PerContractSection11(marker: &quot;XDELEGATE&quot;)" computerName="BENNET_3DPACT" duration="00:00:00.0000028" startTime="2026-05-21T14:47:33.5110640+02:00" endTime="2026-05-21T14:47:33.5110973+02:00" testType="13cdc9d9-ddb5-4fa4-a97d-d965ccfc6d4b" outcome="Passed" testListId="8c84fa94-04c1-424b-9868-57a2d4851a1d" relativeResultsDirectory="7261edc3-be2e-4cfc-8f86-ae1b5a3b4d32" />
    <UnitTestResult executionId="17e9b376-8cec-423e-bf08-7cb7e20282e2" testId="662cfa46-686e-ca10-7bcd-0cebf34f6744" testName="Simgenics.XPact.XHT.Tests.Tests.Resolver.StepResolveInvalidCheckTests.EmptyClass_PassesInvalidCheck" computerName="BENNET_3DPACT" duration="00:00:00.0001831" startTime="2026-05-21T14:47:33.4564763+02:00" endTime="2026-05-21T14:47:33.4565079+02:00" testType="13cdc9d9-ddb5-4fa4-a97d-d965ccfc6d4b" outcome="Passed" testListId="8c84fa94-04c1-424b-9868-57a2d4851a1d" relativeResultsDirectory="17e9b376-8cec-423e-bf08-7cb7e20282e2" />
    <UnitTestResult executionId="7ab8d68b-229f-4a33-b224-1f2fd4d09bab" testId="982ba91b-29de-b31a-6ca1-8f74c7cea1e0" testName="Simgenics.XPact.XHT.Tests.Tests.Tables.SpecifierRegistryTests.Register_Conflict_DifferentShape_Throws" computerName="BENNET_3DPACT" duration="00:00:00.0057102" startTime="2026-05-21T14:47:33.3958759+02:00" endTime="2026-05-21T14:47:33.4069688+02:00" testType="13cdc9d9-ddb5-4fa4-a97d-d965ccfc6d4b" outcome="Passed" testListId="8c84fa94-04c1-424b-9868-57a2d4851a1d" relativeResultsDirectory="7ab8d68b-229f-4a33-b224-1f2fd4d09bab" />
    <UnitTestResult executionId="c53b88b0-fdef-4b30-b448-e02af5835397" testId="5932a5c4-1fd9-5a34-342a-00f3e456306a" testName="Simgenics.XPact.XHT.Tests.Tests.Parser.CSharpMarkerWalkerTests.NonPartialDuplicate_StillEmitsXHT040" computerName="BENNET_3DPACT" duration="00:00:00.0010179" startTime="2026-05-21T14:47:33.5551417+02:00" endTime="2026-05-21T14:47:33.5552270+02:00" testType="13cdc9d9-ddb5-4fa4-a97d-d965ccfc6d4b" outcome="Passed" testListId="8c84fa94-04c1-424b-9868-57a2d4851a1d" relativeResultsDirectory="c53b88b0-fdef-4b30-b448-e02af5835397" />
    <UnitTestResult executionId="5d95daec-5dcb-4b70-888a-ff74ea28f449" testId="bf6c6f9b-4eae-72d7-b686-98865e558172" testName="Simgenics.XPact.XHT.Tests.Tests.Tables.XhtEngineClassTableTests.Lookup_HitsExactNameForEachAnchor(name: &quot;XEnum&quot;, expected: XEnum)" computerName="BENNET_3DPACT" duration="00:00:00.0000077" startTime="2026-05-21T14:47:33.5015699+02:00" endTime="2026-05-21T14:47:33.5016449+02:00" testType="13cdc9d9-ddb5-4fa4-a97d-d965ccfc6d4b" outcome="Passed" testListId="8c84fa94-04c1-424b-9868-57a2d4851a1d" relativeResultsDirectory="5d95daec-5dcb-4b70-888a-ff74ea28f449" />
    <UnitTestResult executionId="dbc7b160-7b95-47d0-9bc7-dd2225072283" testId="714d6da7-308d-2bcb-60a8-4fd1ec3ec233" testName="Simgenics.XPact.XHT.Tests.Tests.Tables.CppKeywordTableTests.IsXhtMarker_TrueForLockedMarkerVocabulary_PerContractSection11(marker: &quot;XINTERFACE&quot;)" computerName="BENNET_3DPACT" duration="00:00:00.0000035" startTime="2026-05-21T14:47:33.5105796+02:00" endTime="2026-05-21T14:47:33.5106177+02:00" testType="13cdc9d9-ddb5-4fa4-a97d-d965ccfc6d4b" outcome="Passed" testListId="8c84fa94-04c1-424b-9868-57a2d4851a1d" relativeResultsDirectory="dbc7b160-7b95-47d0-9bc7-dd2225072283" />
    <UnitTestResult executionId="2b21e8ee-130a-4ae1-9963-574e53711e5a" testId="745b9524-b0b8-7437-aea0-a5abc27c5c2a" testName="Simgenics.XPact.XHT.Tests.Tests.Tables.BuiltInSpecifiersTests.Class_Specifier_WithinIsReferenceValueKind" computerName="BENNET_3DPACT" duration="00:00:00.0037174" startTime="2026-05-21T14:47:33.3974422+02:00" endTime="2026-05-21T14:47:33.4020457+02:00" testType="13cdc9d9-ddb5-4fa4-a97d-d965ccfc6d4b" outcome="Passed" testListId="8c84fa94-04c1-424b-9868-57a2d4851a1d" relativeResultsDirectory="2b21e8ee-130a-4ae1-9963-574e53711e5a" />
    <UnitTestResult executionId="fa9771a8-5dbf-4322-b625-06a8e919369b" testId="141bd76c-05bf-4a92-89b0-cd6545bf5103" testName="Simgenics.XPact.XHT.Tests.Tests.Emitter.ModuleEmitterTests.EmitModule_SentinelForHeaderWithNoTypes_ProducesGenHWithCopyright" computerName="BENNET_3DPACT" duration="00:00:00.0145994" startTime="2026-05-21T14:47:40.3100761+02:00" endTime="2026-05-21T14:47:40.3244291+02:00" testType="13cdc9d9-ddb5-4fa4-a97d-d965ccfc6d4b" outcome="Passed" testListId="8c84fa94-04c1-424b-9868-57a2d4851a1d" relativeResultsDirectory="fa9771a8-5dbf-4322-b625-06a8e919369b" />
    <UnitTestResult executionId="2ced7cb5-fbcb-49d9-8938-762f4aa90abc" testId="15633da4-55c7-de4b-5e01-a9675a0a6a34" testName="Simgenics.XPact.XHT.Tests.Tests.Parser.CppTokenizerTests.Position_NewlineResetsColumnAndAdvancesLine" computerName="BENNET_3DPACT" duration="00:00:00.0003043" startTime="2026-05-21T14:47:33.4802220+02:00" endTime="2026-05-21T14:47:33.4805520+02:00" testType="13cdc9d9-ddb5-4fa4-a97d-d965ccfc6d4b" outcome="Passed" testListId="8c84fa94-04c1-424b-9868-57a2d4851a1d" relativeResultsDirectory="2ced7cb5-fbcb-49d9-8938-762f4aa90abc" />
    <UnitTestResult executionId="c1a6c4ba-fc2e-4b6c-923d-bea507e6715c" testId="fc89d579-8f48-20f9-d73c-89904c68b38e" testName="Simgenics.XPact.XHT.Tests.Tests.Tables.BuiltInSpecifiersTests.Category_AppliesToFunctionAndProperty" computerName="BENNET_3DPACT" duration="00:00:00.0001449" startTime="2026-05-21T14:47:33.4185346+02:00" endTime="2026-05-21T14:47:33.4194571+02:00" testType="13cdc9d9-ddb5-4fa4-a97d-d965ccfc6d4b" outcome="Passed" testListId="8c84fa94-04c1-424b-9868-57a2d4851a1d" relativeResultsDirectory="c1a6c4ba-fc2e-4b6c-923d-bea507e6715c" />
    <UnitTestResult executionId="7d91fd9e-cfb5-49f7-b086-39a9b2ea8131" testId="3d828a03-f67c-d456-8006-9c0e5c794881" testName="Simgenics.XPact.XHT.Tests.Tests.Tables.CppKeywordTableTests.IsXhtMarkerSpan_BehavesAsStringOverload(spelling: &quot;XValve&quot;, expected: False)" computerName="BENNET_3DPACT" duration="00:00:00.0000083" startTime="2026-05-21T14:47:33.5132985+02:00" endTime="2026-05-21T14:47:33.5133975+02:00" testType="13cdc9d9-ddb5-4fa4-a97d-d965ccfc6d4b" outcome="Passed" testListId="8c84fa94-04c1-424b-9868-57a2d4851a1d" relativeResultsDirectory="7d91fd9e-cfb5-49f7-b086-39a9b2ea8131" />
    <UnitTestResult executionId="a90df5e5-5a81-4fc5-aab9-d94245b78a75" testId="99298974-8690-7727-1a11-d50d56841122" testName="Simgenics.XPact.XHT.Tests.Tests.Emitter.ModuleEmitterTests.EmitModule_TwoClasses_TwoHeaders_ProducesExpectedFileSet" computerName="BENNET_3DPACT" duration="00:00:00.0150563" startTime="2026-05-21T14:47:40.2946465+02:00" endTime="2026-05-21T14:47:40.3096788+02:00" testType="13cdc9d9-ddb5-4fa4-a97d-d965ccfc6d4b" outcome="Passed" testListId="8c84fa94-04c1-424b-9868-57a2d4851a1d" relativeResultsDirectory="a90df5e5-5a81-4fc5-aab9-d94245b78a75" />
    <UnitTestResult executionId="8842bc03-a544-4998-997f-053cf8c80f45" testId="97c7880e-e94b-5a03-89ac-7c507158277f" testName="Simgenics.XPact.XHT.Tests.Tests.Emitter.LogicalPathSplitterTests.Split_RejectsEmptyOrNullPath" computerName="BENNET_3DPACT" duration="00:00:00.0005241" startTime="2026-05-21T14:47:33.4751721+02:00" endTime="2026-05-21T14:47:33.4771184+02:00" testType="13cdc9d9-ddb5-4fa4-a97d-d965ccfc6d4b" outcome="Passed" testListId="8c84fa94-04c1-424b-9868-57a2d4851a1d" relativeResultsDirectory="8842bc03-a544-4998-997f-053cf8c80f45" />
    <UnitTestResult executionId="afbb722e-7822-41bb-9c26-3989d854556f" testId="0c458683-c06f-6c96-50ef-50d24b4b8f13" testName="Simgenics.XPact.XHT.Tests.Tests.Emitter.LogicalPathSplitterTests.Split_ModuleRelativePath_SplitsWithoutStripping" computerName="BENNET_3DPACT" duration="00:00:00.0001982" startTime="2026-05-21T14:47:33.4784652+02:00" endTime="2026-05-21T14:47:33.4794253+02:00" testType="13cdc9d9-ddb5-4fa4-a97d-d965ccfc6d4b" outcome="Passed" testListId="8c84fa94-04c1-424b-9868-57a2d4851a1d" relativeResultsDirectory="afbb722e-7822-41bb-9c26-3989d854556f" />
    <UnitTestResult executionId="9653f76d-8b1c-4879-b6b9-9a6cd02178f3" testId="e5a32278-70e0-bbd4-35c9-186693e7aa7e" testName="Simgenics.XPact.XHT.Tests.Tests.Resolver.StepResolveInvalidCheckTests.InterfaceWithFunctions_PassesInvalidCheck" computerName="BENNET_3DPACT" duration="00:00:00.0012375" startTime="2026-05-21T14:47:33.4365306+02:00" endTime="2026-05-21T14:47:33.4555446+02:00" testType="13cdc9d9-ddb5-4fa4-a97d-d965ccfc6d4b" outcome="Passed" testListId="8c84fa94-04c1-424b-9868-57a2d4851a1d" relativeResultsDirectory="9653f76d-8b1c-4879-b6b9-9a6cd02178f3" />
    <UnitTestResult executionId="694e7bbd-2475-4146-99f7-b0e549b6bea3" testId="0af493f3-a9e9-439c-6765-9a417497e77f" testName="Simgenics.XPact.XHT.Tests.Tests.Core.StringUtilsTests.StripCppPrefix_IsNoOp(input: &quot;IInterface&quot;)" computerName="BENNET_3DPACT" duration="00:00:00.0000683" startTime="2026-05-21T14:47:33.5282891+02:00" endTime="2026-05-21T14:47:33.5283153+02:00" testType="13cdc9d9-ddb5-4fa4-a97d-d965ccfc6d4b" outcome="Passed" testListId="8c84fa94-04c1-424b-9868-57a2d4851a1d" relativeResultsDirectory="694e7bbd-2475-4146-99f7-b0e549b6bea3" />
    <UnitTestResult executionId="6ae1ff53-95ef-4d4f-8e53-dc9fad30ddd4" testId="2ea53d50-6e85-9f64-1408-821b78d9ee7c" testName="Simgenics.XPact.XHT.Tests.Tests.Tables.SpecifierRegistryTests.Resolve_ContextIntersection_HitsOnUnionMask" computerName="BENNET_3DPACT" duration="00:00:00.0001459" startTime="2026-05-21T14:47:33.4279286+02:00" endTime="2026-05-21T14:47:33.4303249+02:00" testType="13cdc9d9-ddb5-4fa4-a97d-d965ccfc6d4b" outcome="Passed" testListId="8c84fa94-04c1-424b-9868-57a2d4851a1d" relativeResultsDirectory="6ae1ff53-95ef-4d4f-8e53-dc9fad30ddd4" />
    <UnitTestResult executionId="19f43e80-fd0f-47aa-80ff-d27f8e46c414" testId="2175d2f7-a721-370e-0d01-ac024f41682a" testName="Simgenics.XPact.XHT.Tests.Tests.Emitter.CrossToolNamingContractTests.GenManifestFileName_XhtAndXbt_Match(moduleName: &quot;XScoring&quot;, generatedBase: &quot;XCustomBase&quot;)" computerName="BENNET_3DPACT" duration="00:00:00.0009432" startTime="2026-05-21T14:47:33.4716236+02:00" endTime="2026-05-21T14:47:33.4750782+02:00" testType="13cdc9d9-ddb5-4fa4-a97d-d965ccfc6d4b" outcome="Passed" testListId="8c84fa94-04c1-424b-9868-57a2d4851a1d" relativeResultsDirectory="19f43e80-fd0f-47aa-80ff-d27f8e46c414" />
    <UnitTestResult executionId="79dc85d5-17df-4c92-ab5a-927bbdee9e5d" testId="37eb3451-4b7c-5f59-06f9-bb560f7f8862" testName="Simgenics.XPact.XHT.Tests.Tests.Entry.ParseModuleModeTests.Execute_MissingModuleArg_ReturnsCliArgumentError" computerName="BENNET_3DPACT" duration="00:00:00.0019622" startTime="2026-05-21T14:47:40.1398650+02:00" endTime="2026-05-21T14:47:40.1416581+02:00" testType="13cdc9d9-ddb5-4fa4-a97d-d965ccfc6d4b" outcome="Passed" testListId="8c84fa94-04c1-424b-9868-57a2d4851a1d" relativeResultsDirectory="79dc85d5-17df-4c92-ab5a-927bbdee9e5d" />
    <UnitTestResult executionId="7650883f-9bc7-485f-8c52-484dc5ee3592" testId="0f1c8de9-10a9-ae7e-a082-b314998cadb4" testName="Simgenics.XPact.XHT.Tests.Tests.Emitter.LogicalPathSplitterTests.Split_ProjectModule_StripsCorrectPrefix" computerName="BENNET_3DPACT" duration="00:00:00.0001650" startTime="2026-05-21T14:47:33.4773990+02:00" endTime="2026-05-21T14:47:33.4783086+02:00" testType="13cdc9d9-ddb5-4fa4-a97d-d965ccfc6d4b" outcome="Passed" testListId="8c84fa94-04c1-424b-9868-57a2d4851a1d" relativeResultsDirectory="7650883f-9bc7-485f-8c52-484dc5ee3592" />
    <UnitTestResult executionId="e5edf965-b322-4d04-bcb7-595714dfb2df" testId="d66cd2d8-dff6-8bde-a9ff-8eca6d65a409" testName="Simgenics.XPact.XHT.Tests.Tests.Tables.CppKeywordTableTests.IsXhtMarkerSpan_BehavesAsStringOverload(spelling: &quot;XGENERATED_BODY&quot;, expected: True)" computerName="BENNET_3DPACT" duration="00:00:00.0000037" startTime="2026-05-21T14:47:33.5135084+02:00" endTime="2026-05-21T14:47:33.5135478+02:00" testType="13cdc9d9-ddb5-4fa4-a97d-d965ccfc6d4b" outcome="Passed" testListId="8c84fa94-04c1-424b-9868-57a2d4851a1d" relativeResultsDirectory="e5edf965-b322-4d04-bcb7-595714dfb2df" />
    <UnitTestResult executionId="f4b34632-1f87-4615-a948-61f6f9b5e3e7" testId="f125193c-e982-50aa-b9f5-e3f04bd9c212" testName="Simgenics.XPact.XHT.Tests.Tests.Parser.CppMarkerScannerTests.XDelegate_MulticastNoArgs_Registered" computerName="BENNET_3DPACT" duration="00:00:00.0019794" startTime="2026-05-21T14:47:33.4729304+02:00" endTime="2026-05-21T14:47:33.5226260+02:00" testType="13cdc9d9-ddb5-4fa4-a97d-d965ccfc6d4b" outcome="Failed" testListId="8c84fa94-04c1-424b-9868-57a2d4851a1d" relativeResultsDirectory="f4b34632-1f87-4615-a948-61f6f9b5e3e7">
      <Output>
        <ErrorInfo>
          <Message>Assert.True() Failure&#xD;
Expected: True&#xD;
Actual:   False</Message>
          <StackTrace>   at Simgenics.XPact.XHT.Tests.Tests.Parser.CppMarkerScannerTests.XDelegate_MulticastNoArgs_Registered() in C:\Users\benne\Documents\GitHub\XPact_Engine\Engine\Source\Programs\XHT\XHT.Tests\Tests\Parser\CppMarkerScannerTests.cs:line 330&#xD;
   at System.RuntimeMethodHandle.InvokeMethod(Object target, Void** arguments, Signature sig, Boolean isConstructor)&#xD;
   at System.Reflection.MethodBaseInvoker.InvokeWithNoArgs(Object obj, BindingFlags invokeAttr)</StackTrace>
        </ErrorInfo>
      </Output>
    </UnitTestResult>
    <UnitTestResult executionId="40d73f62-1c40-45ae-abce-9f8ddd911c3d" testId="baa30d8c-f1ce-5363-637f-7d6d4d535ca2" testName="Simgenics.XPact.XHT.Tests.Tests.Manifest.GenManifestReaderTests.Read_FileDoesNotExist_Throws" computerName="BENNET_3DPACT" duration="00:00:00.0025051" startTime="2026-05-21T14:47:33.5488983+02:00" endTime="2026-05-21T14:47:33.5491937+02:00" testType="13cdc9d9-ddb5-4fa4-a97d-d965ccfc6d4b" outcome="Passed" testListId="8c84fa94-04c1-424b-9868-57a2d4851a1d" relativeResultsDirectory="40d73f62-1c40-45ae-abce-9f8ddd911c3d" />
    <UnitTestResult executionId="4d1493c9-ec9f-4ef2-9711-36529ce4c7ea" testId="d82284bb-c639-bccd-3af8-ea6b55592ab7" testName="Simgenics.XPact.XHT.Tests.Tests.Parser.CSharpMarkerWalkerTests.FileScopedNamespace_FullyQualifiedNameIncludesNamespace" computerName="BENNET_3DPACT" duration="00:00:00.0003151" startTime="2026-05-21T14:47:33.5589220+02:00" endTime="2026-05-21T14:47:33.5589502+02:00" testType="13cdc9d9-ddb5-4fa4-a97d-d965ccfc6d4b" outcome="Passed" testListId="8c84fa94-04c1-424b-9868-57a2d4851a1d" relativeResultsDirectory="4d1493c9-ec9f-4ef2-9711-36529ce4c7ea" />
    <UnitTestResult executionId="e84c3b29-8efa-42cc-b16e-e32470f3187b" testId="01783c41-0487-6ebd-b16e-1bcddd5c9ecd" testName="Simgenics.XPact.XHT.Tests.Tests.Parser.CppTokenizerTests.Integer_VariousForms_OK(source: &quot;0123&quot;, kind: IntegerLiteral)" computerName="BENNET_3DPACT" duration="00:00:00.0000044" startTime="2026-05-21T14:47:33.4130289+02:00" endTime="2026-05-21T14:47:33.4131059+02:00" testType="13cdc9d9-ddb5-4fa4-a97d-d965ccfc6d4b" outcome="Passed" testListId="8c84fa94-04c1-424b-9868-57a2d4851a1d" relativeResultsDirectory="e84c3b29-8efa-42cc-b16e-e32470f3187b" />
    <UnitTestResult executionId="55aa9192-3ffd-4bf6-a98e-92fd184d3255" testId="0c0cdda9-77e0-5c05-4540-c6c137ceb66c" testName="Simgenics.XPact.XHT.Tests.Tests.Parser.CppSpecifierParserTests.Reference_ParsesIdentifierValue" computerName="BENNET_3DPACT" duration="00:00:00.0169526" startTime="2026-05-21T14:47:33.3505736+02:00" endTime="2026-05-21T14:47:33.4087431+02:00" testType="13cdc9d9-ddb5-4fa4-a97d-d965ccfc6d4b" outcome="Passed" testListId="8c84fa94-04c1-424b-9868-57a2d4851a1d" relativeResultsDirectory="55aa9192-3ffd-4bf6-a98e-92fd184d3255" />
    <UnitTestResult executionId="ff8276b1-7a62-4685-b0d0-21f3c81335f2" testId="310de29b-9fce-ed3f-7107-2b051599fb29" testName="Simgenics.XPact.XHT.Tests.Tests.Emitter.SymbolNamingTests.FileId_RejectsEmptyPluginName_ThrowsArgumentException" computerName="BENNET_3DPACT" duration="00:00:00.0003671" startTime="2026-05-21T14:47:33.4962465+02:00" endTime="2026-05-21T14:47:33.4964235+02:00" testType="13cdc9d9-ddb5-4fa4-a97d-d965ccfc6d4b" outcome="Passed" testListId="8c84fa94-04c1-424b-9868-57a2d4851a1d" relativeResultsDirectory="ff8276b1-7a62-4685-b0d0-21f3c81335f2" />
    <UnitTestResult executionId="d61d4a05-82fe-4bb9-95cc-5e0fe3de3a40" testId="a6357a2f-8d9a-a020-9877-e232bbbc65b4" testName="Simgenics.XPact.XHT.Tests.Tests.Tables.XhtEngineClassTableTests.Lookup_HitsExactNameForEachAnchor(name: &quot;XClass&quot;, expected: XClass)" computerName="BENNET_3DPACT" duration="00:00:00.0000020" startTime="2026-05-21T14:47:33.5018865+02:00" endTime="2026-05-21T14:47:33.5019195+02:00" testType="13cdc9d9-ddb5-4fa4-a97d-d965ccfc6d4b" outcome="Passed" testListId="8c84fa94-04c1-424b-9868-57a2d4851a1d" relativeResultsDirectory="d61d4a05-82fe-4bb9-95cc-5e0fe3de3a40" />
    <UnitTestResult executionId="0579af35-af69-4a26-a974-f655906d61cd" testId="876f298d-2cb2-5a85-66ea-8dafb176ddcb" testName="Simgenics.XPact.XHT.Tests.Tests.Resolver.StepResolveBasesTests.WithinCompatibleWithSuper_NoXht119" computerName="BENNET_3DPACT" duration="00:00:00.0004427" startTime="2026-05-21T14:47:33.4963933+02:00" endTime="2026-05-21T14:47:33.4968422+02:00" testType="13cdc9d9-ddb5-4fa4-a97d-d965ccfc6d4b" outcome="Passed" testListId="8c84fa94-04c1-424b-9868-57a2d4851a1d" relativeResultsDirectory="0579af35-af69-4a26-a974-f655906d61cd" />
    <UnitTestResult executionId="74b1e33e-a9cc-4313-98b8-8bc5b3b47651" testId="3e81bce7-4b8b-f2ef-59c8-fd429f216f87" testName="Simgenics.XPact.XHT.Tests.Tests.Tables.BuiltInSpecifiersTests.Param_Specifier_DefaultValueIsRegisteredToParamContext" computerName="BENNET_3DPACT" duration="00:00:00.0001314" startTime="2026-05-21T14:47:33.4157240+02:00" endTime="2026-05-21T14:47:33.4157743+02:00" testType="13cdc9d9-ddb5-4fa4-a97d-d965ccfc6d4b" outcome="Passed" testListId="8c84fa94-04c1-424b-9868-57a2d4851a1d" relativeResultsDirectory="74b1e33e-a9cc-4313-98b8-8bc5b3b47651" />
    <UnitTestResult executionId="2f6af506-051c-4ddd-afa4-51e3aa8e79a7" testId="02100cda-37b9-f9a1-b9a3-10b64a4a2b55" testName="Simgenics.XPact.XHT.Tests.Tests.Emitter.CrossToolNamingContractTests.GenHeaderFileName_XhtAndXbt_Match(headerRelative: &quot;XValve.h&quot;)" computerName="BENNET_3DPACT" duration="00:00:00.0000030" startTime="2026-05-21T14:47:33.4693457+02:00" endTime="2026-05-21T14:47:33.4693974+02:00" testType="13cdc9d9-ddb5-4fa4-a97d-d965ccfc6d4b" outcome="Passed" testListId="8c84fa94-04c1-424b-9868-57a2d4851a1d" relativeResultsDirectory="2f6af506-051c-4ddd-afa4-51e3aa8e79a7" />
    <UnitTestResult executionId="aa82a789-0729-4229-a5e4-88befa64c35e" testId="b2b623e5-00ef-78fd-15e9-a7c1524491f6" testName="Simgenics.XPact.XHT.Tests.Tests.Emitter.CrossToolNamingContractTests.GenHeaderFileName_XhtAndXbt_Match(headerRelative: &quot;Public/XValve.h&quot;)" computerName="BENNET_3DPACT" duration="00:00:00.0002945" startTime="2026-05-21T14:47:33.4683867+02:00" endTime="2026-05-21T14:47:33.4686173+02:00" testType="13cdc9d9-ddb5-4fa4-a97d-d965ccfc6d4b" outcome="Passed" testListId="8c84fa94-04c1-424b-9868-57a2d4851a1d" relativeResultsDirectory="aa82a789-0729-4229-a5e4-88befa64c35e" />
    <UnitTestResult executionId="6a77701c-5ed0-4b49-ac53-1ff438991e9e" testId="39aa7c0e-e119-7efe-351f-d44e12bddff4" testName="Simgenics.XPact.XHT.Tests.Tests.Manifest.XbtManifestReaderTests.Read_RoundTripsThroughDisk" computerName="BENNET_3DPACT" duration="00:00:00.0037268" startTime="2026-05-21T14:47:33.5615928+02:00" endTime="2026-05-21T14:47:33.5619477+02:00" testType="13cdc9d9-ddb5-4fa4-a97d-d965ccfc6d4b" outcome="Passed" testListId="8c84fa94-04c1-424b-9868-57a2d4851a1d" relativeResultsDirectory="6a77701c-5ed0-4b49-ac53-1ff438991e9e" />
    <UnitTestResult executionId="bac6a31c-a4e2-4d54-a840-df518315f949" testId="473ba9bf-4b10-9955-ac44-1f46015c0dc1" testName="Simgenics.XPact.XHT.Tests.Tests.Parser.CppTokenizerTests.Identifier_PlainLetters_TokenisedAsIdentifier" computerName="BENNET_3DPACT" duration="00:00:00.0123372" startTime="2026-05-21T14:47:33.4793940+02:00" endTime="2026-05-21T14:47:33.4797382+02:00" testType="13cdc9d9-ddb5-4fa4-a97d-d965ccfc6d4b" outcome="Passed" testListId="8c84fa94-04c1-424b-9868-57a2d4851a1d" relativeResultsDirectory="bac6a31c-a4e2-4d54-a840-df518315f949" />
    <UnitTestResult executionId="e73212b3-2439-45f3-b80f-70ddcf8e9756" testId="e4515b62-734b-3489-5ae3-e8ee7ca975d0" testName="Simgenics.XPact.XHT.Tests.Tests.Tables.XhtEngineClassTableTests.IsEngineClass_MatchesLookupAffirmative(name: &quot;&quot;, expected: False)" computerName="BENNET_3DPACT" duration="00:00:00.0003166" startTime="2026-05-21T14:47:33.4835900+02:00" endTime="2026-05-21T14:47:33.4844011+02:00" testType="13cdc9d9-ddb5-4fa4-a97d-d965ccfc6d4b" outcome="Passed" testListId="8c84fa94-04c1-424b-9868-57a2d4851a1d" relativeResultsDirectory="e73212b3-2439-45f3-b80f-70ddcf8e9756" />
    <UnitTestResult executionId="66f6aac0-2ea8-4903-ac56-ae4e79215863" testId="eeb90fef-8814-8e0b-9d6e-7c93ab49b367" testName="Simgenics.XPact.XHT.Tests.Tests.Tables.CppKeywordTableTests.IsXhtMarker_FalseForNonMarkers(spelling: &quot;XCLAS&quot;)" computerName="BENNET_3DPACT" duration="00:00:00.0000018" startTime="2026-05-21T14:47:33.5149947+02:00" endTime="2026-05-21T14:47:33.5150231+02:00" testType="13cdc9d9-ddb5-4fa4-a97d-d965ccfc6d4b" outcome="Passed" testListId="8c84fa94-04c1-424b-9868-57a2d4851a1d" relativeResultsDirectory="66f6aac0-2ea8-4903-ac56-ae4e79215863" />
    <UnitTestResult executionId="f235b63c-56be-4b68-9b6b-16eccf305e0b" testId="05621beb-499e-8d23-ba3a-1e1386d0c32e" testName="Simgenics.XPact.XHT.Tests.Tests.Parser.CSharpMarkerWalkerTests.XClass_DeeplyNestedQualifiedAttribute_Recognised" computerName="BENNET_3DPACT" duration="00:00:00.0009562" startTime="2026-05-21T14:47:33.5554417+02:00" endTime="2026-05-21T14:47:33.5560544+02:00" testType="13cdc9d9-ddb5-4fa4-a97d-d965ccfc6d4b" outcome="Passed" testListId="8c84fa94-04c1-424b-9868-57a2d4851a1d" relativeResultsDirectory="f235b63c-56be-4b68-9b6b-16eccf305e0b" />
    <UnitTestResult executionId="cf5639c2-d824-4d54-9820-b3b8b1e652f4" testId="3396dd07-02c2-3f61-f7ad-d4c73631cfaf" testName="Simgenics.XPact.XHT.Tests.Tests.Tables.BuiltInSpecifiersTests.PropertyArgument_Specifier_OutParmIsArgumentOnly" computerName="BENNET_3DPACT" duration="00:00:00.0001102" startTime="2026-05-21T14:47:33.4249342+02:00" endTime="2026-05-21T14:47:33.4277102+02:00" testType="13cdc9d9-ddb5-4fa4-a97d-d965ccfc6d4b" outcome="Passed" testListId="8c84fa94-04c1-424b-9868-57a2d4851a1d" relativeResultsDirectory="cf5639c2-d824-4d54-9820-b3b8b1e652f4" />
    <UnitTestResult executionId="23f3c430-e98a-435a-9e30-fc8f40773219" testId="55e64322-b9de-e295-7957-e6012bd37ec5" testName="Simgenics.XPact.XHT.Tests.Tests.Manifest.XbtManifestReaderTests.DeserializeJsonString_OneModule_ParsesNestedFields" computerName="BENNET_3DPACT" duration="00:00:00.0117509" startTime="2026-05-21T14:47:33.5588266+02:00" endTime="2026-05-21T14:47:33.5595870+02:00" testType="13cdc9d9-ddb5-4fa4-a97d-d965ccfc6d4b" outcome="Passed" testListId="8c84fa94-04c1-424b-9868-57a2d4851a1d" relativeResultsDirectory="23f3c430-e98a-435a-9e30-fc8f40773219" />
    <UnitTestResult executionId="7fd2d056-e05b-41a4-8dce-5f8d221ef592" testId="e87969fd-4ce8-1bbe-3a7f-d564146f096a" testName="Simgenics.XPact.XHT.Tests.Tests.Parser.CppMarkerScannerTests.XEnum_BitmaskSpecifier_SetsIsFlags" computerName="BENNET_3DPACT" duration="00:00:00.0001591" startTime="2026-05-21T14:47:33.4698918+02:00" endTime="2026-05-21T14:47:33.4699391+02:00" testType="13cdc9d9-ddb5-4fa4-a97d-d965ccfc6d4b" outcome="Passed" testListId="8c84fa94-04c1-424b-9868-57a2d4851a1d" relativeResultsDirectory="7fd2d056-e05b-41a4-8dce-5f8d221ef592" />
    <UnitTestResult executionId="9bc037de-56e9-4d74-80d3-1716e151a847" testId="e6cde892-5fbf-d5f1-dbad-702bd0ef4e41" testName="Simgenics.XPact.XHT.Tests.Tests.Emitter.CrossToolNamingContractTests.ModuleInitFileName_XhtAndXbt_Match(moduleName: &quot;XScoring&quot;, generatedBase: &quot;&quot;)" computerName="BENNET_3DPACT" duration="00:00:00.0002456" startTime="2026-05-21T14:47:33.4775061+02:00" endTime="2026-05-21T14:47:33.4785283+02:00" testType="13cdc9d9-ddb5-4fa4-a97d-d965ccfc6d4b" outcome="Passed" testListId="8c84fa94-04c1-424b-9868-57a2d4851a1d" relativeResultsDirectory="9bc037de-56e9-4d74-80d3-1716e151a847" />
    <UnitTestResult executionId="6824ee35-6742-45ef-b44e-25179e22078c" testId="f18a6fbe-3067-af0e-e96c-4ced4a70ba16" testName="Simgenics.XPact.XHT.Tests.Tests.Parser.CppSpecifierParserTests.EmptyList_ReturnsNoSpecifiers" computerName="BENNET_3DPACT" duration="00:00:00.0003066" startTime="2026-05-21T14:47:33.4591428+02:00" endTime="2026-05-21T14:47:33.4595050+02:00" testType="13cdc9d9-ddb5-4fa4-a97d-d965ccfc6d4b" outcome="Passed" testListId="8c84fa94-04c1-424b-9868-57a2d4851a1d" relativeResultsDirectory="6824ee35-6742-45ef-b44e-25179e22078c" />
    <UnitTestResult executionId="748e8dc3-c9af-42d2-9045-28b826484563" testId="eab56d1f-1e15-6162-2f89-d77ec1eb1676" testName="Simgenics.XPact.XHT.Tests.Tests.Manifest.GenManifestWriterTests.Render_DiagnosticWithCommaInCode_Throws" computerName="BENNET_3DPACT" duration="00:00:00.0022759" startTime="2026-05-21T14:47:33.5336684+02:00" endTime="2026-05-21T14:47:33.5344455+02:00" testType="13cdc9d9-ddb5-4fa4-a97d-d965ccfc6d4b" outcome="Passed" testListId="8c84fa94-04c1-424b-9868-57a2d4851a1d" relativeResultsDirectory="748e8dc3-c9af-42d2-9045-28b826484563" />
    <UnitTestResult executionId="c37a361d-5f13-4bd3-a7d9-0486a83b33f5" testId="6602ea27-438c-a7e5-1623-dd877089d6fc" testName="Simgenics.XPact.XHT.Tests.Tests.Parser.CSharpSourceEnumeratorTests.EnumerateOrdered_EmptyInput_ReturnsEmpty" computerName="BENNET_3DPACT" duration="00:00:00.0002582" startTime="2026-05-21T14:47:33.5285837+02:00" endTime="2026-05-21T14:47:33.5295460+02:00" testType="13cdc9d9-ddb5-4fa4-a97d-d965ccfc6d4b" outcome="Passed" testListId="8c84fa94-04c1-424b-9868-57a2d4851a1d" relativeResultsDirectory="c37a361d-5f13-4bd3-a7d9-0486a83b33f5" />
    <UnitTestResult executionId="538c72e4-a4ca-40bc-ae33-202c7190d94b" testId="333be1b8-be58-857b-7c74-893f2e0a8977" testName="Simgenics.XPact.XHT.Tests.Tests.Emitter.CrossToolNamingContractTests.GenManifestFileName_XhtAndXbt_Match(moduleName: &quot;XScoring&quot;, generatedBase: &quot;&quot;)" computerName="BENNET_3DPACT" duration="00:00:00.0001772" startTime="2026-05-21T14:47:33.4752136+02:00" endTime="2026-05-21T14:47:33.4753676+02:00" testType="13cdc9d9-ddb5-4fa4-a97d-d965ccfc6d4b" outcome="Passed" testListId="8c84fa94-04c1-424b-9868-57a2d4851a1d" relativeResultsDirectory="538c72e4-a4ca-40bc-ae33-202c7190d94b" />
    <UnitTestResult executionId="fe27c97f-7bc3-4e8f-90f1-244c2a087ad3" testId="f37f97af-2a39-5eec-b1c1-774d2a4d08c6" testName="Simgenics.XPact.XHT.Tests.Tests.Core.ExitCodesTests.XhtInternalFailure_Is_SixtyTwo" computerName="BENNET_3DPACT" duration="00:00:00.0000612" startTime="2026-05-21T14:47:33.4816033+02:00" endTime="2026-05-21T14:47:33.4816760+02:00" testType="13cdc9d9-ddb5-4fa4-a97d-d965ccfc6d4b" outcome="Passed" testListId="8c84fa94-04c1-424b-9868-57a2d4851a1d" relativeResultsDirectory="fe27c97f-7bc3-4e8f-90f1-244c2a087ad3" />
    <UnitTestResult executionId="77995d9a-2188-4018-9be8-6e40a0c50039" testId="8ddf0b1b-171c-1521-02cd-8e851de6a47d" testName="Simgenics.XPact.XHT.Tests.Tests.Parser.CppTokenizerTests.Punctuator_LongestMatchWins(source: &quot;-&gt;*&quot;, expected: ArrowStar)" computerName="BENNET_3DPACT" duration="00:00:00.0000033" startTime="2026-05-21T14:47:33.4263090+02:00" endTime="2026-05-21T14:47:33.4263415+02:00" testType="13cdc9d9-ddb5-4fa4-a97d-d965ccfc6d4b" outcome="Passed" testListId="8c84fa94-04c1-424b-9868-57a2d4851a1d" relativeResultsDirectory="77995d9a-2188-4018-9be8-6e40a0c50039" />
    <UnitTestResult executionId="eb964450-8b4a-4819-a7c3-f46d1a64b44a" testId="f64d3136-1e30-05a6-6a0a-4b3b10fb9241" testName="Simgenics.XPact.XHT.Tests.Tests.Resolver.StepResolvePropertiesTests.ExtractInnerTypeIdentifier_HandlesShapesCorrectly(container: &quot;TSet&lt;Foo&gt;&quot;, expected: &quot;Foo&quot;)" computerName="BENNET_3DPACT" duration="00:00:00.0000024" startTime="2026-05-21T14:47:33.5056696+02:00" endTime="2026-05-21T14:47:33.5057269+02:00" testType="13cdc9d9-ddb5-4fa4-a97d-d965ccfc6d4b" outcome="Passed" testListId="8c84fa94-04c1-424b-9868-57a2d4851a1d" relativeResultsDirectory="eb964450-8b4a-4819-a7c3-f46d1a64b44a" />
    <UnitTestResult executionId="73553ef3-ec09-4cfe-95a0-01added27982" testId="c5e2192b-0b9c-fc60-7aef-581ebe6b07f0" testName="Simgenics.XPact.XHT.Tests.Tests.Core.DiagnosticRecordTests.WriteJson_OmitsOptionalFields_WhenNull" computerName="BENNET_3DPACT" duration="00:00:00.0001614" startTime="2026-05-21T14:47:33.5183151+02:00" endTime="2026-05-21T14:47:33.5199749+02:00" testType="13cdc9d9-ddb5-4fa4-a97d-d965ccfc6d4b" outcome="Passed" testListId="8c84fa94-04c1-424b-9868-57a2d4851a1d" relativeResultsDirectory="73553ef3-ec09-4cfe-95a0-01added27982" />
    <UnitTestResult executionId="e10d19ec-ced1-4a79-8fe6-90543d0922fa" testId="b84127b1-b8b7-c820-465a-5cd2c6e77f84" testName="Simgenics.XPact.XHT.Tests.Tests.Entry.ParseModuleModeTests.Execute_ModuleNotInManifest_ThrowsManifestMalformed" computerName="BENNET_3DPACT" duration="00:00:00.0047723" startTime="2026-05-21T14:47:40.1177138+02:00" endTime="2026-05-21T14:47:40.1218976+02:00" testType="13cdc9d9-ddb5-4fa4-a97d-d965ccfc6d4b" outcome="Passed" testListId="8c84fa94-04c1-424b-9868-57a2d4851a1d" relativeResultsDirectory="e10d19ec-ced1-4a79-8fe6-90543d0922fa" />
    <UnitTestResult executionId="39b32d79-0ee0-48d6-9b91-1c4395f0348e" testId="de55ccbb-767d-eb0d-8466-3b9c7514f84e" testName="Simgenics.XPact.XHT.Tests.Tests.Emitter.SymbolNamingTests.FileId_OtherSuffixes_AtSameSite_MatchExample" computerName="BENNET_3DPACT" duration="00:00:00.0002268" startTime="2026-05-21T14:47:33.4868341+02:00" endTime="2026-05-21T14:47:33.4885113+02:00" testType="13cdc9d9-ddb5-4fa4-a97d-d965ccfc6d4b" outcome="Passed" testListId="8c84fa94-04c1-424b-9868-57a2d4851a1d" relativeResultsDirectory="39b32d79-0ee0-48d6-9b91-1c4395f0348e" />
    <UnitTestResult executionId="be041ede-a05e-4a07-b4e5-5edb41e12a14" testId="c957a4da-7a74-dc8d-6e91-d26022197bec" testName="Simgenics.XPact.XHT.Tests.Tests.Resolver.StepResolvePropertiesTests.TMap_WithComplexKey_StillResolvesValueSide" computerName="BENNET_3DPACT" duration="00:00:00.0002589" startTime="2026-05-21T14:47:33.5133252+02:00" endTime="2026-05-21T14:47:33.5139939+02:00" testType="13cdc9d9-ddb5-4fa4-a97d-d965ccfc6d4b" outcome="Passed" testListId="8c84fa94-04c1-424b-9868-57a2d4851a1d" relativeResultsDirectory="be041ede-a05e-4a07-b4e5-5edb41e12a14" />
    <UnitTestResult executionId="f17591e4-85d1-443a-9f0c-cedbc2e4e54c" testId="2720afab-eccf-28e7-9ca6-7b3f9098cd0a" testName="Simgenics.XPact.XHT.Tests.Tests.Tables.CppKeywordTableTests.Lookup_ReturnsKindForKnownKeyword(spelling: &quot;static&quot;, expectedKind: StorageClass)" computerName="BENNET_3DPACT" duration="00:00:00.0000032" startTime="2026-05-21T14:47:33.5188566+02:00" endTime="2026-05-21T14:47:33.5189001+02:00" testType="13cdc9d9-ddb5-4fa4-a97d-d965ccfc6d4b" outcome="Passed" testListId="8c84fa94-04c1-424b-9868-57a2d4851a1d" relativeResultsDirectory="f17591e4-85d1-443a-9f0c-cedbc2e4e54c" />
    <UnitTestResult executionId="868c7af3-127a-416a-be37-63cef8445cb2" testId="5b8b0ef1-5d87-454a-bc38-d41869005fba" testName="Simgenics.XPact.XHT.Tests.Tests.Resolver.StepResolvePairingsTests.Interface_WithExplicitPairedClass_Pairs" computerName="BENNET_3DPACT" duration="00:00:00.0008141" startTime="2026-05-21T14:47:33.4741583+02:00" endTime="2026-05-21T14:47:33.4767169+02:00" testType="13cdc9d9-ddb5-4fa4-a97d-d965ccfc6d4b" outcome="Passed" testListId="8c84fa94-04c1-424b-9868-57a2d4851a1d" relativeResultsDirectory="868c7af3-127a-416a-be37-63cef8445cb2" />
    <UnitTestResult executionId="2c2e6ff5-3a46-462a-a821-f08a9cc3836c" testId="7be1284d-8262-6bb2-afed-d2dcd2cae452" testName="Simgenics.XPact.XHT.Tests.Tests.Resolver.StepResolvePairingsTests.Interface_WithMissingPairedClass_EmitsXht100" computerName="BENNET_3DPACT" duration="00:00:00.0004495" startTime="2026-05-21T14:47:33.4727007+02:00" endTime="2026-05-21T14:47:33.4739491+02:00" testType="13cdc9d9-ddb5-4fa4-a97d-d965ccfc6d4b" outcome="Passed" testListId="8c84fa94-04c1-424b-9868-57a2d4851a1d" relativeResultsDirectory="2c2e6ff5-3a46-462a-a821-f08a9cc3836c" />
    <UnitTestResult executionId="347102e8-f966-47f4-b29c-d733b93ba130" testId="9c33bc1a-ec68-7bdc-465b-09549bc2e677" testName="Simgenics.XPact.XHT.Tests.Tests.Emitter.LogicalPathSplitterTests.Split_BackslashesNormalised_ToForwardSlash" computerName="BENNET_3DPACT" duration="00:00:00.0125442" startTime="2026-05-21T14:47:33.4795013+02:00" endTime="2026-05-21T14:47:33.4803653+02:00" testType="13cdc9d9-ddb5-4fa4-a97d-d965ccfc6d4b" outcome="Passed" testListId="8c84fa94-04c1-424b-9868-57a2d4851a1d" relativeResultsDirectory="347102e8-f966-47f4-b29c-d733b93ba130" />
    <UnitTestResult executionId="108e7d06-4759-48c6-9d1f-9174c3b9708d" testId="391f1c6e-f0b2-4a44-4680-dcea6a7894bd" testName="Simgenics.XPact.XHT.Tests.Tests.Tables.CppKeywordTableTests.IsXhtMarker_TrueForLockedMarkerVocabulary_PerContractSection11(marker: &quot;XPROPERTY&quot;)" computerName="BENNET_3DPACT" duration="00:00:00.0000045" startTime="2026-05-21T14:47:33.5107047+02:00" endTime="2026-05-21T14:47:33.5107743+02:00" testType="13cdc9d9-ddb5-4fa4-a97d-d965ccfc6d4b" outcome="Passed" testListId="8c84fa94-04c1-424b-9868-57a2d4851a1d" relativeResultsDirectory="108e7d06-4759-48c6-9d1f-9174c3b9708d" />
    <UnitTestResult executionId="3513b285-74ec-4797-a852-2ec900fc9a99" testId="7a39cd04-9e39-4564-a5c1-0c8c57d9542e" testName="Simgenics.XPact.XHT.Tests.Tests.Core.AtomicFileTests.WriteAllText_EmptyContentProducesEmptyFile" computerName="BENNET_3DPACT" duration="00:00:00.0056168" startTime="2026-05-21T14:47:33.5411239+02:00" endTime="2026-05-21T14:47:33.5507550+02:00" testType="13cdc9d9-ddb5-4fa4-a97d-d965ccfc6d4b" outcome="Passed" testListId="8c84fa94-04c1-424b-9868-57a2d4851a1d" relativeResultsDirectory="3513b285-74ec-4797-a852-2ec900fc9a99" />
    <UnitTestResult executionId="4fc420bd-afb2-4556-bb50-b8d20bd8eea5" testId="0f112f35-4db6-cde6-b4d3-51e967b9b26e" testName="Simgenics.XPact.XHT.Tests.Tests.Manifest.GenManifestWriterTests.Render_BadSchemaVersion_Throws" computerName="BENNET_3DPACT" duration="00:00:00.0026880" startTime="2026-05-21T14:47:33.5512316+02:00" endTime="2026-05-21T14:47:33.5513010+02:00" testType="13cdc9d9-ddb5-4fa4-a97d-d965ccfc6d4b" outcome="Passed" testListId="8c84fa94-04c1-424b-9868-57a2d4851a1d" relativeResultsDirectory="4fc420bd-afb2-4556-bb50-b8d20bd8eea5" />
    <UnitTestResult executionId="1cf6f57f-4000-47bd-9ca8-600396bf38cd" testId="bdee3a5c-e850-45a0-19c3-bb721ebaef76" testName="Simgenics.XPact.XHT.Tests.Tests.Resolver.ResolverPipelineTests.Diagnostics_ModuleField_PopulatedToConsumerModule" computerName="BENNET_3DPACT" duration="00:00:00.0347977" startTime="2026-05-21T14:47:33.3483389+02:00" endTime="2026-05-21T14:47:33.4672365+02:00" testType="13cdc9d9-ddb5-4fa4-a97d-d965ccfc6d4b" outcome="Passed" testListId="8c84fa94-04c1-424b-9868-57a2d4851a1d" relativeResultsDirectory="1cf6f57f-4000-47bd-9ca8-600396bf38cd" />
    <UnitTestResult executionId="7a7ab68b-af8c-4b0d-a538-4ac9ced2e37b" testId="ee81059f-9f01-ba0c-9dc2-4385851ee899" testName="Simgenics.XPact.XHT.Tests.Tests.Parser.CppTokenizerTests.CharLiteral_WithEscape_OK" computerName="BENNET_3DPACT" duration="00:00:00.0002906" startTime="2026-05-21T14:47:33.4843676+02:00" endTime="2026-05-21T14:47:33.4854910+02:00" testType="13cdc9d9-ddb5-4fa4-a97d-d965ccfc6d4b" outcome="Passed" testListId="8c84fa94-04c1-424b-9868-57a2d4851a1d" relativeResultsDirectory="7a7ab68b-af8c-4b0d-a538-4ac9ced2e37b" />
    <UnitTestResult executionId="5985c555-3794-4b71-a948-fe8644c4af17" testId="6c2928e0-67a2-d6db-9b3a-22253d68e31f" testName="Simgenics.XPact.XHT.Tests.Tests.Core.Blake3HashTests.CopyTo_AndBack_RoundTrips" computerName="BENNET_3DPACT" duration="00:00:00.0004990" startTime="2026-05-21T14:47:33.4041454+02:00" endTime="2026-05-21T14:47:33.4066649+02:00" testType="13cdc9d9-ddb5-4fa4-a97d-d965ccfc6d4b" outcome="Passed" testListId="8c84fa94-04c1-424b-9868-57a2d4851a1d" relativeResultsDirectory="5985c555-3794-4b71-a948-fe8644c4af17" />
    <UnitTestResult executionId="2b4c09c5-1eac-412b-aded-78f6d29cfc4c" testId="aa9ac533-9864-7776-95da-b6eaa4033afb" testName="Simgenics.XPact.XHT.Tests.Tests.Parser.CSharpMarkerWalkerTests.UnknownSpecifier_EmitsXHT110_ClassStillEmitted" computerName="BENNET_3DPACT" duration="00:00:00.0007861" startTime="2026-05-21T14:47:33.5576189+02:00" endTime="2026-05-21T14:47:33.5576443+02:00" testType="13cdc9d9-ddb5-4fa4-a97d-d965ccfc6d4b" outcome="Passed" testListId="8c84fa94-04c1-424b-9868-57a2d4851a1d" relativeResultsDirectory="2b4c09c5-1eac-412b-aded-78f6d29cfc4c" />
    <UnitTestResult executionId="388a787f-a292-4ca4-86c4-4391ca065005" testId="82fce1f5-2541-e926-c7fb-f1aab44f3216" testName="Simgenics.XPact.XHT.Tests.Tests.Parser.CppTokenizerTests.Punctuator_LongestMatchWins(source: &quot;||&quot;, expected: PipePipe)" computerName="BENNET_3DPACT" duration="00:00:00.0000036" startTime="2026-05-21T14:47:33.4276893+02:00" endTime="2026-05-21T14:47:33.4278293+02:00" testType="13cdc9d9-ddb5-4fa4-a97d-d965ccfc6d4b" outcome="Passed" testListId="8c84fa94-04c1-424b-9868-57a2d4851a1d" relativeResultsDirectory="388a787f-a292-4ca4-86c4-4391ca065005" />
    <UnitTestResult executionId="6af6d4c9-4dc8-4da9-a599-f5733029b9af" testId="311f9cb2-904c-2d64-8e63-a036ffb2dcd2" testName="Simgenics.XPact.XHT.Tests.Tests.Tables.SpecifierRegistryTests.Register_AddsDefinitionAndAppearsInAllSpecifiers" computerName="BENNET_3DPACT" duration="00:00:00.0023035" startTime="2026-05-21T14:47:33.4086714+02:00" endTime="2026-05-21T14:47:33.4181749+02:00" testType="13cdc9d9-ddb5-4fa4-a97d-d965ccfc6d4b" outcome="Passed" testListId="8c84fa94-04c1-424b-9868-57a2d4851a1d" relativeResultsDirectory="6af6d4c9-4dc8-4da9-a599-f5733029b9af" />
    <UnitTestResult executionId="412ccea2-f645-4f8f-9507-2cb97e65ed62" testId="ffda747b-f20d-5a3e-5e94-91332a079691" testName="Simgenics.XPact.XHT.Tests.Tests.Parser.CSharpMarkerWalkerTests.XParam_AttributeOnParameter_CapturedSpecifiers" computerName="BENNET_3DPACT" duration="00:00:00.0088377" startTime="2026-05-21T14:47:33.5595105+02:00" endTime="2026-05-21T14:47:33.5598125+02:00" testType="13cdc9d9-ddb5-4fa4-a97d-d965ccfc6d4b" outcome="Passed" testListId="8c84fa94-04c1-424b-9868-57a2d4851a1d" relativeResultsDirectory="412ccea2-f645-4f8f-9507-2cb97e65ed62" />
    <UnitTestResult executionId="256975a5-83fc-4442-8647-d77eac59986a" testId="1cb19c6f-d146-701d-5c6d-3c1935c34f8a" testName="Simgenics.XPact.XHT.Tests.Tests.Tables.BuiltInSpecifiersTests.All_HasNoDuplicateNames" computerName="BENNET_3DPACT" duration="00:00:00.0095325" startTime="2026-05-21T14:47:33.3508277+02:00" endTime="2026-05-21T14:47:33.3580052+02:00" testType="13cdc9d9-ddb5-4fa4-a97d-d965ccfc6d4b" outcome="Passed" testListId="8c84fa94-04c1-424b-9868-57a2d4851a1d" relativeResultsDirectory="256975a5-83fc-4442-8647-d77eac59986a" />
    <UnitTestResult executionId="02ac01e6-28b4-452e-b32a-81aaeadea611" testId="b7984faf-fce5-f2e9-fcd6-63b2261cf362" testName="Simgenics.XPact.XHT.Tests.Tests.Parser.CSharpMarkerWalkerTests.XClass_MultipleSpecifiers_AllRecorded" computerName="BENNET_3DPACT" duration="00:00:00.0013577" startTime="2026-05-21T14:47:33.5535079+02:00" endTime="2026-05-21T14:47:33.5535445+02:00" testType="13cdc9d9-ddb5-4fa4-a97d-d965ccfc6d4b" outcome="Passed" testListId="8c84fa94-04c1-424b-9868-57a2d4851a1d" relativeResultsDirectory="02ac01e6-28b4-452e-b32a-81aaeadea611" />
    <UnitTestResult executionId="343dcd4d-ef41-4c1e-8d76-a42be9f7d705" testId="d96d135c-0296-632c-ac3a-fc991ef1c5df" testName="Simgenics.XPact.XHT.Tests.Tests.Parser.CppTokenizerTests.XhtMarker_AllTenLockedMarkersAreRecognised(marker: &quot;XPARAM&quot;)" computerName="BENNET_3DPACT" duration="00:00:00.0000053" startTime="2026-05-21T14:47:33.4038619+02:00" endTime="2026-05-21T14:47:33.4039843+02:00" testType="13cdc9d9-ddb5-4fa4-a97d-d965ccfc6d4b" outcome="Passed" testListId="8c84fa94-04c1-424b-9868-57a2d4851a1d" relativeResultsDirectory="343dcd4d-ef41-4c1e-8d76-a42be9f7d705" />
    <UnitTestResult executionId="b78a8546-5898-4d4f-989e-022f1c4cd969" testId="78be3ab8-6913-f5b5-1650-c7421f6a9017" testName="Simgenics.XPact.XHT.Tests.Tests.Parser.CSharpMarkerWalkerTests.XClass_GenericAttributeForm_EmitsXHT044_AndIsNotAccepted" computerName="BENNET_3DPACT" duration="00:00:00.0006621" startTime="2026-05-21T14:47:33.5618973+02:00" endTime="2026-05-21T14:47:33.5626789+02:00" testType="13cdc9d9-ddb5-4fa4-a97d-d965ccfc6d4b" outcome="Passed" testListId="8c84fa94-04c1-424b-9868-57a2d4851a1d" relativeResultsDirectory="b78a8546-5898-4d4f-989e-022f1c4cd969" />
    <UnitTestResult executionId="9f86d742-0d0a-42ae-bf4a-932714e00b93" testId="5eaa845f-c929-a83c-b5c4-85169e272a0e" testName="Simgenics.XPact.XHT.Tests.Tests.Manifest.XbtManifestReaderTests.Read_TooLargeFile_ThrowsManifestMalformedException" computerName="BENNET_3DPACT" duration="00:00:00.0011126" startTime="2026-05-21T14:47:33.5626512+02:00" endTime="2026-05-21T14:47:33.5629332+02:00" testType="13cdc9d9-ddb5-4fa4-a97d-d965ccfc6d4b" outcome="Passed" testListId="8c84fa94-04c1-424b-9868-57a2d4851a1d" relativeResultsDirectory="9f86d742-0d0a-42ae-bf4a-932714e00b93" />
    <UnitTestResult executionId="d574593a-702a-474e-bfeb-fc04862c00a4" testId="20c99f36-da8c-3f8b-3e86-25b8793da729" testName="Simgenics.XPact.XHT.Tests.Tests.Parser.CppTokenizerTests.CharLiteral_PlainSingleQuote_OK" computerName="BENNET_3DPACT" duration="00:00:00.0001383" startTime="2026-05-21T14:47:33.4902846+02:00" endTime="2026-05-21T14:47:33.4910696+02:00" testType="13cdc9d9-ddb5-4fa4-a97d-d965ccfc6d4b" outcome="Passed" testListId="8c84fa94-04c1-424b-9868-57a2d4851a1d" relativeResultsDirectory="d574593a-702a-474e-bfeb-fc04862c00a4" />
    <UnitTestResult executionId="038d330a-4077-4632-ac83-81581b0450d7" testId="43ac6d73-6f0c-91fb-1cbf-3921e1b2e789" testName="Simgenics.XPact.XHT.Tests.Tests.Manifest.GenManifestReaderTests.Parse_DiagnosticsEntry_EscapedNewline_UnescapesCorrectly" computerName="BENNET_3DPACT" duration="00:00:00.0021884" startTime="2026-05-21T14:47:33.5492724+02:00" endTime="2026-05-21T14:47:33.5510303+02:00" testType="13cdc9d9-ddb5-4fa4-a97d-d965ccfc6d4b" outcome="Passed" testListId="8c84fa94-04c1-424b-9868-57a2d4851a1d" relativeResultsDirectory="038d330a-4077-4632-ac83-81581b0450d7" />
    <UnitTestResult executionId="159e779d-2f87-474e-9366-387bcd76f9c6" testId="f0adc79f-5640-3836-a03c-4f14105dc1b1" testName="Simgenics.XPact.XHT.Tests.Tests.Parser.CSharpSpecifierExtractorTests.MalformedExpression_EmitsSyntaxError_OtherSpecifiersStillExtracted" computerName="BENNET_3DPACT" duration="00:00:00.0004213" startTime="2026-05-21T14:47:33.5540565+02:00" endTime="2026-05-21T14:47:33.5542017+02:00" testType="13cdc9d9-ddb5-4fa4-a97d-d965ccfc6d4b" outcome="Passed" testListId="8c84fa94-04c1-424b-9868-57a2d4851a1d" relativeResultsDirectory="159e779d-2f87-474e-9366-387bcd76f9c6" />
    <UnitTestResult executionId="ec350bb5-a4f4-44cc-a4c3-0f3983d2442a" testId="62081558-aedd-fba5-e2f3-6d6e36f4a208" testName="Simgenics.XPact.XHT.Tests.Tests.Manifest.GenManifestReaderTests.Read_RoundTripsThroughDiskViaWriter" computerName="BENNET_3DPACT" duration="00:00:00.0101463" startTime="2026-05-21T14:47:33.4877967+02:00" endTime="2026-05-21T14:47:33.5188116+02:00" testType="13cdc9d9-ddb5-4fa4-a97d-d965ccfc6d4b" outcome="Passed" testListId="8c84fa94-04c1-424b-9868-57a2d4851a1d" relativeResultsDirectory="ec350bb5-a4f4-44cc-a4c3-0f3983d2442a" />
    <UnitTestResult executionId="d0480238-f769-4e7b-9cd2-05f3563cf8be" testId="d971d947-69b3-b438-0794-ba7d3e5e027e" testName="Simgenics.XPact.XHT.Tests.Tests.Emitter.CrossToolNamingContractTests.ModuleInitFileName_XhtAndXbt_Match(moduleName: &quot;XScoring&quot;, generatedBase: null)" computerName="BENNET_3DPACT" duration="00:00:00.0000067" startTime="2026-05-21T14:47:33.4785989+02:00" endTime="2026-05-21T14:47:33.4786994+02:00" testType="13cdc9d9-ddb5-4fa4-a97d-d965ccfc6d4b" outcome="Passed" testListId="8c84fa94-04c1-424b-9868-57a2d4851a1d" relativeResultsDirectory="d0480238-f769-4e7b-9cd2-05f3563cf8be" />
    <UnitTestResult executionId="9e9462e1-5616-407a-bda7-eb5a9adc873d" testId="74507f9a-c2ec-5b1e-86da-ca213f62532c" testName="Simgenics.XPact.XHT.Tests.Tests.Entry.ParseModuleModeTests.Execute_ValidManifestAndModule_ReturnsSuccess_AndWritesTokensBin" computerName="BENNET_3DPACT" duration="00:00:00.0092820" startTime="2026-05-21T14:47:40.1233009+02:00" endTime="2026-05-21T14:47:40.1326528+02:00" testType="13cdc9d9-ddb5-4fa4-a97d-d965ccfc6d4b" outcome="Passed" testListId="8c84fa94-04c1-424b-9868-57a2d4851a1d" relativeResultsDirectory="9e9462e1-5616-407a-bda7-eb5a9adc873d" />
    <UnitTestResult executionId="ff05860a-738a-4bef-bd9a-589810a8deaf" testId="538400ae-95c8-1038-a783-54288fead8df" testName="Simgenics.XPact.XHT.Tests.Tests.Manifest.XbtManifestReaderTests.FindModule_IsCaseSensitive" computerName="BENNET_3DPACT" duration="00:00:00.0008875" startTime="2026-05-21T14:47:33.5613197+02:00" endTime="2026-05-21T14:47:33.5613701+02:00" testType="13cdc9d9-ddb5-4fa4-a97d-d965ccfc6d4b" outcome="Passed" testListId="8c84fa94-04c1-424b-9868-57a2d4851a1d" relativeResultsDirectory="ff05860a-738a-4bef-bd9a-589810a8deaf" />
    <UnitTestResult executionId="afe293cd-c185-4b57-920e-0913942119ae" testId="a7bd5be2-412e-d4ce-0649-fff5fad8e39c" testName="Simgenics.XPact.XHT.Tests.Tests.Core.StringUtilsTests.StripCppPrefix_IsNoOp(input: &quot;XActor&quot;)" computerName="BENNET_3DPACT" duration="00:00:00.0000019" startTime="2026-05-21T14:47:33.5292871+02:00" endTime="2026-05-21T14:47:33.5293131+02:00" testType="13cdc9d9-ddb5-4fa4-a97d-d965ccfc6d4b" outcome="Passed" testListId="8c84fa94-04c1-424b-9868-57a2d4851a1d" relativeResultsDirectory="afe293cd-c185-4b57-920e-0913942119ae" />
    <UnitTestResult executionId="81969aec-6505-40d2-8b7a-577f1c82aea9" testId="50858eed-192c-33a7-018c-e371c66bde56" testName="Simgenics.XPact.XHT.Tests.Tests.Parser.CppTokenizerTests.Determinism_TwoRunsOverSameInput_ProduceIdenticalTokenStream" computerName="BENNET_3DPACT" duration="00:00:00.0004019" startTime="2026-05-21T14:47:33.4753356+02:00" endTime="2026-05-21T14:47:33.4768709+02:00" testType="13cdc9d9-ddb5-4fa4-a97d-d965ccfc6d4b" outcome="Passed" testListId="8c84fa94-04c1-424b-9868-57a2d4851a1d" relativeResultsDirectory="81969aec-6505-40d2-8b7a-577f1c82aea9" />
    <UnitTestResult executionId="d23b465e-048c-42f4-ad0d-8bc899a92daa" testId="8b90367d-3915-6a49-b27b-e306661df1df" testName="Simgenics.XPact.XHT.Tests.Tests.Parser.CppTokenizerTests.RawString_NamedDelimiterAndEmbeddedQuote_OK" computerName="BENNET_3DPACT" duration="00:00:00.0001618" startTime="2026-05-21T14:47:33.5004181+02:00" endTime="2026-05-21T14:47:33.5006172+02:00" testType="13cdc9d9-ddb5-4fa4-a97d-d965ccfc6d4b" outcome="Passed" testListId="8c84fa94-04c1-424b-9868-57a2d4851a1d" relativeResultsDirectory="d23b465e-048c-42f4-ad0d-8bc899a92daa" />
    <UnitTestResult executionId="f7fcc6b6-5379-423b-a01f-56723640ab76" testId="c41a315e-c98d-bee3-64b2-4022f82dbee5" testName="Simgenics.XPact.XHT.Tests.Tests.Resolver.StepBindSuperAndBasesTests.StructSuper_Resolves_PopulatesResolvedSupers" computerName="BENNET_3DPACT" duration="00:00:00.0003602" startTime="2026-05-21T14:47:33.5049331+02:00" endTime="2026-05-21T14:47:33.5052329+02:00" testType="13cdc9d9-ddb5-4fa4-a97d-d965ccfc6d4b" outcome="Passed" testListId="8c84fa94-04c1-424b-9868-57a2d4851a1d" relativeResultsDirectory="f7fcc6b6-5379-423b-a01f-56723640ab76" />
    <UnitTestResult executionId="a1ac479e-dd05-4798-8aa3-ece6700bc4b5" testId="5cbd8d4e-4cc5-e12b-2f0c-52f97597de33" testName="Simgenics.XPact.XHT.Tests.Tests.Emitter.ModuleEmitterTests.EmitModule_GenManifest_HasInputsAndGeneratedSectionsPopulated" computerName="BENNET_3DPACT" duration="00:00:00.0178418" startTime="2026-05-21T14:47:40.2011460+02:00" endTime="2026-05-21T14:47:40.2186784+02:00" testType="13cdc9d9-ddb5-4fa4-a97d-d965ccfc6d4b" outcome="Passed" testListId="8c84fa94-04c1-424b-9868-57a2d4851a1d" relativeResultsDirectory="a1ac479e-dd05-4798-8aa3-ece6700bc4b5" />
    <UnitTestResult executionId="3f5c5759-a97f-4a54-b9ac-433e0093aa3b" testId="6577230d-b296-1225-95fd-59922d7fc4ae" testName="Simgenics.XPact.XHT.Tests.Tests.Resolver.ResolverPipelineTests.ResolveUpTo_ResolveBases_PopulatesInterfacesAndWithin" computerName="BENNET_3DPACT" duration="00:00:00.0031078" startTime="2026-05-21T14:47:33.4673112+02:00" endTime="2026-05-21T14:47:33.4728982+02:00" testType="13cdc9d9-ddb5-4fa4-a97d-d965ccfc6d4b" outcome="Passed" testListId="8c84fa94-04c1-424b-9868-57a2d4851a1d" relativeResultsDirectory="3f5c5759-a97f-4a54-b9ac-433e0093aa3b" />
    <UnitTestResult executionId="53aee414-f8ec-4c18-9c15-550359d3032d" testId="ad7c8c34-2aeb-4f8e-7da4-84e7428a9d70" testName="Simgenics.XPact.XHT.Tests.Tests.Parser.CSharpMarkerWalkerTests.XFunction_StaticModifier_RecognizedAsIsStatic" computerName="BENNET_3DPACT" duration="00:00:00.0006179" startTime="2026-05-21T14:47:33.5642308+02:00" endTime="2026-05-21T14:47:33.5642694+02:00" testType="13cdc9d9-ddb5-4fa4-a97d-d965ccfc6d4b" outcome="Passed" testListId="8c84fa94-04c1-424b-9868-57a2d4851a1d" relativeResultsDirectory="53aee414-f8ec-4c18-9c15-550359d3032d" />
    <UnitTestResult executionId="d7f16a8b-459d-41a9-83f0-c3027d40f9bc" testId="d709da0a-6dd1-f224-9abb-cd7947432c60" testName="Simgenics.XPact.XHT.Tests.Tests.Parser.CppTokenizerTests.Integer_VariousForms_OK(source: &quot;0b1010&quot;, kind: IntegerLiteral)" computerName="BENNET_3DPACT" duration="00:00:00.0014643" startTime="2026-05-21T14:47:33.4065721+02:00" endTime="2026-05-21T14:47:33.4101024+02:00" testType="13cdc9d9-ddb5-4fa4-a97d-d965ccfc6d4b" outcome="Passed" testListId="8c84fa94-04c1-424b-9868-57a2d4851a1d" relativeResultsDirectory="d7f16a8b-459d-41a9-83f0-c3027d40f9bc" />
    <UnitTestResult executionId="a5f0622f-e188-4b3d-9212-a6d88de7d89b" testId="285c9ad9-4460-e3e4-59f0-28ac964bc484" testName="Simgenics.XPact.XHT.Tests.Tests.AST.SymbolTableTests.TryLookup_Miss_ReturnsFalseAndNullOut" computerName="BENNET_3DPACT" duration="00:00:00.0002626" startTime="2026-05-21T14:47:33.5405771+02:00" endTime="2026-05-21T14:47:33.5406033+02:00" testType="13cdc9d9-ddb5-4fa4-a97d-d965ccfc6d4b" outcome="Passed" testListId="8c84fa94-04c1-424b-9868-57a2d4851a1d" relativeResultsDirectory="a5f0622f-e188-4b3d-9212-a6d88de7d89b" />
    <UnitTestResult executionId="7681573d-dbf9-4cc8-ab66-e7fdd553812d" testId="509b8670-de40-7fbc-5bc9-4cab27b76627" testName="Simgenics.XPact.XHT.Tests.Tests.Resolver.ResolverPipelineTests.Diagnostics_AccessibleFromContextAndReturnValue_AreSame" computerName="BENNET_3DPACT" duration="00:00:00.0004775" startTime="2026-05-21T14:47:33.4732100+02:00" endTime="2026-05-21T14:47:33.4742535+02:00" testType="13cdc9d9-ddb5-4fa4-a97d-d965ccfc6d4b" outcome="Passed" testListId="8c84fa94-04c1-424b-9868-57a2d4851a1d" relativeResultsDirectory="7681573d-dbf9-4cc8-ab66-e7fdd553812d" />
    <UnitTestResult executionId="2f773a3c-fbf4-438d-9e92-5e8e476d35aa" testId="0852d012-123f-74d1-8712-85c2c5d2863e" testName="Simgenics.XPact.XHT.Tests.Tests.Parser.CppTokenizerTests.LineComment_RetainedWhenSkipCommentsFalse" computerName="BENNET_3DPACT" duration="00:00:00.0003065" startTime="2026-05-21T14:47:33.4991047+02:00" endTime="2026-05-21T14:47:33.5001060+02:00" testType="13cdc9d9-ddb5-4fa4-a97d-d965ccfc6d4b" outcome="Passed" testListId="8c84fa94-04c1-424b-9868-57a2d4851a1d" relativeResultsDirectory="2f773a3c-fbf4-438d-9e92-5e8e476d35aa" />
    <UnitTestResult executionId="a57a09a8-8cf6-41a7-986f-3e3f78831cd6" testId="7d2372c7-c386-56e7-b35c-ad165f4430a4" testName="Simgenics.XPact.XHT.Tests.Tests.Manifest.GenManifestWriterTests.Render_InvalidHash_UppercaseHex_Throws" computerName="BENNET_3DPACT" duration="00:00:00.0017714" startTime="2026-05-21T14:47:33.4731855+02:00" endTime="2026-05-21T14:47:33.4786115+02:00" testType="13cdc9d9-ddb5-4fa4-a97d-d965ccfc6d4b" outcome="Passed" testListId="8c84fa94-04c1-424b-9868-57a2d4851a1d" relativeResultsDirectory="a57a09a8-8cf6-41a7-986f-3e3f78831cd6" />
    <UnitTestResult executionId="f1a9d248-458a-4d15-915e-72dd3bb157c6" testId="21e4b6ce-59d7-6f2b-cc3a-63bae8d6279d" testName="Simgenics.XPact.XHT.Tests.Tests.Tables.XhtEngineClassTableTests.Lookup_Null_Throws" computerName="BENNET_3DPACT" duration="00:00:00.0001710" startTime="2026-05-21T14:47:33.5040837+02:00" endTime="2026-05-21T14:47:33.5041539+02:00" testType="13cdc9d9-ddb5-4fa4-a97d-d965ccfc6d4b" outcome="Passed" testListId="8c84fa94-04c1-424b-9868-57a2d4851a1d" relativeResultsDirectory="f1a9d248-458a-4d15-915e-72dd3bb157c6" />
    <UnitTestResult executionId="7a3f8c2a-f07f-49c3-b7c2-5d43e6e4b0c6" testId="89120945-9b14-76a0-d189-8a2dbfb557a8" testName="Simgenics.XPact.XHT.Tests.Tests.Parser.CppTokenizerTests.HashHash_NotAtLineStart_TokenisedAsPunctuator" computerName="BENNET_3DPACT" duration="00:00:00.0001275" startTime="2026-05-21T14:47:33.4976209+02:00" endTime="2026-05-21T14:47:33.4977609+02:00" testType="13cdc9d9-ddb5-4fa4-a97d-d965ccfc6d4b" outcome="Passed" testListId="8c84fa94-04c1-424b-9868-57a2d4851a1d" relativeResultsDirectory="7a3f8c2a-f07f-49c3-b7c2-5d43e6e4b0c6" />
    <UnitTestResult executionId="908682bf-5a4d-4f0e-a297-52cf2b23cc98" testId="e770ede7-52a6-d786-4b55-98e8728a2edd" testName="Simgenics.XPact.XHT.Tests.Tests.Parser.CppTokenizerTests.StringLiteral_PrefixedForms_TokenisedAsStringLiteral" computerName="BENNET_3DPACT" duration="00:00:00.0002617" startTime="2026-05-21T14:47:33.4782538+02:00" endTime="2026-05-21T14:47:33.4793049+02:00" testType="13cdc9d9-ddb5-4fa4-a97d-d965ccfc6d4b" outcome="Passed" testListId="8c84fa94-04c1-424b-9868-57a2d4851a1d" relativeResultsDirectory="908682bf-5a4d-4f0e-a297-52cf2b23cc98" />
    <UnitTestResult executionId="f9961a6f-9663-4c2b-a0a4-4fdbe926a127" testId="0859265e-18a8-7b94-f2bd-6f447c372a98" testName="Simgenics.XPact.XHT.Tests.Tests.Parser.CrossLanguageParserTests.CppAndCSharp_DifferentSpellings_BothRegister" computerName="BENNET_3DPACT" duration="00:00:00.0002161" startTime="2026-05-21T14:47:33.5569941+02:00" endTime="2026-05-21T14:47:33.5570271+02:00" testType="13cdc9d9-ddb5-4fa4-a97d-d965ccfc6d4b" outcome="Passed" testListId="8c84fa94-04c1-424b-9868-57a2d4851a1d" relativeResultsDirectory="f9961a6f-9663-4c2b-a0a4-4fdbe926a127" />
    <UnitTestResult executionId="63ca2310-ff7e-4d39-a090-8240a48b0129" testId="3dc2d11e-8766-6b51-29d5-154476d5558b" testName="Simgenics.XPact.XHT.Tests.Tests.Core.DiagnosticRecordTests.WriteJson_IncludesContextWhenPresent" computerName="BENNET_3DPACT" duration="00:00:00.0003166" startTime="2026-05-21T14:47:33.5201336+02:00" endTime="2026-05-21T14:47:33.5201691+02:00" testType="13cdc9d9-ddb5-4fa4-a97d-d965ccfc6d4b" outcome="Passed" testListId="8c84fa94-04c1-424b-9868-57a2d4851a1d" relativeResultsDirectory="63ca2310-ff7e-4d39-a090-8240a48b0129" />
    <UnitTestResult executionId="5651fecf-2a12-4904-805e-2477952fa2d2" testId="1c289317-51e0-aa46-9dd0-2abca1abe305" testName="Simgenics.XPact.XHT.Tests.Tests.Parser.CppMarkerScannerTests.XInterface_Basic_Registered" computerName="BENNET_3DPACT" duration="00:00:00.0007218" startTime="2026-05-21T14:47:33.4684832+02:00" endTime="2026-05-21T14:47:33.4697790+02:00" testType="13cdc9d9-ddb5-4fa4-a97d-d965ccfc6d4b" outcome="Passed" testListId="8c84fa94-04c1-424b-9868-57a2d4851a1d" relativeResultsDirectory="5651fecf-2a12-4904-805e-2477952fa2d2" />
    <UnitTestResult executionId="5de74b48-3107-4678-8527-c051b72e6f90" testId="09cb7c82-b743-eda6-b13c-771c7f45bd3e" testName="Simgenics.XPact.XHT.Tests.Tests.Tables.CppKeywordTableTests.IsXhtMarker_FalseForNonMarkers(spelling: &quot;&quot;)" computerName="BENNET_3DPACT" duration="00:00:00.0000054" startTime="2026-05-21T14:47:33.5147158+02:00" endTime="2026-05-21T14:47:33.5147798+02:00" testType="13cdc9d9-ddb5-4fa4-a97d-d965ccfc6d4b" outcome="Passed" testListId="8c84fa94-04c1-424b-9868-57a2d4851a1d" relativeResultsDirectory="5de74b48-3107-4678-8527-c051b72e6f90" />
    <UnitTestResult executionId="19003b33-e0a6-4d62-a029-4fa197ccb22a" testId="4c117043-e3da-c18e-1ae9-8748053930d6" testName="Simgenics.XPact.XHT.Tests.Tests.Entry.ValidateOnlyModeTests.Execute_ValidInputs_ReturnsSuccess" computerName="BENNET_3DPACT" duration="00:00:00.0044986" startTime="2026-05-21T14:47:40.3691436+02:00" endTime="2026-05-21T14:47:40.3736406+02:00" testType="13cdc9d9-ddb5-4fa4-a97d-d965ccfc6d4b" outcome="Passed" testListId="8c84fa94-04c1-424b-9868-57a2d4851a1d" relativeResultsDirectory="19003b33-e0a6-4d62-a029-4fa197ccb22a" />
    <UnitTestResult executionId="cb637e77-f0a8-4fc5-8841-d3f9099c7a32" testId="d93eb5e5-a9f7-c425-a9d5-c6f0516c52b9" testName="Simgenics.XPact.XHT.Tests.Tests.Parser.CppMarkerScannerTests.XClass_ConstStaticVirtualFunction_FlagsCaptured" computerName="BENNET_3DPACT" duration="00:00:00.0003944" startTime="2026-05-21T14:47:33.4628062+02:00" endTime="2026-05-21T14:47:33.4630420+02:00" testType="13cdc9d9-ddb5-4fa4-a97d-d965ccfc6d4b" outcome="Passed" testListId="8c84fa94-04c1-424b-9868-57a2d4851a1d" relativeResultsDirectory="cb637e77-f0a8-4fc5-8841-d3f9099c7a32" />
    <UnitTestResult executionId="d598d4c1-cebe-4e40-8ee4-2ff1ea4a0559" testId="1bbeefe2-5f16-6555-49c7-0240e56bfb14" testName="Simgenics.XPact.XHT.Tests.Tests.Tables.CppKeywordTableTests.Lookup_ReturnsKindForKnownKeyword(spelling: &quot;class&quot;, expectedKind: Type)" computerName="BENNET_3DPACT" duration="00:00:00.0000029" startTime="2026-05-21T14:47:33.5172048+02:00" endTime="2026-05-21T14:47:33.5173440+02:00" testType="13cdc9d9-ddb5-4fa4-a97d-d965ccfc6d4b" outcome="Passed" testListId="8c84fa94-04c1-424b-9868-57a2d4851a1d" relativeResultsDirectory="d598d4c1-cebe-4e40-8ee4-2ff1ea4a0559" />
    <UnitTestResult executionId="3efb318c-2c1b-4191-8df8-ff37c6434a19" testId="d117aa09-0d0f-de50-73ed-57c0c566a577" testName="Simgenics.XPact.XHT.Tests.Tests.Core.AtomicFileTests.TwoWrites_AreByteIdentical_ForIdenticalInput" computerName="BENNET_3DPACT" duration="00:00:00.0206199" startTime="2026-05-21T14:47:33.4744653+02:00" endTime="2026-05-21T14:47:33.5051275+02:00" testType="13cdc9d9-ddb5-4fa4-a97d-d965ccfc6d4b" outcome="Passed" testListId="8c84fa94-04c1-424b-9868-57a2d4851a1d" relativeResultsDirectory="3efb318c-2c1b-4191-8df8-ff37c6434a19" />
    <UnitTestResult executionId="f8befea7-5099-4bd7-9e27-03ef6fe2f637" testId="a4d8b949-931c-afb1-b4d3-d770be228eb8" testName="Simgenics.XPact.XHT.Tests.Tests.Emitter.SymbolNamingTests.ConstInitSymbol_LockedExample_MatchesContractRev71" computerName="BENNET_3DPACT" duration="00:00:00.0002035" startTime="2026-05-21T14:47:33.4964991+02:00" endTime="2026-05-21T14:47:33.4967457+02:00" testType="13cdc9d9-ddb5-4fa4-a97d-d965ccfc6d4b" outcome="Passed" testListId="8c84fa94-04c1-424b-9868-57a2d4851a1d" relativeResultsDirectory="f8befea7-5099-4bd7-9e27-03ef6fe2f637" />
    <UnitTestResult executionId="33ffe1f3-e58a-4b25-bb41-6a0fc3cfbd90" testId="c21b49a0-fbfd-123d-4322-6140857310aa" testName="Simgenics.XPact.XHT.Tests.Tests.Parser.CppMarkerScannerTests.Namespace_FullyQualifiedNameComposedFromStack" computerName="BENNET_3DPACT" duration="00:00:00.0005071" startTime="2026-05-21T14:47:33.5329881+02:00" endTime="2026-05-21T14:47:33.5331143+02:00" testType="13cdc9d9-ddb5-4fa4-a97d-d965ccfc6d4b" outcome="Passed" testListId="8c84fa94-04c1-424b-9868-57a2d4851a1d" relativeResultsDirectory="33ffe1f3-e58a-4b25-bb41-6a0fc3cfbd90" />
    <UnitTestResult executionId="55339e57-e99d-4e56-a47f-7e299f6e7b66" testId="d04f8a44-1d71-e4b7-72af-6004742bbe5c" testName="Simgenics.XPact.XHT.Tests.Tests.Parser.CSharpMarkerWalkerTests.XClass_KeyEqValueSpecifier_Recorded" computerName="BENNET_3DPACT" duration="00:00:00.0005192" startTime="2026-05-21T14:47:33.5573063+02:00" endTime="2026-05-21T14:47:33.5573363+02:00" testType="13cdc9d9-ddb5-4fa4-a97d-d965ccfc6d4b" outcome="Passed" testListId="8c84fa94-04c1-424b-9868-57a2d4851a1d" relativeResultsDirectory="55339e57-e99d-4e56-a47f-7e299f6e7b66" />
    <UnitTestResult executionId="39966a59-3a6e-4d6f-acf1-a85a37afcb37" testId="f192a023-269e-6a01-c587-71fa20a8b78c" testName="Simgenics.XPact.XHT.Tests.Tests.Resolver.StepResolvePropertiesTests.ExtractInnerTypeIdentifier_HandlesShapesCorrectly(container: &quot;TArray&lt;TArray&lt;Foo&gt;&gt;&quot;, expected: &quot;TArray&lt;Foo&gt;&quot;)" computerName="BENNET_3DPACT" duration="00:00:00.0000024" startTime="2026-05-21T14:47:33.5070969+02:00" endTime="2026-05-21T14:47:33.5071307+02:00" testType="13cdc9d9-ddb5-4fa4-a97d-d965ccfc6d4b" outcome="Passed" testListId="8c84fa94-04c1-424b-9868-57a2d4851a1d" relativeResultsDirectory="39966a59-3a6e-4d6f-acf1-a85a37afcb37" />
    <UnitTestResult executionId="c528a5f3-e7dc-4df7-adb4-12d44dd18a3e" testId="da4e8df3-66f9-457c-1247-1565877a9d3d" testName="Simgenics.XPact.XHT.Tests.Tests.Core.LoggerTests.Info_WritesMsBuildLineToStderr_AndDoesNotIncrementCounters" computerName="BENNET_3DPACT" duration="00:00:00.0002044" startTime="2026-05-21T14:47:40.3687591+02:00" endTime="2026-05-21T14:47:40.3688087+02:00" testType="13cdc9d9-ddb5-4fa4-a97d-d965ccfc6d4b" outcome="Passed" testListId="8c84fa94-04c1-424b-9868-57a2d4851a1d" relativeResultsDirectory="c528a5f3-e7dc-4df7-adb4-12d44dd18a3e" />
    <UnitTestResult executionId="c10b08df-1c39-4aa7-9f61-a1f9ae2af2a4" testId="7e14feb0-1920-9c80-7117-a82055407d0d" testName="Simgenics.XPact.XHT.Tests.Tests.Emitter.SymbolNamingTests.SingletonGetter_AllRoles_HaveCorrectXKindToken" computerName="BENNET_3DPACT" duration="00:00:00.0005998" startTime="2026-05-21T14:47:33.4805279+02:00" endTime="2026-05-21T14:47:33.4821510+02:00" testType="13cdc9d9-ddb5-4fa4-a97d-d965ccfc6d4b" outcome="Passed" testListId="8c84fa94-04c1-424b-9868-57a2d4851a1d" relativeResultsDirectory="c10b08df-1c39-4aa7-9f61-a1f9ae2af2a4" />
    <UnitTestResult executionId="84fabd3c-f163-407b-9f75-8124bd905737" testId="4d62fd5b-505a-ebc5-4dc9-7a71ad16d9b0" testName="Simgenics.XPact.XHT.Tests.Tests.Resolver.StepBindSuperAndBasesTests.WrongKindSuper_EmitsXht104" computerName="BENNET_3DPACT" duration="00:00:00.0003357" startTime="2026-05-21T14:47:33.5066584+02:00" endTime="2026-05-21T14:47:33.5074894+02:00" testType="13cdc9d9-ddb5-4fa4-a97d-d965ccfc6d4b" outcome="Passed" testListId="8c84fa94-04c1-424b-9868-57a2d4851a1d" relativeResultsDirectory="84fabd3c-f163-407b-9f75-8124bd905737" />
    <UnitTestResult executionId="b348cd8f-0d03-4941-bcf5-6afa9188487d" testId="d900bc9f-9f3a-2954-2c13-667d1a3c9979" testName="Simgenics.XPact.XHT.Tests.Tests.Emitter.CrossToolNamingContractTests.GenHeaderFileName_XhtAndXbt_Match(headerRelative: &quot;Public\\XValve.h&quot;)" computerName="BENNET_3DPACT" duration="00:00:00.0002043" startTime="2026-05-21T14:47:33.4686679+02:00" endTime="2026-05-21T14:47:33.4686971+02:00" testType="13cdc9d9-ddb5-4fa4-a97d-d965ccfc6d4b" outcome="Passed" testListId="8c84fa94-04c1-424b-9868-57a2d4851a1d" relativeResultsDirectory="b348cd8f-0d03-4941-bcf5-6afa9188487d" />
    <UnitTestResult executionId="4a428686-6098-47be-8033-e28976434b6a" testId="b7848937-b8e1-202b-f867-cbecf41851d4" testName="Simgenics.XPact.XHT.Tests.Tests.Parser.CSharpMarkerWalkerTests.Parameter_RefModifier_MarkedAsRef" computerName="BENNET_3DPACT" duration="00:00:00.0008294" startTime="2026-05-21T14:47:33.5600668+02:00" endTime="2026-05-21T14:47:33.5601934+02:00" testType="13cdc9d9-ddb5-4fa4-a97d-d965ccfc6d4b" outcome="Passed" testListId="8c84fa94-04c1-424b-9868-57a2d4851a1d" relativeResultsDirectory="4a428686-6098-47be-8033-e28976434b6a" />
    <UnitTestResult executionId="08ae8c94-e531-46bd-ad61-fb0123a32403" testId="b8a7a250-c446-4ac8-948c-0b9d12c4667c" testName="Simgenics.XPact.XHT.Tests.Tests.Parser.CppTokenizerTests.Punctuator_LongestMatchWins(source: &quot;&lt;&lt;&quot;, expected: LessLess)" computerName="BENNET_3DPACT" duration="00:00:00.0000106" startTime="2026-05-21T14:47:33.4225305+02:00" endTime="2026-05-21T14:47:33.4226004+02:00" testType="13cdc9d9-ddb5-4fa4-a97d-d965ccfc6d4b" outcome="Passed" testListId="8c84fa94-04c1-424b-9868-57a2d4851a1d" relativeResultsDirectory="08ae8c94-e531-46bd-ad61-fb0123a32403" />
    <UnitTestResult executionId="80454b3d-abdf-4f01-aef8-3d2e4a567494" testId="b11589b2-94b6-20ea-7541-0ae8fec8775c" testName="Simgenics.XPact.XHT.Tests.Tests.Tables.CppKeywordTableTests.Lookup_ReturnsKindForKnownKeyword(spelling: &quot;nullptr&quot;, expectedKind: Other)" computerName="BENNET_3DPACT" duration="00:00:00.0001803" startTime="2026-05-21T14:47:33.5159981+02:00" endTime="2026-05-21T14:47:33.5161627+02:00" testType="13cdc9d9-ddb5-4fa4-a97d-d965ccfc6d4b" outcome="Passed" testListId="8c84fa94-04c1-424b-9868-57a2d4851a1d" relativeResultsDirectory="80454b3d-abdf-4f01-aef8-3d2e4a567494" />
    <UnitTestResult executionId="c8c10cfe-43a6-47c5-893c-9581628be1a6" testId="793d42b4-6ddb-a49c-d439-0248e3878965" testName="Simgenics.XPact.XHT.Tests.Tests.Emitter.CrossToolNamingContractTests.GenHeaderFileName_XhtAndXbt_Match(headerRelative: &quot;Private/Subdir/XValve.h&quot;)" computerName="BENNET_3DPACT" duration="00:00:00.0000073" startTime="2026-05-21T14:47:33.4687469+02:00" endTime="2026-05-21T14:47:33.4687744+02:00" testType="13cdc9d9-ddb5-4fa4-a97d-d965ccfc6d4b" outcome="Passed" testListId="8c84fa94-04c1-424b-9868-57a2d4851a1d" relativeResultsDirectory="c8c10cfe-43a6-47c5-893c-9581628be1a6" />
    <UnitTestResult executionId="64164af6-dd93-4ac2-a77b-830d502eb71e" testId="66be7ba7-399e-551c-dae6-df462cc8cdaa" testName="Simgenics.XPact.XHT.Tests.Tests.Resolver.StepResolvePairingsTests.Partials_FromExtraPartials_MergedIntoCanonical_Properly" computerName="BENNET_3DPACT" duration="00:00:00.0035989" startTime="2026-05-21T14:47:33.4614836+02:00" endTime="2026-05-21T14:47:33.4642021+02:00" testType="13cdc9d9-ddb5-4fa4-a97d-d965ccfc6d4b" outcome="Passed" testListId="8c84fa94-04c1-424b-9868-57a2d4851a1d" relativeResultsDirectory="64164af6-dd93-4ac2-a77b-830d502eb71e" />
    <UnitTestResult executionId="8b9cba63-e042-46f8-b8cf-c2988646ee2d" testId="3ac64b46-e99d-ea91-ab86-1e1bc6c88764" testName="Simgenics.XPact.XHT.Tests.Tests.Manifest.GenManifestReaderTests.Parse_ProducedAtUtcDeterministic_MustBeZero" computerName="BENNET_3DPACT" duration="00:00:00.0021429" startTime="2026-05-21T14:47:33.5190640+02:00" endTime="2026-05-21T14:47:33.5296514+02:00" testType="13cdc9d9-ddb5-4fa4-a97d-d965ccfc6d4b" outcome="Passed" testListId="8c84fa94-04c1-424b-9868-57a2d4851a1d" relativeResultsDirectory="8b9cba63-e042-46f8-b8cf-c2988646ee2d" />
    <UnitTestResult executionId="ebec851a-74a0-4460-9c69-fd2bd91542ec" testId="0062a792-c46d-b940-9ca6-8b6c5cf552d4" testName="Simgenics.XPact.XHT.Tests.Tests.Tables.CppKeywordTableTests.Lookup_ReturnsKindForKnownKeyword(spelling: &quot;public&quot;, expectedKind: AccessModifier)" computerName="BENNET_3DPACT" duration="00:00:00.0000029" startTime="2026-05-21T14:47:33.5182964+02:00" endTime="2026-05-21T14:47:33.5183779+02:00" testType="13cdc9d9-ddb5-4fa4-a97d-d965ccfc6d4b" outcome="Passed" testListId="8c84fa94-04c1-424b-9868-57a2d4851a1d" relativeResultsDirectory="ebec851a-74a0-4460-9c69-fd2bd91542ec" />
    <UnitTestResult executionId="be99de9a-1009-468b-833c-9825cc00d107" testId="7eb120f7-64a9-490c-8ebc-d98d40345c7f" testName="Simgenics.XPact.XHT.Tests.Tests.Parser.CppTokenizerTests.BlockComment_IsSkippedByDefault" computerName="BENNET_3DPACT" duration="00:00:00.0001194" startTime="2026-05-21T14:47:33.4864120+02:00" endTime="2026-05-21T14:47:33.4878980+02:00" testType="13cdc9d9-ddb5-4fa4-a97d-d965ccfc6d4b" outcome="Passed" testListId="8c84fa94-04c1-424b-9868-57a2d4851a1d" relativeResultsDirectory="be99de9a-1009-468b-833c-9825cc00d107" />
    <UnitTestResult executionId="3b0df634-f6ac-427e-b0e2-7332239c1ba0" testId="3afaf984-0968-2fbb-f9f7-16275f3ed656" testName="Simgenics.XPact.XHT.Tests.Tests.Manifest.XbtManifestReaderTests.FindModule_ReturnsNullWhenAbsent" computerName="BENNET_3DPACT" duration="00:00:00.0078364" startTime="2026-05-21T14:47:33.5587093+02:00" endTime="2026-05-21T14:47:33.5587559+02:00" testType="13cdc9d9-ddb5-4fa4-a97d-d965ccfc6d4b" outcome="Passed" testListId="8c84fa94-04c1-424b-9868-57a2d4851a1d" relativeResultsDirectory="3b0df634-f6ac-427e-b0e2-7332239c1ba0" />
    <UnitTestResult executionId="dd52c6c6-3f0b-48da-a531-7e43f27823bb" testId="f59e3c49-a4a9-6a9e-34de-d6134b64c013" testName="Simgenics.XPact.XHT.Tests.Tests.Parser.CppTokenizerTests.XhtMarker_AllTenLockedMarkersAreRecognised(marker: &quot;XMETA&quot;)" computerName="BENNET_3DPACT" duration="00:00:00.0149918" startTime="2026-05-21T14:47:33.3484380+02:00" endTime="2026-05-21T14:47:33.4016228+02:00" testType="13cdc9d9-ddb5-4fa4-a97d-d965ccfc6d4b" outcome="Passed" testListId="8c84fa94-04c1-424b-9868-57a2d4851a1d" relativeResultsDirectory="dd52c6c6-3f0b-48da-a531-7e43f27823bb" />
    <UnitTestResult executionId="579650ad-5d34-4a17-afc1-e3c78baf80c5" testId="ba4fbeb2-91a3-5ff4-6bfb-01ed26de8ae7" testName="Simgenics.XPact.XHT.Tests.Tests.Core.XhtVersionTests.Semver_HasPhase1bSuffix" computerName="BENNET_3DPACT" duration="00:00:00.0000869" startTime="2026-05-21T14:47:33.4309365+02:00" endTime="2026-05-21T14:47:33.4319649+02:00" testType="13cdc9d9-ddb5-4fa4-a97d-d965ccfc6d4b" outcome="Passed" testListId="8c84fa94-04c1-424b-9868-57a2d4851a1d" relativeResultsDirectory="579650ad-5d34-4a17-afc1-e3c78baf80c5" />
    <UnitTestResult executionId="3f8c49b3-de4f-442a-b606-776293037145" testId="70a32f70-7ef1-1d13-7ce2-ba89c2b7c4c5" testName="Simgenics.XPact.XHT.Tests.Tests.Tables.BuiltInSpecifiersTests.PropertyMember_Specifier_EditAnywhereIsMemberOnly" computerName="BENNET_3DPACT" duration="00:00:00.0031106" startTime="2026-05-21T14:47:33.4032664+02:00" endTime="2026-05-21T14:47:33.4155881+02:00" testType="13cdc9d9-ddb5-4fa4-a97d-d965ccfc6d4b" outcome="Passed" testListId="8c84fa94-04c1-424b-9868-57a2d4851a1d" relativeResultsDirectory="3f8c49b3-de4f-442a-b606-776293037145" />
    <UnitTestResult executionId="b3ba2c22-92a0-4814-aa19-05c07cdbc14a" testId="d6b44959-f5b5-4cca-1edb-88a7c1f3026e" testName="Simgenics.XPact.XHT.Tests.Tests.Tables.CppKeywordTableTests.IsXhtMarker_FalseForNonMarkers(spelling: &quot;virtual&quot;)" computerName="BENNET_3DPACT" duration="00:00:00.0000052" startTime="2026-05-21T14:47:33.5151001+02:00" endTime="2026-05-21T14:47:33.5151488+02:00" testType="13cdc9d9-ddb5-4fa4-a97d-d965ccfc6d4b" outcome="Passed" testListId="8c84fa94-04c1-424b-9868-57a2d4851a1d" relativeResultsDirectory="b3ba2c22-92a0-4814-aa19-05c07cdbc14a" />
    <UnitTestResult executionId="106ea4f5-744b-4d15-b4b5-e066ff956d2a" testId="b95a5c86-96cd-f3ba-dda7-f1de7fe9f1f2" testName="Simgenics.XPact.XHT.Tests.Tests.Tables.SpecifierRegistryTests.DefaultConstructor_RegistersBuiltIns" computerName="BENNET_3DPACT" duration="00:00:00.0003487" startTime="2026-05-21T14:47:33.4346140+02:00" endTime="2026-05-21T14:47:33.4349493+02:00" testType="13cdc9d9-ddb5-4fa4-a97d-d965ccfc6d4b" outcome="Passed" testListId="8c84fa94-04c1-424b-9868-57a2d4851a1d" relativeResultsDirectory="106ea4f5-744b-4d15-b4b5-e066ff956d2a" />
    <UnitTestResult executionId="2be0ecd1-72c8-49c3-9202-fb47c8779689" testId="ca2f8018-38ba-7119-092e-41a2869d6608" testName="Simgenics.XPact.XHT.Tests.Tests.Entry.VersionModeTests.Execute_ReturnsSuccess" computerName="BENNET_3DPACT" duration="00:00:00.0007812" startTime="2026-05-21T14:47:40.1103774+02:00" endTime="2026-05-21T14:47:40.1112276+02:00" testType="13cdc9d9-ddb5-4fa4-a97d-d965ccfc6d4b" outcome="Passed" testListId="8c84fa94-04c1-424b-9868-57a2d4851a1d" relativeResultsDirectory="2be0ecd1-72c8-49c3-9202-fb47c8779689" />
    <UnitTestResult executionId="8de04598-4fd5-4c74-917b-c351b7e9a949" testId="c3f9b19a-51be-df9c-8f8e-05425806d97c" testName="Simgenics.XPact.XHT.Tests.Tests.Parser.CppTokenizerTests.StringLiteral_WithEscape_OK" computerName="BENNET_3DPACT" duration="00:00:00.0001620" startTime="2026-05-21T14:47:33.4617628+02:00" endTime="2026-05-21T14:47:33.4619760+02:00" testType="13cdc9d9-ddb5-4fa4-a97d-d965ccfc6d4b" outcome="Passed" testListId="8c84fa94-04c1-424b-9868-57a2d4851a1d" relativeResultsDirectory="8de04598-4fd5-4c74-917b-c351b7e9a949" />
    <UnitTestResult executionId="4ec42f2b-e982-4d42-8011-26578529d2d9" testId="9da17f7d-b575-7a64-a408-09b2e525b026" testName="Simgenics.XPact.XHT.Tests.Tests.Emitter.SymbolNamingTests.FileId_RejectsNegativeLineNumber_ThrowsArgumentOutOfRange" computerName="BENNET_3DPACT" duration="00:00:00.0002972" startTime="2026-05-21T14:47:33.4989381+02:00" endTime="2026-05-21T14:47:33.4991804+02:00" testType="13cdc9d9-ddb5-4fa4-a97d-d965ccfc6d4b" outcome="Passed" testListId="8c84fa94-04c1-424b-9868-57a2d4851a1d" relativeResultsDirectory="4ec42f2b-e982-4d42-8011-26578529d2d9" />
    <UnitTestResult executionId="388bf9ea-f6bd-4e9d-a2dd-f5c4e5464bb1" testId="43515fc9-7f74-2ac8-7030-e3ca02617ddb" testName="Simgenics.XPact.XHT.Tests.Tests.Parser.CSharpSpecifierExtractorTests.MixedFlagAndNamed_ParsesBoth" computerName="BENNET_3DPACT" duration="00:00:00.0042416" startTime="2026-05-21T14:47:33.5528993+02:00" endTime="2026-05-21T14:47:33.5536633+02:00" testType="13cdc9d9-ddb5-4fa4-a97d-d965ccfc6d4b" outcome="Passed" testListId="8c84fa94-04c1-424b-9868-57a2d4851a1d" relativeResultsDirectory="388bf9ea-f6bd-4e9d-a2dd-f5c4e5464bb1" />
    <UnitTestResult executionId="cbce50a5-c705-4110-a3bd-6e6c8dab1291" testId="72492f6b-8b8c-a83a-38f9-873ff9a45ec2" testName="Simgenics.XPact.XHT.Tests.Tests.Tables.CppKeywordTableTests.Lookup_ReturnsKindForKnownKeyword(spelling: &quot;static_cast&quot;, expectedKind: Cast)" computerName="BENNET_3DPACT" duration="00:00:00.0000081" startTime="2026-05-21T14:47:33.5169500+02:00" endTime="2026-05-21T14:47:33.5170025+02:00" testType="13cdc9d9-ddb5-4fa4-a97d-d965ccfc6d4b" outcome="Passed" testListId="8c84fa94-04c1-424b-9868-57a2d4851a1d" relativeResultsDirectory="cbce50a5-c705-4110-a3bd-6e6c8dab1291" />
    <UnitTestResult executionId="4b41139e-fea5-4f70-aa80-1c3552e9788a" testId="4b8e8655-498f-696b-c510-8a1764546e18" testName="Simgenics.XPact.XHT.Tests.Tests.Manifest.GenManifestReaderTests.Parse_InputsEntry_InvalidHashLength_Throws" computerName="BENNET_3DPACT" duration="00:00:00.0018489" startTime="2026-05-21T14:47:33.5514334+02:00" endTime="2026-05-21T14:47:33.5515761+02:00" testType="13cdc9d9-ddb5-4fa4-a97d-d965ccfc6d4b" outcome="Passed" testListId="8c84fa94-04c1-424b-9868-57a2d4851a1d" relativeResultsDirectory="4b41139e-fea5-4f70-aa80-1c3552e9788a" />
    <UnitTestResult executionId="b8d45ed9-46d2-4af1-863f-55e5ab70ea0f" testId="769a025d-6cf3-05c3-db58-95a364851514" testName="Simgenics.XPact.XHT.Tests.Tests.Tables.SpecifierRegistryTests.TryResolve_Null_Throws" computerName="BENNET_3DPACT" duration="00:00:00.0004540" startTime="2026-05-21T14:47:33.4200885+02:00" endTime="2026-05-21T14:47:33.4219730+02:00" testType="13cdc9d9-ddb5-4fa4-a97d-d965ccfc6d4b" outcome="Passed" testListId="8c84fa94-04c1-424b-9868-57a2d4851a1d" relativeResultsDirectory="b8d45ed9-46d2-4af1-863f-55e5ab70ea0f" />
    <UnitTestResult executionId="7c06e13c-6283-4218-b703-fba7957ea66c" testId="32a33228-60cd-0234-732c-19f9288e37aa" testName="Simgenics.XPact.XHT.Tests.Tests.Parser.CppTokenizerTests.Punctuator_LongestMatchWins(source: &quot;::&quot;, expected: ColonColon)" computerName="BENNET_3DPACT" duration="00:00:00.0000041" startTime="2026-05-21T14:47:33.4284685+02:00" endTime="2026-05-21T14:47:33.4285435+02:00" testType="13cdc9d9-ddb5-4fa4-a97d-d965ccfc6d4b" outcome="Passed" testListId="8c84fa94-04c1-424b-9868-57a2d4851a1d" relativeResultsDirectory="7c06e13c-6283-4218-b703-fba7957ea66c" />
    <UnitTestResult executionId="1b8971ef-711a-4b49-8986-13bb6a63ec2d" testId="84810719-010e-7fd7-5b68-6d84b5f3aa99" testName="Simgenics.XPact.XHT.Tests.Tests.Parser.CppTokenizerTests.PreprocessorDirective_DefineWithContinuedBody_RecognisedAsDirective" computerName="BENNET_3DPACT" duration="00:00:00.0112066" startTime="2026-05-21T14:47:33.4624780+02:00" endTime="2026-05-21T14:47:33.4751858+02:00" testType="13cdc9d9-ddb5-4fa4-a97d-d965ccfc6d4b" outcome="Passed" testListId="8c84fa94-04c1-424b-9868-57a2d4851a1d" relativeResultsDirectory="1b8971ef-711a-4b49-8986-13bb6a63ec2d" />
[...]
    <TestEntry testId="44030860-f0e4-0c5c-619a-b09e5120274f" executionId="c045262b-c444-4fe5-8ce4-54b169fe5a39" testListId="8c84fa94-04c1-424b-9868-57a2d4851a1d" />
    <TestEntry testId="a23f5c25-ac1d-1b6b-f2ea-d811bdb7d9e4" executionId="07f57767-481f-4483-86eb-b50c10b0165b" testListId="8c84fa94-04c1-424b-9868-57a2d4851a1d" />
    <TestEntry testId="259cc9a2-8f0b-a1be-9b3c-4eb19a456f02" executionId="1292c3b8-5884-4a74-bec8-50a2d1e3683f" testListId="8c84fa94-04c1-424b-9868-57a2d4851a1d" />
    <TestEntry testId="240d8352-e444-29c1-f508-1acb0d0cd30d" executionId="068ca477-9bbe-4fee-a1e7-1ed5d4278d3f" testListId="8c84fa94-04c1-424b-9868-57a2d4851a1d" />
    <TestEntry testId="e0ce45c3-b5a0-8dd4-d9e0-f5c49bcc60a6" executionId="540ff913-ce6f-40b1-9cf8-2ca040306483" testListId="8c84fa94-04c1-424b-9868-57a2d4851a1d" />
    <TestEntry testId="56a200a2-6663-a3ba-4802-d9bbc431abd1" executionId="174a2a5f-7747-455e-87f8-9a38d2aa3fe5" testListId="8c84fa94-04c1-424b-9868-57a2d4851a1d" />
    <TestEntry testId="ec73be10-f670-f3e0-a52d-ba82ac290ae4" executionId="09dba95a-1618-4747-a7fb-d377ec37966a" testListId="8c84fa94-04c1-424b-9868-57a2d4851a1d" />
    <TestEntry testId="88b323cd-8664-64f1-73f5-9fbb2cbb471f" executionId="1a014186-c6d1-49f1-bc96-81c896e766ba" testListId="8c84fa94-04c1-424b-9868-57a2d4851a1d" />
    <TestEntry testId="d6e160cf-3876-7d6c-c764-ec7cdcff85cf" executionId="4a816765-7b52-46b0-9a52-d229c0a04e8d" testListId="8c84fa94-04c1-424b-9868-57a2d4851a1d" />
    <TestEntry testId="d77294c8-4d06-9b3a-e548-8242552fc6d1" executionId="74b32010-3114-4218-add8-d5e95b99b132" testListId="8c84fa94-04c1-424b-9868-57a2d4851a1d" />
    <TestEntry testId="aaab17e7-f626-58ea-020d-fa861a488b47" executionId="fbfbebb1-c213-4939-9277-50960237025c" testListId="8c84fa94-04c1-424b-9868-57a2d4851a1d" />
    <TestEntry testId="b6b9f7f2-0d09-ee68-42ee-28a4e0a49eb5" executionId="38ba94ab-3e5a-4eb0-810a-96ed73b5067e" testListId="8c84fa94-04c1-424b-9868-57a2d4851a1d" />
    <TestEntry testId="b835670a-e77b-b9c4-18ee-b81a80c3b8fa" executionId="c07eaef5-42fb-4f98-ab93-86962afea242" testListId="8c84fa94-04c1-424b-9868-57a2d4851a1d" />
    <TestEntry testId="dac5baa3-fa1d-936f-f884-ad60d9f89920" executionId="63cdf043-6d84-480f-a4d0-d1d4e9eed991" testListId="8c84fa94-04c1-424b-9868-57a2d4851a1d" />
    <TestEntry testId="93afee63-1f0d-4868-a55d-9c1b7008ed15" executionId="46048643-b728-4f5f-abd3-62d52488396e" testListId="8c84fa94-04c1-424b-9868-57a2d4851a1d" />
    <TestEntry testId="19311cae-fa47-c94d-37b4-3930b9fad236" executionId="2431b08f-a445-484f-a271-e05b35f83a7b" testListId="8c84fa94-04c1-424b-9868-57a2d4851a1d" />
    <TestEntry testId="31f78916-e7e3-e0f8-a9c0-d5e4f4a46947" executionId="dd84210d-a4dd-451e-91f6-3738de2ceb9e" testListId="8c84fa94-04c1-424b-9868-57a2d4851a1d" />
    <TestEntry testId="c9723d40-fec5-23c9-4067-d741be30def5" executionId="d643ae86-b196-469b-beb9-cd7f90d424c2" testListId="8c84fa94-04c1-424b-9868-57a2d4851a1d" />
    <TestEntry testId="fd52b929-673a-9a67-ee6d-63407761fa5c" executionId="c5f2f9c2-2275-4ab4-9c37-8764008b581b" testListId="8c84fa94-04c1-424b-9868-57a2d4851a1d" />
    <TestEntry testId="e0d43082-f238-4e25-c689-08b7dabc096a" executionId="e8f0699d-7bfb-45b6-af07-0e26a24e9ab2" testListId="8c84fa94-04c1-424b-9868-57a2d4851a1d" />
    <TestEntry testId="c7333b67-861c-24ee-75fd-68039423782c" executionId="831921ed-df0e-49b9-b57c-127f5b281eba" testListId="8c84fa94-04c1-424b-9868-57a2d4851a1d" />
    <TestEntry testId="f4532589-e82e-9728-fee5-bba02172e36e" executionId="2cef5fd0-72e7-46ed-8be0-a2f293e8b1d2" testListId="8c84fa94-04c1-424b-9868-57a2d4851a1d" />
    <TestEntry testId="0c026169-1d37-1461-2506-21966d8960c1" executionId="ec72a9b7-1c27-4674-ab11-31d4bcef405f" testListId="8c84fa94-04c1-424b-9868-57a2d4851a1d" />
    <TestEntry testId="af5e7dbf-e8cd-4618-1053-ba558d794218" executionId="3a58628d-5638-44f2-b448-71dac25681e5" testListId="8c84fa94-04c1-424b-9868-57a2d4851a1d" />
    <TestEntry testId="ea39dadb-aed9-33a0-ff4b-9363c63798b4" executionId="f3b76f7f-d69c-427c-abce-05a258fd7c5c" testListId="8c84fa94-04c1-424b-9868-57a2d4851a1d" />
    <TestEntry testId="347344bd-df30-bc9c-07b6-47af7bfd8e63" executionId="0227da35-1ba9-468d-9645-7cf68543c2d6" testListId="8c84fa94-04c1-424b-9868-57a2d4851a1d" />
    <TestEntry testId="fa48adbc-bc63-5826-0716-51e2d3b14188" executionId="3c8e29ae-436a-45c7-bb38-c23d1d366aa8" testListId="8c84fa94-04c1-424b-9868-57a2d4851a1d" />
    <TestEntry testId="2657e7f7-7ed0-7555-6479-681bb1a6d279" executionId="de2c34a0-cba8-4266-9e8a-dde6a88c4c3b" testListId="8c84fa94-04c1-424b-9868-57a2d4851a1d" />
    <TestEntry testId="3970607d-78a0-6cbf-6987-af39089504fb" executionId="7941d45c-a75c-43b8-ac81-f9dac14fe52e" testListId="8c84fa94-04c1-424b-9868-57a2d4851a1d" />
    <TestEntry testId="03e5173a-5a4b-3507-5193-01aee6cdc326" executionId="1a54b90b-27fd-4e68-a4ce-0d3ce99d6432" testListId="8c84fa94-04c1-424b-9868-57a2d4851a1d" />
    <TestEntry testId="a951a8cf-15f0-152d-7f44-a95547f1372a" executionId="88efef57-0058-4bcd-bd66-ccd9c6300fb7" testListId="8c84fa94-04c1-424b-9868-57a2d4851a1d" />
    <TestEntry testId="909f731a-a7b9-5e0d-7966-698d041340ff" executionId="2367e166-7e3c-4361-81dd-38e6d4c70ba9" testListId="8c84fa94-04c1-424b-9868-57a2d4851a1d" />
    <TestEntry testId="137f8066-1be4-0aa9-968e-b69426939780" executionId="545ed195-295c-480e-afd1-a0f1332e9eaf" testListId="8c84fa94-04c1-424b-9868-57a2d4851a1d" />
    <TestEntry testId="00eff3a4-4010-3aeb-e6c7-016148c67030" executionId="7ce670be-d623-4bc7-8cd6-6b5b5ad2b524" testListId="8c84fa94-04c1-424b-9868-57a2d4851a1d" />
    <TestEntry testId="d902b9e6-317e-6122-ad45-5313bf1e62ee" executionId="185e19f1-5bae-4c52-9c57-4e8b1195ff16" testListId="8c84fa94-04c1-424b-9868-57a2d4851a1d" />
    <TestEntry testId="bf76bd78-79d7-c8ff-fad8-9055da9bf03c" executionId="d3d76b02-38d9-4bc0-8fdd-3b98e83c208c" testListId="8c84fa94-04c1-424b-9868-57a2d4851a1d" />
    <TestEntry testId="40bc8eff-d65f-49f5-2091-12a115d101b2" executionId="611ba682-1aef-425d-8955-84ac06abb849" testListId="8c84fa94-04c1-424b-9868-57a2d4851a1d" />
    <TestEntry testId="c2b66bd6-2d7f-dd0b-43ec-176c5978204e" executionId="a8ae40a9-37e3-4c2d-9e1d-a74e5d5e4673" testListId="8c84fa94-04c1-424b-9868-57a2d4851a1d" />
    <TestEntry testId="bf40d278-e8ab-acef-8411-b0eabfd9f7c8" executionId="77aa2dfb-f873-409a-a7e9-28f87cfbe9ed" testListId="8c84fa94-04c1-424b-9868-57a2d4851a1d" />
    <TestEntry testId="e032762c-c164-366a-d0db-bb4a1ac7ea38" executionId="18e35bf1-faa1-415b-bf98-7c99f8f5b420" testListId="8c84fa94-04c1-424b-9868-57a2d4851a1d" />
    <TestEntry testId="786b6c14-3856-0e2d-d98a-93a0e19de3d1" executionId="d8e712fc-3aa2-4ce6-935e-e0c742d535cd" testListId="8c84fa94-04c1-424b-9868-57a2d4851a1d" />
    <TestEntry testId="158087e5-d2cd-215a-78b0-47a166610de4" executionId="f008f91f-ac06-466d-ba8a-34a8d4d1d6bd" testListId="8c84fa94-04c1-424b-9868-57a2d4851a1d" />
    <TestEntry testId="c16a06ae-5d94-5623-9242-372e2acf24da" executionId="0f3ac3fb-677f-4a61-9295-84807e4eea4a" testListId="8c84fa94-04c1-424b-9868-57a2d4851a1d" />
    <TestEntry testId="4ef3a961-8951-d71a-7546-db7a034682ad" executionId="6f726a52-bc19-4d8b-9233-78b76e5702ea" testListId="8c84fa94-04c1-424b-9868-57a2d4851a1d" />
    <TestEntry testId="89127c56-b3c6-7fb8-c84d-a7965f496fe5" executionId="507bf6a8-6004-4c3a-a162-e35ec60e56d6" testListId="8c84fa94-04c1-424b-9868-57a2d4851a1d" />
    <TestEntry testId="6e427480-5223-367a-c4fa-63ab9890fb3b" executionId="f639d45e-68da-4b34-9fe4-bf65973b499a" testListId="8c84fa94-04c1-424b-9868-57a2d4851a1d" />
    <TestEntry testId="328342fc-cb9d-76da-e7cf-65e9bc3f50bc" executionId="148dabf9-f1e9-4b35-9996-a46fad8af7e8" testListId="8c84fa94-04c1-424b-9868-57a2d4851a1d" />
    <TestEntry testId="5017a4f4-6e45-dd26-0509-101dd39ede12" executionId="c4a39d94-a217-4d70-b919-092fa3235704" testListId="8c84fa94-04c1-424b-9868-57a2d4851a1d" />
    <TestEntry testId="940443f4-3f12-4ea8-868f-d1f44e3bde7c" executionId="57dd4cab-6533-4d39-803d-43e57fe3f9d7" testListId="8c84fa94-04c1-424b-9868-57a2d4851a1d" />
    <TestEntry testId="be2c1ee6-8cb6-c97d-4394-363c0445230c" executionId="1a4ede8d-c2c7-48c6-8c4b-4099394777bd" testListId="8c84fa94-04c1-424b-9868-57a2d4851a1d" />
    <TestEntry testId="481d1542-3ae3-99f4-5221-239db8735b49" executionId="ebba1004-f0ac-45b5-9e85-9f1da7eaeaf5" testListId="8c84fa94-04c1-424b-9868-57a2d4851a1d" />
    <TestEntry testId="5573f961-c88d-11c3-9665-bfece1b03c19" executionId="afd4524b-d88c-4430-85e2-a95ecc0397bb" testListId="8c84fa94-04c1-424b-9868-57a2d4851a1d" />
    <TestEntry testId="6b921925-3cb2-03d6-9366-5bded252889e" executionId="1c829622-f23b-46f9-94ba-84fd08582337" testListId="8c84fa94-04c1-424b-9868-57a2d4851a1d" />
    <TestEntry testId="9749556a-87bb-1e89-ea07-64ea5ed7e083" executionId="cf3d7b1c-855a-436f-a85e-f99f7c2483cd" testListId="8c84fa94-04c1-424b-9868-57a2d4851a1d" />
    <TestEntry testId="e0edad53-1563-d67e-09a4-701c6acdb3e7" executionId="91f1a95c-f06d-420a-a29c-d44e04415f02" testListId="8c84fa94-04c1-424b-9868-57a2d4851a1d" />
    <TestEntry testId="c5cf7d0a-f506-c932-f395-2f0fbf5f55e3" executionId="d12f55e9-9332-425a-9d93-1472b227289a" testListId="8c84fa94-04c1-424b-9868-57a2d4851a1d" />
    <TestEntry testId="ad7d507d-65e5-6eae-a72e-6904617982f4" executionId="eeb542ea-9e26-46d5-b073-9ab22dd841a9" testListId="8c84fa94-04c1-424b-9868-57a2d4851a1d" />
    <TestEntry testId="166611b7-a061-af61-ced4-48f7d819b6d2" executionId="22716a99-3058-4330-84eb-899167cbb087" testListId="8c84fa94-04c1-424b-9868-57a2d4851a1d" />
    <TestEntry testId="03376b0c-c5ba-6cf6-dd23-b05fae8c1baf" executionId="25e47b73-6e54-444f-8b43-48b1485791c9" testListId="8c84fa94-04c1-424b-9868-57a2d4851a1d" />
    <TestEntry testId="3049a10b-f3be-5a77-b0ec-cc4100fa6b58" executionId="50756969-9183-4627-86be-413c683666d5" testListId="8c84fa94-04c1-424b-9868-57a2d4851a1d" />
    <TestEntry testId="fc08333d-73d2-a8a7-268e-97398592c495" executionId="00266bb9-dea1-4704-95e4-5042ced55ce2" testListId="8c84fa94-04c1-424b-9868-57a2d4851a1d" />
    <TestEntry testId="13cf6114-55e9-5486-baf2-e2c0527adc39" executionId="24b6fc82-4033-4146-a93b-3631259a9d50" testListId="8c84fa94-04c1-424b-9868-57a2d4851a1d" />
    <TestEntry testId="9bf4d489-766d-3fb8-1298-c89427d36a07" executionId="725fe5e7-8e4c-4af2-ac57-b6198626ff40" testListId="8c84fa94-04c1-424b-9868-57a2d4851a1d" />
    <TestEntry testId="c284686a-bf6e-1855-9684-60fbb0581644" executionId="9cc9fd65-2f67-4556-93bb-625f3269a686" testListId="8c84fa94-04c1-424b-9868-57a2d4851a1d" />
    <TestEntry testId="dc42d985-f487-6d2d-04d5-8f15804ce507" executionId="d152e19d-1fb4-41ee-98cf-b5dce199dc32" testListId="8c84fa94-04c1-424b-9868-57a2d4851a1d" />
    <TestEntry testId="389ec4a0-6860-afd0-6330-2f3ca45ff0d3" executionId="3406f23c-8b27-4042-ac19-c1894919b354" testListId="8c84fa94-04c1-424b-9868-57a2d4851a1d" />
    <TestEntry testId="5e7d52ef-4257-5377-70cb-d1212a3d37ee" executionId="d510f397-67f2-4cba-98d6-f5b28aefc54b" testListId="8c84fa94-04c1-424b-9868-57a2d4851a1d" />
    <TestEntry testId="4831ed2c-2886-9e1d-f579-9507deb87b1d" executionId="9e0ba7b6-855a-44ce-a419-07d476bd4b60" testListId="8c84fa94-04c1-424b-9868-57a2d4851a1d" />
    <TestEntry testId="6e5da9fa-4c07-2c06-45ed-d7aaba1e91b5" executionId="8b3b0128-e0a5-485f-b85d-d4b3f77ebf9e" testListId="8c84fa94-04c1-424b-9868-57a2d4851a1d" />
    <TestEntry testId="c1b09224-890c-e363-7ecc-ab8180bb881d" executionId="1fb5b848-3454-4708-8928-fbd6cf969ee8" testListId="8c84fa94-04c1-424b-9868-57a2d4851a1d" />
    <TestEntry testId="7867dbe2-5006-2d80-bb48-057800690d1b" executionId="2a677c2d-3a85-4dab-819b-55c053cfe72b" testListId="8c84fa94-04c1-424b-9868-57a2d4851a1d" />
    <TestEntry testId="8a548611-e615-236b-aecb-facacbf94468" executionId="d91dd6d3-d440-435c-9cd3-5eaeddcc4936" testListId="8c84fa94-04c1-424b-9868-57a2d4851a1d" />
    <TestEntry testId="84bf009f-88fd-ee66-fdec-c21bd850bab7" executionId="364ba24f-a39c-41b1-93d7-d699cf8029cc" testListId="8c84fa94-04c1-424b-9868-57a2d4851a1d" />
    <TestEntry testId="af42125b-ce1f-407a-6aa6-26358bb44e87" executionId="a8a16613-8b14-4971-849b-b4140b145a1e" testListId="8c84fa94-04c1-424b-9868-57a2d4851a1d" />
    <TestEntry testId="39fd035a-26de-4d87-5f08-4100aeb223bb" executionId="4ce18809-46c7-49ea-806e-e7b6537a08b4" testListId="8c84fa94-04c1-424b-9868-57a2d4851a1d" />
    <TestEntry testId="113d7c50-c299-7a9c-92a0-885ec7a300b0" executionId="6e7fc3c9-a857-42ec-a80d-5888ba70d981" testListId="8c84fa94-04c1-424b-9868-57a2d4851a1d" />
    <TestEntry testId="3f2dcd42-f10c-cdad-1459-b31dc598ea36" executionId="8e33bbd7-2a70-430b-ad94-41a041c5d6a1" testListId="8c84fa94-04c1-424b-9868-57a2d4851a1d" />
    <TestEntry testId="f71f3d54-62b6-5420-787b-90e8e0ab2f85" executionId="b27b92bd-5c39-44c6-bf1d-b0ec519a47e9" testListId="8c84fa94-04c1-424b-9868-57a2d4851a1d" />
    <TestEntry testId="904f38ad-4923-9dfb-2b38-fb262dfc8d8b" executionId="9f3d0018-fb39-4565-b22f-0935948085fe" testListId="8c84fa94-04c1-424b-9868-57a2d4851a1d" />
    <TestEntry testId="e1144926-68f3-14a9-1aa9-56e006c9c81e" executionId="f80c994d-4bd6-436d-bf8a-b21d62dba423" testListId="8c84fa94-04c1-424b-9868-57a2d4851a1d" />
    <TestEntry testId="0a0808b8-faea-998a-d400-a84a375d5fe6" executionId="ba121937-65b9-479e-8309-ce51f8c347c1" testListId="8c84fa94-04c1-424b-9868-57a2d4851a1d" />
    <TestEntry testId="02ad29eb-9671-f060-4e12-512a44e21ae1" executionId="0937ee84-0c4b-4c89-8767-eb729563ec92" testListId="8c84fa94-04c1-424b-9868-57a2d4851a1d" />
    <TestEntry testId="8f895a19-b1d9-d30a-8431-3e3d5538ea2f" executionId="85d041d3-73cb-449b-bbe5-c24287cb3041" testListId="8c84fa94-04c1-424b-9868-57a2d4851a1d" />
    <TestEntry testId="84380b9d-cea7-9f61-0830-8540a2eb52ec" executionId="d7c8251f-6253-4eaa-aa66-022c3699b4d4" testListId="8c84fa94-04c1-424b-9868-57a2d4851a1d" />
    <TestEntry testId="84ad04aa-cf30-874e-c8f8-8d5543d54c54" executionId="1fb7ec8a-f43c-4f1e-b2a3-cee15ecc6a14" testListId="8c84fa94-04c1-424b-9868-57a2d4851a1d" />
    <TestEntry testId="0bac4e1a-eb80-767b-946d-9da880f4dbec" executionId="32a0209f-b691-4820-b43a-ee2ed36aa243" testListId="8c84fa94-04c1-424b-9868-57a2d4851a1d" />
    <TestEntry testId="0323e4a3-5a28-cad2-0d16-ff192acc48c4" executionId="c48147ca-5db1-4172-8982-8ff1f5039905" testListId="8c84fa94-04c1-424b-9868-57a2d4851a1d" />
    <TestEntry testId="5fb444d0-f09b-9903-c891-fbb6a0d7432b" executionId="61cc0446-a90d-40c5-9b28-d404a5f4cf47" testListId="8c84fa94-04c1-424b-9868-57a2d4851a1d" />
    <TestEntry testId="12ccc51c-a455-97b6-b1a7-1dd1c2a80be0" executionId="ed9406d5-ac3c-4ebf-b21d-193178352c88" testListId="8c84fa94-04c1-424b-9868-57a2d4851a1d" />
    <TestEntry testId="65dd4f34-26de-4b97-ae94-b03972fe6ced" executionId="135d66fe-2b5f-494b-b321-2887e40b92a5" testListId="8c84fa94-04c1-424b-9868-57a2d4851a1d" />
    <TestEntry testId="090fbd67-7b07-fcb9-c8c4-054fd5fd2234" executionId="c68477fc-3c5b-459d-aa86-c068970b8cd1" testListId="8c84fa94-04c1-424b-9868-57a2d4851a1d" />
    <TestEntry testId="4a53c63f-0275-0229-a862-30c1df6460ab" executionId="0a323a65-8441-4184-9373-9a2acbbc6865" testListId="8c84fa94-04c1-424b-9868-57a2d4851a1d" />
    <TestEntry testId="a195eeb0-e27d-e0be-23d5-6609307743d6" executionId="6b6e0dc2-13c2-4dd3-8282-5c1e2f75ac0d" testListId="8c84fa94-04c1-424b-9868-57a2d4851a1d" />
    <TestEntry testId="14ff4b1b-070b-478e-5c1b-1d74fc5c39bd" executionId="70b6a66c-ac6e-4021-acb9-c6ae76e45e19" testListId="8c84fa94-04c1-424b-9868-57a2d4851a1d" />
    <TestEntry testId="dd972736-3469-2593-3c44-aae3b05db43f" executionId="0f611690-6b6b-4b76-a8bd-abbcbfef25f9" testListId="8c84fa94-04c1-424b-9868-57a2d4851a1d" />
    <TestEntry testId="c08fdd56-223b-d57d-4a61-656abde9d60a" executionId="192ea3e5-1645-487e-974d-3e308ff4bc51" testListId="8c84fa94-04c1-424b-9868-57a2d4851a1d" />
    <TestEntry testId="30491bb1-b1b2-789a-46dd-03129ba74b0c" executionId="70789296-e487-4438-ae5b-c6e82e20138b" testListId="8c84fa94-04c1-424b-9868-57a2d4851a1d" />
    <TestEntry testId="667b9655-d579-7dd3-d3fd-a2a1207df0b7" executionId="ef7eef58-e196-4189-bf4a-aaeaeb6521a7" testListId="8c84fa94-04c1-424b-9868-57a2d4851a1d" />
    <TestEntry testId="22204280-6e1c-2554-a1d2-2db4d11a1a7f" executionId="278bceee-51cc-42dc-ab87-d3231b1301fa" testListId="8c84fa94-04c1-424b-9868-57a2d4851a1d" />
  </TestEntries>
  <TestLists>
    <TestList name="Results Not in a List" id="8c84fa94-04c1-424b-9868-57a2d4851a1d" />
    <TestList name="All Loaded Results" id="19431567-8539-422a-85d7-44ee4e166bda" />
  </TestLists>
  <ResultSummary outcome="Failed">
    <Counters total="603" executed="603" passed="602" failed="1" error="0" timeout="0" aborted="0" inconclusive="0" passedButRunAborted="0" notRunnable="0" notExecuted="0" disconnected="0" warning="0" completed="0" inProgress="0" pending="0" />
    <Output>
      <StdOut>[xUnit.net 00:00:00.00] xUnit.net VSTest Adapter v3.1.5+1b188a7b0a (64-bit .NET 9.0.10)&#xD;
[xUnit.net 00:00:00.09]   Discovering: XHT.Tests&#xD;
[xUnit.net 00:00:00.19]   Discovered:  XHT.Tests&#xD;
[xUnit.net 00:00:00.27]   Starting:    XHT.Tests&#xD;
warning XHT000: Specifier 'Replicated' re-registered with structurally identical definition; benign duplicate.&#xD;
[xUnit.net 00:00:00.51]       Assert.True() Failure&#xD;
[xUnit.net 00:00:00.51]       Expected: True&#xD;
[xUnit.net 00:00:00.51]       Actual:   False&#xD;
[xUnit.net 00:00:00.51]       Stack Trace:&#xD;
[xUnit.net 00:00:00.51]         C:\Users\benne\Documents\GitHub\XPact_Engine\Engine\Source\Programs\XHT\XHT.Tests\Tests\Parser\CppMarkerScannerTests.cs(330,0): at Simgenics.XPact.XHT.Tests.Tests.Parser.CppMarkerScannerTests.XDelegate_MulticastNoArgs_Registered()&#xD;
[xUnit.net 00:00:00.51]            at System.RuntimeMethodHandle.InvokeMethod(Object target, Void** arguments, Signature sig, Boolean isConstructor)&#xD;
[xUnit.net 00:00:00.51]            at System.Reflection.MethodBaseInvoker.InvokeWithNoArgs(Object obj, BindingFlags invokeAttr)&#xD;
info XHT000: XHT 0.1.0+phase1b&#xD;
Contract 13.2+b04ae3cc84cdd9f3&#xD;
Runtime .NET 9.0.10&#xD;
error XHT000: -Out=&lt;dir&gt; is required.&#xD;
error XHT000: -Manifest=&lt;path&gt; is required.&#xD;
info XHT000: XHT parse-module: XScoring (Phase 1b stub - tokens.bin emitted as placeholder)&#xD;
info XHT000: XHT parse-module: XScoring (Phase 1b stub - tokens.bin emitted as placeholder)&#xD;
error XHT000: -Module=&lt;name&gt; is required.&#xD;
warning XHT000: w1&#xD;
warning XHT000: w2&#xD;
error XHT000: e1&#xD;
error XHT000: e2&#xD;
error XHT000: e3&#xD;
info XHT000: XHT validate-only: XScoring (Phase 1b stub - validators land in Phase 1c+)&#xD;
</StdOut>
    </Output>
    <RunInfos>
      <RunInfo computerName="BENNET_3DPACT" outcome="Error" timestamp="2026-05-21T14:47:33.5294551+02:00">
        <Text>[xUnit.net 00:00:00.51]     Simgenics.XPact.XHT.Tests.Tests.Parser.CppMarkerScannerTests.XDelegate_MulticastNoArgs_Registered [FAIL]</Text>
      </RunInfo>
      <RunInfo computerName="BENNET_3DPACT" outcome="Error" timestamp="2026-05-21T14:53:51.0736205+02:00">
        <Text>The active test run was aborted. Reason: Test host process crashed : warning XHT000: Specifier 'Replicated' re-registered with structurally identical definition; benign duplicate.&#xD;
info XHT000: XHT 0.1.0+phase1b&#xD;
Contract 13.2+b04ae3cc84cdd9f3&#xD;
Runtime .NET 9.0.10&#xD;
error XHT000: -Out=&lt;dir&gt; is required.&#xD;
error XHT000: -Manifest=&lt;path&gt; is required.&#xD;
info XHT000: XHT parse-module: XScoring (Phase 1b stub - tokens.bin emitted as placeholder)&#xD;
info XHT000: XHT parse-module: XScoring (Phase 1b stub - tokens.bin emitted as placeholder)&#xD;
error XHT000: -Module=&lt;name&gt; is required.&#xD;
warning XHT000: w1&#xD;
warning XHT000: w2&#xD;
error XHT000: e1&#xD;
error XHT000: e2&#xD;
error XHT000: e3&#xD;
info XHT000: XHT validate-only: XScoring (Phase 1b stub - validators land in Phase 1c+)&#xD;
</Text>
      </RunInfo>
    </RunInfos>
  </ResultSummary>
</TestRun>