<?xml version="1.0" encoding="utf-8"?>
<TestRun id="84cea0b3-96b2-4932-9c7f-2cec7474061a" name="benne@BENNET_3DPACT 2026-05-21 14:58:23" runUser="BENNET_3DPACT\benne" xmlns="http://microsoft.com/schemas/VisualStudio/TeamTest/2010">
  <Times creation="2026-05-21T14:58:23.6848332+02:00" queuing="2026-05-21T14:58:23.6848335+02:00" start="2026-05-21T14:58:22.8210605+02:00" finish="2026-05-21T15:04:29.8707221+02:00" />
  <TestSettings name="default" id="e4aa16e6-13a8-4180-ad5d-52f2d2b77adf">
    <Deployment runDeploymentRoot="benne_BENNET_3DPACT_2026-05-21_14_58_23" />
  </TestSettings>
  <Results>
    <UnitTestResult executionId="c5dc6615-86e1-4574-9511-fe2661532fad" testId="d93eb5e5-a9f7-c425-a9d5-c6f0516c52b9" testName="Simgenics.XPact.XHT.Tests.Tests.Parser.CppMarkerScannerTests.XClass_ConstStaticVirtualFunction_FlagsCaptured" computerName="BENNET_3DPACT" duration="00:00:00.0008139" startTime="2026-05-21T14:58:23.7620706+02:00" endTime="2026-05-21T14:58:23.7632073+02:00" testType="13cdc9d9-ddb5-4fa4-a97d-d965ccfc6d4b" outcome="Passed" testListId="8c84fa94-04c1-424b-9868-57a2d4851a1d" relativeResultsDirectory="c5dc6615-86e1-4574-9511-fe2661532fad" />
    <UnitTestResult executionId="82840ab1-40c0-4f96-9c34-890fe691c66c" testId="fff263a0-0d66-251b-f599-49909647c169" testName="Simgenics.XPact.XHT.Tests.Tests.Parser.CSharpSpecifierExtractorTests.SingleFlag_ParsesAsFlagSpecifier" computerName="BENNET_3DPACT" duration="00:00:00.0003865" startTime="2026-05-21T14:58:23.8493067+02:00" endTime="2026-05-21T14:58:23.8493451+02:00" testType="13cdc9d9-ddb5-4fa4-a97d-d965ccfc6d4b" outcome="Passed" testListId="8c84fa94-04c1-424b-9868-57a2d4851a1d" relativeResultsDirectory="82840ab1-40c0-4f96-9c34-890fe691c66c" />
    <UnitTestResult executionId="16a81344-4e01-4935-80e2-fbafd5f36d7e" testId="745b9524-b0b8-7437-aea0-a5abc27c5c2a" testName="Simgenics.XPact.XHT.Tests.Tests.Tables.BuiltInSpecifiersTests.Class_Specifier_WithinIsReferenceValueKind" computerName="BENNET_3DPACT" duration="00:00:00.0027080" startTime="2026-05-21T14:58:23.6698815+02:00" endTime="2026-05-21T14:58:23.6809790+02:00" testType="13cdc9d9-ddb5-4fa4-a97d-d965ccfc6d4b" outcome="Passed" testListId="8c84fa94-04c1-424b-9868-57a2d4851a1d" relativeResultsDirectory="16a81344-4e01-4935-80e2-fbafd5f36d7e" />
    <UnitTestResult executionId="f3e45999-1d91-4dc7-a489-d5296551c8de" testId="32a33228-60cd-0234-732c-19f9288e37aa" testName="Simgenics.XPact.XHT.Tests.Tests.Parser.CppTokenizerTests.Punctuator_LongestMatchWins(source: &quot;::&quot;, expected: ColonColon)" computerName="BENNET_3DPACT" duration="00:00:00.0000033" startTime="2026-05-21T14:58:23.7933805+02:00" endTime="2026-05-21T14:58:23.7934423+02:00" testType="13cdc9d9-ddb5-4fa4-a97d-d965ccfc6d4b" outcome="Passed" testListId="8c84fa94-04c1-424b-9868-57a2d4851a1d" relativeResultsDirectory="f3e45999-1d91-4dc7-a489-d5296551c8de" />
    <UnitTestResult executionId="8dc81fa1-d704-4c65-b8a0-0093314e848d" testId="d902b9e6-317e-6122-ad45-5313bf1e62ee" testName="Simgenics.XPact.XHT.Tests.Tests.Tables.CppKeywordTableTests.IsXhtMarker_TrueForLockedMarkerVocabulary_PerContractSection11(marker: &quot;XENUM&quot;)" computerName="BENNET_3DPACT" duration="00:00:00.0000035" startTime="2026-05-21T14:58:23.7694800+02:00" endTime="2026-05-21T14:58:23.7695291+02:00" testType="13cdc9d9-ddb5-4fa4-a97d-d965ccfc6d4b" outcome="Passed" testListId="8c84fa94-04c1-424b-9868-57a2d4851a1d" relativeResultsDirectory="8dc81fa1-d704-4c65-b8a0-0093314e848d" />
    <UnitTestResult executionId="90a827b1-7310-486b-a958-23537051b395" testId="0062a792-c46d-b940-9ca6-8b6c5cf552d4" testName="Simgenics.XPact.XHT.Tests.Tests.Tables.CppKeywordTableTests.Lookup_ReturnsKindForKnownKeyword(spelling: &quot;public&quot;, expectedKind: AccessModifier)" computerName="BENNET_3DPACT" duration="00:00:00.0000037" startTime="2026-05-21T14:58:23.7962728+02:00" endTime="2026-05-21T14:58:23.7963235+02:00" testType="13cdc9d9-ddb5-4fa4-a97d-d965ccfc6d4b" outcome="Passed" testListId="8c84fa94-04c1-424b-9868-57a2d4851a1d" relativeResultsDirectory="90a827b1-7310-486b-a958-23537051b395" />
    <UnitTestResult executionId="0bdbb55a-394b-47d7-a930-6d67aef4b829" testId="c550794f-2861-fba9-a044-7157810810b1" testName="Simgenics.XPact.XHT.Tests.Tests.Emitter.ModuleEmitterTests.EmitModule_Determinism_TwoRunsProduceByteIdenticalOutputs" computerName="BENNET_3DPACT" duration="00:00:00.0337325" startTime="2026-05-21T14:58:30.4859307+02:00" endTime="2026-05-21T14:58:30.5193449+02:00" testType="13cdc9d9-ddb5-4fa4-a97d-d965ccfc6d4b" outcome="Passed" testListId="8c84fa94-04c1-424b-9868-57a2d4851a1d" relativeResultsDirectory="0bdbb55a-394b-47d7-a930-6d67aef4b829" />
    <UnitTestResult executionId="a20a83a2-10cb-468c-bdce-d4e626e99be5" testId="d117aa09-0d0f-de50-73ed-57c0c566a577" testName="Simgenics.XPact.XHT.Tests.Tests.Core.AtomicFileTests.TwoWrites_AreByteIdentical_ForIdenticalInput" computerName="BENNET_3DPACT" duration="00:00:00.0089283" startTime="2026-05-21T14:58:23.8202722+02:00" endTime="2026-05-21T14:58:23.8264774+02:00" testType="13cdc9d9-ddb5-4fa4-a97d-d965ccfc6d4b" outcome="Passed" testListId="8c84fa94-04c1-424b-9868-57a2d4851a1d" relativeResultsDirectory="a20a83a2-10cb-468c-bdce-d4e626e99be5" />
    <UnitTestResult executionId="6da0d692-c8e2-489d-8ae0-a633647ab569" testId="fed78165-e194-f23c-41e0-f46fe980b7ff" testName="Simgenics.XPact.XHT.Tests.Tests.Tables.SpecifierRegistryTests.Register_IdenticalReregistration_DoesNotThrow" computerName="BENNET_3DPACT" duration="00:00:00.0001894" startTime="2026-05-21T14:58:23.7544521+02:00" endTime="2026-05-21T14:58:23.7550226+02:00" testType="13cdc9d9-ddb5-4fa4-a97d-d965ccfc6d4b" outcome="Passed" testListId="8c84fa94-04c1-424b-9868-57a2d4851a1d" relativeResultsDirectory="6da0d692-c8e2-489d-8ae0-a633647ab569" />
    <UnitTestResult executionId="3eb914d6-90ee-49f7-bb63-7358936ca7d8" testId="76ffae0f-8c80-99de-9c02-84e48db02f17" testName="Simgenics.XPact.XHT.Tests.Tests.Resolver.StepResolvePropertiesTests.TMap_InnerValueTypeResolves" computerName="BENNET_3DPACT" duration="00:00:00.0002381" startTime="2026-05-21T14:58:23.7323395+02:00" endTime="2026-05-21T14:58:23.7325202+02:00" testType="13cdc9d9-ddb5-4fa4-a97d-d965ccfc6d4b" outcome="Passed" testListId="8c84fa94-04c1-424b-9868-57a2d4851a1d" relativeResultsDirectory="3eb914d6-90ee-49f7-bb63-7358936ca7d8" />
    <UnitTestResult executionId="1e574573-5787-4df8-9e5d-38740616bf3c" testId="0438419c-7c8a-cd94-ad95-6f58949b0e24" testName="Simgenics.XPact.XHT.Tests.Tests.Core.StringUtilsTests.ToCaselessKey_LowercaseInvariant(input: &quot;XValve&quot;, expected: &quot;xvalve&quot;)" computerName="BENNET_3DPACT" duration="00:00:00.0001630" startTime="2026-05-21T14:58:23.8102785+02:00" endTime="2026-05-21T14:58:23.8106051+02:00" testType="13cdc9d9-ddb5-4fa4-a97d-d965ccfc6d4b" outcome="Passed" testListId="8c84fa94-04c1-424b-9868-57a2d4851a1d" relativeResultsDirectory="1e574573-5787-4df8-9e5d-38740616bf3c" />
    <UnitTestResult executionId="3ee19059-2a47-4ae9-b70a-dea13b25db82" testId="710c93b0-1b7d-90fd-886a-1ae0e7f5e50c" testName="Simgenics.XPact.XHT.Tests.Tests.Core.ExitCodesTests.DescriptorParseFailure_Is_Thirty_AndDeclaredForCompleteness" computerName="BENNET_3DPACT" duration="00:00:00.0034695" startTime="2026-05-21T14:58:23.6778122+02:00" endTime="2026-05-21T14:58:23.6837591+02:00" testType="13cdc9d9-ddb5-4fa4-a97d-d965ccfc6d4b" outcome="Passed" testListId="8c84fa94-04c1-424b-9868-57a2d4851a1d" relativeResultsDirectory="3ee19059-2a47-4ae9-b70a-dea13b25db82" />
    <UnitTestResult executionId="56f4724d-b09b-4a05-9d86-a3cad327434c" testId="72492f6b-8b8c-a83a-38f9-873ff9a45ec2" testName="Simgenics.XPact.XHT.Tests.Tests.Tables.CppKeywordTableTests.Lookup_ReturnsKindForKnownKeyword(spelling: &quot;static_cast&quot;, expectedKind: Cast)" computerName="BENNET_3DPACT" duration="00:00:00.0000079" startTime="2026-05-21T14:58:23.7953741+02:00" endTime="2026-05-21T14:58:23.7956030+02:00" testType="13cdc9d9-ddb5-4fa4-a97d-d965ccfc6d4b" outcome="Passed" testListId="8c84fa94-04c1-424b-9868-57a2d4851a1d" relativeResultsDirectory="56f4724d-b09b-4a05-9d86-a3cad327434c" />
    <UnitTestResult executionId="f0084ab3-0eaf-4ea2-b906-a52769f4ec1a" testId="d36c11ba-eabd-205f-a856-0f57ab1c8266" testName="Simgenics.XPact.XHT.Tests.Tests.Resolver.StepBindSuperAndBasesTests.EngineAnchor_AsSuper_NoErrorEvenWhenUnregistered" computerName="BENNET_3DPACT" duration="00:00:00.0001947" startTime="2026-05-21T14:58:23.7608464+02:00" endTime="2026-05-21T14:58:23.7616476+02:00" testType="13cdc9d9-ddb5-4fa4-a97d-d965ccfc6d4b" outcome="Passed" testListId="8c84fa94-04c1-424b-9868-57a2d4851a1d" relativeResultsDirectory="f0084ab3-0eaf-4ea2-b906-a52769f4ec1a" />
    <UnitTestResult executionId="155dbfb1-950d-47aa-a20a-00439fa241b9" testId="594e5d03-4db7-9b4e-1205-8787c9e5a097" testName="Simgenics.XPact.XHT.Tests.Tests.Parser.CppTokenizerTests.Identifier_WithUnderscoresDigitsAndDollar_OK" computerName="BENNET_3DPACT" duration="00:00:00.0002166" startTime="2026-05-21T14:58:23.8028784+02:00" endTime="2026-05-21T14:58:23.8030788+02:00" testType="13cdc9d9-ddb5-4fa4-a97d-d965ccfc6d4b" outcome="Passed" testListId="8c84fa94-04c1-424b-9868-57a2d4851a1d" relativeResultsDirectory="155dbfb1-950d-47aa-a20a-00439fa241b9" />
    <UnitTestResult executionId="0b3ba8ba-64ea-4549-af59-923e8aa5f3c3" testId="248dcb81-9357-5531-dd74-dcf3c00cea66" testName="Simgenics.XPact.XHT.Tests.Tests.Tables.SpecifierRegistryTests.Resolve_HitsRegisteredSpecifier_WhenContextMatches" computerName="BENNET_3DPACT" duration="00:00:00.0001137" startTime="2026-05-21T14:58:23.7435566+02:00" endTime="2026-05-21T14:58:23.7436214+02:00" testType="13cdc9d9-ddb5-4fa4-a97d-d965ccfc6d4b" outcome="Passed" testListId="8c84fa94-04c1-424b-9868-57a2d4851a1d" relativeResultsDirectory="0b3ba8ba-64ea-4549-af59-923e8aa5f3c3" />
    <UnitTestResult executionId="03343269-0f30-4e4c-8696-74efab3172b8" testId="31f78916-e7e3-e0f8-a9c0-d5e4f4a46947" testName="Simgenics.XPact.XHT.Tests.Tests.Parser.CppTokenizerTests.StringLiteral_Unterminated_EmitsDiagnostic" computerName="BENNET_3DPACT" duration="00:00:00.0004255" startTime="2026-05-21T14:58:23.8224756+02:00" endTime="2026-05-21T14:58:23.8225107+02:00" testType="13cdc9d9-ddb5-4fa4-a97d-d965ccfc6d4b" outcome="Passed" testListId="8c84fa94-04c1-424b-9868-57a2d4851a1d" relativeResultsDirectory="03343269-0f30-4e4c-8696-74efab3172b8" />
    <UnitTestResult executionId="a0477033-22d0-42db-a617-a5b99c9777a4" testId="d900bc9f-9f3a-2954-2c13-667d1a3c9979" testName="Simgenics.XPact.XHT.Tests.Tests.Emitter.CrossToolNamingContractTests.GenHeaderFileName_XhtAndXbt_Match(headerRelative: &quot;Public\\XValve.h&quot;)" computerName="BENNET_3DPACT" duration="00:00:00.0002035" startTime="2026-05-21T14:58:23.6342480+02:00" endTime="2026-05-21T14:58:23.6343214+02:00" testType="13cdc9d9-ddb5-4fa4-a97d-d965ccfc6d4b" outcome="Passed" testListId="8c84fa94-04c1-424b-9868-57a2d4851a1d" relativeResultsDirectory="a0477033-22d0-42db-a617-a5b99c9777a4" />
    <UnitTestResult executionId="843e9002-b315-481e-b0a8-358f5ada71ef" testId="0980f4ec-de50-f4ac-06c4-fe11a5fb8157" testName="Simgenics.XPact.XHT.Tests.Tests.Emitter.LogicalPathSplitterTests.Split_RejectsGenH_InputAsXhtOutput" computerName="BENNET_3DPACT" duration="00:00:00.0006284" startTime="2026-05-21T14:58:23.6965757+02:00" endTime="2026-05-21T14:58:23.6982999+02:00" testType="13cdc9d9-ddb5-4fa4-a97d-d965ccfc6d4b" outcome="Passed" testListId="8c84fa94-04c1-424b-9868-57a2d4851a1d" relativeResultsDirectory="843e9002-b315-481e-b0a8-358f5ada71ef" />
    <UnitTestResult executionId="a4a3f97d-a805-48ee-88db-c3e403bf4596" testId="09015303-084f-663c-3be9-b6c949abe030" testName="Simgenics.XPact.XHT.Tests.Tests.Parser.CSharpMarkerWalkerTests.XClass_EmptyParens_NoSpecifiers" computerName="BENNET_3DPACT" duration="00:00:00.0006797" startTime="2026-05-21T14:58:23.8663224+02:00" endTime="2026-05-21T14:58:23.8663594+02:00" testType="13cdc9d9-ddb5-4fa4-a97d-d965ccfc6d4b" outcome="Passed" testListId="8c84fa94-04c1-424b-9868-57a2d4851a1d" relativeResultsDirectory="a4a3f97d-a805-48ee-88db-c3e403bf4596" />
    <UnitTestResult executionId="34a0c4d7-508b-40d0-8e86-9a7af45341f1" testId="876f298d-2cb2-5a85-66ea-8dafb176ddcb" testName="Simgenics.XPact.XHT.Tests.Tests.Resolver.StepResolveBasesTests.WithinCompatibleWithSuper_NoXht119" computerName="BENNET_3DPACT" duration="00:00:00.0003033" startTime="2026-05-21T14:58:23.7604712+02:00" endTime="2026-05-21T14:58:23.7609914+02:00" testType="13cdc9d9-ddb5-4fa4-a97d-d965ccfc6d4b" outcome="Passed" testListId="8c84fa94-04c1-424b-9868-57a2d4851a1d" relativeResultsDirectory="34a0c4d7-508b-40d0-8e86-9a7af45341f1" />
    <UnitTestResult executionId="fa2d36b9-35fb-4039-8b72-dd547ef90ea2" testId="09cb7c82-b743-eda6-b13c-771c7f45bd3e" testName="Simgenics.XPact.XHT.Tests.Tests.Tables.CppKeywordTableTests.IsXhtMarker_FalseForNonMarkers(spelling: &quot;&quot;)" computerName="BENNET_3DPACT" duration="00:00:00.0000054" startTime="2026-05-21T14:58:23.7882072+02:00" endTime="2026-05-21T14:58:23.7882381+02:00" testType="13cdc9d9-ddb5-4fa4-a97d-d965ccfc6d4b" outcome="Passed" testListId="8c84fa94-04c1-424b-9868-57a2d4851a1d" relativeResultsDirectory="fa2d36b9-35fb-4039-8b72-dd547ef90ea2" />
    <UnitTestResult executionId="ad485fa3-cf1d-49bc-a654-4d66c755708c" testId="37a401ee-6d7a-0cd4-cc42-b60b86ad017c" testName="Simgenics.XPact.XHT.Tests.Tests.Parser.CppTokenizerTests.Float_VariousForms_OK(source: &quot;1.0f&quot;)" computerName="BENNET_3DPACT" duration="00:00:00.0000031" startTime="2026-05-21T14:58:23.8077657+02:00" endTime="2026-05-21T14:58:23.8078533+02:00" testType="13cdc9d9-ddb5-4fa4-a97d-d965ccfc6d4b" outcome="Passed" testListId="8c84fa94-04c1-424b-9868-57a2d4851a1d" relativeResultsDirectory="ad485fa3-cf1d-49bc-a654-4d66c755708c" />
    <UnitTestResult executionId="14738d6b-3691-49dc-81f3-1bfdca152a0c" testId="7618a8a6-259f-960e-bc8a-d6dc38716100" testName="Simgenics.XPact.XHT.Tests.Tests.Emitter.SymbolNamingTests.FileId_RejectsNullArgs" computerName="BENNET_3DPACT" duration="00:00:00.0011243" startTime="2026-05-21T14:58:23.6679584+02:00" endTime="2026-05-21T14:58:23.6730285+02:00" testType="13cdc9d9-ddb5-4fa4-a97d-d965ccfc6d4b" outcome="Passed" testListId="8c84fa94-04c1-424b-9868-57a2d4851a1d" relativeResultsDirectory="14738d6b-3691-49dc-81f3-1bfdca152a0c" />
    <UnitTestResult executionId="00579b27-57c2-494d-afa6-8d7e4624b009" testId="3b0221ba-c28e-6c2d-a535-5c262a4e3e53" testName="Simgenics.XPact.XHT.Tests.Tests.Parser.CppTokenizerTests.BlockComment_Unterminated_EmitsDiagnostic_AndAdvancesToEof" computerName="BENNET_3DPACT" duration="00:00:00.0002826" startTime="2026-05-21T14:58:23.8229819+02:00" endTime="2026-05-21T14:58:23.8230098+02:00" testType="13cdc9d9-ddb5-4fa4-a97d-d965ccfc6d4b" outcome="Passed" testListId="8c84fa94-04c1-424b-9868-57a2d4851a1d" relativeResultsDirectory="00579b27-57c2-494d-afa6-8d7e4624b009" />
    <UnitTestResult executionId="0f2326b2-347b-4493-aa62-8e21de902681" testId="197fda31-173e-e318-b6ba-e16109fc2c83" testName="Simgenics.XPact.XHT.Tests.Tests.Core.Blake3HashTests.FromString_Stable_AcrossCalls" computerName="BENNET_3DPACT" duration="00:00:00.0003204" startTime="2026-05-21T14:58:23.8143686+02:00" endTime="2026-05-21T14:58:23.8168854+02:00" testType="13cdc9d9-ddb5-4fa4-a97d-d965ccfc6d4b" outcome="Passed" testListId="8c84fa94-04c1-424b-9868-57a2d4851a1d" relativeResultsDirectory="0f2326b2-347b-4493-aa62-8e21de902681" />
    <UnitTestResult executionId="62165e56-d261-4631-b64d-c008ef15acef" testId="5f3f7e83-af8f-9823-fade-f22584ad8968" testName="Simgenics.XPact.XHT.Tests.Tests.Resolver.StepResolvePropertiesTests.TArray_OfTArray_ExtractsOuterInner" computerName="BENNET_3DPACT" duration="00:00:00.0002197" startTime="2026-05-21T14:58:23.7345113+02:00" endTime="2026-05-21T14:58:23.7345790+02:00" testType="13cdc9d9-ddb5-4fa4-a97d-d965ccfc6d4b" outcome="Passed" testListId="8c84fa94-04c1-424b-9868-57a2d4851a1d" relativeResultsDirectory="62165e56-d261-4631-b64d-c008ef15acef" />
    <UnitTestResult executionId="ec5d01ba-bab7-4825-8cb4-354a5b0b3467" testId="aa3ac39f-a249-4791-b673-9db120f23b52" testName="Simgenics.XPact.XHT.Tests.Tests.Entry.DumpAstModeTests.Execute_ReturnsSuccess" computerName="BENNET_3DPACT" duration="00:00:00.0007542" startTime="2026-05-21T14:58:30.4028770+02:00" endTime="2026-05-21T14:58:30.4036612+02:00" testType="13cdc9d9-ddb5-4fa4-a97d-d965ccfc6d4b" outcome="Passed" testListId="8c84fa94-04c1-424b-9868-57a2d4851a1d" relativeResultsDirectory="ec5d01ba-bab7-4825-8cb4-354a5b0b3467" />
    <UnitTestResult executionId="1b69cb45-26d0-4174-9d62-e211a0b920dd" testId="bda49cd9-84f0-3af7-d2c5-80f13c6bd579" testName="Simgenics.XPact.XHT.Tests.Tests.Parser.CSharpMarkerWalkerTests.XProperty_OnContainerType_FlagsIsContainer" computerName="BENNET_3DPACT" duration="00:00:00.0038260" startTime="2026-05-21T14:58:23.8613031+02:00" endTime="2026-05-21T14:58:23.8613374+02:00" testType="13cdc9d9-ddb5-4fa4-a97d-d965ccfc6d4b" outcome="Passed" testListId="8c84fa94-04c1-424b-9868-57a2d4851a1d" relativeResultsDirectory="1b69cb45-26d0-4174-9d62-e211a0b920dd" />
    <UnitTestResult executionId="9141a85f-42ff-4151-9a36-2fede19c4af4" testId="391f1c6e-f0b2-4a44-4680-dcea6a7894bd" testName="Simgenics.XPact.XHT.Tests.Tests.Tables.CppKeywordTableTests.IsXhtMarker_TrueForLockedMarkerVocabulary_PerContractSection11(marker: &quot;XPROPERTY&quot;)" computerName="BENNET_3DPACT" duration="00:00:00.0000036" startTime="2026-05-21T14:58:23.7685570+02:00" endTime="2026-05-21T14:58:23.7686045+02:00" testType="13cdc9d9-ddb5-4fa4-a97d-d965ccfc6d4b" outcome="Passed" testListId="8c84fa94-04c1-424b-9868-57a2d4851a1d" relativeResultsDirectory="9141a85f-42ff-4151-9a36-2fede19c4af4" />
    <UnitTestResult executionId="97b2a83e-5fe5-4b6d-8ca7-90ad30275e12" testId="e770ede7-52a6-d786-4b55-98e8728a2edd" testName="Simgenics.XPact.XHT.Tests.Tests.Parser.CppTokenizerTests.StringLiteral_PrefixedForms_TokenisedAsStringLiteral" computerName="BENNET_3DPACT" duration="00:00:00.0002450" startTime="2026-05-21T14:58:23.8217608+02:00" endTime="2026-05-21T14:58:23.8217888+02:00" testType="13cdc9d9-ddb5-4fa4-a97d-d965ccfc6d4b" outcome="Passed" testListId="8c84fa94-04c1-424b-9868-57a2d4851a1d" relativeResultsDirectory="97b2a83e-5fe5-4b6d-8ca7-90ad30275e12" />
    <UnitTestResult executionId="c22c12be-c3d0-4345-930b-8f4c6fd06ebe" testId="6a9032ed-b2b6-8bef-de25-be7f1154bbb4" testName="Simgenics.XPact.XHT.Tests.Tests.Resolver.StepResolveInvalidCheckTests.StructWithProperties_PassesInvalidCheck" computerName="BENNET_3DPACT" duration="00:00:00.1136376" startTime="2026-05-21T14:58:23.5256011+02:00" endTime="2026-05-21T14:58:23.6721880+02:00" testType="13cdc9d9-ddb5-4fa4-a97d-d965ccfc6d4b" outcome="Passed" testListId="8c84fa94-04c1-424b-9868-57a2d4851a1d" relativeResultsDirectory="c22c12be-c3d0-4345-930b-8f4c6fd06ebe" />
    <UnitTestResult executionId="89f8914d-7283-4398-9a0f-2d007af71e1e" testId="08fdaed7-94f5-647e-9510-a23a64745625" testName="Simgenics.XPact.XHT.Tests.Tests.Manifest.GenManifestWriterTests.Render_EmitsAllRequiredSections_InOrder" computerName="BENNET_3DPACT" duration="00:00:00.0012489" startTime="2026-05-21T14:58:23.8591552+02:00" endTime="2026-05-21T14:58:23.8595815+02:00" testType="13cdc9d9-ddb5-4fa4-a97d-d965ccfc6d4b" outcome="Passed" testListId="8c84fa94-04c1-424b-9868-57a2d4851a1d" relativeResultsDirectory="89f8914d-7283-4398-9a0f-2d007af71e1e" />
    <UnitTestResult executionId="45701c37-bd8d-4bc7-b5c7-19444694fdd8" testId="0bac4e1a-eb80-767b-946d-9da880f4dbec" testName="Simgenics.XPact.XHT.Tests.Tests.Emitter.CrossToolNamingContractTests.GenSourceFileName_XhtAndXbt_Match(headerRelative: &quot;Private/Subdir/XValve.h&quot;)" computerName="BENNET_3DPACT" duration="00:00:00.0002624" startTime="2026-05-21T14:58:23.6616565+02:00" endTime="2026-05-21T14:58:23.6650106+02:00" testType="13cdc9d9-ddb5-4fa4-a97d-d965ccfc6d4b" outcome="Passed" testListId="8c84fa94-04c1-424b-9868-57a2d4851a1d" relativeResultsDirectory="45701c37-bd8d-4bc7-b5c7-19444694fdd8" />
    <UnitTestResult executionId="26239746-856c-4253-bd1a-65ec26ee6c6b" testId="0aca3cb2-eac6-2b74-6a6a-72aa2e3b74ff" testName="Simgenics.XPact.XHT.Tests.Tests.Parser.CSharpMarkerWalkerTests.Nested_InnerClass_HasOuterName" computerName="BENNET_3DPACT" duration="00:00:00.0003794" startTime="2026-05-21T14:58:23.8662170+02:00" endTime="2026-05-21T14:58:23.8662448+02:00" testType="13cdc9d9-ddb5-4fa4-a97d-d965ccfc6d4b" outcome="Passed" testListId="8c84fa94-04c1-424b-9868-57a2d4851a1d" relativeResultsDirectory="26239746-856c-4253-bd1a-65ec26ee6c6b" />
    <UnitTestResult executionId="dbf35003-213c-4eab-9325-264c7d37621f" testId="968250ed-9de3-dd7a-d3bb-c73082296500" testName="Simgenics.XPact.XHT.Tests.Tests.Core.Blake3HashTests.Zero_DefaultValue_HasAllZerosHex" computerName="BENNET_3DPACT" duration="00:00:00.0001800" startTime="2026-05-21T14:58:23.8116252+02:00" endTime="2026-05-21T14:58:23.8141710+02:00" testType="13cdc9d9-ddb5-4fa4-a97d-d965ccfc6d4b" outcome="Passed" testListId="8c84fa94-04c1-424b-9868-57a2d4851a1d" relativeResultsDirectory="dbf35003-213c-4eab-9325-264c7d37621f" />
    <UnitTestResult executionId="f4deb9b3-7091-4e0b-b08e-d31a79dbd427" testId="939f194a-1d7f-0fd6-0fd6-f465f782acd5" testName="Simgenics.XPact.XHT.Tests.Tests.Resolver.StepResolvePropertiesTests.RepNotify_MissingCallback_EmitsXht113" computerName="BENNET_3DPACT" duration="00:00:00.0019120" startTime="2026-05-21T14:58:23.7009783+02:00" endTime="2026-05-21T14:58:23.7080697+02:00" testType="13cdc9d9-ddb5-4fa4-a97d-d965ccfc6d4b" outcome="Passed" testListId="8c84fa94-04c1-424b-9868-57a2d4851a1d" relativeResultsDirectory="f4deb9b3-7091-4e0b-b08e-d31a79dbd427" />
    <UnitTestResult executionId="da9a0b9e-3f46-4eeb-aa55-fbe9910b010a" testId="f18a6fbe-3067-af0e-e96c-4ced4a70ba16" testName="Simgenics.XPact.XHT.Tests.Tests.Parser.CppSpecifierParserTests.EmptyList_ReturnsNoSpecifiers" computerName="BENNET_3DPACT" duration="00:00:00.0002298" startTime="2026-05-21T14:58:23.7395215+02:00" endTime="2026-05-21T14:58:23.7397373+02:00" testType="13cdc9d9-ddb5-4fa4-a97d-d965ccfc6d4b" outcome="Passed" testListId="8c84fa94-04c1-424b-9868-57a2d4851a1d" relativeResultsDirectory="da9a0b9e-3f46-4eeb-aa55-fbe9910b010a" />
    <UnitTestResult executionId="508c60bc-af42-4310-9647-38541b6fc9f8" testId="667b9655-d579-7dd3-d3fd-a2a1207df0b7" testName="Simgenics.XPact.XHT.Tests.Tests.Resolver.StepRecursiveStructCheckTests.NoCycle_LinearChain_EmitsNothing" computerName="BENNET_3DPACT" duration="00:00:00.0098435" startTime="2026-05-21T14:58:23.7570083+02:00" endTime="2026-05-21T14:58:23.7583540+02:00" testType="13cdc9d9-ddb5-4fa4-a97d-d965ccfc6d4b" outcome="Passed" testListId="8c84fa94-04c1-424b-9868-57a2d4851a1d" relativeResultsDirectory="508c60bc-af42-4310-9647-38541b6fc9f8" />
    <UnitTestResult executionId="56f20adf-91cb-4311-b736-273f56e799f8" testId="2f7c8f1d-b1be-153e-6906-4b4d8757cc3c" testName="Simgenics.XPact.XHT.Tests.Tests.Core.DiagnosticRecordTests.WriteJson_OmitsEmptyContext" computerName="BENNET_3DPACT" duration="00:00:00.0119386" startTime="2026-05-21T14:58:23.7524048+02:00" endTime="2026-05-21T14:58:23.7589652+02:00" testType="13cdc9d9-ddb5-4fa4-a97d-d965ccfc6d4b" outcome="Passed" testListId="8c84fa94-04c1-424b-9868-57a2d4851a1d" relativeResultsDirectory="56f20adf-91cb-4311-b736-273f56e799f8" />
    <UnitTestResult executionId="705a35c3-13a7-47a4-9906-543a9f8e939b" testId="62081558-aedd-fba5-e2f3-6d6e36f4a208" testName="Simgenics.XPact.XHT.Tests.Tests.Manifest.GenManifestReaderTests.Read_RoundTripsThroughDiskViaWriter" computerName="BENNET_3DPACT" duration="00:00:00.0235836" startTime="2026-05-21T14:58:23.7746531+02:00" endTime="2026-05-21T14:58:23.8338640+02:00" testType="13cdc9d9-ddb5-4fa4-a97d-d965ccfc6d4b" outcome="Passed" testListId="8c84fa94-04c1-424b-9868-57a2d4851a1d" relativeResultsDirectory="705a35c3-13a7-47a4-9906-543a9f8e939b" />
    <UnitTestResult executionId="efdece7c-36f8-45cc-b8d8-5f4c01caa4fc" testId="af5a5ded-f93c-feef-e38a-debf27cb57e4" testName="Simgenics.XPact.XHT.Tests.Tests.AST.XhtClassTests.CaselessKey_CSharpName_LowercasesVerbatim" computerName="BENNET_3DPACT" duration="00:00:00.0000777" startTime="2026-05-21T14:58:23.6786300+02:00" endTime="2026-05-21T14:58:23.6798788+02:00" testType="13cdc9d9-ddb5-4fa4-a97d-d965ccfc6d4b" outcome="Passed" testListId="8c84fa94-04c1-424b-9868-57a2d4851a1d" relativeResultsDirectory="efdece7c-36f8-45cc-b8d8-5f4c01caa4fc" />
    <UnitTestResult executionId="3dbd9aeb-751f-4f7c-8c8d-f6c0e4c6c5ad" testId="904f38ad-4923-9dfb-2b38-fb262dfc8d8b" testName="Simgenics.XPact.XHT.Tests.Tests.Emitter.SymbolNamingTests.SingletonGetter_RejectsEmptyArgs" computerName="BENNET_3DPACT" duration="00:00:00.0006428" startTime="2026-05-21T14:58:23.6833852+02:00" endTime="2026-05-21T14:58:23.6834194+02:00" testType="13cdc9d9-ddb5-4fa4-a97d-d965ccfc6d4b" outcome="Passed" testListId="8c84fa94-04c1-424b-9868-57a2d4851a1d" relativeResultsDirectory="3dbd9aeb-751f-4f7c-8c8d-f6c0e4c6c5ad" />
    <UnitTestResult executionId="1c4a085e-4274-4ce6-af7d-637378a90c28" testId="ba3e0ec3-c986-c10c-02b8-d49084a5185b" testName="Simgenics.XPact.XHT.Tests.Tests.Parser.CSharpMarkerWalkerTests.XFunction_OnMethod_AttachesToClass" computerName="BENNET_3DPACT" duration="00:00:00.0007117" startTime="2026-05-21T14:58:23.8671156+02:00" endTime="2026-05-21T14:58:23.8671484+02:00" testType="13cdc9d9-ddb5-4fa4-a97d-d965ccfc6d4b" outcome="Passed" testListId="8c84fa94-04c1-424b-9868-57a2d4851a1d" relativeResultsDirectory="1c4a085e-4274-4ce6-af7d-637378a90c28" />
    <UnitTestResult executionId="bc479b8d-6d2e-4d8a-bf80-9cc835b29cee" testId="8f2120b7-6b38-1cf3-2712-285eabcddb64" testName="Simgenics.XPact.XHT.Tests.Tests.Resolver.ResolverPipelineTests.ResolveAll_RunsFinalPhase_DoesNotErrorOnEmptyConflicts" computerName="BENNET_3DPACT" duration="00:00:00.0002788" startTime="2026-05-21T14:58:23.7574487+02:00" endTime="2026-05-21T14:58:23.7584846+02:00" testType="13cdc9d9-ddb5-4fa4-a97d-d965ccfc6d4b" outcome="Passed" testListId="8c84fa94-04c1-424b-9868-57a2d4851a1d" relativeResultsDirectory="bc479b8d-6d2e-4d8a-bf80-9cc835b29cee" />
    <UnitTestResult executionId="2fc4d839-d8ca-44b5-9102-c570fb970a4a" testId="3d828a03-f67c-d456-8006-9c0e5c794881" testName="Simgenics.XPact.XHT.Tests.Tests.Tables.CppKeywordTableTests.IsXhtMarkerSpan_BehavesAsStringOverload(spelling: &quot;XValve&quot;, expected: False)" computerName="BENNET_3DPACT" duration="00:00:00.0000081" startTime="2026-05-21T14:58:23.7853232+02:00" endTime="2026-05-21T14:58:23.7855315+02:00" testType="13cdc9d9-ddb5-4fa4-a97d-d965ccfc6d4b" outcome="Passed" testListId="8c84fa94-04c1-424b-9868-57a2d4851a1d" relativeResultsDirectory="2fc4d839-d8ca-44b5-9102-c570fb970a4a" />
    <UnitTestResult executionId="a9c9e7fa-df8d-4192-9e3a-e10104857080" testId="e39d8c7e-1a1d-b98f-b748-79ca9c9f53f7" testName="Simgenics.XPact.XHT.Tests.Tests.AST.XhtClassTests.CaselessKey_LegacyUePrefixedName_IsLowercasedVerbatim" computerName="BENNET_3DPACT" duration="00:00:00.0000818" startTime="2026-05-21T14:58:23.6868155+02:00" endTime="2026-05-21T14:58:23.6869044+02:00" testType="13cdc9d9-ddb5-4fa4-a97d-d965ccfc6d4b" outcome="Passed" testListId="8c84fa94-04c1-424b-9868-57a2d4851a1d" relativeResultsDirectory="a9c9e7fa-df8d-4192-9e3a-e10104857080" />
    <UnitTestResult executionId="f8580c6a-7c0a-442e-b643-ff78bb2e62ab" testId="0446061d-ee1a-f712-dfab-7aa02dd5e419" testName="Simgenics.XPact.XHT.Tests.Tests.Resolver.ResolverPipelineTests.ResolveUpTo_BindSuperAndBases_PopulatesResolvedSupers" computerName="BENNET_3DPACT" duration="00:00:00.0015331" startTime="2026-05-21T14:58:23.7586316+02:00" endTime="2026-05-21T14:58:23.7629085+02:00" testType="13cdc9d9-ddb5-4fa4-a97d-d965ccfc6d4b" outcome="Passed" testListId="8c84fa94-04c1-424b-9868-57a2d4851a1d" relativeResultsDirectory="f8580c6a-7c0a-442e-b643-ff78bb2e62ab" />
    <UnitTestResult executionId="c2c276c0-a3f0-4f1b-b209-3c4d88e087ab" testId="ce148927-0b80-0229-71a9-8e817beab5a9" testName="Simgenics.XPact.XHT.Tests.Tests.Entry.VersionModeTests.Execute_CancelledToken_ReturnsCancelled" computerName="BENNET_3DPACT" duration="00:00:00.0003786" startTime="2026-05-21T14:58:30.6107782+02:00" endTime="2026-05-21T14:58:30.6108695+02:00" testType="13cdc9d9-ddb5-4fa4-a97d-d965ccfc6d4b" outcome="Passed" testListId="8c84fa94-04c1-424b-9868-57a2d4851a1d" relativeResultsDirectory="c2c276c0-a3f0-4f1b-b209-3c4d88e087ab" />
    <UnitTestResult executionId="af001ddb-e387-44f1-9ed3-4a6c2f4192c6" testId="df06e296-7dac-0227-ad03-47e8077ce3a0" testName="Simgenics.XPact.XHT.Tests.Tests.Tables.XhtEngineClassTableTests.IsEngineClass_MatchesLookupAffirmative(name: &quot;XClass&quot;, expected: True)" computerName="BENNET_3DPACT" duration="00:00:00.0000023" startTime="2026-05-21T14:58:23.7860860+02:00" endTime="2026-05-21T14:58:23.7861887+02:00" testType="13cdc9d9-ddb5-4fa4-a97d-d965ccfc6d4b" outcome="Passed" testListId="8c84fa94-04c1-424b-9868-57a2d4851a1d" relativeResultsDirectory="af001ddb-e387-44f1-9ed3-4a6c2f4192c6" />
    <UnitTestResult executionId="335f1ab1-5947-4d8a-8cef-a08775014515" testId="cae38a28-a39f-14d2-a8a1-fb3cecb43f3c" testName="Simgenics.XPact.XHT.Tests.Tests.Entry.EmitModuleModeTests.Execute_ModuleNotInManifest_ThrowsManifestMalformed" computerName="BENNET_3DPACT" duration="00:00:00.0032979" startTime="2026-05-21T14:58:30.6752377+02:00" endTime="2026-05-21T14:58:30.6784190+02:00" testType="13cdc9d9-ddb5-4fa4-a97d-d965ccfc6d4b" outcome="Passed" testListId="8c84fa94-04c1-424b-9868-57a2d4851a1d" relativeResultsDirectory="335f1ab1-5947-4d8a-8cef-a08775014515" />
    <UnitTestResult executionId="5fd1e1a3-c10e-4e54-88a4-fb5f0df53f14" testId="0859265e-18a8-7b94-f2bd-6f447c372a98" testName="Simgenics.XPact.XHT.Tests.Tests.Parser.CrossLanguageParserTests.CppAndCSharp_DifferentSpellings_BothRegister" computerName="BENNET_3DPACT" duration="00:00:00.0003223" startTime="2026-05-21T14:58:23.8593309+02:00" endTime="2026-05-21T14:58:23.8593635+02:00" testType="13cdc9d9-ddb5-4fa4-a97d-d965ccfc6d4b" outcome="Passed" testListId="8c84fa94-04c1-424b-9868-57a2d4851a1d" relativeResultsDirectory="5fd1e1a3-c10e-4e54-88a4-fb5f0df53f14" />
    <UnitTestResult executionId="b73a1a4f-4b21-485b-9a73-f3e43f61cda2" testId="25bd984d-d124-f45c-3efc-250be30b9d2c" testName="Simgenics.XPact.XHT.Tests.Tests.Parser.CppTokenizerTests.Float_VariousForms_OK(source: &quot;1.0&quot;)" computerName="BENNET_3DPACT" duration="00:00:00.0000029" startTime="2026-05-21T14:58:23.8073647+02:00" endTime="2026-05-21T14:58:23.8074435+02:00" testType="13cdc9d9-ddb5-4fa4-a97d-d965ccfc6d4b" outcome="Passed" testListId="8c84fa94-04c1-424b-9868-57a2d4851a1d" relativeResultsDirectory="b73a1a4f-4b21-485b-9a73-f3e43f61cda2" />
    <UnitTestResult executionId="2aa6275a-0e68-4be1-9c67-85ec4d131cdf" testId="6756c7c6-c210-82bc-b98e-827788ab78e7" testName="Simgenics.XPact.XHT.Tests.Tests.Core.LoggerTests.DecideJsonChannelMode_ZeroOrNegativeFd_FallsThroughToAutoDetect" computerName="BENNET_3DPACT" duration="00:00:00.0008725" startTime="2026-05-21T14:58:30.4101497+02:00" endTime="2026-05-21T14:58:30.4102612+02:00" testType="13cdc9d9-ddb5-4fa4-a97d-d965ccfc6d4b" outcome="Passed" testListId="8c84fa94-04c1-424b-9868-57a2d4851a1d" relativeResultsDirectory="2aa6275a-0e68-4be1-9c67-85ec4d131cdf" />
    <UnitTestResult executionId="616c477b-b451-4122-aee2-000cd06095a4" testId="e4356819-582f-a78c-4189-dc38467470c2" testName="Simgenics.XPact.XHT.Tests.Tests.Parser.CppMarkerScannerTests.XGeneratedBody_WithoutParens_AlsoTracked" computerName="BENNET_3DPACT" duration="00:00:00.0001611" startTime="2026-05-21T14:58:23.8034140+02:00" endTime="2026-05-21T14:58:23.8046008+02:00" testType="13cdc9d9-ddb5-4fa4-a97d-d965ccfc6d4b" outcome="Passed" testListId="8c84fa94-04c1-424b-9868-57a2d4851a1d" relativeResultsDirectory="616c477b-b451-4122-aee2-000cd06095a4" />
    <UnitTestResult executionId="d0514eda-652a-44a3-af57-bb18d84f0dd7" testId="be2c1ee6-8cb6-c97d-4394-363c0445230c" testName="Simgenics.XPact.XHT.Tests.Tests.AST.SymbolTableTests.Lookup_Miss_ReturnsNull" computerName="BENNET_3DPACT" duration="00:00:00.0002547" startTime="2026-05-21T14:58:23.6891460+02:00" endTime="2026-05-21T14:58:23.6906602+02:00" testType="13cdc9d9-ddb5-4fa4-a97d-d965ccfc6d4b" outcome="Passed" testListId="8c84fa94-04c1-424b-9868-57a2d4851a1d" relativeResultsDirectory="d0514eda-652a-44a3-af57-bb18d84f0dd7" />
    <UnitTestResult executionId="c057cedc-5007-42dd-9975-5895e31bd747" testId="9bf4d489-766d-3fb8-1298-c89427d36a07" testName="Simgenics.XPact.XHT.Tests.Tests.Parser.CppTokenizerTests.Peek_DoesNotConsume_AndReturnsSameTokenAsNext" computerName="BENNET_3DPACT" duration="00:00:00.0036996" startTime="2026-05-21T14:58:23.8103465+02:00" endTime="2026-05-21T14:58:23.8204341+02:00" testType="13cdc9d9-ddb5-4fa4-a97d-d965ccfc6d4b" outcome="Passed" testListId="8c84fa94-04c1-424b-9868-57a2d4851a1d" relativeResultsDirectory="c057cedc-5007-42dd-9975-5895e31bd747" />
    <UnitTestResult executionId="a647086a-4c06-421d-bc57-047a6d61a74e" testId="c284686a-bf6e-1855-9684-60fbb0581644" testName="Simgenics.XPact.XHT.Tests.Tests.Tables.CppKeywordTableTests.IsXhtMarker_TrueForLockedMarkerVocabulary_PerContractSection11(marker: &quot;XMETA&quot;)" computerName="BENNET_3DPACT" duration="00:00:00.0137367" startTime="2026-05-21T14:58:23.7568667+02:00" endTime="2026-05-21T14:58:23.7651688+02:00" testType="13cdc9d9-ddb5-4fa4-a97d-d965ccfc6d4b" outcome="Passed" testListId="8c84fa94-04c1-424b-9868-57a2d4851a1d" relativeResultsDirectory="a647086a-4c06-421d-bc57-047a6d61a74e" />
    <UnitTestResult executionId="05c75f11-b234-486a-b1d0-657b931c13e6" testId="42cde866-d051-fbdf-d5f1-09c62de91ec9" testName="Simgenics.XPact.XHT.Tests.Tests.Resolver.StepResolveInvalidCheckTests.ClassWithMembers_PassesInvalidCheck" computerName="BENNET_3DPACT" duration="00:00:00.0002486" startTime="2026-05-21T14:58:23.6804438+02:00" endTime="2026-05-21T14:58:23.6807602+02:00" testType="13cdc9d9-ddb5-4fa4-a97d-d965ccfc6d4b" outcome="Passed" testListId="8c84fa94-04c1-424b-9868-57a2d4851a1d" relativeResultsDirectory="05c75f11-b234-486a-b1d0-657b931c13e6" />
    <UnitTestResult executionId="f8c27edc-37e5-4768-830f-a9c2da0fb3c9" testId="48f90635-0424-f9b5-60a4-9d0c4b8fac00" testName="Simgenics.XPact.XHT.Tests.Tests.AST.XhtClassTests.Construct_TopLevelClass_PopulatesAllFields" computerName="BENNET_3DPACT" duration="00:00:00.0033325" startTime="2026-05-21T14:58:23.6619517+02:00" endTime="2026-05-21T14:58:23.6785051+02:00" testType="13cdc9d9-ddb5-4fa4-a97d-d965ccfc6d4b" outcome="Passed" testListId="8c84fa94-04c1-424b-9868-57a2d4851a1d" relativeResultsDirectory="f8c27edc-37e5-4768-830f-a9c2da0fb3c9" />
    <UnitTestResult executionId="cedadc6e-7795-4b3e-948d-48eaf83489a8" testId="cf96208d-9c14-2d0c-e5a6-3e84c40d35cf" testName="Simgenics.XPact.XHT.Tests.Tests.Parser.CSharpMarkerWalkerTests.NonReflectedClass_IgnoredEntirely" computerName="BENNET_3DPACT" duration="00:00:00.0039734" startTime="2026-05-21T14:58:23.8607235+02:00" endTime="2026-05-21T14:58:23.8607677+02:00" testType="13cdc9d9-ddb5-4fa4-a97d-d965ccfc6d4b" outcome="Passed" testListId="8c84fa94-04c1-424b-9868-57a2d4851a1d" relativeResultsDirectory="cedadc6e-7795-4b3e-948d-48eaf83489a8" />
    <UnitTestResult executionId="532ee560-c89c-45a9-a0bc-01e1a93e1c32" testId="f57e7615-a8f7-3962-1557-59e11d8e8410" testName="Simgenics.XPact.XHT.Tests.Tests.Tables.XhtEngineClassTableTests.Lookup_HitsExactNameForEachAnchor(name: &quot;XObject&quot;, expected: XObject)" computerName="BENNET_3DPACT" duration="00:00:00.0000030" startTime="2026-05-21T14:58:23.8118864+02:00" endTime="2026-05-21T14:58:23.8119313+02:00" testType="13cdc9d9-ddb5-4fa4-a97d-d965ccfc6d4b" outcome="Passed" testListId="8c84fa94-04c1-424b-9868-57a2d4851a1d" relativeResultsDirectory="532ee560-c89c-45a9-a0bc-01e1a93e1c32" />
    <UnitTestResult executionId="989a9b15-4a66-4151-b04d-0eba0fcfac71" testId="fd52b929-673a-9a67-ee6d-63407761fa5c" testName="Simgenics.XPact.XHT.Tests.Tests.Parser.CSharpSourceEnumeratorTests.EnumerateOrdered_NullPaths_Throws" computerName="BENNET_3DPACT" duration="00:00:00.0006530" startTime="2026-05-21T14:58:23.7675586+02:00" endTime="2026-05-21T14:58:23.7707247+02:00" testType="13cdc9d9-ddb5-4fa4-a97d-d965ccfc6d4b" outcome="Passed" testListId="8c84fa94-04c1-424b-9868-57a2d4851a1d" relativeResultsDirectory="989a9b15-4a66-4151-b04d-0eba0fcfac71" />
    <UnitTestResult executionId="90e66947-6514-4125-8f6f-e0ae2b2b798b" testId="e6aa8bbd-4cf2-2e41-b53c-49e2fca90785" testName="Simgenics.XPact.XHT.Tests.Tests.Emitter.HeaderEmitterTests.EmitForHeader_StructAndEnum_GetCorrectXKindForwardDecl" computerName="BENNET_3DPACT" duration="00:00:00.0009300" startTime="2026-05-21T14:58:30.7014142+02:00" endTime="2026-05-21T14:58:30.7022314+02:00" testType="13cdc9d9-ddb5-4fa4-a97d-d965ccfc6d4b" outcome="Passed" testListId="8c84fa94-04c1-424b-9868-57a2d4851a1d" relativeResultsDirectory="90e66947-6514-4125-8f6f-e0ae2b2b798b" />
    <UnitTestResult executionId="6ff2c1c9-c17f-4b0d-97f4-a4ef62ae0329" testId="de55ccbb-767d-eb0d-8466-3b9c7514f84e" testName="Simgenics.XPact.XHT.Tests.Tests.Emitter.SymbolNamingTests.FileId_OtherSuffixes_AtSameSite_MatchExample" computerName="BENNET_3DPACT" duration="00:00:00.0001485" startTime="2026-05-21T14:58:23.6663397+02:00" endTime="2026-05-21T14:58:23.6663949+02:00" testType="13cdc9d9-ddb5-4fa4-a97d-d965ccfc6d4b" outcome="Passed" testListId="8c84fa94-04c1-424b-9868-57a2d4851a1d" relativeResultsDirectory="6ff2c1c9-c17f-4b0d-97f4-a4ef62ae0329" />
    <UnitTestResult executionId="d85e5b09-5de4-4cac-8999-3bfcb5c8c94b" testId="dfbf8828-79e4-a6df-d765-2625c460b8bd" testName="Simgenics.XPact.XHT.Tests.Tests.Parser.CSharpMarkerWalkerTests.XInterface_Basic_Registered" computerName="BENNET_3DPACT" duration="00:00:00.0003245" startTime="2026-05-21T14:58:23.8611909+02:00" endTime="2026-05-21T14:58:23.8612240+02:00" testType="13cdc9d9-ddb5-4fa4-a97d-d965ccfc6d4b" outcome="Passed" testListId="8c84fa94-04c1-424b-9868-57a2d4851a1d" relativeResultsDirectory="d85e5b09-5de4-4cac-8999-3bfcb5c8c94b" />
    <UnitTestResult executionId="f861181b-3ebc-44de-bbd8-3b17aaf194e2" testId="1cb19c6f-d146-701d-5c6d-3c1935c34f8a" testName="Simgenics.XPact.XHT.Tests.Tests.Tables.BuiltInSpecifiersTests.All_HasNoDuplicateNames" computerName="BENNET_3DPACT" duration="00:00:00.1121194" startTime="2026-05-21T14:58:23.5247099+02:00" endTime="2026-05-21T14:58:23.6659345+02:00" testType="13cdc9d9-ddb5-4fa4-a97d-d965ccfc6d4b" outcome="Passed" testListId="8c84fa94-04c1-424b-9868-57a2d4851a1d" relativeResultsDirectory="f861181b-3ebc-44de-bbd8-3b17aaf194e2" />
    <UnitTestResult executionId="d9b0e09f-c239-492f-809f-ce01743350a8" testId="6057a638-0f0a-0fe1-926c-e1b4d184ffa5" testName="Simgenics.XPact.XHT.Tests.Tests.Emitter.HeaderEmitterTests.Determinism_TwoRunsOverSameInput_ProduceByteIdenticalOutput" computerName="BENNET_3DPACT" duration="00:00:00.0008113" startTime="2026-05-21T14:58:30.7064798+02:00" endTime="2026-05-21T14:58:30.7071594+02:00" testType="13cdc9d9-ddb5-4fa4-a97d-d965ccfc6d4b" outcome="Passed" testListId="8c84fa94-04c1-424b-9868-57a2d4851a1d" relativeResultsDirectory="d9b0e09f-c239-492f-809f-ce01743350a8" />
    <UnitTestResult executionId="df8468ed-5405-446f-925d-252bd94a5fde" testId="82fce1f5-2541-e926-c7fb-f1aab44f3216" testName="Simgenics.XPact.XHT.Tests.Tests.Parser.CppTokenizerTests.Punctuator_LongestMatchWins(source: &quot;||&quot;, expected: PipePipe)" computerName="BENNET_3DPACT" duration="00:00:00.0000027" startTime="2026-05-21T14:58:23.7925218+02:00" endTime="2026-05-21T14:58:23.7925634+02:00" testType="13cdc9d9-ddb5-4fa4-a97d-d965ccfc6d4b" outcome="Passed" testListId="8c84fa94-04c1-424b-9868-57a2d4851a1d" relativeResultsDirectory="df8468ed-5405-446f-925d-252bd94a5fde" />
    <UnitTestResult executionId="8936e469-d743-4b91-99c9-18c3b3a6591d" testId="43ac6d73-6f0c-91fb-1cbf-3921e1b2e789" testName="Simgenics.XPact.XHT.Tests.Tests.Manifest.GenManifestReaderTests.Parse_DiagnosticsEntry_EscapedNewline_UnescapesCorrectly" computerName="BENNET_3DPACT" duration="00:00:00.0011574" startTime="2026-05-21T14:58:23.8472987+02:00" endTime="2026-05-21T14:58:23.8473740+02:00" testType="13cdc9d9-ddb5-4fa4-a97d-d965ccfc6d4b" outcome="Passed" testListId="8c84fa94-04c1-424b-9868-57a2d4851a1d" relativeResultsDirectory="8936e469-d743-4b91-99c9-18c3b3a6591d" />
    <UnitTestResult executionId="90d10fee-da48-431d-9787-3dc6aa86a54f" testId="f192a023-269e-6a01-c587-71fa20a8b78c" testName="Simgenics.XPact.XHT.Tests.Tests.Resolver.StepResolvePropertiesTests.ExtractInnerTypeIdentifier_HandlesShapesCorrectly(container: &quot;TArray&lt;TArray&lt;Foo&gt;&gt;&quot;, expected: &quot;TArray&lt;Foo&gt;&quot;)" computerName="BENNET_3DPACT" duration="00:00:00.0000030" startTime="2026-05-21T14:58:23.6951110+02:00" endTime="2026-05-21T14:58:23.6951792+02:00" testType="13cdc9d9-ddb5-4fa4-a97d-d965ccfc6d4b" outcome="Passed" testListId="8c84fa94-04c1-424b-9868-57a2d4851a1d" relativeResultsDirectory="90d10fee-da48-431d-9787-3dc6aa86a54f" />
    <UnitTestResult executionId="3452570a-a615-4ef3-a2fe-081220e8acca" testId="2a8de0ba-2445-c5f1-b501-528316f9ed35" testName="Simgenics.XPact.XHT.Tests.Tests.Emitter.ModuleEmitterTests.EmitModule_DiagnosticsFromResolver_FlowIntoGenManifest" computerName="BENNET_3DPACT" duration="00:00:00.0180126" startTime="2026-05-21T14:58:30.5196098+02:00" endTime="2026-05-21T14:58:30.5376917+02:00" testType="13cdc9d9-ddb5-4fa4-a97d-d965ccfc6d4b" outcome="Passed" testListId="8c84fa94-04c1-424b-9868-57a2d4851a1d" relativeResultsDirectory="3452570a-a615-4ef3-a2fe-081220e8acca" />
    <UnitTestResult executionId="06260fcd-13a2-4c22-a695-8bbea4ddd23d" testId="e460bbf5-50f7-bb45-5ff3-99515e21cb1a" testName="Simgenics.XPact.XHT.Tests.Tests.Parser.CSharpSourceEnumeratorTests.EnumerateOrdered_NullModule_Throws" computerName="BENNET_3DPACT" duration="00:00:00.0001894" startTime="2026-05-21T14:58:23.7724446+02:00" endTime="2026-05-21T14:58:23.7736441+02:00" testType="13cdc9d9-ddb5-4fa4-a97d-d965ccfc6d4b" outcome="Passed" testListId="8c84fa94-04c1-424b-9868-57a2d4851a1d" relativeResultsDirectory="06260fcd-13a2-4c22-a695-8bbea4ddd23d" />
    <UnitTestResult executionId="ec890703-e43e-465c-a8d6-9e7f02c2d6f2" testId="1ecec225-dda2-50ee-fef0-a9d4d0829f04" testName="Simgenics.XPact.XHT.Tests.Tests.Parser.CppTokenizerTests.XhtMarker_AllTenLockedMarkersAreRecognised(marker: &quot;XGENERATED_BODY&quot;)" computerName="BENNET_3DPACT" duration="00:00:00.0000050" startTime="2026-05-21T14:58:23.7729671+02:00" endTime="2026-05-21T14:58:23.7729992+02:00" testType="13cdc9d9-ddb5-4fa4-a97d-d965ccfc6d4b" outcome="Passed" testListId="8c84fa94-04c1-424b-9868-57a2d4851a1d" relativeResultsDirectory="ec890703-e43e-465c-a8d6-9e7f02c2d6f2" />
    <UnitTestResult executionId="9fbd927c-bbef-4e44-8ce5-e4a63422ade7" testId="38bfe0da-d15f-734d-7cd4-8a3085eef489" testName="Simgenics.XPact.XHT.Tests.Tests.Tables.BuiltInSpecifiersTests.Class_Specifier_Section74_IntrinsicMinimalAPINoExportWithinConfig" computerName="BENNET_3DPACT" duration="00:00:00.0008550" startTime="2026-05-21T14:58:23.6661158+02:00" endTime="2026-05-21T14:58:23.6693982+02:00" testType="13cdc9d9-ddb5-4fa4-a97d-d965ccfc6d4b" outcome="Passed" testListId="8c84fa94-04c1-424b-9868-57a2d4851a1d" relativeResultsDirectory="9fbd927c-bbef-4e44-8ce5-e4a63422ade7" />
    <UnitTestResult executionId="e98499a8-b2b4-4c81-9a2f-edccfc2ebea6" testId="d32ab996-a2af-dbae-0f73-a82e774d5bc7" testName="Simgenics.XPact.XHT.Tests.Tests.Parser.CppSpecifierParserTests.KnownSpecifierWrongContext_EmitsXHT111" computerName="BENNET_3DPACT" duration="00:00:00.0017444" startTime="2026-05-21T14:58:23.7374064+02:00" endTime="2026-05-21T14:58:23.7381626+02:00" testType="13cdc9d9-ddb5-4fa4-a97d-d965ccfc6d4b" outcome="Passed" testListId="8c84fa94-04c1-424b-9868-57a2d4851a1d" relativeResultsDirectory="e98499a8-b2b4-4c81-9a2f-edccfc2ebea6" />
    <UnitTestResult executionId="d3e08557-984a-4b0d-aed2-e607239c652c" testId="34f225d1-4d92-3f22-97fb-7f43ec987929" testName="Simgenics.XPact.XHT.Tests.Tests.Resolver.ResolverPipelineTests.OrderedTypesSnapshot_Null_Throws" computerName="BENNET_3DPACT" duration="00:00:00.0005494" startTime="2026-05-21T14:58:23.7571383+02:00" endTime="2026-05-21T14:58:23.7572934+02:00" testType="13cdc9d9-ddb5-4fa4-a97d-d965ccfc6d4b" outcome="Passed" testListId="8c84fa94-04c1-424b-9868-57a2d4851a1d" relativeResultsDirectory="d3e08557-984a-4b0d-aed2-e607239c652c" />
    <UnitTestResult executionId="16468cf4-8214-4b34-aaf1-b9028c13f91f" testId="3049a10b-f3be-5a77-b0ec-cc4100fa6b58" testName="Simgenics.XPact.XHT.Tests.Tests.Tables.CppKeywordTableTests.IsXhtMarker_TrueForLockedMarkerVocabulary_PerContractSection11(marker: &quot;XFUNCTION&quot;)" computerName="BENNET_3DPACT" duration="00:00:00.0000083" startTime="2026-05-21T14:58:23.7670648+02:00" endTime="2026-05-21T14:58:23.7672388+02:00" testType="13cdc9d9-ddb5-4fa4-a97d-d965ccfc6d4b" outcome="Passed" testListId="8c84fa94-04c1-424b-9868-57a2d4851a1d" relativeResultsDirectory="16468cf4-8214-4b34-aaf1-b9028c13f91f" />
    <UnitTestResult executionId="c15cdf3e-c1f0-4d1c-b435-0aee24b3790a" testId="5df558a1-3595-a505-daec-f30a15c1cc35" testName="Simgenics.XPact.XHT.Tests.Tests.Emitter.ModuleInitEmitterTests.EmitForModule_WritesUnderOutputDirectory_WithLfOnly" computerName="BENNET_3DPACT" duration="00:00:00.0069855" startTime="2026-05-21T14:58:30.6181345+02:00" endTime="2026-05-21T14:58:30.6241358+02:00" testType="13cdc9d9-ddb5-4fa4-a97d-d965ccfc6d4b" outcome="Passed" testListId="8c84fa94-04c1-424b-9868-57a2d4851a1d" relativeResultsDirectory="c15cdf3e-c1f0-4d1c-b435-0aee24b3790a" />
    <UnitTestResult executionId="219dc973-8d45-43d9-97e2-c535bb1bfa12" testId="3396dd07-02c2-3f61-f7ad-d4c73631cfaf" testName="Simgenics.XPact.XHT.Tests.Tests.Tables.BuiltInSpecifiersTests.PropertyArgument_Specifier_OutParmIsArgumentOnly" computerName="BENNET_3DPACT" duration="00:00:00.0001203" startTime="2026-05-21T14:58:23.6982326+02:00" endTime="2026-05-21T14:58:23.6983336+02:00" testType="13cdc9d9-ddb5-4fa4-a97d-d965ccfc6d4b" outcome="Passed" testListId="8c84fa94-04c1-424b-9868-57a2d4851a1d" relativeResultsDirectory="219dc973-8d45-43d9-97e2-c535bb1bfa12" />
    <UnitTestResult executionId="c5ffbb26-fb81-426c-a896-ed977dde7322" testId="eefab53f-ff53-c36b-0978-dc97445dbb79" testName="Simgenics.XPact.XHT.Tests.Tests.Emitter.CrossToolNamingContractTests.GenSourceFileName_XhtAndXbt_Match(headerRelative: &quot;Public/XValve.h&quot;)" computerName="BENNET_3DPACT" duration="00:00:00.0001780" startTime="2026-05-21T14:58:23.6652954+02:00" endTime="2026-05-21T14:58:23.6653739+02:00" testType="13cdc9d9-ddb5-4fa4-a97d-d965ccfc6d4b" outcome="Passed" testListId="8c84fa94-04c1-424b-9868-57a2d4851a1d" relativeResultsDirectory="c5ffbb26-fb81-426c-a896-ed977dde7322" />
    <UnitTestResult executionId="072a90e4-71d2-421b-94c5-3bb8ec3e5b2a" testId="554dfa2f-561f-607e-29fa-47dd0b7f7b9d" testName="Simgenics.XPact.XHT.Tests.Tests.Tables.CppKeywordTableTests.Lookup_ReturnsKindForKnownKeyword(spelling: &quot;virtual&quot;, expectedKind: Other)" computerName="BENNET_3DPACT" duration="00:00:00.0000033" startTime="2026-05-21T14:58:23.7983849+02:00" endTime="2026-05-21T14:58:23.7984355+02:00" testType="13cdc9d9-ddb5-4fa4-a97d-d965ccfc6d4b" outcome="Passed" testListId="8c84fa94-04c1-424b-9868-57a2d4851a1d" relativeResultsDirectory="072a90e4-71d2-421b-94c5-3bb8ec3e5b2a" />
    <UnitTestResult executionId="39ad75e5-2abc-4932-bcb3-2d6c173ca1cb" testId="70528da2-5206-910b-22d6-327a8d5990bc" testName="Simgenics.XPact.XHT.Tests.Tests.Parser.CSharpMarkerWalkerTests.XClass_GloballyQualifiedAttribute_Recognised" computerName="BENNET_3DPACT" duration="00:00:00.0009329" startTime="2026-05-21T14:58:23.8660242+02:00" endTime="2026-05-21T14:58:23.8660526+02:00" testType="13cdc9d9-ddb5-4fa4-a97d-d965ccfc6d4b" outcome="Passed" testListId="8c84fa94-04c1-424b-9868-57a2d4851a1d" relativeResultsDirectory="39ad75e5-2abc-4932-bcb3-2d6c173ca1cb" />
    <UnitTestResult executionId="05cd265d-900c-457b-8970-a3bd486ccb23" testId="d88c81b8-86ab-9b14-0917-03a5eda861fa" testName="Simgenics.XPact.XHT.Tests.Tests.Core.StringUtilsTests.ToCaselessKey_LowercaseInvariant(input: &quot;AXValve&quot;, expected: &quot;axvalve&quot;)" computerName="BENNET_3DPACT" duration="00:00:00.0000709" startTime="2026-05-21T14:58:23.8098049+02:00" endTime="2026-05-21T14:58:23.8100327+02:00" testType="13cdc9d9-ddb5-4fa4-a97d-d965ccfc6d4b" outcome="Passed" testListId="8c84fa94-04c1-424b-9868-57a2d4851a1d" relativeResultsDirectory="05cd265d-900c-457b-8970-a3bd486ccb23" />
    <UnitTestResult executionId="18d079bd-8cc4-45a6-bfd3-456283ce78cb" testId="4ef0aad5-930f-023f-8570-77ebd33bac96" testName="Simgenics.XPact.XHT.Tests.Tests.Core.AtomicFileTests.WriteAllText_OverwritesExistingFile" computerName="BENNET_3DPACT" duration="00:00:00.0068680" startTime="2026-05-21T14:58:23.8265988+02:00" endTime="2026-05-21T14:58:23.8341935+02:00" testType="13cdc9d9-ddb5-4fa4-a97d-d965ccfc6d4b" outcome="Passed" testListId="8c84fa94-04c1-424b-9868-57a2d4851a1d" relativeResultsDirectory="18d079bd-8cc4-45a6-bfd3-456283ce78cb" />
    <UnitTestResult executionId="969b6a48-624e-482d-b7cc-aeea5ffb8e59" testId="55eb96ef-a10d-72e9-caaf-9544123dacba" testName="Simgenics.XPact.XHT.Tests.Tests.Tables.BuiltInSpecifiersTests.EnumValue_Specifier_HiddenIsRegisteredToEnumValueContext" computerName="BENNET_3DPACT" duration="00:00:00.0000727" startTime="2026-05-21T14:58:23.7005535+02:00" endTime="2026-05-21T14:58:23.7006021+02:00" testType="13cdc9d9-ddb5-4fa4-a97d-d965ccfc6d4b" outcome="Passed" testListId="8c84fa94-04c1-424b-9868-57a2d4851a1d" relativeResultsDirectory="969b6a48-624e-482d-b7cc-aeea5ffb8e59" />
    <UnitTestResult executionId="75e06cbc-bd33-46fd-a508-3ef9999ee16d" testId="f2e306d1-3f92-bc94-8d57-df4abbb38f84" testName="Simgenics.XPact.XHT.Tests.Tests.Core.LoggerTests.ConfigureJsonChannel_Sentinel_PrefixesEveryLine" computerName="BENNET_3DPACT" duration="00:00:00.0003110" startTime="2026-05-21T14:58:30.4108778+02:00" endTime="2026-05-21T14:58:30.4109710+02:00" testType="13cdc9d9-ddb5-4fa4-a97d-d965ccfc6d4b" outcome="Passed" testListId="8c84fa94-04c1-424b-9868-57a2d4851a1d" relativeResultsDirectory="75e06cbc-bd33-46fd-a508-3ef9999ee16d" />
    <UnitTestResult executionId="1409dbe6-c26c-4358-b193-f2dc13fcf647" testId="eeb9c08b-a41b-8a06-4c46-ad8f565009e4" testName="Simgenics.XPact.XHT.Tests.Tests.Emitter.SourceEmitterTests.DeriveGenSourceFileName_StripsExtensionAndDirectories" computerName="BENNET_3DPACT" duration="00:00:00.0005599" startTime="2026-05-21T14:58:30.6407861+02:00" endTime="2026-05-21T14:58:30.6408934+02:00" testType="13cdc9d9-ddb5-4fa4-a97d-d965ccfc6d4b" outcome="Passed" testListId="8c84fa94-04c1-424b-9868-57a2d4851a1d" relativeResultsDirectory="1409dbe6-c26c-4358-b193-f2dc13fcf647" />
    <UnitTestResult executionId="981ab647-30bc-4623-bc14-b5d051671964" testId="d60bdaa0-6c49-ebf4-e1a9-454e63d1dee4" testName="Simgenics.XPact.XHT.Tests.Tests.Manifest.GenManifestWriterTests.DiagnosticMessage_WithCommas_RoundTripsLosslessly" computerName="BENNET_3DPACT" duration="00:00:00.0266798" startTime="2026-05-21T14:58:23.8465324+02:00" endTime="2026-05-21T14:58:23.8503725+02:00" testType="13cdc9d9-ddb5-4fa4-a97d-d965ccfc6d4b" outcome="Failed" testListId="8c84fa94-04c1-424b-9868-57a2d4851a1d" relativeResultsDirectory="981ab647-30bc-4623-bc14-b5d051671964">
      <Output>
        <ErrorInfo>
          <Message>Assert.Equal() Failure: Strings differ&#xD;
                                  ↓ (pos 31)&#xD;
Expected: ···"tween 'EditAnywhere', 'Transient', and 'N"···&#xD;
Actual:   ···"tween 'EditAnywhere'\\, 'Transient'\\, and "···&#xD;
                                  ↑ (pos 31)</Message>
          <StackTrace>   at Simgenics.XPact.XHT.Tests.Tests.Manifest.GenManifestWriterTests.DiagnosticMessage_WithCommas_RoundTripsLosslessly() in C:\Users\benne\Documents\GitHub\XPact_Engine\Engine\Source\Programs\XHT\XHT.Tests\Tests\Manifest\GenManifestWriterTests.cs:line 328&#xD;
   at System.RuntimeMethodHandle.InvokeMethod(Object target, Void** arguments, Signature sig, Boolean isConstructor)&#xD;
   at System.Reflection.MethodBaseInvoker.InvokeWithNoArgs(Object obj, BindingFlags invokeAttr)</StackTrace>
        </ErrorInfo>
      </Output>
    </UnitTestResult>
    <UnitTestResult executionId="d899e9cf-6e8f-49a5-be3b-15a53c5ef06c" testId="b6f12a2e-51bd-4283-4d6d-016bba2f7844" testName="Simgenics.XPact.XHT.Tests.Tests.Parser.CppMarkerScannerTests.XClass_BareSimpleClass_Registered" computerName="BENNET_3DPACT" duration="00:00:00.0008109" startTime="2026-05-21T14:58:23.7354182+02:00" endTime="2026-05-21T14:58:23.7368289+02:00" testType="13cdc9d9-ddb5-4fa4-a97d-d965ccfc6d4b" outcome="Passed" testListId="8c84fa94-04c1-424b-9868-57a2d4851a1d" relativeResultsDirectory="d899e9cf-6e8f-49a5-be3b-15a53c5ef06c" />
    <UnitTestResult executionId="2cef3295-0676-4e0a-b5ce-1f6c481892da" testId="e1144926-68f3-14a9-1aa9-56e006c9c81e" testName="Simgenics.XPact.XHT.Tests.Tests.Parser.CppMarkerScannerTests.XParam_InlineSpecifiers_AttachedToParameter" computerName="BENNET_3DPACT" duration="00:00:00.0008330" startTime="2026-05-21T14:58:23.7747926+02:00" endTime="2026-05-21T14:58:23.7815182+02:00" testType="13cdc9d9-ddb5-4fa4-a97d-d965ccfc6d4b" outcome="Passed" testListId="8c84fa94-04c1-424b-9868-57a2d4851a1d" relativeResultsDirectory="2cef3295-0676-4e0a-b5ce-1f6c481892da" />
    <UnitTestResult executionId="f8d94f68-2be6-49f7-9249-b328e01168ef" testId="18cfba42-2dd8-294c-19f4-77dd95a84321" testName="Simgenics.XPact.XHT.Tests.Tests.Tables.CppKeywordTableTests.IsXhtMarker_TrueForLockedMarkerVocabulary_PerContractSection11(marker: &quot;XPARAM&quot;)" computerName="BENNET_3DPACT" duration="00:00:00.0000151" startTime="2026-05-21T14:58:23.7691909+02:00" endTime="2026-05-21T14:58:23.7692420+02:00" testType="13cdc9d9-ddb5-4fa4-a97d-d965ccfc6d4b" outcome="Passed" testListId="8c84fa94-04c1-424b-9868-57a2d4851a1d" relativeResultsDirectory="f8d94f68-2be6-49f7-9249-b328e01168ef" />
    <UnitTestResult executionId="4e5c5604-acae-46a2-a2d0-1ef05619620d" testId="c7b07d7b-0bee-6c1e-018c-52f30a177e79" testName="Simgenics.XPact.XHT.Tests.Tests.Core.ExitCodesTests.ManifestMalformed_Is_Fifty" computerName="BENNET_3DPACT" duration="00:00:00.0000515" startTime="2026-05-21T14:58:23.6862294+02:00" endTime="2026-05-21T14:58:23.6862908+02:00" testType="13cdc9d9-ddb5-4fa4-a97d-d965ccfc6d4b" outcome="Passed" testListId="8c84fa94-04c1-424b-9868-57a2d4851a1d" relativeResultsDirectory="4e5c5604-acae-46a2-a2d0-1ef05619620d" />
    <UnitTestResult executionId="49109c48-0fa0-498f-80ac-5c58c256cc02" testId="a4d8b949-931c-afb1-b4d3-d770be228eb8" testName="Simgenics.XPact.XHT.Tests.Tests.Emitter.SymbolNamingTests.ConstInitSymbol_LockedExample_MatchesContractRev71" computerName="BENNET_3DPACT" duration="00:00:00.0001982" startTime="2026-05-21T14:58:23.6763548+02:00" endTime="2026-05-21T14:58:23.6766590+02:00" testType="13cdc9d9-ddb5-4fa4-a97d-d965ccfc6d4b" outcome="Passed" testListId="8c84fa94-04c1-424b-9868-57a2d4851a1d" relativeResultsDirectory="49109c48-0fa0-498f-80ac-5c58c256cc02" />
    <UnitTestResult executionId="eb9e5ede-5b9a-4e97-9c15-ccdf65aa3337" testId="a06719a8-f5e0-c3b2-99d6-1e5ae47f9692" testName="Simgenics.XPact.XHT.Tests.Tests.AST.XhtStructTests.IsFastArraySerializer_DefaultPhase1b_False" computerName="BENNET_3DPACT" duration="00:00:00.1069087" startTime="2026-05-21T14:58:23.5246898+02:00" endTime="2026-05-21T14:58:23.6212307+02:00" testType="13cdc9d9-ddb5-4fa4-a97d-d965ccfc6d4b" outcome="Passed" testListId="8c84fa94-04c1-424b-9868-57a2d4851a1d" relativeResultsDirectory="eb9e5ede-5b9a-4e97-9c15-ccdf65aa3337" />
    <UnitTestResult executionId="784d6a19-96e4-4cda-9db6-32e835fc770e" testId="7867dbe2-5006-2d80-bb48-057800690d1b" testName="Simgenics.XPact.XHT.Tests.Tests.Core.DiagnosticRecordTests.WriteJson_IsSingleLineWithTrailingNewline" computerName="BENNET_3DPACT" duration="00:00:00.0002176" startTime="2026-05-21T14:58:23.7591701+02:00" endTime="2026-05-21T14:58:23.7608692+02:00" testType="13cdc9d9-ddb5-4fa4-a97d-d965ccfc6d4b" outcome="Passed" testListId="8c84fa94-04c1-424b-9868-57a2d4851a1d" relativeResultsDirectory="784d6a19-96e4-4cda-9db6-32e835fc770e" />
    <UnitTestResult executionId="f61a9063-7c76-4be1-99a6-3bee4590642f" testId="c98d9bb8-42dc-8a5f-c900-1b70ad1422b1" testName="Simgenics.XPact.XHT.Tests.Tests.Emitter.SourceEmitterTests.EmptyHeader_EmitsSentinelGenCpp_WithEmptyLinkFunction" computerName="BENNET_3DPACT" duration="00:00:00.0006861" startTime="2026-05-21T14:58:30.6410380+02:00" endTime="2026-05-21T14:58:30.6411526+02:00" testType="13cdc9d9-ddb5-4fa4-a97d-d965ccfc6d4b" outcome="Passed" testListId="8c84fa94-04c1-424b-9868-57a2d4851a1d" relativeResultsDirectory="f61a9063-7c76-4be1-99a6-3bee4590642f" />
    <UnitTestResult executionId="556f1e0e-1070-4549-89a1-a4fb16912baa" testId="bedcc8a1-f344-a812-14ad-143772c4420c" testName="Simgenics.XPact.XHT.Tests.Tests.Tables.CppKeywordTableTests.Lookup_Null_Throws" computerName="BENNET_3DPACT" duration="00:00:00.0003078" startTime="2026-05-21T14:58:23.7986192+02:00" endTime="2026-05-21T14:58:23.7997303+02:00" testType="13cdc9d9-ddb5-4fa4-a97d-d965ccfc6d4b" outcome="Passed" testListId="8c84fa94-04c1-424b-9868-57a2d4851a1d" relativeResultsDirectory="556f1e0e-1070-4549-89a1-a4fb16912baa" />
    <UnitTestResult executionId="fba2282f-ef00-4480-97b6-13f94c58c656" testId="99760202-1af8-5c15-7043-9d71e060b380" testName="Simgenics.XPact.XHT.Tests.Tests.Core.DiagnosticRecordTests.WriteJson_EmitsRequiredFields_FullErrorRecord" computerName="BENNET_3DPACT" duration="00:00:00.0005164" startTime="2026-05-21T14:58:23.7691035+02:00" endTime="2026-05-21T14:58:23.7710362+02:00" testType="13cdc9d9-ddb5-4fa4-a97d-d965ccfc6d4b" outcome="Passed" testListId="8c84fa94-04c1-424b-9868-57a2d4851a1d" relativeResultsDirectory="fba2282f-ef00-4480-97b6-13f94c58c656" />
    <UnitTestResult executionId="1b51ab4f-e9c5-4629-9bf5-0e321d14f0e9" testId="6b3a6f01-7af8-a739-10ee-68c1e399e271" testName="Simgenics.XPact.XHT.Tests.Tests.Resolver.StepResolvePairingsTests.CSharpInterface_NoCompanionNeeded" computerName="BENNET_3DPACT" duration="00:00:00.0001763" startTime="2026-05-21T14:58:23.7029538+02:00" endTime="2026-05-21T14:58:23.7036667+02:00" testType="13cdc9d9-ddb5-4fa4-a97d-d965ccfc6d4b" outcome="Passed" testListId="8c84fa94-04c1-424b-9868-57a2d4851a1d" relativeResultsDirectory="1b51ab4f-e9c5-4629-9bf5-0e321d14f0e9" />
    <UnitTestResult executionId="0d1da379-1821-4509-bba1-3641e2befb17" testId="c957a4da-7a74-dc8d-6e91-d26022197bec" testName="Simgenics.XPact.XHT.Tests.Tests.Resolver.StepResolvePropertiesTests.TMap_WithComplexKey_StillResolvesValueSide" computerName="BENNET_3DPACT" duration="00:00:00.0002352" startTime="2026-05-21T14:58:23.7313601+02:00" endTime="2026-05-21T14:58:23.7321189+02:00" testType="13cdc9d9-ddb5-4fa4-a97d-d965ccfc6d4b" outcome="Passed" testListId="8c84fa94-04c1-424b-9868-57a2d4851a1d" relativeResultsDirectory="0d1da379-1821-4509-bba1-3641e2befb17" />
    <UnitTestResult executionId="3a95edbc-7b9a-4074-9f05-f83f3c6591d2" testId="43515fc9-7f74-2ac8-7030-e3ca02617ddb" testName="Simgenics.XPact.XHT.Tests.Tests.Parser.CSharpSpecifierExtractorTests.MixedFlagAndNamed_ParsesBoth" computerName="BENNET_3DPACT" duration="00:00:00.0046761" startTime="2026-05-21T14:58:23.8494498+02:00" endTime="2026-05-21T14:58:23.8551831+02:00" testType="13cdc9d9-ddb5-4fa4-a97d-d965ccfc6d4b" outcome="Passed" testListId="8c84fa94-04c1-424b-9868-57a2d4851a1d" relativeResultsDirectory="3a95edbc-7b9a-4074-9f05-f83f3c6591d2" />
    <UnitTestResult executionId="2d389a46-ba46-42ba-bb58-1690a1af2106" testId="32f10475-1c45-73a4-b22e-b95ec9f20657" testName="Simgenics.XPact.XHT.Tests.Tests.Entry.ToolModeRegistryTests.ModeNames_AreKebabCase" computerName="BENNET_3DPACT" duration="00:00:00.0002248" startTime="2026-05-21T14:58:23.9726067+02:00" endTime="2026-05-21T14:58:23.9727427+02:00" testType="13cdc9d9-ddb5-4fa4-a97d-d965ccfc6d4b" outcome="Passed" testListId="8c84fa94-04c1-424b-9868-57a2d4851a1d" relativeResultsDirectory="2d389a46-ba46-42ba-bb58-1690a1af2106" />
    <UnitTestResult executionId="799f101f-36a6-4eba-a7cd-1f95e578f123" testId="3e81bce7-4b8b-f2ef-59c8-fd429f216f87" testName="Simgenics.XPact.XHT.Tests.Tests.Tables.BuiltInSpecifiersTests.Param_Specifier_DefaultValueIsRegisteredToParamContext" computerName="BENNET_3DPACT" duration="00:00:00.0004529" startTime="2026-05-21T14:58:23.6884410+02:00" endTime="2026-05-21T14:58:23.6886596+02:00" testType="13cdc9d9-ddb5-4fa4-a97d-d965ccfc6d4b" outcome="Passed" testListId="8c84fa94-04c1-424b-9868-57a2d4851a1d" relativeResultsDirectory="799f101f-36a6-4eba-a7cd-1f95e578f123" />
    <UnitTestResult executionId="af4a81f9-7d43-47a3-9b60-c9b0d1d2137c" testId="904ce10e-8018-8934-fe01-f70154a7c976" testName="Simgenics.XPact.XHT.Tests.Tests.Parser.CppTokenizerTests.Punctuator_LongestMatchWins(source: &quot;&amp;&amp;&quot;, expected: AmpAmp)" computerName="BENNET_3DPACT" duration="00:00:00.0000029" startTime="2026-05-21T14:58:23.7921984+02:00" endTime="2026-05-21T14:58:23.7923042+02:00" testType="13cdc9d9-ddb5-4fa4-a97d-d965ccfc6d4b" outcome="Passed" testListId="8c84fa94-04c1-424b-9868-57a2d4851a1d" relativeResultsDirectory="af4a81f9-7d43-47a3-9b60-c9b0d1d2137c" />
    <UnitTestResult executionId="fd2e9279-7d90-457a-b9b9-d371c934387a" testId="0f1c8de9-10a9-ae7e-a082-b314998cadb4" testName="Simgenics.XPact.XHT.Tests.Tests.Emitter.LogicalPathSplitterTests.Split_ProjectModule_StripsCorrectPrefix" computerName="BENNET_3DPACT" duration="00:00:00.0001522" startTime="2026-05-21T14:58:23.7033264+02:00" endTime="2026-05-21T14:58:23.7049441+02:00" testType="13cdc9d9-ddb5-4fa4-a97d-d965ccfc6d4b" outcome="Passed" testListId="8c84fa94-04c1-424b-9868-57a2d4851a1d" relativeResultsDirectory="fd2e9279-7d90-457a-b9b9-d371c934387a" />
    <UnitTestResult executionId="c19eb687-6235-482a-b51e-8d3e02cbad5b" testId="f125193c-e982-50aa-b9f5-e3f04bd9c212" testName="Simgenics.XPact.XHT.Tests.Tests.Parser.CppMarkerScannerTests.XDelegate_MulticastNoArgs_Registered" computerName="BENNET_3DPACT" duration="00:00:00.0002285" startTime="2026-05-21T14:58:23.8030283+02:00" endTime="2026-05-21T14:58:23.8032235+02:00" testType="13cdc9d9-ddb5-4fa4-a97d-d965ccfc6d4b" outcome="Passed" testListId="8c84fa94-04c1-424b-9868-57a2d4851a1d" relativeResultsDirectory="c19eb687-6235-482a-b51e-8d3e02cbad5b" />
    <UnitTestResult executionId="3551b9ca-04a0-4519-a74c-7c26b646cbbb" testId="a7bd5be2-412e-d4ce-0649-fff5fad8e39c" testName="Simgenics.XPact.XHT.Tests.Tests.Core.StringUtilsTests.StripCppPrefix_IsNoOp(input: &quot;XActor&quot;)" computerName="BENNET_3DPACT" duration="00:00:00.0000039" startTime="2026-05-21T14:58:23.8160077+02:00" endTime="2026-05-21T14:58:23.8160398+02:00" testType="13cdc9d9-ddb5-4fa4-a97d-d965ccfc6d4b" outcome="Passed" testListId="8c84fa94-04c1-424b-9868-57a2d4851a1d" relativeResultsDirectory="3551b9ca-04a0-4519-a74c-7c26b646cbbb" />
    <UnitTestResult executionId="e3018dd3-6831-48fb-8868-60f95c468e83" testId="c2c0a2aa-a0dc-4187-b059-8e0bb710d79a" testName="Simgenics.XPact.XHT.Tests.Tests.Core.Blake3HashTests.Hex16_IsPrefixOfFullHex" computerName="BENNET_3DPACT" duration="00:00:00.0019963" startTime="2026-05-21T14:58:23.7648693+02:00" endTime="2026-05-21T14:58:23.7709114+02:00" testType="13cdc9d9-ddb5-4fa4-a97d-d965ccfc6d4b" outcome="Passed" testListId="8c84fa94-04c1-424b-9868-57a2d4851a1d" relativeResultsDirectory="e3018dd3-6831-48fb-8868-60f95c468e83" />
    <UnitTestResult executionId="b066eb7b-597a-44a5-b132-2a5063dcda0a" testId="df32d3cf-8705-a721-117c-bd5efeeecafa" testName="Simgenics.XPact.XHT.Tests.Tests.Emitter.LogicalPathSplitterTests.Split_HeaderAtModuleRoot_ProducesOneSegment" computerName="BENNET_3DPACT" duration="00:00:00.0010656" startTime="2026-05-21T14:58:23.6890165+02:00" endTime="2026-05-21T14:58:23.6954954+02:00" testType="13cdc9d9-ddb5-4fa4-a97d-d965ccfc6d4b" outcome="Passed" testListId="8c84fa94-04c1-424b-9868-57a2d4851a1d" relativeResultsDirectory="b066eb7b-597a-44a5-b132-2a5063dcda0a" />
    <UnitTestResult executionId="5a131cab-5498-4e9b-8540-cc473169ce4d" testId="322ad9a6-c33b-0adc-6a81-96a487a6a32c" testName="Simgenics.XPact.XHT.Tests.Tests.Resolver.StepBindSuperAndBasesTests.ClassWithoutSuper_NoEntryInResolvedSupers" computerName="BENNET_3DPACT" duration="00:00:00.0007249" startTime="2026-05-21T14:58:23.7527464+02:00" endTime="2026-05-21T14:58:23.7546676+02:00" testType="13cdc9d9-ddb5-4fa4-a97d-d965ccfc6d4b" outcome="Passed" testListId="8c84fa94-04c1-424b-9868-57a2d4851a1d" relativeResultsDirectory="5a131cab-5498-4e9b-8540-cc473169ce4d" />
    <UnitTestResult executionId="6b1cf201-ab76-4838-aada-702010a69ee1" testId="2d364f55-ad50-e16f-bf15-aafe5c91b46c" testName="Simgenics.XPact.XHT.Tests.Tests.Resolver.StepRecursiveStructCheckTests.SingleStructNoSuper_EmitsNothing" computerName="BENNET_3DPACT" duration="00:00:00.0002887" startTime="2026-05-21T14:58:23.7584497+02:00" endTime="2026-05-21T14:58:23.7605181+02:00" testType="13cdc9d9-ddb5-4fa4-a97d-d965ccfc6d4b" outcome="Passed" testListId="8c84fa94-04c1-424b-9868-57a2d4851a1d" relativeResultsDirectory="6b1cf201-ab76-4838-aada-702010a69ee1" />
    <UnitTestResult executionId="eb1df147-f52b-403c-b4f1-9c476250d060" testId="9c33bc1a-ec68-7bdc-465b-09549bc2e677" testName="Simgenics.XPact.XHT.Tests.Tests.Emitter.LogicalPathSplitterTests.Split_BackslashesNormalised_ToForwardSlash" computerName="BENNET_3DPACT" duration="00:00:00.0001354" startTime="2026-05-21T14:58:23.7056689+02:00" endTime="2026-05-21T14:58:23.7059844+02:00" testType="13cdc9d9-ddb5-4fa4-a97d-d965ccfc6d4b" outcome="Passed" testListId="8c84fa94-04c1-424b-9868-57a2d4851a1d" relativeResultsDirectory="eb1df147-f52b-403c-b4f1-9c476250d060" />
    <UnitTestResult executionId="df500b59-17d8-4e31-87f9-7563eb4aae16" testId="9a619f76-6bdd-3802-caaf-a88c4af5dc76" testName="Simgenics.XPact.XHT.Tests.Tests.Manifest.GenManifestWriterTests.Write_OutputIsUtf8WithoutBom" computerName="BENNET_3DPACT" duration="00:00:00.0103823" startTime="2026-05-21T14:58:23.7604536+02:00" endTime="2026-05-21T14:58:23.8011536+02:00" testType="13cdc9d9-ddb5-4fa4-a97d-d965ccfc6d4b" outcome="Passed" testListId="8c84fa94-04c1-424b-9868-57a2d4851a1d" relativeResultsDirectory="df500b59-17d8-4e31-87f9-7563eb4aae16" />
    <UnitTestResult executionId="af77e26d-3dc1-472f-b899-e2fd501b8f16" testId="bbec89e8-3e5d-2b75-1adf-149f6c8c6552" testName="Simgenics.XPact.XHT.Tests.Tests.Parser.CppSpecifierParserTests.SingleFlag_NoValueList_ParsesOK" computerName="BENNET_3DPACT" duration="00:00:00.0002398" startTime="2026-05-21T14:58:23.7399682+02:00" endTime="2026-05-21T14:58:23.7424012+02:00" testType="13cdc9d9-ddb5-4fa4-a97d-d965ccfc6d4b" outcome="Passed" testListId="8c84fa94-04c1-424b-9868-57a2d4851a1d" relativeResultsDirectory="af77e26d-3dc1-472f-b899-e2fd501b8f16" />
    <UnitTestResult executionId="7b05fd85-fbea-46fd-bbd4-985d10226f77" testId="d49aa278-2357-c083-986b-6590db677ee4" testName="Simgenics.XPact.XHT.Tests.Tests.Resolver.StepBindSuperAndBasesTests.MissingSuper_DiagnosticIncludesSuperName" computerName="BENNET_3DPACT" duration="00:00:00.0003062" startTime="2026-05-21T14:58:23.7588608+02:00" endTime="2026-05-21T14:58:23.7607684+02:00" testType="13cdc9d9-ddb5-4fa4-a97d-d965ccfc6d4b" outcome="Passed" testListId="8c84fa94-04c1-424b-9868-57a2d4851a1d" relativeResultsDirectory="7b05fd85-fbea-46fd-bbd4-985d10226f77" />
    <UnitTestResult executionId="65ffa9bf-1e95-4f9c-8712-000c9d08e7c1" testId="93afee63-1f0d-4868-a55d-9c1b7008ed15" testName="Simgenics.XPact.XHT.Tests.Tests.Resolver.StepResolvePropertiesTests.RepNotify_TwoParamCallback_EmitsXht113" computerName="BENNET_3DPACT" duration="00:00:00.0004834" startTime="2026-05-21T14:58:23.7082192+02:00" endTime="2026-05-21T14:58:23.7289219+02:00" testType="13cdc9d9-ddb5-4fa4-a97d-d965ccfc6d4b" outcome="Passed" testListId="8c84fa94-04c1-424b-9868-57a2d4851a1d" relativeResultsDirectory="65ffa9bf-1e95-4f9c-8712-000c9d08e7c1" />
    <UnitTestResult executionId="86a66f83-223d-474f-bc0f-a2135ffc445e" testId="03e5173a-5a4b-3507-5193-01aee6cdc326" testName="Simgenics.XPact.XHT.Tests.Tests.Tables.SpecifierRegistryTests.AllSpecifiers_ReflectsConcurrentRegistrations" computerName="BENNET_3DPACT" duration="00:00:00.0008229" startTime="2026-05-21T14:58:23.7088844+02:00" endTime="2026-05-21T14:58:23.7314010+02:00" testType="13cdc9d9-ddb5-4fa4-a97d-d965ccfc6d4b" outcome="Passed" testListId="8c84fa94-04c1-424b-9868-57a2d4851a1d" relativeResultsDirectory="86a66f83-223d-474f-bc0f-a2135ffc445e" />
    <UnitTestResult executionId="5c7166ec-7a47-4e87-8806-01a7b1c2532c" testId="8136dc26-bb44-935e-f060-7a7a65c53fa0" testName="Simgenics.XPact.XHT.Tests.Tests.Parser.CSharpMarkerWalkerTests.XClass_BareSimpleClass_Registered" computerName="BENNET_3DPACT" duration="00:00:00.0004240" startTime="2026-05-21T14:58:23.8628027+02:00" endTime="2026-05-21T14:58:23.8628351+02:00" testType="13cdc9d9-ddb5-4fa4-a97d-d965ccfc6d4b" outcome="Passed" testListId="8c84fa94-04c1-424b-9868-57a2d4851a1d" relativeResultsDirectory="5c7166ec-7a47-4e87-8806-01a7b1c2532c" />
    <UnitTestResult executionId="2ed11652-bee7-4643-b6b9-c32706786c06" testId="48b3b2ab-9b63-712f-cf9b-2e62bc1ec8ee" testName="Simgenics.XPact.XHT.Tests.Tests.Resolver.StepResolveFinalTests.Xht117_NoExportWithBlueprintable" computerName="BENNET_3DPACT" duration="00:00:00.0004495" startTime="2026-05-21T14:58:23.7454060+02:00" endTime="2026-05-21T14:58:23.7458053+02:00" testType="13cdc9d9-ddb5-4fa4-a97d-d965ccfc6d4b" outcome="Passed" testListId="8c84fa94-04c1-424b-9868-57a2d4851a1d" relativeResultsDirectory="2ed11652-bee7-4643-b6b9-c32706786c06" />
    <UnitTestResult executionId="349ab0c5-bf6a-49a0-9f5c-b047440d722c" testId="0724b9ae-5375-2cfa-5bb7-7af2662780bd" testName="Simgenics.XPact.XHT.Tests.Tests.Entry.QuerySymbolsModeTests.Execute_ReturnsPhase2StubExitCode_24" computerName="BENNET_3DPACT" duration="00:00:00.0004248" startTime="2026-05-21T14:58:30.6110933+02:00" endTime="2026-05-21T14:58:30.6114675+02:00" testType="13cdc9d9-ddb5-4fa4-a97d-d965ccfc6d4b" outcome="Passed" testListId="8c84fa94-04c1-424b-9868-57a2d4851a1d" relativeResultsDirectory="349ab0c5-bf6a-49a0-9f5c-b047440d722c" />
    <UnitTestResult executionId="c7c6be02-0135-4d17-be65-efe57592bd12" testId="258921f2-bde2-8fa4-186c-7d78f54fa8b3" testName="Simgenics.XPact.XHT.Tests.Tests.Manifest.XbtManifestReaderTests.FindModule_ReturnsModuleWhenPresent" computerName="BENNET_3DPACT" duration="00:00:00.0008686" startTime="2026-05-21T14:58:23.8643946+02:00" endTime="2026-05-21T14:58:23.8644450+02:00" testType="13cdc9d9-ddb5-4fa4-a97d-d965ccfc6d4b" outcome="Passed" testListId="8c84fa94-04c1-424b-9868-57a2d4851a1d" relativeResultsDirectory="c7c6be02-0135-4d17-be65-efe57592bd12" />
    <UnitTestResult executionId="f1350bbd-8f0c-4a38-a08a-756e2bf56fec" testId="c3f9b19a-51be-df9c-8f8e-05425806d97c" testName="Simgenics.XPact.XHT.Tests.Tests.Parser.CppTokenizerTests.StringLiteral_WithEscape_OK" computerName="BENNET_3DPACT" duration="00:00:00.0001543" startTime="2026-05-21T14:58:23.8213673+02:00" endTime="2026-05-21T14:58:23.8213986+02:00" testType="13cdc9d9-ddb5-4fa4-a97d-d965ccfc6d4b" outcome="Passed" testListId="8c84fa94-04c1-424b-9868-57a2d4851a1d" relativeResultsDirectory="f1350bbd-8f0c-4a38-a08a-756e2bf56fec" />
    <UnitTestResult executionId="38e633f7-ba51-427e-bbc2-bfb0899023c5" testId="59f87ac0-8d5e-401b-a230-57c0e6569240" testName="Simgenics.XPact.XHT.Tests.Tests.Resolver.StepResolvePropertiesTests.ExtractMapKeyAndValue_ReturnsNullForSingleArg" computerName="BENNET_3DPACT" duration="00:00:00.0003773" startTime="2026-05-21T14:58:23.7356380+02:00" endTime="2026-05-21T14:58:23.7364405+02:00" testType="13cdc9d9-ddb5-4fa4-a97d-d965ccfc6d4b" outcome="Passed" testListId="8c84fa94-04c1-424b-9868-57a2d4851a1d" relativeResultsDirectory="38e633f7-ba51-427e-bbc2-bfb0899023c5" />
    <UnitTestResult executionId="c0e89271-97f5-4c12-8c6f-d8d8087936ed" testId="bfe436c9-7689-39f4-7874-dd7421684f1a" testName="Simgenics.XPact.XHT.Tests.Tests.Emitter.SourceEmitterTests.OneClass_EmitsConstInitConstantAndSingletonGetter" computerName="BENNET_3DPACT" duration="00:00:00.0011356" startTime="2026-05-21T14:58:30.6377724+02:00" endTime="2026-05-21T14:58:30.6387448+02:00" testType="13cdc9d9-ddb5-4fa4-a97d-d965ccfc6d4b" outcome="Passed" testListId="8c84fa94-04c1-424b-9868-57a2d4851a1d" relativeResultsDirectory="c0e89271-97f5-4c12-8c6f-d8d8087936ed" />
    <UnitTestResult executionId="bfa5f4d0-6df7-48ec-88c7-b4a1b6097c39" testId="08f96561-903a-6d89-6139-4a8a8eea9d63" testName="Simgenics.XPact.XHT.Tests.Tests.Resolver.StepResolvePropertiesTests.RepNotify_ZeroParamCallback_Resolves" computerName="BENNET_3DPACT" duration="00:00:00.0003396" startTime="2026-05-21T14:58:23.6956659+02:00" endTime="2026-05-21T14:58:23.6974719+02:00" testType="13cdc9d9-ddb5-4fa4-a97d-d965ccfc6d4b" outcome="Passed" testListId="8c84fa94-04c1-424b-9868-57a2d4851a1d" relativeResultsDirectory="bfa5f4d0-6df7-48ec-88c7-b4a1b6097c39" />
    <UnitTestResult executionId="adc41680-a82c-4588-b0a1-4d56bfc78ab0" testId="56d21fdc-62bd-985c-f4fa-122792b17183" testName="Simgenics.XPact.XHT.Tests.Tests.Parser.CSharpMarkerWalkerTests.XClass_WithInterfaces_CapturedSeparately" computerName="BENNET_3DPACT" duration="00:00:00.0003554" startTime="2026-05-21T14:58:23.8661206+02:00" endTime="2026-05-21T14:58:23.8661486+02:00" testType="13cdc9d9-ddb5-4fa4-a97d-d965ccfc6d4b" outcome="Passed" testListId="8c84fa94-04c1-424b-9868-57a2d4851a1d" relativeResultsDirectory="adc41680-a82c-4588-b0a1-4d56bfc78ab0" />
    <UnitTestResult executionId="f2fa9eb3-4dee-41fa-bf0b-7edca778cbb4" testId="d96d135c-0296-632c-ac3a-fc991ef1c5df" testName="Simgenics.XPact.XHT.Tests.Tests.Parser.CppTokenizerTests.XhtMarker_AllTenLockedMarkersAreRecognised(marker: &quot;XPARAM&quot;)" computerName="BENNET_3DPACT" duration="00:00:00.0000053" startTime="2026-05-21T14:58:23.7725416+02:00" endTime="2026-05-21T14:58:23.7726113+02:00" testType="13cdc9d9-ddb5-4fa4-a97d-d965ccfc6d4b" outcome="Passed" testListId="8c84fa94-04c1-424b-9868-57a2d4851a1d" relativeResultsDirectory="f2fa9eb3-4dee-41fa-bf0b-7edca778cbb4" />
    <UnitTestResult executionId="b1db2103-cad8-4a88-b975-26b159b542fc" testId="938c0f52-16db-c04f-614b-cbbe75de8342" testName="Simgenics.XPact.XHT.Tests.Tests.Parser.CSharpMarkerWalkerTests.XDelegate_Basic_RegisteredWithSignature" computerName="BENNET_3DPACT" duration="00:00:00.0018819" startTime="2026-05-21T14:58:23.8690333+02:00" endTime="2026-05-21T14:58:23.8690652+02:00" testType="13cdc9d9-ddb5-4fa4-a97d-d965ccfc6d4b" outcome="Passed" testListId="8c84fa94-04c1-424b-9868-57a2d4851a1d" relativeResultsDirectory="b1db2103-cad8-4a88-b975-26b159b542fc" />
    <UnitTestResult executionId="15fad281-4036-4c22-b694-9d65b4ac99e7" testId="7d2372c7-c386-56e7-b35c-ad165f4430a4" testName="Simgenics.XPact.XHT.Tests.Tests.Manifest.GenManifestWriterTests.Render_InvalidHash_UppercaseHex_Throws" computerName="BENNET_3DPACT" duration="00:00:00.0022091" startTime="2026-05-21T14:58:23.8262889+02:00" endTime="2026-05-21T14:58:23.8267084+02:00" testType="13cdc9d9-ddb5-4fa4-a97d-d965ccfc6d4b" outcome="Passed" testListId="8c84fa94-04c1-424b-9868-57a2d4851a1d" relativeResultsDirectory="15fad281-4036-4c22-b694-9d65b4ac99e7" />
    <UnitTestResult executionId="69e594d1-f0af-4edb-8799-265fdfe71d10" testId="6388eb1e-e6ad-59ff-293d-47a8a810578b" testName="Simgenics.XPact.XHT.Tests.Tests.Tables.XhtEngineClassTableTests.Lookup_HitsExactNameForEachAnchor(name: &quot;XFunction&quot;, expected: XFunction)" computerName="BENNET_3DPACT" duration="00:00:00.0000029" startTime="2026-05-21T14:58:23.8131229+02:00" endTime="2026-05-21T14:58:23.8132361+02:00" testType="13cdc9d9-ddb5-4fa4-a97d-d965ccfc6d4b" outcome="Passed" testListId="8c84fa94-04c1-424b-9868-57a2d4851a1d" relativeResultsDirectory="69e594d1-f0af-4edb-8799-265fdfe71d10" />
    <UnitTestResult executionId="27e77bd2-dd16-4a36-8331-f99a6665e79d" testId="a76d904c-b2ac-7bda-aee1-34891cba6816" testName="Simgenics.XPact.XHT.Tests.Tests.Manifest.XbtManifestReaderTests.DeserializeJsonString_EmptyPayload_ThrowsManifestMalformedException" computerName="BENNET_3DPACT" duration="00:00:00.0011722" startTime="2026-05-21T14:58:23.8647654+02:00" endTime="2026-05-21T14:58:23.8648153+02:00" testType="13cdc9d9-ddb5-4fa4-a97d-d965ccfc6d4b" outcome="Passed" testListId="8c84fa94-04c1-424b-9868-57a2d4851a1d" relativeResultsDirectory="27e77bd2-dd16-4a36-8331-f99a6665e79d" />
    <UnitTestResult executionId="2571df31-4c10-419b-83f0-0516055e651e" testId="30f4030b-dba9-2f06-227e-44ae187e4a63" testName="Simgenics.XPact.XHT.Tests.Tests.Emitter.HeaderEmitterTests.OneClass_EmitsCorrectMacroSet_AndPragmaOnce_AndLicenseHeader" computerName="BENNET_3DPACT" duration="00:00:00.0013339" startTime="2026-05-21T14:58:30.7084043+02:00" endTime="2026-05-21T14:58:30.7095592+02:00" testType="13cdc9d9-ddb5-4fa4-a97d-d965ccfc6d4b" outcome="Passed" testListId="8c84fa94-04c1-424b-9868-57a2d4851a1d" relativeResultsDirectory="2571df31-4c10-419b-83f0-0516055e651e" />
    <UnitTestResult executionId="8a8b2e07-8fd0-4cdd-b33d-eeafd6f18d0b" testId="25ea89fa-df9e-8d0f-1460-598e953b8b78" testName="Simgenics.XPact.XHT.Tests.Tests.Parser.CppTokenizerTests.Punctuator_LongestMatchWins(source: &quot;]&quot;, expected: CloseBracket)" computerName="BENNET_3DPACT" duration="00:00:00.0000028" startTime="2026-05-21T14:58:23.7926214+02:00" endTime="2026-05-21T14:58:23.7926692+02:00" testType="13cdc9d9-ddb5-4fa4-a97d-d965ccfc6d4b" outcome="Passed" testListId="8c84fa94-04c1-424b-9868-57a2d4851a1d" relativeResultsDirectory="8a8b2e07-8fd0-4cdd-b33d-eeafd6f18d0b" />
    <UnitTestResult executionId="0c3dd7b9-2b5f-4eab-86dc-2f8aab5eee23" testId="84ad04aa-cf30-874e-c8f8-8d5543d54c54" testName="Simgenics.XPact.XHT.Tests.Tests.Resolver.StepRecursiveStructCheckTests.Cycle_EmittedOncePerCycle_NotPerMember" computerName="BENNET_3DPACT" duration="00:00:00.0008229" startTime="2026-05-21T14:58:23.7530019+02:00" endTime="2026-05-21T14:58:23.7557373+02:00" testType="13cdc9d9-ddb5-4fa4-a97d-d965ccfc6d4b" outcome="Passed" testListId="8c84fa94-04c1-424b-9868-57a2d4851a1d" relativeResultsDirectory="0c3dd7b9-2b5f-4eab-86dc-2f8aab5eee23" />
    <UnitTestResult executionId="868830c1-e93f-408c-8c8d-024ae5f6f849" testId="542d02ed-c941-7d7a-a5be-7d7b1cca025d" testName="Simgenics.XPact.XHT.Tests.Tests.Parser.CrossLanguageParserTests.CppAndCSharp_SameEngineName_FirstWins_SecondCollides" computerName="BENNET_3DPACT" duration="00:00:00.0004096" startTime="2026-05-21T14:58:23.8584774+02:00" endTime="2026-05-21T14:58:23.8592046+02:00" testType="13cdc9d9-ddb5-4fa4-a97d-d965ccfc6d4b" outcome="Passed" testListId="8c84fa94-04c1-424b-9868-57a2d4851a1d" relativeResultsDirectory="868830c1-e93f-408c-8c8d-024ae5f6f849" />
    <UnitTestResult executionId="2e476c1f-d39e-419a-8fde-80b328f8fdbb" testId="1c289317-51e0-aa46-9dd0-2abca1abe305" testName="Simgenics.XPact.XHT.Tests.Tests.Parser.CppMarkerScannerTests.XInterface_Basic_Registered" computerName="BENNET_3DPACT" duration="00:00:00.0007114" startTime="2026-05-21T14:58:23.7924991+02:00" endTime="2026-05-21T14:58:23.7988682+02:00" testType="13cdc9d9-ddb5-4fa4-a97d-d965ccfc6d4b" outcome="Passed" testListId="8c84fa94-04c1-424b-9868-57a2d4851a1d" relativeResultsDirectory="2e476c1f-d39e-419a-8fde-80b328f8fdbb" />
    <UnitTestResult executionId="ff880a4c-64ad-4686-a8d9-72e18a23bd1f" testId="b6b9f7f2-0d09-ee68-42ee-28a4e0a49eb5" testName="Simgenics.XPact.XHT.Tests.Tests.Resolver.StepResolvePropertiesTests.ExtractInnerTypeIdentifier_HandlesShapesCorrectly(container: &quot;TArray&lt;Foo*&gt;&quot;, expected: &quot;Foo&quot;)" computerName="BENNET_3DPACT" duration="00:00:00.0000030" startTime="2026-05-21T14:58:23.6947242+02:00" endTime="2026-05-21T14:58:23.6947913+02:00" testType="13cdc9d9-ddb5-4fa4-a97d-d965ccfc6d4b" outcome="Passed" testListId="8c84fa94-04c1-424b-9868-57a2d4851a1d" relativeResultsDirectory="ff880a4c-64ad-4686-a8d9-72e18a23bd1f" />
[...]
    <TestEntry testId="c41a315e-c98d-bee3-64b2-4022f82dbee5" executionId="cf814356-5233-447f-ac5f-0b70b2474b1a" testListId="8c84fa94-04c1-424b-9868-57a2d4851a1d" />
    <TestEntry testId="8b4a636c-8a85-e4cf-858f-1954da37a7c8" executionId="f221e761-df96-4876-aa54-f98d40a62b91" testListId="8c84fa94-04c1-424b-9868-57a2d4851a1d" />
    <TestEntry testId="dd972736-3469-2593-3c44-aae3b05db43f" executionId="945aee10-24a5-4747-8851-0e19df8d8b69" testListId="8c84fa94-04c1-424b-9868-57a2d4851a1d" />
    <TestEntry testId="d95f6daa-2d66-1399-00e8-874bc30aee10" executionId="805504b2-ab20-4799-98d7-522073f700d6" testListId="8c84fa94-04c1-424b-9868-57a2d4851a1d" />
    <TestEntry testId="4fb3b356-30f7-d6cf-8893-a03f3026312a" executionId="5210d740-97bb-43d7-9ef0-51641e7ef27f" testListId="8c84fa94-04c1-424b-9868-57a2d4851a1d" />
    <TestEntry testId="79fce84d-107a-cdbf-2fad-a4e5a8347eeb" executionId="1651b02c-1ddd-4fb8-bef6-d8fc6510a213" testListId="8c84fa94-04c1-424b-9868-57a2d4851a1d" />
    <TestEntry testId="f9c3bb89-4ecc-40bb-f40d-4f4c4aa5bcd2" executionId="4a1d9d50-9e63-4294-a314-87899516bc2b" testListId="8c84fa94-04c1-424b-9868-57a2d4851a1d" />
    <TestEntry testId="6cc28902-02e7-8143-1fa5-43c6852a08f3" executionId="2640a802-2a6d-4792-9919-97e484826336" testListId="8c84fa94-04c1-424b-9868-57a2d4851a1d" />
    <TestEntry testId="eb2159c8-9dc4-06ac-96f3-5a4ca7225dfa" executionId="0276aea9-0eca-451b-af74-1d4f6cbeb321" testListId="8c84fa94-04c1-424b-9868-57a2d4851a1d" />
    <TestEntry testId="6d9d0ed4-2384-cb1d-4c0f-a2785e4d72c2" executionId="86bc4974-9211-4342-a055-1adb69270b58" testListId="8c84fa94-04c1-424b-9868-57a2d4851a1d" />
    <TestEntry testId="113d7c50-c299-7a9c-92a0-885ec7a300b0" executionId="2805de53-822f-4951-a2d5-1138d5a46acd" testListId="8c84fa94-04c1-424b-9868-57a2d4851a1d" />
    <TestEntry testId="2f3870db-38d3-4e3a-0609-63c33acbd1ae" executionId="788029a7-7a6c-4b26-9eed-4fcf79312fc4" testListId="8c84fa94-04c1-424b-9868-57a2d4851a1d" />
    <TestEntry testId="ad7c8c34-2aeb-4f8e-7da4-84e7428a9d70" executionId="c916da6e-1afc-46c1-bd2c-fb700f0f9331" testListId="8c84fa94-04c1-424b-9868-57a2d4851a1d" />
    <TestEntry testId="728b0a1a-3acf-99a6-16e2-5ea6559df150" executionId="70d03e71-f3e9-4596-b42a-8eeedcb9bc66" testListId="8c84fa94-04c1-424b-9868-57a2d4851a1d" />
    <TestEntry testId="a6357a2f-8d9a-a020-9877-e232bbbc65b4" executionId="56a292d5-b13e-4d7b-be49-a0fddd35a9d3" testListId="8c84fa94-04c1-424b-9868-57a2d4851a1d" />
    <TestEntry testId="971e18d0-1cf7-eebe-cf58-e4dc2bf320aa" executionId="6f56bb60-e4fb-4071-8aa7-354a7251d053" testListId="8c84fa94-04c1-424b-9868-57a2d4851a1d" />
    <TestEntry testId="9af4ba88-bb8b-3f80-1434-eff006b3dad8" executionId="057d5db9-60f3-4126-812b-9358b9813fed" testListId="8c84fa94-04c1-424b-9868-57a2d4851a1d" />
    <TestEntry testId="87ea2c3f-2b27-3a4a-9c0b-320cb5134ed6" executionId="05aafcda-895a-495f-a013-d334506d9e8b" testListId="8c84fa94-04c1-424b-9868-57a2d4851a1d" />
    <TestEntry testId="2720afab-eccf-28e7-9ca6-7b3f9098cd0a" executionId="96cc1598-2c82-49e2-900a-8ae8c741479d" testListId="8c84fa94-04c1-424b-9868-57a2d4851a1d" />
    <TestEntry testId="481d1542-3ae3-99f4-5221-239db8735b49" executionId="a6d23a37-7a4f-4714-b989-cbd50d69e2c9" testListId="8c84fa94-04c1-424b-9868-57a2d4851a1d" />
    <TestEntry testId="baad84e9-5de9-e71d-e0b0-01b3add72aae" executionId="77223030-1bbd-4fd4-b5ac-75ac481aca02" testListId="8c84fa94-04c1-424b-9868-57a2d4851a1d" />
    <TestEntry testId="5cc15b96-2b2b-a158-e656-777930441c72" executionId="0b036d3c-dcaa-4596-8e09-1efa75d70719" testListId="8c84fa94-04c1-424b-9868-57a2d4851a1d" />
    <TestEntry testId="c5e2192b-0b9c-fc60-7aef-581ebe6b07f0" executionId="ed7fc849-c215-4fc3-a48a-a9ba100d72a5" testListId="8c84fa94-04c1-424b-9868-57a2d4851a1d" />
    <TestEntry testId="bf76bd78-79d7-c8ff-fad8-9055da9bf03c" executionId="9dab5f8b-d825-49f7-a50c-0fe3e9f50c68" testListId="8c84fa94-04c1-424b-9868-57a2d4851a1d" />
    <TestEntry testId="2f346386-7118-b2dd-3dd9-759fe1419338" executionId="62e1052c-1462-4e2c-b3e8-072d515fbea9" testListId="8c84fa94-04c1-424b-9868-57a2d4851a1d" />
    <TestEntry testId="0460cf49-7813-04ff-861b-8284d5a40b6a" executionId="506228c4-0581-4a3c-bf23-1cb913172723" testListId="8c84fa94-04c1-424b-9868-57a2d4851a1d" />
    <TestEntry testId="5757d7cd-468a-7c34-f6f8-a3d096bb9b0d" executionId="b54c6f25-af00-4583-857c-33a0148545db" testListId="8c84fa94-04c1-424b-9868-57a2d4851a1d" />
    <TestEntry testId="3bca79ab-44af-ce94-35a9-a33335e59f64" executionId="614424c6-7a3f-486d-8e81-5408dad2a8db" testListId="8c84fa94-04c1-424b-9868-57a2d4851a1d" />
    <TestEntry testId="12008b01-aead-b973-b413-d4ed205fea5a" executionId="cf795a0a-240c-4ad6-a708-dff68c270502" testListId="8c84fa94-04c1-424b-9868-57a2d4851a1d" />
    <TestEntry testId="8c9ef423-6d7d-3f3e-6550-1fb1298c5d32" executionId="13e60cb2-094e-41d2-9d87-2bff45793ba8" testListId="8c84fa94-04c1-424b-9868-57a2d4851a1d" />
    <TestEntry testId="8122c55c-1ae2-0e03-a0be-2a4d4ef1d0ca" executionId="3319fa91-7eb0-4943-9b4c-ba9afd138d9a" testListId="8c84fa94-04c1-424b-9868-57a2d4851a1d" />
    <TestEntry testId="948af76a-ebb5-1cea-bb5d-07bc9a3c62f9" executionId="7d642e68-616f-4911-b2ba-9467d812eac9" testListId="8c84fa94-04c1-424b-9868-57a2d4851a1d" />
    <TestEntry testId="50e6324f-8829-caab-d852-8a051ebfd280" executionId="81dc1226-b34f-4fb5-94cb-80e0e0f9978d" testListId="8c84fa94-04c1-424b-9868-57a2d4851a1d" />
    <TestEntry testId="9e46e7a9-3ba9-2dbb-33b3-561a3403be09" executionId="12726976-9eb6-44ac-ab00-fa6329dea0f6" testListId="8c84fa94-04c1-424b-9868-57a2d4851a1d" />
    <TestEntry testId="9ef4c7e4-1a21-52e7-448e-4cde32774198" executionId="d6d01dec-fdc9-45cb-9080-f8e6cc3665f5" testListId="8c84fa94-04c1-424b-9868-57a2d4851a1d" />
    <TestEntry testId="9d3397d8-7846-eb68-c8e2-b206f5cd4d14" executionId="4dc9470c-a088-494b-87f9-fcb8e5314097" testListId="8c84fa94-04c1-424b-9868-57a2d4851a1d" />
    <TestEntry testId="bb438a36-5ef0-268d-9d51-569f76d92e77" executionId="28d4fc7f-65f4-41a8-8964-bf9feeec54cb" testListId="8c84fa94-04c1-424b-9868-57a2d4851a1d" />
    <TestEntry testId="bbdf3db8-db9a-afcf-1296-2a31bab6e5d2" executionId="c1198b95-d91b-44f0-8abb-87eeec5a0266" testListId="8c84fa94-04c1-424b-9868-57a2d4851a1d" />
    <TestEntry testId="19311cae-fa47-c94d-37b4-3930b9fad236" executionId="31a99543-979b-4123-8a95-1e240df1af36" testListId="8c84fa94-04c1-424b-9868-57a2d4851a1d" />
    <TestEntry testId="8e653a57-dc76-9ab8-80a7-07d510f753dd" executionId="38b60658-2003-4772-875c-be6d542b7788" testListId="8c84fa94-04c1-424b-9868-57a2d4851a1d" />
    <TestEntry testId="7be1284d-8262-6bb2-afed-d2dcd2cae452" executionId="5237a695-12cd-46ad-b82b-d479643826e9" testListId="8c84fa94-04c1-424b-9868-57a2d4851a1d" />
    <TestEntry testId="bdee3a5c-e850-45a0-19c3-bb721ebaef76" executionId="b5be7ae4-86e1-4150-b541-547a7a4789f6" testListId="8c84fa94-04c1-424b-9868-57a2d4851a1d" />
    <TestEntry testId="28c1bed6-1944-9436-2f92-9040200548be" executionId="072e54c9-40bc-49c4-b5e2-b6dcf43a37ca" testListId="8c84fa94-04c1-424b-9868-57a2d4851a1d" />
    <TestEntry testId="e2183fc2-abd4-770d-efc3-c9c022e0dc24" executionId="d8ab0e43-2edd-4a4d-8d01-607b8aafe423" testListId="8c84fa94-04c1-424b-9868-57a2d4851a1d" />
    <TestEntry testId="1b278efd-8207-6962-a910-cdd46b2a5731" executionId="a2f3124d-1dde-4c30-8d6b-52e472676505" testListId="8c84fa94-04c1-424b-9868-57a2d4851a1d" />
    <TestEntry testId="14ff4b1b-070b-478e-5c1b-1d74fc5c39bd" executionId="83d9f382-2280-4ba4-a4be-5f1f7d1999b6" testListId="8c84fa94-04c1-424b-9868-57a2d4851a1d" />
    <TestEntry testId="fedb5e7a-ee45-5fc4-4f88-028964b82d4c" executionId="57845b61-7744-4300-90d0-9a8091c03cc3" testListId="8c84fa94-04c1-424b-9868-57a2d4851a1d" />
    <TestEntry testId="8eb0642d-74ee-45e4-e121-b6dd99450a7d" executionId="e33af171-f832-46cd-b1ac-b06245595923" testListId="8c84fa94-04c1-424b-9868-57a2d4851a1d" />
    <TestEntry testId="703b5740-1143-90ac-d323-1826b8105c37" executionId="6b19aae6-2df6-4461-a91d-b0c7b6e5a05a" testListId="8c84fa94-04c1-424b-9868-57a2d4851a1d" />
    <TestEntry testId="7c5f7320-d2e5-f9ef-5b3f-e4ecde42e006" executionId="d2a22acb-2884-477a-b02a-c5baf47e555f" testListId="8c84fa94-04c1-424b-9868-57a2d4851a1d" />
    <TestEntry testId="e5a32278-70e0-bbd4-35c9-186693e7aa7e" executionId="5808562b-7b34-471a-a63d-c8823e4849dc" testListId="8c84fa94-04c1-424b-9868-57a2d4851a1d" />
    <TestEntry testId="2175d2f7-a721-370e-0d01-ac024f41682a" executionId="374263f3-4d45-4e73-9563-1d9999871502" testListId="8c84fa94-04c1-424b-9868-57a2d4851a1d" />
    <TestEntry testId="864e2e6f-d4fc-d4e9-954d-8675120ff25e" executionId="26cba148-0fc0-4044-8165-d991f005d231" testListId="8c84fa94-04c1-424b-9868-57a2d4851a1d" />
    <TestEntry testId="50858eed-192c-33a7-018c-e371c66bde56" executionId="cdd06df3-aca3-465f-a09b-63bcdaedd5f5" testListId="8c84fa94-04c1-424b-9868-57a2d4851a1d" />
    <TestEntry testId="c022ca46-3744-7001-48e5-27eccd7018f9" executionId="3a38fddb-db88-42e3-b5aa-aaaa7e9486f3" testListId="8c84fa94-04c1-424b-9868-57a2d4851a1d" />
    <TestEntry testId="78be3ab8-6913-f5b5-1650-c7421f6a9017" executionId="18e684d4-1e76-4183-9908-7af1a501a2d8" testListId="8c84fa94-04c1-424b-9868-57a2d4851a1d" />
    <TestEntry testId="1b5b86bc-8949-a4a2-c41f-439301dffb13" executionId="00c1162b-38ea-43f4-aac0-50d1823b8f08" testListId="8c84fa94-04c1-424b-9868-57a2d4851a1d" />
    <TestEntry testId="d4b3967e-4f6a-d4ea-0512-3559d788332d" executionId="fcd6448f-c115-45f8-b3a8-6d26bafb5ad6" testListId="8c84fa94-04c1-424b-9868-57a2d4851a1d" />
    <TestEntry testId="839f1665-abde-b610-0eb2-c2fd47da9b59" executionId="a695d3e7-9087-4ef7-babe-a217c4ff3a54" testListId="8c84fa94-04c1-424b-9868-57a2d4851a1d" />
    <TestEntry testId="cb89307b-7930-9227-1153-17e0674a0f98" executionId="0ccdc0de-276e-4397-9903-4576529c9dfe" testListId="8c84fa94-04c1-424b-9868-57a2d4851a1d" />
    <TestEntry testId="fcd0903c-74e7-94e3-842f-d5229743a8fd" executionId="a1227eab-abc9-4e57-bcbd-7e4c777d52f3" testListId="8c84fa94-04c1-424b-9868-57a2d4851a1d" />
    <TestEntry testId="28bdf914-2bf6-5558-da3b-1591a3583636" executionId="ec1e8493-33da-4727-9cac-8f788f359b15" testListId="8c84fa94-04c1-424b-9868-57a2d4851a1d" />
    <TestEntry testId="538400ae-95c8-1038-a783-54288fead8df" executionId="70bb0519-2931-474d-9a70-b49bb289f76d" testListId="8c84fa94-04c1-424b-9868-57a2d4851a1d" />
    <TestEntry testId="d82284bb-c639-bccd-3af8-ea6b55592ab7" executionId="89ab0891-e067-453e-a3c0-4689c10697ee" testListId="8c84fa94-04c1-424b-9868-57a2d4851a1d" />
    <TestEntry testId="b11589b2-94b6-20ea-7541-0ae8fec8775c" executionId="211392a4-6932-4044-9c3f-6d0ed32a1ae2" testListId="8c84fa94-04c1-424b-9868-57a2d4851a1d" />
    <TestEntry testId="76b33e3f-0150-20fd-c3ba-7d80f7fd7420" executionId="254fa8d8-b8c2-4c4f-9068-f93372bc94a4" testListId="8c84fa94-04c1-424b-9868-57a2d4851a1d" />
    <TestEntry testId="12ccc51c-a455-97b6-b1a7-1dd1c2a80be0" executionId="aa131b75-312d-47b8-a1d1-63c515f8ed96" testListId="8c84fa94-04c1-424b-9868-57a2d4851a1d" />
    <TestEntry testId="310de29b-9fce-ed3f-7107-2b051599fb29" executionId="29d7c937-3ac2-4947-a4fa-3210cce117a3" testListId="8c84fa94-04c1-424b-9868-57a2d4851a1d" />
    <TestEntry testId="793d42b4-6ddb-a49c-d439-0248e3878965" executionId="a76153f8-08fa-4d70-9873-028ec0f84972" testListId="8c84fa94-04c1-424b-9868-57a2d4851a1d" />
    <TestEntry testId="30b5ba25-3384-e5db-3c53-50552794ed8f" executionId="70e052e1-be51-4d1f-bd2c-26890a8dd5a1" testListId="8c84fa94-04c1-424b-9868-57a2d4851a1d" />
    <TestEntry testId="32524366-f273-94c1-0ebf-3aed16724981" executionId="cc49c60b-8d18-497e-b691-290d96804a8e" testListId="8c84fa94-04c1-424b-9868-57a2d4851a1d" />
    <TestEntry testId="2657e7f7-7ed0-7555-6479-681bb1a6d279" executionId="39816977-9a64-4d57-8d7c-cbb220618457" testListId="8c84fa94-04c1-424b-9868-57a2d4851a1d" />
    <TestEntry testId="d57020df-4437-59fc-86a1-4529a57dcfb3" executionId="3cd562ed-748e-4e53-aabd-44b0a7f2cfdb" testListId="8c84fa94-04c1-424b-9868-57a2d4851a1d" />
    <TestEntry testId="efe133ac-a66f-5366-597c-be6fa56096a0" executionId="e5024df1-8dea-47cb-9dc8-c39fd98e94b4" testListId="8c84fa94-04c1-424b-9868-57a2d4851a1d" />
    <TestEntry testId="1c68ed0b-d78c-2758-9306-e941a8c5a99b" executionId="f2d31f40-83d9-4d15-9b5a-2d3a4f7b48e8" testListId="8c84fa94-04c1-424b-9868-57a2d4851a1d" />
    <TestEntry testId="b88e6e54-b4fa-91b4-ef36-3eaa846202e3" executionId="ed39ef1e-e41a-43f4-b6cb-f2ace3e3ca73" testListId="8c84fa94-04c1-424b-9868-57a2d4851a1d" />
    <TestEntry testId="70e4be46-0472-b695-5be1-4b118b0bcd81" executionId="cd3f91f8-e0ab-442f-b017-dbba4a302974" testListId="8c84fa94-04c1-424b-9868-57a2d4851a1d" />
    <TestEntry testId="e6cde892-5fbf-d5f1-dbad-702bd0ef4e41" executionId="eda20a8c-8e65-4776-b312-e712be29b682" testListId="8c84fa94-04c1-424b-9868-57a2d4851a1d" />
    <TestEntry testId="6504f71d-367a-02a6-4489-2e5c12938b4f" executionId="18a7fd4e-99cd-470b-906e-cad6a4fb5b61" testListId="8c84fa94-04c1-424b-9868-57a2d4851a1d" />
    <TestEntry testId="aeb2f5d0-f1eb-99ba-efc9-8ee7f26c03b5" executionId="184ef285-ee10-4d23-915d-26dc448bab76" testListId="8c84fa94-04c1-424b-9868-57a2d4851a1d" />
    <TestEntry testId="8f4c5519-7642-8c7c-4ed8-b4c78534818c" executionId="fa8a2b6a-01ab-4a41-9151-20f54f325047" testListId="8c84fa94-04c1-424b-9868-57a2d4851a1d" />
    <TestEntry testId="1d1f8796-393a-cf39-d169-ebb2e4ea9707" executionId="43cbf2b2-d6f2-4912-ba1f-bc797fa52724" testListId="8c84fa94-04c1-424b-9868-57a2d4851a1d" />
    <TestEntry testId="8ddf0b1b-171c-1521-02cd-8e851de6a47d" executionId="ed5d0f78-7c51-403c-8342-3d148d2a825f" testListId="8c84fa94-04c1-424b-9868-57a2d4851a1d" />
    <TestEntry testId="b7848937-b8e1-202b-f867-cbecf41851d4" executionId="b6c369b7-35f0-46bc-8b8a-9d94a9d120cc" testListId="8c84fa94-04c1-424b-9868-57a2d4851a1d" />
    <TestEntry testId="ee569f92-25aa-4b5c-ee92-490e22320c55" executionId="9a689425-71c9-4ef3-966d-e50ff5d8cb7a" testListId="8c84fa94-04c1-424b-9868-57a2d4851a1d" />
    <TestEntry testId="4b8e8655-498f-696b-c510-8a1764546e18" executionId="bcd23606-70c8-4f00-b96b-20226358063b" testListId="8c84fa94-04c1-424b-9868-57a2d4851a1d" />
    <TestEntry testId="fa48adbc-bc63-5826-0716-51e2d3b14188" executionId="69eb87bd-5ab2-40d6-b754-d00245287720" testListId="8c84fa94-04c1-424b-9868-57a2d4851a1d" />
    <TestEntry testId="ec2eb20d-a721-fc7f-ce98-0a2715fa8fa3" executionId="a46ba717-8fcf-412e-8493-3d2e08654b70" testListId="8c84fa94-04c1-424b-9868-57a2d4851a1d" />
    <TestEntry testId="f0adc79f-5640-3836-a03c-4f14105dc1b1" executionId="0bceb55d-43c7-44e7-a592-fb247d6e33f8" testListId="8c84fa94-04c1-424b-9868-57a2d4851a1d" />
    <TestEntry testId="66be7ba7-399e-551c-dae6-df462cc8cdaa" executionId="81570efb-d71f-4ce7-a399-42867677b121" testListId="8c84fa94-04c1-424b-9868-57a2d4851a1d" />
    <TestEntry testId="049ae1c4-0cd9-297a-dcf1-baf1a921d552" executionId="03b5cc24-dffc-4dff-81d6-29a30b948b68" testListId="8c84fa94-04c1-424b-9868-57a2d4851a1d" />
    <TestEntry testId="8c25e8f9-fac4-2920-5cc6-91e818046ad0" executionId="67e7cb00-8127-4c31-9e46-84ab1ca0324a" testListId="8c84fa94-04c1-424b-9868-57a2d4851a1d" />
    <TestEntry testId="769a025d-6cf3-05c3-db58-95a364851514" executionId="7b89df85-5537-4fc5-814b-15a450413857" testListId="8c84fa94-04c1-424b-9868-57a2d4851a1d" />
    <TestEntry testId="5c1384cd-7f97-aa57-e464-5722ad1a18ef" executionId="e9bb701d-18bb-402f-b2f4-a87737e864c2" testListId="8c84fa94-04c1-424b-9868-57a2d4851a1d" />
    <TestEntry testId="f71f3d54-62b6-5420-787b-90e8e0ab2f85" executionId="65e6aee8-38cb-4337-bbd4-18a3f43e0b84" testListId="8c84fa94-04c1-424b-9868-57a2d4851a1d" />
  </TestEntries>
  <TestLists>
    <TestList name="Results Not in a List" id="8c84fa94-04c1-424b-9868-57a2d4851a1d" />
    <TestList name="All Loaded Results" id="19431567-8539-422a-85d7-44ee4e166bda" />
  </TestLists>
  <ResultSummary outcome="Failed">
    <Counters total="623" executed="623" passed="622" failed="1" error="0" timeout="0" aborted="0" inconclusive="0" passedButRunAborted="0" notRunnable="0" notExecuted="0" disconnected="0" warning="0" completed="0" inProgress="0" pending="0" />
    <Output>
      <StdOut>[xUnit.net 00:00:00.00] xUnit.net VSTest Adapter v3.1.5+1b188a7b0a (64-bit .NET 9.0.10)&#xD;
[xUnit.net 00:00:00.08]   Discovering: XHT.Tests&#xD;
[xUnit.net 00:00:00.18]   Discovered:  XHT.Tests&#xD;
[xUnit.net 00:00:00.25]   Starting:    XHT.Tests&#xD;
warning XHT000: Specifier 'PluginSpec' replaced via AllowOverride (both definitions opted in).&#xD;
warning XHT000: Specifier 'Replicated' re-registered with structurally identical definition; benign duplicate.&#xD;
[xUnit.net 00:00:00.63]       Assert.Equal() Failure: Strings differ&#xD;
[xUnit.net 00:00:00.63]                                         ↓ (pos 31)&#xD;
[xUnit.net 00:00:00.63]       Expected: ···"tween 'EditAnywhere', 'Transient', and 'N"···&#xD;
[xUnit.net 00:00:00.63]       Actual:   ···"tween 'EditAnywhere'\\, 'Transient'\\, and "···&#xD;
[xUnit.net 00:00:00.63]                                         ↑ (pos 31)&#xD;
[xUnit.net 00:00:00.63]       Stack Trace:&#xD;
[xUnit.net 00:00:00.63]         C:\Users\benne\Documents\GitHub\XPact_Engine\Engine\Source\Programs\XHT\XHT.Tests\Tests\Manifest\GenManifestWriterTests.cs(328,0): at Simgenics.XPact.XHT.Tests.Tests.Manifest.GenManifestWriterTests.DiagnosticMessage_WithCommas_RoundTripsLosslessly()&#xD;
[xUnit.net 00:00:00.63]            at System.RuntimeMethodHandle.InvokeMethod(Object target, Void** arguments, Signature sig, Boolean isConstructor)&#xD;
[xUnit.net 00:00:00.63]            at System.Reflection.MethodBaseInvoker.InvokeWithNoArgs(Object obj, BindingFlags invokeAttr)&#xD;
info XHT000: Phase 1b stub: AST dump not yet implemented&#xD;
warning XHT000: w1&#xD;
warning XHT000: w2&#xD;
error XHT000: e1&#xD;
error XHT000: e2&#xD;
error XHT000: e3&#xD;
info XHT000: XHT 0.1.0+phase1b&#xD;
Contract 13.2+b04ae3cc84cdd9f3&#xD;
Runtime .NET 9.0.10&#xD;
error XHT000: XHT query-symbols: Phase 2 - not yet implemented; see /Documents/XHT.html \u00151.1 + \u001526.&#xD;
info XHT000: XHT emit-module: XScoring (generated 1 headers + 1 cpp + 1 init + 1 manifest)&#xD;
info XHT000: XHT emit-module: XScoring (generated 1 headers + 1 cpp + 1 init + 1 manifest)&#xD;
info XHT000: XHT emit-module: XScoring (generated 1 headers + 1 cpp + 1 init + 1 manifest)&#xD;
</StdOut>
    </Output>
    <RunInfos>
      <RunInfo computerName="BENNET_3DPACT" outcome="Error" timestamp="2026-05-21T14:58:23.8531930+02:00">
        <Text>[xUnit.net 00:00:00.63]     Simgenics.XPact.XHT.Tests.Tests.Manifest.GenManifestWriterTests.DiagnosticMessage_WithCommas_RoundTripsLosslessly [FAIL]</Text>
      </RunInfo>
      <RunInfo computerName="BENNET_3DPACT" outcome="Error" timestamp="2026-05-21T15:04:29.8442509+02:00">
        <Text>The active test run was aborted. Reason: Test host process crashed : warning XHT000: Specifier 'PluginSpec' replaced via AllowOverride (both definitions opted in).&#xD;
warning XHT000: Specifier 'Replicated' re-registered with structurally identical definition; benign duplicate.&#xD;
info XHT000: Phase 1b stub: AST dump not yet implemented&#xD;
warning XHT000: w1&#xD;
warning XHT000: w2&#xD;
error XHT000: e1&#xD;
error XHT000: e2&#xD;
error XHT000: e3&#xD;
info XHT000: XHT 0.1.0+phase1b&#xD;
Contract 13.2+b04ae3cc84cdd9f3&#xD;
Runtime .NET 9.0.10&#xD;
error XHT000: XHT query-symbols: Phase 2 - not yet implemented; see /Documents/XHT.html \u00151.1 + \u001526.&#xD;
info XHT000: XHT emit-module: XScoring (generated 1 headers + 1 cpp + 1 init + 1 manifest)&#xD;
info XHT000: XHT emit-module: XScoring (generated 1 headers + 1 cpp + 1 init + 1 manifest)&#xD;
info XHT000: XHT emit-module: XScoring (generated 1 headers + 1 cpp + 1 init + 1 manifest)&#xD;
</Text>
      </RunInfo>
    </RunInfos>
  </ResultSummary>
</TestRun>